<?xml version="1.0" encoding="UTF-8"?>
<testsuites name="Smoke Test" time="67" tests="2" failures="0" errors="0">
   <testsuite name="Smoke Test" tests="2" failures="0" errors="0" time="67" timestamp="2019-04-08 18:53:32" hostname="anandha - AI-PC-136.IRISBSL.COM" id="Test Suites/Smoke Test">
      <properties>
         <property name="deviceName" value=""/>
         <property name="devicePlatform" value=""/>
         <property name="logFolder" value="C:\\Users\\anandha\\git\\katalonstudio\\katalonstudio\\Reports\\Smoke Test\\20190408_185327"/>
         <property name="logFiles" value="C:\\Users\\anandha\\git\\katalonstudio\\katalonstudio\\Reports\\Smoke Test\\20190408_185327\\execution0.log"/>
         <property name="attachments" value=""/>
         <property name="hostName" value="anandha - AI-PC-136.IRISBSL.COM"/>
         <property name="os" value="Windows 7 64bit"/>
         <property name="katalonVersion" value="6.1.0.1"/>
         <property name="browser" value="Chrome 73.0.3683.86"/>
         <property name="hostAddress" value="172.18.8.53"/>
         <property name="sessionId" value="becfe8e8bb0075258b810cbe5a880b6f"/>
         <property name="seleniumVersion" value="3.7.1"/>
         <property name="proxyInformation" value="ProxyInformation{proxyOption=NO_PROXY, proxyServerType=HTTP, password=, proxyServerAddress=, proxyServerPort=0}"/>
         <property name="platform" value="Windows 7"/>
      </properties>
      <testcase name="Test Cases/Login" classname="Test Cases/Login" status="PASSED">
         <system-out><![CDATA[2019-04-08 18:53:32 - [TEST_CASE][PASSED] - Test Cases/Login: Test Cases/Login

2019-04-08 18:53:33 - [TEST_STEP][PASSED] - openBrowser(""): Browser is opened with url: ''

2019-04-08 18:53:33 - [MESSAGE][INFO] - Starting 'Chrome' driver

2019-04-08 18:53:33 - [MESSAGE][INFO] - Action delay is set to 0 seconds

2019-04-08 18:53:43 - [MESSAGE][PASSED] - Browser is opened with url: ''

2019-04-08 18:53:43 - [TEST_STEP][PASSED] - navigateToUrl(url): Navigate to 'https://dev.esp.irisgst.com/' successfully

2019-04-08 18:53:47 - [MESSAGE][PASSED] - Navigate to 'https://dev.esp.irisgst.com/' successfully

2019-04-08 18:53:47 - [TEST_STEP][PASSED] - maximizeWindow(): Current window maximized

2019-04-08 18:53:48 - [MESSAGE][PASSED] - Current window maximized

2019-04-08 18:53:48 - [TEST_STEP][PASSED] - delay(2): Delayed 2 second(s)

2019-04-08 18:53:50 - [MESSAGE][PASSED] - Delayed 2 second(s)

2019-04-08 18:53:50 - [TEST_STEP][PASSED] - topazTitle = getWindowTitle(): Current window's title is: 'IRIS-TOPAZ'

2019-04-08 18:53:50 - [MESSAGE][PASSED] - Current window's title is: 'IRIS-TOPAZ'

2019-04-08 18:53:50 - [TEST_STEP][PASSED] - verifyMatch(topazTitle, "IRIS-TOPAZ", true): Actual text 'IRIS-TOPAZ' and expected text 'IRIS-TOPAZ' are matched  using regular expression

2019-04-08 18:53:50 - [MESSAGE][PASSED] - Actual text 'IRIS-TOPAZ' and expected text 'IRIS-TOPAZ' are matched  using regular expression

2019-04-08 18:53:50 - [TEST_STEP][PASSED] - setText(findTestObject("Login/Enter Username"), username): Text 'amit.nandha@irisindia.net' is set on object 'Object Repository/Login/Enter Username'

2019-04-08 18:53:51 - [MESSAGE][PASSED] - Text 'amit.nandha@irisindia.net' is set on object 'Object Repository/Login/Enter Username'

2019-04-08 18:53:51 - [TEST_STEP][PASSED] - setText(findTestObject("Login/Enter Password"), password): Text 'Abcd@12345' is set on object 'Object Repository/Login/Enter Password'

2019-04-08 18:53:51 - [MESSAGE][PASSED] - Text 'Abcd@12345' is set on object 'Object Repository/Login/Enter Password'

2019-04-08 18:53:51 - [TEST_STEP][PASSED] - delay(1): Delayed 1 second(s)

2019-04-08 18:53:52 - [MESSAGE][PASSED] - Delayed 1 second(s)

2019-04-08 18:53:52 - [TEST_STEP][PASSED] - click(findTestObject("Login/Sign In button")): Object: 'Object Repository/Login/Sign In button' is clicked on

2019-04-08 18:53:52 - [MESSAGE][PASSED] - Object: 'Object Repository/Login/Sign In button' is clicked on

2019-04-08 18:53:52 - [TEST_STEP][PASSED] - delay(2): Delayed 2 second(s)

2019-04-08 18:53:54 - [MESSAGE][PASSED] - Delayed 2 second(s)

2019-04-08 18:53:54 - [TEST_STEP][PASSED] - LoginTitle = getText(findTestObject("Login/div_Login Successful")): Text of object 'Object Repository/Login/div_Login Successful' is: 'Login Successful!'

2019-04-08 18:53:54 - [MESSAGE][PASSED] - Text of object 'Object Repository/Login/div_Login Successful' is: 'Login Successful!'

2019-04-08 18:53:54 - [TEST_STEP][PASSED] - verifyMatch(LoginTitle, "Login Successful!", true): Actual text 'Login Successful!' and expected text 'Login Successful!' are matched  using regular expression

2019-04-08 18:53:54 - [MESSAGE][PASSED] - Actual text 'Login Successful!' and expected text 'Login Successful!' are matched  using regular expression

2019-04-08 18:53:54 - [TEST_STEP][PASSED] - click(findTestObject("Login/div_Login Successful")): Object: 'Object Repository/Login/div_Login Successful' is clicked on

2019-04-08 18:53:54 - [MESSAGE][PASSED] - Object: 'Object Repository/Login/div_Login Successful' is clicked on]]></system-out>
         <system-err><![CDATA[]]></system-err>
      </testcase>
      <testcase name="Test Cases/Generate" classname="Test Cases/Generate" status="PASSED">
         <system-out><![CDATA[2019-04-08 18:53:54 - [TEST_CASE][PASSED] - Test Cases/Generate: Test Cases/Generate

2019-04-08 18:53:54 - [TEST_STEP][PASSED] - delay(3): Delayed 3 second(s)

2019-04-08 18:53:57 - [MESSAGE][PASSED] - Delayed 3 second(s)

2019-04-08 18:53:57 - [TEST_STEP][PASSED] - click(findTestObject("Generate/i_Vijeta Business Solution_fa fa-angle-double-right")): Object: 'Object Repository/Generate/i_Vijeta Business Solution_fa fa-angle-double-right' is clicked on

2019-04-08 18:53:58 - [MESSAGE][PASSED] - Object: 'Object Repository/Generate/i_Vijeta Business Solution_fa fa-angle-double-right' is clicked on

2019-04-08 18:53:58 - [TEST_STEP][PASSED] - delay(1): Delayed 1 second(s)

2019-04-08 18:53:59 - [MESSAGE][PASSED] - Delayed 1 second(s)

2019-04-08 18:53:59 - [TEST_STEP][PASSED] - click(findTestObject("Generate/li_Nands Group")): Object: 'Object Repository/Generate/li_Nands Group' is clicked on

2019-04-08 18:53:59 - [MESSAGE][PASSED] - Object: 'Object Repository/Generate/li_Nands Group' is clicked on

2019-04-08 18:53:59 - [TEST_STEP][PASSED] - changeBusienssMsg = getText(findTestObject("Generate/div_Business Changed Successfully")): Text of object 'Object Repository/Generate/div_Business Changed Successfully' is: 'Business Changed Successfully.'

2019-04-08 18:53:59 - [MESSAGE][PASSED] - Text of object 'Object Repository/Generate/div_Business Changed Successfully' is: 'Business Changed Successfully.'

2019-04-08 18:53:59 - [TEST_STEP][PASSED] - verifyMatch(changeBusienssMsg, "Business Changed Successfully.", true): Actual text 'Business Changed Successfully.' and expected text 'Business Changed Successfully.' are matched  using regular expression

2019-04-08 18:53:59 - [MESSAGE][PASSED] - Actual text 'Business Changed Successfully.' and expected text 'Business Changed Successfully.' are matched  using regular expression

2019-04-08 18:53:59 - [TEST_STEP][PASSED] - click(findTestObject("Generate/div_Business Changed Successfully")): Object: 'Object Repository/Generate/div_Business Changed Successfully' is clicked on

2019-04-08 18:53:59 - [MESSAGE][PASSED] - Object: 'Object Repository/Generate/div_Business Changed Successfully' is clicked on

2019-04-08 18:53:59 - [TEST_STEP][PASSED] - delay(1): Delayed 1 second(s)

2019-04-08 18:54:00 - [MESSAGE][PASSED] - Delayed 1 second(s)

2019-04-08 18:54:00 - [TEST_STEP][PASSED] - click(findTestObject("Generate/i_Nands Group_fa fa-angle-double-right")): Object: 'Object Repository/Generate/i_Nands Group_fa fa-angle-double-right' is clicked on

2019-04-08 18:54:00 - [MESSAGE][PASSED] - Object: 'Object Repository/Generate/i_Nands Group_fa fa-angle-double-right' is clicked on

2019-04-08 18:54:00 - [TEST_STEP][PASSED] - delay(1): Delayed 1 second(s)

2019-04-08 18:54:01 - [MESSAGE][PASSED] - Delayed 1 second(s)

2019-04-08 18:54:01 - [TEST_STEP][PASSED] - click(findTestObject("Generate/li_Nands Business")): Object: 'Object Repository/Generate/li_Nands Business' is clicked on

2019-04-08 18:54:02 - [MESSAGE][PASSED] - Object: 'Object Repository/Generate/li_Nands Business' is clicked on

2019-04-08 18:54:02 - [TEST_STEP][PASSED] - delay(1): Delayed 1 second(s)

2019-04-08 18:54:03 - [MESSAGE][PASSED] - Delayed 1 second(s)

2019-04-08 18:54:03 - [TEST_STEP][PASSED] - click(findTestObject("Generate/i_Nands Business_fa fa-angle-double-right")): Object: 'Object Repository/Generate/i_Nands Business_fa fa-angle-double-right' is clicked on

2019-04-08 18:54:03 - [MESSAGE][PASSED] - Object: 'Object Repository/Generate/i_Nands Business_fa fa-angle-double-right' is clicked on

2019-04-08 18:54:03 - [TEST_STEP][PASSED] - delay(1): Delayed 1 second(s)

2019-04-08 18:54:04 - [MESSAGE][PASSED] - Delayed 1 second(s)

2019-04-08 18:54:04 - [TEST_STEP][PASSED] - click(findTestObject("Generate/li_Nands_Entity_1")): Object: 'Object Repository/Generate/li_Nands_Entity_1' is clicked on

2019-04-08 18:54:04 - [MESSAGE][PASSED] - Object: 'Object Repository/Generate/li_Nands_Entity_1' is clicked on

2019-04-08 18:54:04 - [TEST_STEP][PASSED] - delay(1): Delayed 1 second(s)

2019-04-08 18:54:05 - [MESSAGE][PASSED] - Delayed 1 second(s)

2019-04-08 18:54:05 - [TEST_STEP][PASSED] - click(findTestObject("Generate/li_Nands Group_1")): Object: 'Object Repository/Generate/li_Nands Group_1' is clicked on

2019-04-08 18:54:05 - [MESSAGE][PASSED] - Object: 'Object Repository/Generate/li_Nands Group_1' is clicked on

2019-04-08 18:54:05 - [TEST_STEP][PASSED] - click(findTestObject("Generate/Generate Tab")): Object: 'Object Repository/Generate/Generate Tab' is clicked on

2019-04-08 18:54:05 - [MESSAGE][PASSED] - Object: 'Object Repository/Generate/Generate Tab' is clicked on

2019-04-08 18:54:05 - [TEST_STEP][PASSED] - delay(3): Delayed 3 second(s)

2019-04-08 18:54:08 - [MESSAGE][PASSED] - Delayed 3 second(s)

2019-04-08 18:54:08 - [TEST_STEP][PASSED] - selectOptionByValue(findTestObject("Generate/Select Transaction Type"), "number:1", true): All options with value 'number:1' are selected in object 'Object Repository/Generate/Select Transaction Type'  using regular expression

2019-04-08 18:54:08 - [MESSAGE][PASSED] - All options with value 'number:1' are selected in object 'Object Repository/Generate/Select Transaction Type'  using regular expression

2019-04-08 18:54:08 - [TEST_STEP][PASSED] - delay(1): Delayed 1 second(s)

2019-04-08 18:54:09 - [MESSAGE][PASSED] - Delayed 1 second(s)

2019-04-08 18:54:09 - [TEST_STEP][PASSED] - selectOptionByValue(findTestObject("Generate/Select Sub Supply Type"), "number:1", true): All options with value 'number:1' are selected in object 'Object Repository/Generate/Select Sub Supply Type'  using regular expression

2019-04-08 18:54:09 - [MESSAGE][PASSED] - All options with value 'number:1' are selected in object 'Object Repository/Generate/Select Sub Supply Type'  using regular expression

2019-04-08 18:54:09 - [TEST_STEP][PASSED] - delay(1): Delayed 1 second(s)

2019-04-08 18:54:10 - [MESSAGE][PASSED] - Delayed 1 second(s)

2019-04-08 18:54:10 - [TEST_STEP][PASSED] - setText(findTestObject("Generate/Enter Sub-supply type Description"), "SubSupplyDescription"): Text 'SubSupplyDescription' is set on object 'Object Repository/Generate/Enter Sub-supply type Description'

2019-04-08 18:54:11 - [MESSAGE][PASSED] - Text 'SubSupplyDescription' is set on object 'Object Repository/Generate/Enter Sub-supply type Description'

2019-04-08 18:54:11 - [TEST_STEP][PASSED] - delay(1): Delayed 1 second(s)

2019-04-08 18:54:12 - [MESSAGE][PASSED] - Delayed 1 second(s)

2019-04-08 18:54:12 - [TEST_STEP][PASSED] - selectOptionByValue(findTestObject("Generate/Select Document Type"), "string:INV", true): All options with value 'string:INV' are selected in object 'Object Repository/Generate/Select Document Type'  using regular expression

2019-04-08 18:54:12 - [MESSAGE][PASSED] - All options with value 'string:INV' are selected in object 'Object Repository/Generate/Select Document Type'  using regular expression

2019-04-08 18:54:12 - [TEST_STEP][PASSED] - delay(1): Delayed 1 second(s)

2019-04-08 18:54:13 - [MESSAGE][PASSED] - Delayed 1 second(s)

2019-04-08 18:54:13 - [TEST_STEP][PASSED] - setText(findTestObject("Generate/Enter Document Number"), docNo): Text 'DA00049' is set on object 'Object Repository/Generate/Enter Document Number'

2019-04-08 18:54:13 - [MESSAGE][PASSED] - Text 'DA00049' is set on object 'Object Repository/Generate/Enter Document Number'

2019-04-08 18:54:13 - [TEST_STEP][PASSED] - delay(1): Delayed 1 second(s)

2019-04-08 18:54:14 - [MESSAGE][PASSED] - Delayed 1 second(s)

2019-04-08 18:54:14 - [TEST_STEP][PASSED] - selectOptionByValue(findTestObject("Generate/Select Invoice Type"), "string:B2B", true): All options with value 'string:B2B' are selected in object 'Object Repository/Generate/Select Invoice Type'  using regular expression

2019-04-08 18:54:15 - [MESSAGE][PASSED] - All options with value 'string:B2B' are selected in object 'Object Repository/Generate/Select Invoice Type'  using regular expression

2019-04-08 18:54:15 - [TEST_STEP][PASSED] - delay(1): Delayed 1 second(s)

2019-04-08 18:54:16 - [MESSAGE][PASSED] - Delayed 1 second(s)

2019-04-08 18:54:16 - [TEST_STEP][PASSED] - setText(findTestObject("Generate/Enter Invoice Ref Number"), "REFINV001"): Text 'REFINV001' is set on object 'Object Repository/Generate/Enter Invoice Ref Number'

2019-04-08 18:54:16 - [MESSAGE][PASSED] - Text 'REFINV001' is set on object 'Object Repository/Generate/Enter Invoice Ref Number'

2019-04-08 18:54:16 - [TEST_STEP][PASSED] - delay(1): Delayed 1 second(s)

2019-04-08 18:54:17 - [MESSAGE][PASSED] - Delayed 1 second(s)

2019-04-08 18:54:17 - [TEST_STEP][PASSED] - selectOptionByValue(findTestObject("Generate/Select Supplier address"), "number:7363", true): All options with value 'number:7363' are selected in object 'Object Repository/Generate/Select Supplier address'  using regular expression

2019-04-08 18:54:17 - [MESSAGE][PASSED] - All options with value 'number:7363' are selected in object 'Object Repository/Generate/Select Supplier address'  using regular expression

2019-04-08 18:54:17 - [TEST_STEP][PASSED] - delay(1): Delayed 1 second(s)

2019-04-08 18:54:18 - [MESSAGE][PASSED] - Delayed 1 second(s)

2019-04-08 18:54:18 - [TEST_STEP][PASSED] - selectOptionByValue(findTestObject("Generate/Select Recepient address"), "number:548", true): All options with value 'number:548' are selected in object 'Object Repository/Generate/Select Recepient address'  using regular expression

2019-04-08 18:54:18 - [MESSAGE][PASSED] - All options with value 'number:548' are selected in object 'Object Repository/Generate/Select Recepient address'  using regular expression

2019-04-08 18:54:18 - [TEST_STEP][PASSED] - delay(1): Delayed 1 second(s)

2019-04-08 18:54:19 - [MESSAGE][PASSED] - Delayed 1 second(s)

2019-04-08 18:54:19 - [TEST_STEP][PASSED] - setText(findTestObject("Generate/Enter HSN code"), "88"): Text '88' is set on object 'Object Repository/Generate/Enter HSN code'

2019-04-08 18:54:19 - [MESSAGE][PASSED] - Text '88' is set on object 'Object Repository/Generate/Enter HSN code'

2019-04-08 18:54:19 - [TEST_STEP][PASSED] - delay(1): Delayed 1 second(s)

2019-04-08 18:54:20 - [MESSAGE][PASSED] - Delayed 1 second(s)

2019-04-08 18:54:20 - [TEST_STEP][PASSED] - setText(findTestObject("Generate/Enter Taxable Value"), "1"): Text '1' is set on object 'Object Repository/Generate/Enter Taxable Value'

2019-04-08 18:54:21 - [MESSAGE][PASSED] - Text '1' is set on object 'Object Repository/Generate/Enter Taxable Value'

2019-04-08 18:54:21 - [TEST_STEP][PASSED] - delay(1): Delayed 1 second(s)

2019-04-08 18:54:22 - [MESSAGE][PASSED] - Delayed 1 second(s)

2019-04-08 18:54:22 - [TEST_STEP][PASSED] - setText(findTestObject("Generate/Enter Quantity"), "1"): Text '1' is set on object 'Object Repository/Generate/Enter Quantity'

2019-04-08 18:54:22 - [MESSAGE][PASSED] - Text '1' is set on object 'Object Repository/Generate/Enter Quantity'

2019-04-08 18:54:22 - [TEST_STEP][PASSED] - delay(1): Delayed 1 second(s)

2019-04-08 18:54:23 - [MESSAGE][PASSED] - Delayed 1 second(s)

2019-04-08 18:54:23 - [TEST_STEP][PASSED] - selectOptionByValue(findTestObject("Generate/Select CGST Rate"), "string:1.50", true): All options with value 'string:1.50' are selected in object 'Object Repository/Generate/Select CGST Rate'  using regular expression

2019-04-08 18:54:23 - [MESSAGE][PASSED] - All options with value 'string:1.50' are selected in object 'Object Repository/Generate/Select CGST Rate'  using regular expression

2019-04-08 18:54:23 - [TEST_STEP][PASSED] - delay(1): Delayed 1 second(s)

2019-04-08 18:54:24 - [MESSAGE][PASSED] - Delayed 1 second(s)

2019-04-08 18:54:24 - [TEST_STEP][PASSED] - selectOptionByValue(findTestObject("Generate/Select SGST Rate"), "string:1.50", true): All options with value 'string:1.50' are selected in object 'Object Repository/Generate/Select SGST Rate'  using regular expression

2019-04-08 18:54:24 - [MESSAGE][PASSED] - All options with value 'string:1.50' are selected in object 'Object Repository/Generate/Select SGST Rate'  using regular expression

2019-04-08 18:54:24 - [TEST_STEP][PASSED] - delay(1): Delayed 1 second(s)

2019-04-08 18:54:25 - [MESSAGE][PASSED] - Delayed 1 second(s)

2019-04-08 18:54:25 - [TEST_STEP][PASSED] - selectOptionByValue(findTestObject("Generate/Select Cess Advol"), "string:3", true): All options with value 'string:3' are selected in object 'Object Repository/Generate/Select Cess Advol'  using regular expression

2019-04-08 18:54:26 - [MESSAGE][PASSED] - All options with value 'string:3' are selected in object 'Object Repository/Generate/Select Cess Advol'  using regular expression

2019-04-08 18:54:26 - [TEST_STEP][PASSED] - delay(1): Delayed 1 second(s)

2019-04-08 18:54:27 - [MESSAGE][PASSED] - Delayed 1 second(s)

2019-04-08 18:54:27 - [TEST_STEP][PASSED] - selectOptionByValue(findTestObject("Generate/Select Cess Non Advol"), "number:400", true): All options with value 'number:400' are selected in object 'Object Repository/Generate/Select Cess Non Advol'  using regular expression

2019-04-08 18:54:27 - [MESSAGE][PASSED] - All options with value 'number:400' are selected in object 'Object Repository/Generate/Select Cess Non Advol'  using regular expression

2019-04-08 18:54:27 - [TEST_STEP][PASSED] - delay(1): Delayed 1 second(s)

2019-04-08 18:54:28 - [MESSAGE][PASSED] - Delayed 1 second(s)

2019-04-08 18:54:28 - [TEST_STEP][PASSED] - setText(findTestObject("Generate/Enter Distance"), "100"): Text '100' is set on object 'Object Repository/Generate/Enter Distance'

2019-04-08 18:54:28 - [MESSAGE][PASSED] - Text '100' is set on object 'Object Repository/Generate/Enter Distance'

2019-04-08 18:54:28 - [TEST_STEP][PASSED] - delay(1): Delayed 1 second(s)

2019-04-08 18:54:29 - [MESSAGE][PASSED] - Delayed 1 second(s)

2019-04-08 18:54:29 - [TEST_STEP][PASSED] - selectOptionByValue(findTestObject("Generate/Select Trans mode"), "number:1", true): All options with value 'number:1' are selected in object 'Object Repository/Generate/Select Trans mode'  using regular expression

2019-04-08 18:54:30 - [MESSAGE][PASSED] - All options with value 'number:1' are selected in object 'Object Repository/Generate/Select Trans mode'  using regular expression

2019-04-08 18:54:30 - [TEST_STEP][PASSED] - delay(1): Delayed 1 second(s)

2019-04-08 18:54:31 - [MESSAGE][PASSED] - Delayed 1 second(s)

2019-04-08 18:54:31 - [TEST_STEP][PASSED] - setText(findTestObject("Generate/Enter Vehical No"), "MH02EX3636"): Text 'MH02EX3636' is set on object 'Object Repository/Generate/Enter Vehical No'

2019-04-08 18:54:31 - [MESSAGE][PASSED] - Text 'MH02EX3636' is set on object 'Object Repository/Generate/Enter Vehical No'

2019-04-08 18:54:31 - [TEST_STEP][PASSED] - delay(1): Delayed 1 second(s)

2019-04-08 18:54:32 - [MESSAGE][PASSED] - Delayed 1 second(s)

2019-04-08 18:54:32 - [TEST_STEP][PASSED] - click(findTestObject("Generate/Sumbit Button")): Object: 'Object Repository/Generate/Sumbit Button' is clicked on

2019-04-08 18:54:32 - [MESSAGE][PASSED] - Object: 'Object Repository/Generate/Sumbit Button' is clicked on

2019-04-08 18:54:32 - [TEST_STEP][PASSED] - delay(5): Delayed 5 second(s)

2019-04-08 18:54:37 - [MESSAGE][PASSED] - Delayed 5 second(s)

2019-04-08 18:54:37 - [TEST_STEP][PASSED] - MsgGen = getText(findTestObject("Generate/Msg Generated Successfully")): Text of object 'Object Repository/Generate/Msg Generated Successfully' is: 'Generated Successfully'

2019-04-08 18:54:37 - [MESSAGE][PASSED] - Text of object 'Object Repository/Generate/Msg Generated Successfully' is: 'Generated Successfully'

2019-04-08 18:54:37 - [TEST_STEP][PASSED] - verifyMatch(MsgGen, "Generated Successfully", true): Actual text 'Generated Successfully' and expected text 'Generated Successfully' are matched  using regular expression

2019-04-08 18:54:37 - [MESSAGE][PASSED] - Actual text 'Generated Successfully' and expected text 'Generated Successfully' are matched  using regular expression

2019-04-08 18:54:37 - [TEST_STEP][PASSED] - ewayBillNo = getText(findTestObject("Object Repository/Generate/td_341001756290")): Text of object 'Object Repository/Generate/td_341001756290' is: '371001756314'

2019-04-08 18:54:37 - [MESSAGE][PASSED] - Text of object 'Object Repository/Generate/td_341001756290' is: '371001756314'

2019-04-08 18:54:37 - [TEST_STEP][PASSED] - test.sendData.Sd("ewayBillNo"): test.sendData.Sd is PASSED

2019-04-08 18:54:38 - [MESSAGE][PASSED] - test.sendData.Sd is PASSED]]></system-out>
         <system-err><![CDATA[]]></system-err>
      </testcase>
      <system-out><![CDATA[2019-04-08 18:53:32 - [TEST_SUITE][PASSED] - Smoke Test: Test Cases/Generate]]></system-out>
      <system-err><![CDATA[]]></system-err>
   </testsuite>
</testsuites>
