<?xml version="1.0" encoding="UTF-8"?>
<testsuites name="Somke Test" time="13" tests="1" failures="0" errors="0">
   <testsuite name="Somke Test" tests="1" failures="0" errors="0" time="13" timestamp="2019-03-24 11:55:24" hostname="DESKTOP-TMTUP2J$ - DESKTOP-TMTUP2J" id="Test Suites/Somke Test">
      <properties>
         <property name="deviceName" value=""/>
         <property name="devicePlatform" value=""/>
         <property name="logFolder" value="C:\\Users\\Amitansh\\git\\katalonstudio\\Reports\\Somke Test\\20190324_115517"/>
         <property name="logFiles" value="C:\\Users\\Amitansh\\git\\katalonstudio\\Reports\\Somke Test\\20190324_115517\\execution0.log"/>
         <property name="attachments" value=""/>
         <property name="hostName" value="DESKTOP-TMTUP2J$ - DESKTOP-TMTUP2J"/>
         <property name="os" value="Windows 10 64bit"/>
         <property name="katalonVersion" value="6.1.0.1"/>
         <property name="browser" value="Chrome 72.0.3626.121"/>
         <property name="hostAddress" value="192.168.0.104"/>
         <property name="sessionId" value="220ebf544a9ef8f448e2083847add8af"/>
         <property name="seleniumVersion" value="3.7.1"/>
         <property name="proxyInformation" value="ProxyInformation{proxyOption=NO_PROXY, proxyServerType=HTTP, password=, proxyServerAddress=, proxyServerPort=0}"/>
         <property name="platform" value="Windows 10"/>
      </properties>
      <testcase name="Test Cases/Login" classname="Test Cases/Login" status="PASSED">
         <system-out><![CDATA[2019-03-24 11:55:24 - [TEST_CASE][PASSED] - Test Cases/Login: Test Cases/Login

2019-03-24 11:55:25 - [TEST_STEP][PASSED] - openBrowser(""): Browser is opened with url: ''

2019-03-24 11:55:26 - [MESSAGE][INFO] - Starting 'Chrome' driver

2019-03-24 11:55:26 - [MESSAGE][INFO] - Action delay is set to 0 seconds

2019-03-24 11:55:32 - [MESSAGE][PASSED] - Browser is opened with url: ''

2019-03-24 11:55:32 - [TEST_STEP][PASSED] - navigateToUrl("https://dev.esp.irisgst.com/"): Navigate to 'https://dev.esp.irisgst.com/' successfully

2019-03-24 11:55:34 - [MESSAGE][PASSED] - Navigate to 'https://dev.esp.irisgst.com/' successfully

2019-03-24 11:55:34 - [TEST_STEP][PASSED] - maximizeWindow(): Current window maximized

2019-03-24 11:55:35 - [MESSAGE][PASSED] - Current window maximized

2019-03-24 11:55:35 - [TEST_STEP][PASSED] - setText(findTestObject("Login/input_SIGN UP_name"), "amit.nandha@irisindia.net"): Text 'amit.nandha@irisindia.net' is set on object 'Object Repository/Login/input_SIGN UP_name'

2019-03-24 11:55:36 - [MESSAGE][PASSED] - Text 'amit.nandha@irisindia.net' is set on object 'Object Repository/Login/input_SIGN UP_name'

2019-03-24 11:55:36 - [TEST_STEP][PASSED] - setEncryptedText(findTestObject("Login/input_Invalid Email_email"), "RfES2L809yyqtWvN0P2gPg=="): Text ****** has been set on object 'Object Repository/Login/input_Invalid Email_email'

2019-03-24 11:55:36 - [MESSAGE][PASSED] - Text ****** has been set on object 'Object Repository/Login/input_Invalid Email_email'

2019-03-24 11:55:36 - [TEST_STEP][PASSED] - click(findTestObject("Login/button_SIGN IN")): Object: 'Object Repository/Login/button_SIGN IN' is clicked on

2019-03-24 11:55:36 - [MESSAGE][PASSED] - Object: 'Object Repository/Login/button_SIGN IN' is clicked on

2019-03-24 11:55:36 - [TEST_STEP][PASSED] - LoginTitle = getText(findTestObject("Login/div_Login Successful")): Text of object 'Object Repository/Login/div_Login Successful' is: 'Login Successful!'

2019-03-24 11:55:37 - [MESSAGE][PASSED] - Text of object 'Object Repository/Login/div_Login Successful' is: 'Login Successful!'

2019-03-24 11:55:37 - [TEST_STEP][PASSED] - verifyMatch(LoginTitle, "Login Successful!", true): Actual text 'Login Successful!' and expected text 'Login Successful!' are matched  using regular expression

2019-03-24 11:55:37 - [MESSAGE][PASSED] - Actual text 'Login Successful!' and expected text 'Login Successful!' are matched  using regular expression

2019-03-24 11:55:37 - [TEST_STEP][PASSED] - closeBrowser(): Browser is closed

2019-03-24 11:55:38 - [MESSAGE][PASSED] - Browser is closed]]></system-out>
         <system-err><![CDATA[]]></system-err>
      </testcase>
      <system-out><![CDATA[2019-03-24 11:55:24 - [TEST_SUITE][PASSED] - Somke Test: Test Cases/Login]]></system-out>
      <system-err><![CDATA[]]></system-err>
   </testsuite>
</testsuites>
