<?xml version="1.0" encoding="UTF-8"?>
<testsuites name="Somke Test" time="0" tests="0" failures="0" errors="0">
   <testsuite name="Somke Test" tests="0" failures="0" errors="0" time="0" timestamp="2019-03-22 18:55:56" hostname="anandha - AI-PC-136.IRISBSL.COM" id="Test Suites/Somke Test">
      <properties>
         <property name="deviceName" value=""/>
         <property name="devicePlatform" value=""/>
         <property name="logFolder" value="C:\\Users\\anandha\\git\\katalonstudio\\Reports\\Somke Test\\20190322_185552"/>
         <property name="logFiles" value="C:\\Users\\anandha\\git\\katalonstudio\\Reports\\Somke Test\\20190322_185552\\execution0.log"/>
         <property name="attachments" value=""/>
         <property name="hostName" value="anandha - AI-PC-136.IRISBSL.COM"/>
         <property name="hostAddress" value="172.18.8.53"/>
         <property name="os" value="Windows 7 64bit"/>
         <property name="katalonVersion" value="6.1.0.1"/>
      </properties>
      <system-out><![CDATA[2019-03-22 18:55:56 - [TEST_SUITE][PASSED] - Somke Test: null]]></system-out>
      <system-err><![CDATA[]]></system-err>
   </testsuite>
</testsuites>
