<?xml version="1.0" encoding="UTF-8"?>
<testsuites name="Smoke Test" time="61" tests="2" failures="0" errors="0">
   <testsuite name="Smoke Test" tests="2" failures="0" errors="0" time="61" timestamp="2019-04-09 17:43:33" hostname="anandha - AI-PC-136.IRISBSL.COM" id="Test Suites/Smoke Test">
      <properties>
         <property name="deviceName" value=""/>
         <property name="devicePlatform" value=""/>
         <property name="logFolder" value="C:\\Users\\anandha\\git\\katalonstudio\\katalonstudio1\\Reports\\Smoke Test\\20190409_174330"/>
         <property name="logFiles" value="C:\\Users\\anandha\\git\\katalonstudio\\katalonstudio1\\Reports\\Smoke Test\\20190409_174330\\execution0.log"/>
         <property name="attachments" value=""/>
         <property name="hostName" value="anandha - AI-PC-136.IRISBSL.COM"/>
         <property name="os" value="Windows 7 64bit"/>
         <property name="katalonVersion" value="6.1.0.1"/>
         <property name="browser" value="Chrome 73.0.3683.86"/>
         <property name="hostAddress" value="172.18.8.53"/>
         <property name="sessionId" value="22462dc6f36b8d61c88fd52a5b6c0d35"/>
         <property name="seleniumVersion" value="3.7.1"/>
         <property name="proxyInformation" value="ProxyInformation{proxyOption=NO_PROXY, proxyServerType=HTTP, password=, proxyServerAddress=, proxyServerPort=0}"/>
         <property name="platform" value="Windows 7"/>
      </properties>
      <testcase name="Test Cases/Login" classname="Test Cases/Login" status="PASSED">
         <system-out><![CDATA[2019-04-09 17:43:33 - [TEST_CASE][PASSED] - Test Cases/Login: Test Cases/Login

2019-04-09 17:43:34 - [TEST_STEP][PASSED] - openBrowser(""): Browser is opened with url: ''

2019-04-09 17:43:34 - [MESSAGE][INFO] - Starting 'Chrome' driver

2019-04-09 17:43:34 - [MESSAGE][INFO] - Action delay is set to 0 seconds

2019-04-09 17:43:37 - [MESSAGE][PASSED] - Browser is opened with url: ''

2019-04-09 17:43:37 - [TEST_STEP][PASSED] - navigateToUrl(url): Navigate to 'https://dev.esp.irisgst.com/' successfully

2019-04-09 17:43:40 - [MESSAGE][PASSED] - Navigate to 'https://dev.esp.irisgst.com/' successfully

2019-04-09 17:43:40 - [TEST_STEP][PASSED] - maximizeWindow(): Current window maximized

2019-04-09 17:43:41 - [MESSAGE][PASSED] - Current window maximized

2019-04-09 17:43:41 - [TEST_STEP][PASSED] - delay(2): Delayed 2 second(s)

2019-04-09 17:43:43 - [MESSAGE][PASSED] - Delayed 2 second(s)

2019-04-09 17:43:43 - [TEST_STEP][PASSED] - topazTitle = getWindowTitle(): Current window's title is: 'IRIS-TOPAZ'

2019-04-09 17:43:43 - [MESSAGE][PASSED] - Current window's title is: 'IRIS-TOPAZ'

2019-04-09 17:43:43 - [TEST_STEP][PASSED] - verifyMatch(topazTitle, "IRIS-TOPAZ", true): Actual text 'IRIS-TOPAZ' and expected text 'IRIS-TOPAZ' are matched  using regular expression

2019-04-09 17:43:43 - [MESSAGE][PASSED] - Actual text 'IRIS-TOPAZ' and expected text 'IRIS-TOPAZ' are matched  using regular expression

2019-04-09 17:43:43 - [TEST_STEP][PASSED] - setText(findTestObject("Login/Enter Username"), username): Text 'amit.nandha@irisindia.net' is set on object 'Object Repository/Login/Enter Username'

2019-04-09 17:43:44 - [MESSAGE][PASSED] - Text 'amit.nandha@irisindia.net' is set on object 'Object Repository/Login/Enter Username'

2019-04-09 17:43:44 - [TEST_STEP][PASSED] - setText(findTestObject("Login/Enter Password"), password): Text 'Abcd@12345' is set on object 'Object Repository/Login/Enter Password'

2019-04-09 17:43:44 - [MESSAGE][PASSED] - Text 'Abcd@12345' is set on object 'Object Repository/Login/Enter Password'

2019-04-09 17:43:44 - [TEST_STEP][PASSED] - delay(1): Delayed 1 second(s)

2019-04-09 17:43:45 - [MESSAGE][PASSED] - Delayed 1 second(s)

2019-04-09 17:43:45 - [TEST_STEP][PASSED] - click(findTestObject("Login/Sign In button")): Object: 'Object Repository/Login/Sign In button' is clicked on

2019-04-09 17:43:45 - [MESSAGE][PASSED] - Object: 'Object Repository/Login/Sign In button' is clicked on

2019-04-09 17:43:45 - [TEST_STEP][PASSED] - delay(2): Delayed 2 second(s)

2019-04-09 17:43:47 - [MESSAGE][PASSED] - Delayed 2 second(s)

2019-04-09 17:43:47 - [TEST_STEP][PASSED] - LoginTitle = getText(findTestObject("Login/div_Login Successful")): Text of object 'Object Repository/Login/div_Login Successful' is: 'Login Successful!'

2019-04-09 17:43:47 - [MESSAGE][PASSED] - Text of object 'Object Repository/Login/div_Login Successful' is: 'Login Successful!'

2019-04-09 17:43:47 - [TEST_STEP][PASSED] - verifyMatch(LoginTitle, "Login Successful!", true): Actual text 'Login Successful!' and expected text 'Login Successful!' are matched  using regular expression

2019-04-09 17:43:47 - [MESSAGE][PASSED] - Actual text 'Login Successful!' and expected text 'Login Successful!' are matched  using regular expression

2019-04-09 17:43:47 - [TEST_STEP][PASSED] - click(findTestObject("Login/div_Login Successful")): Object: 'Object Repository/Login/div_Login Successful' is clicked on

2019-04-09 17:43:47 - [MESSAGE][PASSED] - Object: 'Object Repository/Login/div_Login Successful' is clicked on]]></system-out>
         <system-err><![CDATA[]]></system-err>
      </testcase>
      <testcase name="Test Cases/Generate" classname="Test Cases/Generate" status="PASSED">
         <system-out><![CDATA[2019-04-09 17:43:47 - [TEST_CASE][PASSED] - Test Cases/Generate: Test Cases/Generate

2019-04-09 17:43:48 - [TEST_STEP][PASSED] - delay(3): Delayed 3 second(s)

2019-04-09 17:43:51 - [MESSAGE][PASSED] - Delayed 3 second(s)

2019-04-09 17:43:51 - [TEST_STEP][PASSED] - click(findTestObject("Generate/i_Vijeta Business Solution_fa fa-angle-double-right")): Object: 'Object Repository/Generate/i_Vijeta Business Solution_fa fa-angle-double-right' is clicked on

2019-04-09 17:43:51 - [MESSAGE][PASSED] - Object: 'Object Repository/Generate/i_Vijeta Business Solution_fa fa-angle-double-right' is clicked on

2019-04-09 17:43:51 - [TEST_STEP][PASSED] - delay(1): Delayed 1 second(s)

2019-04-09 17:43:52 - [MESSAGE][PASSED] - Delayed 1 second(s)

2019-04-09 17:43:52 - [TEST_STEP][PASSED] - click(findTestObject("Generate/li_Nands Group")): Object: 'Object Repository/Generate/li_Nands Group' is clicked on

2019-04-09 17:43:52 - [MESSAGE][PASSED] - Object: 'Object Repository/Generate/li_Nands Group' is clicked on

2019-04-09 17:43:52 - [TEST_STEP][PASSED] - changeBusienssMsg = getText(findTestObject("Generate/div_Business Changed Successfully")): Text of object 'Object Repository/Generate/div_Business Changed Successfully' is: 'Business Changed Successfully.'

2019-04-09 17:43:52 - [MESSAGE][PASSED] - Text of object 'Object Repository/Generate/div_Business Changed Successfully' is: 'Business Changed Successfully.'

2019-04-09 17:43:52 - [TEST_STEP][PASSED] - verifyMatch(changeBusienssMsg, "Business Changed Successfully.", true): Actual text 'Business Changed Successfully.' and expected text 'Business Changed Successfully.' are matched  using regular expression

2019-04-09 17:43:52 - [MESSAGE][PASSED] - Actual text 'Business Changed Successfully.' and expected text 'Business Changed Successfully.' are matched  using regular expression

2019-04-09 17:43:52 - [TEST_STEP][PASSED] - click(findTestObject("Generate/div_Business Changed Successfully")): Object: 'Object Repository/Generate/div_Business Changed Successfully' is clicked on

2019-04-09 17:43:53 - [MESSAGE][PASSED] - Object: 'Object Repository/Generate/div_Business Changed Successfully' is clicked on

2019-04-09 17:43:53 - [TEST_STEP][PASSED] - delay(1): Delayed 1 second(s)

2019-04-09 17:43:54 - [MESSAGE][PASSED] - Delayed 1 second(s)

2019-04-09 17:43:54 - [TEST_STEP][PASSED] - click(findTestObject("Generate/i_Nands Group_fa fa-angle-double-right")): Object: 'Object Repository/Generate/i_Nands Group_fa fa-angle-double-right' is clicked on

2019-04-09 17:43:54 - [MESSAGE][PASSED] - Object: 'Object Repository/Generate/i_Nands Group_fa fa-angle-double-right' is clicked on

2019-04-09 17:43:54 - [TEST_STEP][PASSED] - delay(1): Delayed 1 second(s)

2019-04-09 17:43:55 - [MESSAGE][PASSED] - Delayed 1 second(s)

2019-04-09 17:43:55 - [TEST_STEP][PASSED] - click(findTestObject("Generate/li_Nands Business")): Object: 'Object Repository/Generate/li_Nands Business' is clicked on

2019-04-09 17:43:55 - [MESSAGE][PASSED] - Object: 'Object Repository/Generate/li_Nands Business' is clicked on

2019-04-09 17:43:55 - [TEST_STEP][PASSED] - delay(1): Delayed 1 second(s)

2019-04-09 17:43:56 - [MESSAGE][PASSED] - Delayed 1 second(s)

2019-04-09 17:43:56 - [TEST_STEP][PASSED] - click(findTestObject("Generate/i_Nands Business_fa fa-angle-double-right")): Object: 'Object Repository/Generate/i_Nands Business_fa fa-angle-double-right' is clicked on

2019-04-09 17:43:56 - [MESSAGE][PASSED] - Object: 'Object Repository/Generate/i_Nands Business_fa fa-angle-double-right' is clicked on

2019-04-09 17:43:56 - [TEST_STEP][PASSED] - delay(1): Delayed 1 second(s)

2019-04-09 17:43:57 - [MESSAGE][PASSED] - Delayed 1 second(s)

2019-04-09 17:43:57 - [TEST_STEP][PASSED] - click(findTestObject("Generate/li_Nands_Entity_1")): Object: 'Object Repository/Generate/li_Nands_Entity_1' is clicked on

2019-04-09 17:43:57 - [MESSAGE][PASSED] - Object: 'Object Repository/Generate/li_Nands_Entity_1' is clicked on

2019-04-09 17:43:57 - [TEST_STEP][PASSED] - delay(1): Delayed 1 second(s)

2019-04-09 17:43:58 - [MESSAGE][PASSED] - Delayed 1 second(s)

2019-04-09 17:43:58 - [TEST_STEP][PASSED] - click(findTestObject("Generate/li_Nands Group_1")): Object: 'Object Repository/Generate/li_Nands Group_1' is clicked on

2019-04-09 17:43:58 - [MESSAGE][PASSED] - Object: 'Object Repository/Generate/li_Nands Group_1' is clicked on

2019-04-09 17:43:58 - [TEST_STEP][PASSED] - click(findTestObject("Generate/Generate Tab")): Object: 'Object Repository/Generate/Generate Tab' is clicked on

2019-04-09 17:43:58 - [MESSAGE][PASSED] - Object: 'Object Repository/Generate/Generate Tab' is clicked on

2019-04-09 17:43:58 - [TEST_STEP][PASSED] - delay(3): Delayed 3 second(s)

2019-04-09 17:44:01 - [MESSAGE][PASSED] - Delayed 3 second(s)

2019-04-09 17:44:01 - [TEST_STEP][PASSED] - selectOptionByValue(findTestObject("Generate/Select Transaction Type"), "number:1", true): All options with value 'number:1' are selected in object 'Object Repository/Generate/Select Transaction Type'  using regular expression

2019-04-09 17:44:01 - [MESSAGE][PASSED] - All options with value 'number:1' are selected in object 'Object Repository/Generate/Select Transaction Type'  using regular expression

2019-04-09 17:44:01 - [TEST_STEP][PASSED] - delay(1): Delayed 1 second(s)

2019-04-09 17:44:02 - [MESSAGE][PASSED] - Delayed 1 second(s)

2019-04-09 17:44:02 - [TEST_STEP][PASSED] - selectOptionByValue(findTestObject("Generate/Select Sub Supply Type"), "number:1", true): All options with value 'number:1' are selected in object 'Object Repository/Generate/Select Sub Supply Type'  using regular expression

2019-04-09 17:44:03 - [MESSAGE][PASSED] - All options with value 'number:1' are selected in object 'Object Repository/Generate/Select Sub Supply Type'  using regular expression

2019-04-09 17:44:03 - [TEST_STEP][PASSED] - delay(1): Delayed 1 second(s)

2019-04-09 17:44:04 - [MESSAGE][PASSED] - Delayed 1 second(s)

2019-04-09 17:44:04 - [TEST_STEP][PASSED] - setText(findTestObject("Generate/Enter Sub-supply type Description"), "SubSupplyDescription"): Text 'SubSupplyDescription' is set on object 'Object Repository/Generate/Enter Sub-supply type Description'

2019-04-09 17:44:04 - [MESSAGE][PASSED] - Text 'SubSupplyDescription' is set on object 'Object Repository/Generate/Enter Sub-supply type Description'

2019-04-09 17:44:04 - [TEST_STEP][PASSED] - delay(1): Delayed 1 second(s)

2019-04-09 17:44:05 - [MESSAGE][PASSED] - Delayed 1 second(s)

2019-04-09 17:44:05 - [TEST_STEP][PASSED] - selectOptionByValue(findTestObject("Generate/Select Document Type"), "string:INV", true): All options with value 'string:INV' are selected in object 'Object Repository/Generate/Select Document Type'  using regular expression

2019-04-09 17:44:05 - [MESSAGE][PASSED] - All options with value 'string:INV' are selected in object 'Object Repository/Generate/Select Document Type'  using regular expression

2019-04-09 17:44:05 - [TEST_STEP][PASSED] - delay(1): Delayed 1 second(s)

2019-04-09 17:44:06 - [MESSAGE][PASSED] - Delayed 1 second(s)

2019-04-09 17:44:06 - [TEST_STEP][PASSED] - docNo = utility.randomNumber.rendomNo(8): utility.randomNumber.rendomNo is PASSED

2019-04-09 17:44:06 - [MESSAGE][PASSED] - utility.randomNumber.rendomNo is PASSED

2019-04-09 17:44:06 - [TEST_STEP][PASSED] - setText(findTestObject("Generate/Enter Document Number"), docNo): Text '59387529' is set on object 'Object Repository/Generate/Enter Document Number'

2019-04-09 17:44:06 - [MESSAGE][PASSED] - Text '59387529' is set on object 'Object Repository/Generate/Enter Document Number'

2019-04-09 17:44:06 - [TEST_STEP][PASSED] - delay(1): Delayed 1 second(s)

2019-04-09 17:44:07 - [MESSAGE][PASSED] - Delayed 1 second(s)

2019-04-09 17:44:07 - [TEST_STEP][PASSED] - utility.WriteToExcel.Sd(docNo, 1, 0): utility.WriteToExcel.Sd is PASSED

2019-04-09 17:44:08 - [MESSAGE][PASSED] - utility.WriteToExcel.Sd is PASSED

2019-04-09 17:44:08 - [TEST_STEP][PASSED] - delay(1): Delayed 1 second(s)

2019-04-09 17:44:09 - [MESSAGE][PASSED] - Delayed 1 second(s)

2019-04-09 17:44:09 - [TEST_STEP][PASSED] - selectOptionByValue(findTestObject("Generate/Select Invoice Type"), "string:B2B", true): All options with value 'string:B2B' are selected in object 'Object Repository/Generate/Select Invoice Type'  using regular expression

2019-04-09 17:44:10 - [MESSAGE][PASSED] - All options with value 'string:B2B' are selected in object 'Object Repository/Generate/Select Invoice Type'  using regular expression

2019-04-09 17:44:10 - [TEST_STEP][PASSED] - delay(1): Delayed 1 second(s)

2019-04-09 17:44:11 - [MESSAGE][PASSED] - Delayed 1 second(s)

2019-04-09 17:44:11 - [TEST_STEP][PASSED] - setText(findTestObject("Generate/Enter Invoice Ref Number"), "REFINV001"): Text 'REFINV001' is set on object 'Object Repository/Generate/Enter Invoice Ref Number'

2019-04-09 17:44:11 - [MESSAGE][PASSED] - Text 'REFINV001' is set on object 'Object Repository/Generate/Enter Invoice Ref Number'

2019-04-09 17:44:11 - [TEST_STEP][PASSED] - delay(1): Delayed 1 second(s)

2019-04-09 17:44:12 - [MESSAGE][PASSED] - Delayed 1 second(s)

2019-04-09 17:44:12 - [TEST_STEP][PASSED] - selectOptionByValue(findTestObject("Generate/Select Supplier address"), "number:7363", true): All options with value 'number:7363' are selected in object 'Object Repository/Generate/Select Supplier address'  using regular expression

2019-04-09 17:44:12 - [MESSAGE][PASSED] - All options with value 'number:7363' are selected in object 'Object Repository/Generate/Select Supplier address'  using regular expression

2019-04-09 17:44:12 - [TEST_STEP][PASSED] - delay(1): Delayed 1 second(s)

2019-04-09 17:44:13 - [MESSAGE][PASSED] - Delayed 1 second(s)

2019-04-09 17:44:13 - [TEST_STEP][PASSED] - selectOptionByValue(findTestObject("Generate/Select Recepient address"), "number:548", true): All options with value 'number:548' are selected in object 'Object Repository/Generate/Select Recepient address'  using regular expression

2019-04-09 17:44:13 - [MESSAGE][PASSED] - All options with value 'number:548' are selected in object 'Object Repository/Generate/Select Recepient address'  using regular expression

2019-04-09 17:44:13 - [TEST_STEP][PASSED] - delay(1): Delayed 1 second(s)

2019-04-09 17:44:14 - [MESSAGE][PASSED] - Delayed 1 second(s)

2019-04-09 17:44:14 - [TEST_STEP][PASSED] - setText(findTestObject("Generate/Enter HSN code"), "88"): Text '88' is set on object 'Object Repository/Generate/Enter HSN code'

2019-04-09 17:44:15 - [MESSAGE][PASSED] - Text '88' is set on object 'Object Repository/Generate/Enter HSN code'

2019-04-09 17:44:15 - [TEST_STEP][PASSED] - delay(1): Delayed 1 second(s)

2019-04-09 17:44:16 - [MESSAGE][PASSED] - Delayed 1 second(s)

2019-04-09 17:44:16 - [TEST_STEP][PASSED] - setText(findTestObject("Generate/Enter Taxable Value"), "1"): Text '1' is set on object 'Object Repository/Generate/Enter Taxable Value'

2019-04-09 17:44:16 - [MESSAGE][PASSED] - Text '1' is set on object 'Object Repository/Generate/Enter Taxable Value'

2019-04-09 17:44:16 - [TEST_STEP][PASSED] - delay(1): Delayed 1 second(s)

2019-04-09 17:44:17 - [MESSAGE][PASSED] - Delayed 1 second(s)

2019-04-09 17:44:17 - [TEST_STEP][PASSED] - setText(findTestObject("Generate/Enter Quantity"), "1"): Text '1' is set on object 'Object Repository/Generate/Enter Quantity'

2019-04-09 17:44:17 - [MESSAGE][PASSED] - Text '1' is set on object 'Object Repository/Generate/Enter Quantity'

2019-04-09 17:44:17 - [TEST_STEP][PASSED] - delay(1): Delayed 1 second(s)

2019-04-09 17:44:18 - [MESSAGE][PASSED] - Delayed 1 second(s)

2019-04-09 17:44:18 - [TEST_STEP][PASSED] - selectOptionByValue(findTestObject("Generate/Select CGST Rate"), "string:1.50", true): All options with value 'string:1.50' are selected in object 'Object Repository/Generate/Select CGST Rate'  using regular expression

2019-04-09 17:44:18 - [MESSAGE][PASSED] - All options with value 'string:1.50' are selected in object 'Object Repository/Generate/Select CGST Rate'  using regular expression

2019-04-09 17:44:18 - [TEST_STEP][PASSED] - delay(1): Delayed 1 second(s)

2019-04-09 17:44:19 - [MESSAGE][PASSED] - Delayed 1 second(s)

2019-04-09 17:44:19 - [TEST_STEP][PASSED] - selectOptionByValue(findTestObject("Generate/Select SGST Rate"), "string:1.50", true): All options with value 'string:1.50' are selected in object 'Object Repository/Generate/Select SGST Rate'  using regular expression

2019-04-09 17:44:19 - [MESSAGE][PASSED] - All options with value 'string:1.50' are selected in object 'Object Repository/Generate/Select SGST Rate'  using regular expression

2019-04-09 17:44:19 - [TEST_STEP][PASSED] - delay(1): Delayed 1 second(s)

2019-04-09 17:44:20 - [MESSAGE][PASSED] - Delayed 1 second(s)

2019-04-09 17:44:20 - [TEST_STEP][PASSED] - selectOptionByValue(findTestObject("Generate/Select Cess Advol"), "string:3", true): All options with value 'string:3' are selected in object 'Object Repository/Generate/Select Cess Advol'  using regular expression

2019-04-09 17:44:21 - [MESSAGE][PASSED] - All options with value 'string:3' are selected in object 'Object Repository/Generate/Select Cess Advol'  using regular expression

2019-04-09 17:44:21 - [TEST_STEP][PASSED] - delay(1): Delayed 1 second(s)

2019-04-09 17:44:22 - [MESSAGE][PASSED] - Delayed 1 second(s)

2019-04-09 17:44:22 - [TEST_STEP][PASSED] - selectOptionByValue(findTestObject("Generate/Select Cess Non Advol"), "number:400", true): All options with value 'number:400' are selected in object 'Object Repository/Generate/Select Cess Non Advol'  using regular expression

2019-04-09 17:44:22 - [MESSAGE][PASSED] - All options with value 'number:400' are selected in object 'Object Repository/Generate/Select Cess Non Advol'  using regular expression

2019-04-09 17:44:22 - [TEST_STEP][PASSED] - delay(1): Delayed 1 second(s)

2019-04-09 17:44:23 - [MESSAGE][PASSED] - Delayed 1 second(s)

2019-04-09 17:44:23 - [TEST_STEP][PASSED] - setText(findTestObject("Generate/Enter Distance"), "100"): Text '100' is set on object 'Object Repository/Generate/Enter Distance'

2019-04-09 17:44:23 - [MESSAGE][PASSED] - Text '100' is set on object 'Object Repository/Generate/Enter Distance'

2019-04-09 17:44:23 - [TEST_STEP][PASSED] - delay(1): Delayed 1 second(s)

2019-04-09 17:44:24 - [MESSAGE][PASSED] - Delayed 1 second(s)

2019-04-09 17:44:24 - [TEST_STEP][PASSED] - selectOptionByValue(findTestObject("Generate/Select Trans mode"), "number:1", true): All options with value 'number:1' are selected in object 'Object Repository/Generate/Select Trans mode'  using regular expression

2019-04-09 17:44:25 - [MESSAGE][PASSED] - All options with value 'number:1' are selected in object 'Object Repository/Generate/Select Trans mode'  using regular expression

2019-04-09 17:44:25 - [TEST_STEP][PASSED] - delay(1): Delayed 1 second(s)

2019-04-09 17:44:26 - [MESSAGE][PASSED] - Delayed 1 second(s)

2019-04-09 17:44:26 - [TEST_STEP][PASSED] - setText(findTestObject("Generate/Enter Vehical No"), "MH02EX3636"): Text 'MH02EX3636' is set on object 'Object Repository/Generate/Enter Vehical No'

2019-04-09 17:44:26 - [MESSAGE][PASSED] - Text 'MH02EX3636' is set on object 'Object Repository/Generate/Enter Vehical No'

2019-04-09 17:44:26 - [TEST_STEP][PASSED] - delay(1): Delayed 1 second(s)

2019-04-09 17:44:27 - [MESSAGE][PASSED] - Delayed 1 second(s)

2019-04-09 17:44:27 - [TEST_STEP][PASSED] - click(findTestObject("Generate/Sumbit Button")): Object: 'Object Repository/Generate/Sumbit Button' is clicked on

2019-04-09 17:44:27 - [MESSAGE][PASSED] - Object: 'Object Repository/Generate/Sumbit Button' is clicked on

2019-04-09 17:44:27 - [TEST_STEP][PASSED] - delay(5): Delayed 5 second(s)

2019-04-09 17:44:32 - [MESSAGE][PASSED] - Delayed 5 second(s)

2019-04-09 17:44:32 - [TEST_STEP][PASSED] - MsgGen = getText(findTestObject("Generate/Msg Generated Successfully")): Text of object 'Object Repository/Generate/Msg Generated Successfully' is: 'Generated Successfully'

2019-04-09 17:44:32 - [MESSAGE][PASSED] - Text of object 'Object Repository/Generate/Msg Generated Successfully' is: 'Generated Successfully'

2019-04-09 17:44:32 - [TEST_STEP][PASSED] - verifyMatch(MsgGen, "Generated Successfully", true): Actual text 'Generated Successfully' and expected text 'Generated Successfully' are matched  using regular expression

2019-04-09 17:44:32 - [MESSAGE][PASSED] - Actual text 'Generated Successfully' and expected text 'Generated Successfully' are matched  using regular expression

2019-04-09 17:44:32 - [TEST_STEP][PASSED] - ewayBillNo = getText(findTestObject("Generate/Eway bill number")): Text of object 'Object Repository/Generate/Eway bill number' is: '351001757270'

2019-04-09 17:44:32 - [MESSAGE][PASSED] - Text of object 'Object Repository/Generate/Eway bill number' is: '351001757270'

2019-04-09 17:44:32 - [TEST_STEP][PASSED] - utility.WriteToExcel.Sd(ewayBillNo, 1, 1): utility.WriteToExcel.Sd is PASSED

2019-04-09 17:44:32 - [MESSAGE][PASSED] - utility.WriteToExcel.Sd is PASSED

2019-04-09 17:44:32 - [TEST_STEP][PASSED] - EwayBillDate = getText(findTestObject("Generate/Eway Bill date")): Text of object 'Object Repository/Generate/Eway Bill date' is: '09/04/2019 05:45:56 PM'

2019-04-09 17:44:32 - [MESSAGE][PASSED] - Text of object 'Object Repository/Generate/Eway Bill date' is: '09/04/2019 05:45:56 PM'

2019-04-09 17:44:32 - [TEST_STEP][PASSED] - utility.WriteToExcel.Sd(EwayBillDate, 1, 2): utility.WriteToExcel.Sd is PASSED

2019-04-09 17:44:32 - [MESSAGE][PASSED] - utility.WriteToExcel.Sd is PASSED

2019-04-09 17:44:32 - [TEST_STEP][PASSED] - EwayValidityDate = getText(findTestObject("Generate/Eway bill Validity date")): Text of object 'Object Repository/Generate/Eway bill Validity date' is: '10/04/2019 11:59:00 AM'

2019-04-09 17:44:32 - [MESSAGE][PASSED] - Text of object 'Object Repository/Generate/Eway bill Validity date' is: '10/04/2019 11:59:00 AM'

2019-04-09 17:44:32 - [TEST_STEP][PASSED] - utility.WriteToExcel.Sd(EwayValidityDate, 1, 3): utility.WriteToExcel.Sd is PASSED

2019-04-09 17:44:33 - [MESSAGE][PASSED] - utility.WriteToExcel.Sd is PASSED

2019-04-09 17:44:33 - [TEST_STEP][PASSED] - EwayBillStatus = getText(findTestObject("Generate/Eway Bill Status")): Text of object 'Object Repository/Generate/Eway Bill Status' is: 'ACTIVE'

2019-04-09 17:44:33 - [MESSAGE][PASSED] - Text of object 'Object Repository/Generate/Eway Bill Status' is: 'ACTIVE'

2019-04-09 17:44:33 - [TEST_STEP][PASSED] - verifyMatch(EwayBillStatus, "ACTIVE", true): Actual text 'ACTIVE' and expected text 'ACTIVE' are matched  using regular expression

2019-04-09 17:44:33 - [MESSAGE][PASSED] - Actual text 'ACTIVE' and expected text 'ACTIVE' are matched  using regular expression

2019-04-09 17:44:33 - [TEST_STEP][PASSED] - utility.WriteToExcel.Sd(EwayBillStatus, 1, 4): utility.WriteToExcel.Sd is PASSED

2019-04-09 17:44:33 - [MESSAGE][PASSED] - utility.WriteToExcel.Sd is PASSED

2019-04-09 17:44:33 - [TEST_STEP][PASSED] - click(findTestObject("Generate/Generate Another button")): Object: 'Object Repository/Generate/Generate Another button' is clicked on

2019-04-09 17:44:33 - [MESSAGE][PASSED] - Object: 'Object Repository/Generate/Generate Another button' is clicked on]]></system-out>
         <system-err><![CDATA[]]></system-err>
      </testcase>
      <system-out><![CDATA[2019-04-09 17:43:33 - [TEST_SUITE][PASSED] - Smoke Test: Test Cases/Generate]]></system-out>
      <system-err><![CDATA[]]></system-err>
   </testsuite>
</testsuites>
