<?xml version="1.0" encoding="UTF-8"?>
<testsuites name="Smoke Test" time="30" tests="2" failures="0" errors="0">
   <testsuite name="Smoke Test" tests="2" failures="0" errors="0" time="30" timestamp="2019-04-07 02:52:16" hostname="Amitansh - DESKTOP-TMTUP2J" id="Test Suites/Smoke Test">
      <properties>
         <property name="deviceName" value=""/>
         <property name="devicePlatform" value=""/>
         <property name="logFolder" value="C:\\Users\\Amitansh\\git\\katalonstudio\\Reports\\Smoke Test\\20190407_025214"/>
         <property name="logFiles" value="C:\\Users\\Amitansh\\git\\katalonstudio\\Reports\\Smoke Test\\20190407_025214\\execution0.log"/>
         <property name="attachments" value=""/>
         <property name="hostName" value="Amitansh - DESKTOP-TMTUP2J"/>
         <property name="os" value="Windows 10 64bit"/>
         <property name="katalonVersion" value="6.1.0.1"/>
         <property name="browser" value="Chrome 73.0.3683.86"/>
         <property name="hostAddress" value="192.168.0.104"/>
         <property name="sessionId" value="bf39067226b0046741a7af2520f2aec7"/>
         <property name="seleniumVersion" value="3.7.1"/>
         <property name="proxyInformation" value="ProxyInformation{proxyOption=NO_PROXY, proxyServerType=HTTP, password=, proxyServerAddress=, proxyServerPort=0}"/>
         <property name="platform" value="Windows 10"/>
      </properties>
      <testcase name="Test Cases/Login" classname="Test Cases/Login" status="PASSED">
         <system-out><![CDATA[2019-04-07 02:52:17 - [TEST_CASE][PASSED] - Test Cases/Login: Test Cases/Login

2019-04-07 02:52:17 - [TEST_STEP][PASSED] - openBrowser(""): Browser is opened with url: ''

2019-04-07 02:52:17 - [MESSAGE][INFO] - Starting 'Chrome' driver

2019-04-07 02:52:18 - [MESSAGE][INFO] - Action delay is set to 0 seconds

2019-04-07 02:52:21 - [MESSAGE][PASSED] - Browser is opened with url: ''

2019-04-07 02:52:21 - [TEST_STEP][PASSED] - navigateToUrl("https://dev.esp.irisgst.com/"): Navigate to 'https://dev.esp.irisgst.com/' successfully

2019-04-07 02:52:24 - [MESSAGE][PASSED] - Navigate to 'https://dev.esp.irisgst.com/' successfully

2019-04-07 02:52:24 - [TEST_STEP][PASSED] - maximizeWindow(): Current window maximized

2019-04-07 02:52:26 - [MESSAGE][PASSED] - Current window maximized

2019-04-07 02:52:26 - [TEST_STEP][PASSED] - delay(2): Delayed 2 second(s)

2019-04-07 02:52:28 - [MESSAGE][PASSED] - Delayed 2 second(s)

2019-04-07 02:52:28 - [TEST_STEP][PASSED] - topazTitle = getWindowTitle(): Current window's title is: 'IRIS-TOPAZ'

2019-04-07 02:52:28 - [MESSAGE][PASSED] - Current window's title is: 'IRIS-TOPAZ'

2019-04-07 02:52:28 - [TEST_STEP][PASSED] - verifyMatch(topazTitle, "IRIS-TOPAZ", true): Actual text 'IRIS-TOPAZ' and expected text 'IRIS-TOPAZ' are matched  using regular expression

2019-04-07 02:52:28 - [MESSAGE][PASSED] - Actual text 'IRIS-TOPAZ' and expected text 'IRIS-TOPAZ' are matched  using regular expression

2019-04-07 02:52:28 - [TEST_STEP][PASSED] - setText(findTestObject("Login/input_SIGN UP_name"), "amit.nandha@irisindia.net"): Text 'amit.nandha@irisindia.net' is set on object 'Object Repository/Login/input_SIGN UP_name'

2019-04-07 02:52:28 - [MESSAGE][PASSED] - Text 'amit.nandha@irisindia.net' is set on object 'Object Repository/Login/input_SIGN UP_name'

2019-04-07 02:52:28 - [TEST_STEP][PASSED] - setEncryptedText(findTestObject("Login/input_Invalid Email_email"), "RfES2L809yyqtWvN0P2gPg=="): Text ****** has been set on object 'Object Repository/Login/input_Invalid Email_email'

2019-04-07 02:52:28 - [MESSAGE][PASSED] - Text ****** has been set on object 'Object Repository/Login/input_Invalid Email_email'

2019-04-07 02:52:28 - [TEST_STEP][PASSED] - click(findTestObject("Login/button_SIGN IN")): Object: 'Object Repository/Login/button_SIGN IN' is clicked on

2019-04-07 02:52:28 - [MESSAGE][PASSED] - Object: 'Object Repository/Login/button_SIGN IN' is clicked on

2019-04-07 02:52:28 - [TEST_STEP][PASSED] - delay(2): Delayed 2 second(s)

2019-04-07 02:52:30 - [MESSAGE][PASSED] - Delayed 2 second(s)

2019-04-07 02:52:30 - [TEST_STEP][PASSED] - LoginTitle = getText(findTestObject("Login/div_Login Successful")): Text of object 'Object Repository/Login/div_Login Successful' is: 'Login Successful!'

2019-04-07 02:52:31 - [MESSAGE][PASSED] - Text of object 'Object Repository/Login/div_Login Successful' is: 'Login Successful!'

2019-04-07 02:52:31 - [TEST_STEP][PASSED] - verifyMatch(LoginTitle, "Login Successful!", true): Actual text 'Login Successful!' and expected text 'Login Successful!' are matched  using regular expression

2019-04-07 02:52:31 - [MESSAGE][PASSED] - Actual text 'Login Successful!' and expected text 'Login Successful!' are matched  using regular expression

2019-04-07 02:52:31 - [TEST_STEP][PASSED] - click(findTestObject("Login/div_Login Successful")): Object: 'Object Repository/Login/div_Login Successful' is clicked on

2019-04-07 02:52:31 - [MESSAGE][PASSED] - Object: 'Object Repository/Login/div_Login Successful' is clicked on]]></system-out>
         <system-err><![CDATA[]]></system-err>
      </testcase>
      <testcase name="Test Cases/Generate" classname="Test Cases/Generate" status="PASSED">
         <system-out><![CDATA[2019-04-07 02:52:31 - [TEST_CASE][PASSED] - Test Cases/Generate: Test Cases/Generate

2019-04-07 02:52:31 - [TEST_STEP][PASSED] - delay(3): Delayed 3 second(s)

2019-04-07 02:52:34 - [MESSAGE][PASSED] - Delayed 3 second(s)

2019-04-07 02:52:34 - [TEST_STEP][PASSED] - click(findTestObject("Generate/i_Vijeta Business Solution_fa fa-angle-double-right")): Object: 'Object Repository/Generate/i_Vijeta Business Solution_fa fa-angle-double-right' is clicked on

2019-04-07 02:52:34 - [MESSAGE][PASSED] - Object: 'Object Repository/Generate/i_Vijeta Business Solution_fa fa-angle-double-right' is clicked on

2019-04-07 02:52:34 - [TEST_STEP][PASSED] - delay(1): Delayed 1 second(s)

2019-04-07 02:52:35 - [MESSAGE][PASSED] - Delayed 1 second(s)

2019-04-07 02:52:35 - [TEST_STEP][PASSED] - click(findTestObject("Generate/li_Nands Group")): Object: 'Object Repository/Generate/li_Nands Group' is clicked on

2019-04-07 02:52:35 - [MESSAGE][PASSED] - Object: 'Object Repository/Generate/li_Nands Group' is clicked on

2019-04-07 02:52:35 - [TEST_STEP][PASSED] - changeBusienssMsg = getText(findTestObject("Generate/div_Business Changed Successfully")): Text of object 'Object Repository/Generate/div_Business Changed Successfully' is: 'Business Changed Successfully.'

2019-04-07 02:52:36 - [MESSAGE][PASSED] - Text of object 'Object Repository/Generate/div_Business Changed Successfully' is: 'Business Changed Successfully.'

2019-04-07 02:52:36 - [TEST_STEP][PASSED] - verifyMatch(changeBusienssMsg, "Business Changed Successfully.", true): Actual text 'Business Changed Successfully.' and expected text 'Business Changed Successfully.' are matched  using regular expression

2019-04-07 02:52:36 - [MESSAGE][PASSED] - Actual text 'Business Changed Successfully.' and expected text 'Business Changed Successfully.' are matched  using regular expression

2019-04-07 02:52:36 - [TEST_STEP][PASSED] - click(findTestObject("Generate/div_Business Changed Successfully")): Object: 'Object Repository/Generate/div_Business Changed Successfully' is clicked on

2019-04-07 02:52:36 - [MESSAGE][PASSED] - Object: 'Object Repository/Generate/div_Business Changed Successfully' is clicked on

2019-04-07 02:52:36 - [TEST_STEP][PASSED] - delay(1): Delayed 1 second(s)

2019-04-07 02:52:37 - [MESSAGE][PASSED] - Delayed 1 second(s)

2019-04-07 02:52:37 - [TEST_STEP][PASSED] - click(findTestObject("Generate/i_Nands Group_fa fa-angle-double-right")): Object: 'Object Repository/Generate/i_Nands Group_fa fa-angle-double-right' is clicked on

2019-04-07 02:52:37 - [MESSAGE][PASSED] - Object: 'Object Repository/Generate/i_Nands Group_fa fa-angle-double-right' is clicked on

2019-04-07 02:52:37 - [TEST_STEP][PASSED] - delay(1): Delayed 1 second(s)

2019-04-07 02:52:38 - [MESSAGE][PASSED] - Delayed 1 second(s)

2019-04-07 02:52:38 - [TEST_STEP][PASSED] - click(findTestObject("Generate/li_Nands Business")): Object: 'Object Repository/Generate/li_Nands Business' is clicked on

2019-04-07 02:52:38 - [MESSAGE][PASSED] - Object: 'Object Repository/Generate/li_Nands Business' is clicked on

2019-04-07 02:52:38 - [TEST_STEP][PASSED] - delay(1): Delayed 1 second(s)

2019-04-07 02:52:39 - [MESSAGE][PASSED] - Delayed 1 second(s)

2019-04-07 02:52:39 - [TEST_STEP][PASSED] - click(findTestObject("Generate/i_Nands Business_fa fa-angle-double-right")): Object: 'Object Repository/Generate/i_Nands Business_fa fa-angle-double-right' is clicked on

2019-04-07 02:52:39 - [MESSAGE][PASSED] - Object: 'Object Repository/Generate/i_Nands Business_fa fa-angle-double-right' is clicked on

2019-04-07 02:52:39 - [TEST_STEP][PASSED] - delay(1): Delayed 1 second(s)

2019-04-07 02:52:40 - [MESSAGE][PASSED] - Delayed 1 second(s)

2019-04-07 02:52:40 - [TEST_STEP][PASSED] - click(findTestObject("Generate/li_Nands_Entity_1")): Object: 'Object Repository/Generate/li_Nands_Entity_1' is clicked on

2019-04-07 02:52:41 - [MESSAGE][PASSED] - Object: 'Object Repository/Generate/li_Nands_Entity_1' is clicked on

2019-04-07 02:52:41 - [TEST_STEP][PASSED] - delay(1): Delayed 1 second(s)

2019-04-07 02:52:42 - [MESSAGE][PASSED] - Delayed 1 second(s)

2019-04-07 02:52:42 - [TEST_STEP][PASSED] - click(findTestObject("Generate/li_Nands Group_1")): Object: 'Object Repository/Generate/li_Nands Group_1' is clicked on

2019-04-07 02:52:42 - [MESSAGE][PASSED] - Object: 'Object Repository/Generate/li_Nands Group_1' is clicked on

2019-04-07 02:52:42 - [TEST_STEP][PASSED] - click(findTestObject("Generate/span_Generate")): Object: 'Object Repository/Generate/span_Generate' is clicked on

2019-04-07 02:52:42 - [MESSAGE][PASSED] - Object: 'Object Repository/Generate/span_Generate' is clicked on

2019-04-07 02:52:42 - [TEST_STEP][PASSED] - delay(3): Delayed 3 second(s)

2019-04-07 02:52:45 - [MESSAGE][PASSED] - Delayed 3 second(s)

2019-04-07 02:52:45 - [TEST_STEP][PASSED] - selectOptionByValue(findTestObject("Generate/select_RegularBill To - Ship ToBill From - Dispatch FromBill To - Ship To Bill From - Dispatch From"), "number:1", true): All options with value 'number:1' are selected in object 'Object Repository/Generate/select_RegularBill To - Ship ToBill From - Dispatch FromBill To - Ship To Bill From - Dispatch From'  using regular expression

2019-04-07 02:52:46 - [MESSAGE][PASSED] - All options with value 'number:1' are selected in object 'Object Repository/Generate/select_RegularBill To - Ship ToBill From - Dispatch FromBill To - Ship To Bill From - Dispatch From'  using regular expression]]></system-out>
         <system-err><![CDATA[]]></system-err>
      </testcase>
      <system-out><![CDATA[2019-04-07 02:52:16 - [TEST_SUITE][PASSED] - Smoke Test: Test Cases/Generate]]></system-out>
      <system-err><![CDATA[]]></system-err>
   </testsuite>
</testsuites>
