<?xml version="1.0" encoding="UTF-8"?>
<testsuites name="Smoke Test" time="34" tests="1" failures="0" errors="0">
   <testsuite name="Smoke Test" tests="1" failures="0" errors="0" time="34" timestamp="2019-04-07 00:04:19" hostname="Amitansh - DESKTOP-TMTUP2J" id="Test Suites/Smoke Test">
      <properties>
         <property name="deviceName" value=""/>
         <property name="devicePlatform" value=""/>
         <property name="logFolder" value="C:\\Users\\Amitansh\\git\\katalonstudio\\Reports\\Smoke Test\\20190407_000413"/>
         <property name="logFiles" value="C:\\Users\\Amitansh\\git\\katalonstudio\\Reports\\Smoke Test\\20190407_000413\\execution0.log"/>
         <property name="attachments" value=""/>
         <property name="hostName" value="Amitansh - DESKTOP-TMTUP2J"/>
         <property name="os" value="Windows 10 64bit"/>
         <property name="katalonVersion" value="6.1.0.1"/>
         <property name="browser" value="Chrome 73.0.3683.86"/>
         <property name="hostAddress" value="192.168.0.104"/>
         <property name="sessionId" value="7cb32417f56456e58ed94156f55d57c3"/>
         <property name="seleniumVersion" value="3.7.1"/>
         <property name="proxyInformation" value="ProxyInformation{proxyOption=NO_PROXY, proxyServerType=HTTP, password=, proxyServerAddress=, proxyServerPort=0}"/>
         <property name="platform" value="Windows 10"/>
      </properties>
      <testcase name="Test Cases/Login" classname="Test Cases/Login" status="PASSED">
         <system-out><![CDATA[2019-04-07 00:04:19 - [TEST_CASE][PASSED] - Test Cases/Login: Test Cases/Login

2019-04-07 00:04:21 - [TEST_STEP][PASSED] - openBrowser(""): Browser is opened with url: ''

2019-04-07 00:04:22 - [MESSAGE][INFO] - Starting 'Chrome' driver

2019-04-07 00:04:22 - [MESSAGE][INFO] - Action delay is set to 0 seconds

2019-04-07 00:04:35 - [MESSAGE][PASSED] - Browser is opened with url: ''

2019-04-07 00:04:35 - [TEST_STEP][PASSED] - navigateToUrl("https://dev.esp.irisgst.com/"): Navigate to 'https://dev.esp.irisgst.com/' successfully

2019-04-07 00:04:40 - [MESSAGE][PASSED] - Navigate to 'https://dev.esp.irisgst.com/' successfully

2019-04-07 00:04:40 - [TEST_STEP][PASSED] - maximizeWindow(): Current window maximized

2019-04-07 00:04:42 - [MESSAGE][PASSED] - Current window maximized

2019-04-07 00:04:42 - [TEST_STEP][PASSED] - setText(findTestObject("Login/input_SIGN UP_name"), "amit.nandha@irisindia.net"): Text 'amit.nandha@irisindia.net' is set on object 'Object Repository/Login/input_SIGN UP_name'

2019-04-07 00:04:43 - [MESSAGE][PASSED] - Text 'amit.nandha@irisindia.net' is set on object 'Object Repository/Login/input_SIGN UP_name'

2019-04-07 00:04:43 - [TEST_STEP][PASSED] - setEncryptedText(findTestObject("Login/input_Invalid Email_email"), "RfES2L809yyqtWvN0P2gPg=="): Text ****** has been set on object 'Object Repository/Login/input_Invalid Email_email'

2019-04-07 00:04:44 - [MESSAGE][PASSED] - Text ****** has been set on object 'Object Repository/Login/input_Invalid Email_email'

2019-04-07 00:04:44 - [TEST_STEP][PASSED] - click(findTestObject("Login/button_SIGN IN")): Object: 'Object Repository/Login/button_SIGN IN' is clicked on

2019-04-07 00:04:44 - [MESSAGE][PASSED] - Object: 'Object Repository/Login/button_SIGN IN' is clicked on

2019-04-07 00:04:44 - [TEST_STEP][PASSED] - delay(5): Delayed 5 second(s)

2019-04-07 00:04:49 - [MESSAGE][PASSED] - Delayed 5 second(s)

2019-04-07 00:04:49 - [TEST_STEP][PASSED] - LoginTitle = getText(findTestObject("Login/div_Login Successful")): Text of object 'Object Repository/Login/div_Login Successful' is: 'Login Successful!'

2019-04-07 00:04:49 - [MESSAGE][PASSED] - Text of object 'Object Repository/Login/div_Login Successful' is: 'Login Successful!'

2019-04-07 00:04:49 - [TEST_STEP][PASSED] - verifyMatch(LoginTitle, "Login Successful!", true): Actual text 'Login Successful!' and expected text 'Login Successful!' are matched  using regular expression

2019-04-07 00:04:49 - [MESSAGE][PASSED] - Actual text 'Login Successful!' and expected text 'Login Successful!' are matched  using regular expression

2019-04-07 00:04:49 - [TEST_STEP][PASSED] - closeBrowser(): Browser is closed

2019-04-07 00:04:51 - [MESSAGE][PASSED] - Browser is closed]]></system-out>
         <system-err><![CDATA[]]></system-err>
      </testcase>
      <system-out><![CDATA[2019-04-07 00:04:19 - [TEST_SUITE][PASSED] - Smoke Test: Test Cases/Login]]></system-out>
      <system-err><![CDATA[]]></system-err>
   </testsuite>
</testsuites>
