<?xml version="1.0" encoding="UTF-8"?>
<testsuites name="Smoke Test" time="264" tests="4" failures="0" errors="0">
   <testsuite name="Smoke Test" tests="4" failures="0" errors="0" time="264" timestamp="2019-04-14 00:04:32" hostname="Amitansh - DESKTOP-TMTUP2J" id="Test Suites/Smoke Test">
      <properties>
         <property name="deviceName" value=""/>
         <property name="devicePlatform" value=""/>
         <property name="logFolder" value="C:\\Users\\Amitansh\\git\\katalonstudio\\Reports\\Smoke Test\\20190414_000425"/>
         <property name="logFiles" value="C:\\Users\\Amitansh\\git\\katalonstudio\\Reports\\Smoke Test\\20190414_000425\\execution0.log"/>
         <property name="attachments" value=""/>
         <property name="hostName" value="Amitansh - DESKTOP-TMTUP2J"/>
         <property name="os" value="Windows 10 64bit"/>
         <property name="katalonVersion" value="6.1.0.1"/>
         <property name="browser" value="Chrome 73.0.3683.103"/>
         <property name="hostAddress" value="192.168.0.104"/>
         <property name="sessionId" value="02234c81f9b851c5f1968de396bba1c9"/>
         <property name="seleniumVersion" value="3.7.1"/>
         <property name="proxyInformation" value="ProxyInformation{proxyOption=NO_PROXY, proxyServerType=HTTP, password=, proxyServerAddress=, proxyServerPort=0}"/>
         <property name="platform" value="Windows 10"/>
      </properties>
      <testcase name="Test Cases/Login" classname="Test Cases/Login" status="PASSED">
         <system-out><![CDATA[2019-04-14 00:04:32 - [TEST_CASE][PASSED] - Test Cases/Login: Test Cases/Login

2019-04-14 00:04:33 - [TEST_STEP][PASSED] - openBrowser(""): Browser is opened with url: ''

2019-04-14 00:04:33 - [MESSAGE][INFO] - Starting 'Chrome' driver

2019-04-14 00:04:33 - [MESSAGE][INFO] - Action delay is set to 0 seconds

2019-04-14 00:04:37 - [MESSAGE][PASSED] - Browser is opened with url: ''

2019-04-14 00:04:37 - [TEST_STEP][PASSED] - try: Navigate to 'https://dev.esp.irisgst.com/' successfully

2019-04-14 00:04:37 - [TEST_STEP][PASSED] - navigateToUrl(url): Navigate to 'https://dev.esp.irisgst.com/' successfully

2019-04-14 00:04:40 - [MESSAGE][PASSED] - Navigate to 'https://dev.esp.irisgst.com/' successfully

2019-04-14 00:04:40 - [TEST_STEP][PASSED] - maximizeWindow(): Current window maximized

2019-04-14 00:04:41 - [MESSAGE][PASSED] - Current window maximized

2019-04-14 00:04:41 - [TEST_STEP][PASSED] - delay(2): Delayed 2 second(s)

2019-04-14 00:04:43 - [MESSAGE][PASSED] - Delayed 2 second(s)

2019-04-14 00:04:43 - [TEST_STEP][PASSED] - try: Actual text 'IRIS-TOPAZ' and expected text 'IRIS-TOPAZ' are matched  using regular expression

2019-04-14 00:04:43 - [TEST_STEP][PASSED] - topazTitle = getWindowTitle(): Current window's title is: 'IRIS-TOPAZ'

2019-04-14 00:04:43 - [MESSAGE][PASSED] - Current window's title is: 'IRIS-TOPAZ'

2019-04-14 00:04:43 - [TEST_STEP][PASSED] - verifyMatch(topazTitle, "IRIS-TOPAZ", true): Actual text 'IRIS-TOPAZ' and expected text 'IRIS-TOPAZ' are matched  using regular expression

2019-04-14 00:04:43 - [MESSAGE][PASSED] - Actual text 'IRIS-TOPAZ' and expected text 'IRIS-TOPAZ' are matched  using regular expression

2019-04-14 00:04:43 - [TEST_STEP][PASSED] - setText(findTestObject("Login/Enter Username"), username): Text 'amit.nandha@irisindia.net' is set on object 'Object Repository/Login/Enter Username'

2019-04-14 00:04:44 - [MESSAGE][PASSED] - Text 'amit.nandha@irisindia.net' is set on object 'Object Repository/Login/Enter Username'

2019-04-14 00:04:44 - [TEST_STEP][PASSED] - setText(findTestObject("Login/Enter Password"), password): Text 'Abcd@12345' is set on object 'Object Repository/Login/Enter Password'

2019-04-14 00:04:44 - [MESSAGE][PASSED] - Text 'Abcd@12345' is set on object 'Object Repository/Login/Enter Password'

2019-04-14 00:04:44 - [TEST_STEP][PASSED] - delay(1): Delayed 1 second(s)

2019-04-14 00:04:45 - [MESSAGE][PASSED] - Delayed 1 second(s)

2019-04-14 00:04:45 - [TEST_STEP][PASSED] - try: Object: 'Object Repository/Login/Sign In button' is clicked on

2019-04-14 00:04:45 - [TEST_STEP][PASSED] - click(findTestObject("Login/Sign In button")): Object: 'Object Repository/Login/Sign In button' is clicked on

2019-04-14 00:04:45 - [MESSAGE][PASSED] - Object: 'Object Repository/Login/Sign In button' is clicked on

2019-04-14 00:04:45 - [TEST_STEP][PASSED] - delay(2): Delayed 2 second(s)

2019-04-14 00:04:47 - [MESSAGE][PASSED] - Delayed 2 second(s)

2019-04-14 00:04:47 - [TEST_STEP][PASSED] - try: Actual text 'Login Successful!' and expected text 'Login Successful!' are matched  using regular expression

2019-04-14 00:04:47 - [TEST_STEP][PASSED] - LoginTitle = getText(findTestObject("Login/div_Login Successful")): Text of object 'Object Repository/Login/div_Login Successful' is: 'Login Successful!'

2019-04-14 00:04:47 - [MESSAGE][PASSED] - Text of object 'Object Repository/Login/div_Login Successful' is: 'Login Successful!'

2019-04-14 00:04:47 - [TEST_STEP][PASSED] - verifyMatch(LoginTitle, "Login Successful!", true): Actual text 'Login Successful!' and expected text 'Login Successful!' are matched  using regular expression

2019-04-14 00:04:47 - [MESSAGE][PASSED] - Actual text 'Login Successful!' and expected text 'Login Successful!' are matched  using regular expression

2019-04-14 00:04:47 - [TEST_STEP][PASSED] - click(findTestObject("Login/div_Login Successful")): Object: 'Object Repository/Login/div_Login Successful' is clicked on

2019-04-14 00:04:47 - [MESSAGE][PASSED] - Object: 'Object Repository/Login/div_Login Successful' is clicked on]]></system-out>
         <system-err><![CDATA[]]></system-err>
      </testcase>
      <testcase name="Test Cases/Generate" classname="Test Cases/Generate" status="PASSED">
         <system-out><![CDATA[2019-04-14 00:04:47 - [TEST_CASE][PASSED] - Test Cases/Generate: Test Cases/Generate

2019-04-14 00:04:48 - [TEST_STEP][PASSED] - delay(3): Delayed 3 second(s)

2019-04-14 00:04:51 - [MESSAGE][PASSED] - Delayed 3 second(s)

2019-04-14 00:04:51 - [TEST_STEP][PASSED] - click(findTestObject("Generate/i_Vijeta Business Solution_fa fa-angle-double-right")): Object: 'Object Repository/Generate/i_Vijeta Business Solution_fa fa-angle-double-right' is clicked on

2019-04-14 00:04:51 - [MESSAGE][PASSED] - Object: 'Object Repository/Generate/i_Vijeta Business Solution_fa fa-angle-double-right' is clicked on

2019-04-14 00:04:51 - [TEST_STEP][PASSED] - delay(1): Delayed 1 second(s)

2019-04-14 00:04:52 - [MESSAGE][PASSED] - Delayed 1 second(s)

2019-04-14 00:04:52 - [TEST_STEP][PASSED] - click(findTestObject("Generate/li_Nands Group")): Object: 'Object Repository/Generate/li_Nands Group' is clicked on

2019-04-14 00:04:52 - [MESSAGE][PASSED] - Object: 'Object Repository/Generate/li_Nands Group' is clicked on

2019-04-14 00:04:52 - [TEST_STEP][PASSED] - changeBusienssMsg = getText(findTestObject("Generate/div_Business Changed Successfully")): Text of object 'Object Repository/Generate/div_Business Changed Successfully' is: 'Business Changed Successfully.'

2019-04-14 00:04:53 - [MESSAGE][PASSED] - Text of object 'Object Repository/Generate/div_Business Changed Successfully' is: 'Business Changed Successfully.'

2019-04-14 00:04:53 - [TEST_STEP][PASSED] - verifyMatch(changeBusienssMsg, "Business Changed Successfully.", true): Actual text 'Business Changed Successfully.' and expected text 'Business Changed Successfully.' are matched  using regular expression

2019-04-14 00:04:53 - [MESSAGE][PASSED] - Actual text 'Business Changed Successfully.' and expected text 'Business Changed Successfully.' are matched  using regular expression

2019-04-14 00:04:53 - [TEST_STEP][PASSED] - click(findTestObject("Generate/div_Business Changed Successfully")): Object: 'Object Repository/Generate/div_Business Changed Successfully' is clicked on

2019-04-14 00:04:53 - [MESSAGE][PASSED] - Object: 'Object Repository/Generate/div_Business Changed Successfully' is clicked on

2019-04-14 00:04:53 - [TEST_STEP][PASSED] - delay(1): Delayed 1 second(s)

2019-04-14 00:04:54 - [MESSAGE][PASSED] - Delayed 1 second(s)

2019-04-14 00:04:54 - [TEST_STEP][PASSED] - click(findTestObject("Generate/i_Nands Group_fa fa-angle-double-right")): Object: 'Object Repository/Generate/i_Nands Group_fa fa-angle-double-right' is clicked on

2019-04-14 00:04:54 - [MESSAGE][PASSED] - Object: 'Object Repository/Generate/i_Nands Group_fa fa-angle-double-right' is clicked on

2019-04-14 00:04:54 - [TEST_STEP][PASSED] - delay(1): Delayed 1 second(s)

2019-04-14 00:04:55 - [MESSAGE][PASSED] - Delayed 1 second(s)

2019-04-14 00:04:55 - [TEST_STEP][PASSED] - click(findTestObject("Generate/li_Nands Business")): Object: 'Object Repository/Generate/li_Nands Business' is clicked on

2019-04-14 00:04:55 - [MESSAGE][PASSED] - Object: 'Object Repository/Generate/li_Nands Business' is clicked on

2019-04-14 00:04:55 - [TEST_STEP][PASSED] - delay(1): Delayed 1 second(s)

2019-04-14 00:04:56 - [MESSAGE][PASSED] - Delayed 1 second(s)

2019-04-14 00:04:56 - [TEST_STEP][PASSED] - click(findTestObject("Generate/i_Nands Business_fa fa-angle-double-right")): Object: 'Object Repository/Generate/i_Nands Business_fa fa-angle-double-right' is clicked on

2019-04-14 00:04:56 - [MESSAGE][PASSED] - Object: 'Object Repository/Generate/i_Nands Business_fa fa-angle-double-right' is clicked on

2019-04-14 00:04:56 - [TEST_STEP][PASSED] - delay(1): Delayed 1 second(s)

2019-04-14 00:04:57 - [MESSAGE][PASSED] - Delayed 1 second(s)

2019-04-14 00:04:57 - [TEST_STEP][PASSED] - click(findTestObject("Generate/li_Nands_Entity_1")): Object: 'Object Repository/Generate/li_Nands_Entity_1' is clicked on

2019-04-14 00:04:58 - [MESSAGE][PASSED] - Object: 'Object Repository/Generate/li_Nands_Entity_1' is clicked on

2019-04-14 00:04:58 - [TEST_STEP][PASSED] - delay(1): Delayed 1 second(s)

2019-04-14 00:04:59 - [MESSAGE][PASSED] - Delayed 1 second(s)

2019-04-14 00:04:59 - [TEST_STEP][PASSED] - click(findTestObject("Generate/li_Nands Group_1")): Object: 'Object Repository/Generate/li_Nands Group_1' is clicked on

2019-04-14 00:04:59 - [MESSAGE][PASSED] - Object: 'Object Repository/Generate/li_Nands Group_1' is clicked on

2019-04-14 00:04:59 - [TEST_STEP][PASSED] - r = 1: null

2019-04-14 00:04:59 - [TEST_STEP][PASSED] - c = 2: null

2019-04-14 00:04:59 - [TEST_STEP][PASSED] - for ([i = 0, i < 2, (i++)]): Refresh successfully

2019-04-14 00:04:59 - [TEST_STEP][PASSED] - r = r + i: null

2019-04-14 00:04:59 - [TEST_STEP][PASSED] - println("r = " + r): null

2019-04-14 00:04:59 - [TEST_STEP][PASSED] - c = c + i: null

2019-04-14 00:04:59 - [TEST_STEP][PASSED] - println("c = " + c): null

2019-04-14 00:04:59 - [TEST_STEP][PASSED] - click(findTestObject("Generate/Generate Tab")): Object: 'Object Repository/Generate/Generate Tab' is clicked on

2019-04-14 00:04:59 - [MESSAGE][PASSED] - Object: 'Object Repository/Generate/Generate Tab' is clicked on

2019-04-14 00:04:59 - [TEST_STEP][PASSED] - delay(3): Delayed 3 second(s)

2019-04-14 00:05:02 - [MESSAGE][PASSED] - Delayed 3 second(s)

2019-04-14 00:05:02 - [TEST_STEP][PASSED] - selectOptionByValue(findTestObject("Generate/Select Transaction Type"), "number:1", true): All options with value 'number:1' are selected in object 'Object Repository/Generate/Select Transaction Type'  using regular expression

2019-04-14 00:05:03 - [MESSAGE][PASSED] - All options with value 'number:1' are selected in object 'Object Repository/Generate/Select Transaction Type'  using regular expression

2019-04-14 00:05:03 - [TEST_STEP][PASSED] - delay(1): Delayed 1 second(s)

2019-04-14 00:05:04 - [MESSAGE][PASSED] - Delayed 1 second(s)

2019-04-14 00:05:04 - [TEST_STEP][PASSED] - selectOptionByValue(findTestObject("Generate/Select Sub Supply Type"), "number:1", true): All options with value 'number:1' are selected in object 'Object Repository/Generate/Select Sub Supply Type'  using regular expression

2019-04-14 00:05:04 - [MESSAGE][PASSED] - All options with value 'number:1' are selected in object 'Object Repository/Generate/Select Sub Supply Type'  using regular expression

2019-04-14 00:05:04 - [TEST_STEP][PASSED] - delay(1): Delayed 1 second(s)

2019-04-14 00:05:05 - [MESSAGE][PASSED] - Delayed 1 second(s)

2019-04-14 00:05:05 - [TEST_STEP][PASSED] - setText(findTestObject("Generate/Enter Sub-supply type Description"), "SubSupplyDescription"): Text 'SubSupplyDescription' is set on object 'Object Repository/Generate/Enter Sub-supply type Description'

2019-04-14 00:05:06 - [MESSAGE][PASSED] - Text 'SubSupplyDescription' is set on object 'Object Repository/Generate/Enter Sub-supply type Description'

2019-04-14 00:05:06 - [TEST_STEP][PASSED] - delay(1): Delayed 1 second(s)

2019-04-14 00:05:07 - [MESSAGE][PASSED] - Delayed 1 second(s)

2019-04-14 00:05:07 - [TEST_STEP][PASSED] - selectOptionByValue(findTestObject("Generate/Select Document Type"), "string:INV", true): All options with value 'string:INV' are selected in object 'Object Repository/Generate/Select Document Type'  using regular expression

2019-04-14 00:05:07 - [MESSAGE][PASSED] - All options with value 'string:INV' are selected in object 'Object Repository/Generate/Select Document Type'  using regular expression

2019-04-14 00:05:07 - [TEST_STEP][PASSED] - delay(1): Delayed 1 second(s)

2019-04-14 00:05:08 - [MESSAGE][PASSED] - Delayed 1 second(s)

2019-04-14 00:05:08 - [TEST_STEP][PASSED] - docNo = utility.randomNumber.rendomNo(8): utility.randomNumber.rendomNo is PASSED

2019-04-14 00:05:08 - [MESSAGE][PASSED] - utility.randomNumber.rendomNo is PASSED

2019-04-14 00:05:08 - [TEST_STEP][PASSED] - setText(findTestObject("Generate/Enter Document Number"), docNo): Text '15864247' is set on object 'Object Repository/Generate/Enter Document Number'

2019-04-14 00:05:09 - [MESSAGE][PASSED] - Text '15864247' is set on object 'Object Repository/Generate/Enter Document Number'

2019-04-14 00:05:09 - [TEST_STEP][PASSED] - delay(1): Delayed 1 second(s)

2019-04-14 00:05:10 - [MESSAGE][PASSED] - Delayed 1 second(s)

2019-04-14 00:05:10 - [TEST_STEP][PASSED] - utility.WriteToExcel.Sd(docNo, 0, r, 0): utility.WriteToExcel.Sd is PASSED

2019-04-14 00:05:11 - [MESSAGE][PASSED] - utility.WriteToExcel.Sd is PASSED

2019-04-14 00:05:11 - [TEST_STEP][PASSED] - delay(1): Delayed 1 second(s)

2019-04-14 00:05:12 - [MESSAGE][PASSED] - Delayed 1 second(s)

2019-04-14 00:05:12 - [TEST_STEP][PASSED] - selectOptionByValue(findTestObject("Generate/Select Invoice Type"), "string:B2B", true): All options with value 'string:B2B' are selected in object 'Object Repository/Generate/Select Invoice Type'  using regular expression

2019-04-14 00:05:13 - [MESSAGE][PASSED] - All options with value 'string:B2B' are selected in object 'Object Repository/Generate/Select Invoice Type'  using regular expression

2019-04-14 00:05:13 - [TEST_STEP][PASSED] - delay(1): Delayed 1 second(s)

2019-04-14 00:05:14 - [MESSAGE][PASSED] - Delayed 1 second(s)

2019-04-14 00:05:14 - [TEST_STEP][PASSED] - setText(findTestObject("Generate/Enter Invoice Ref Number"), "REFINV001"): Text 'REFINV001' is set on object 'Object Repository/Generate/Enter Invoice Ref Number'

2019-04-14 00:05:14 - [MESSAGE][PASSED] - Text 'REFINV001' is set on object 'Object Repository/Generate/Enter Invoice Ref Number'

2019-04-14 00:05:14 - [TEST_STEP][PASSED] - delay(1): Delayed 1 second(s)

2019-04-14 00:05:15 - [MESSAGE][PASSED] - Delayed 1 second(s)

2019-04-14 00:05:15 - [TEST_STEP][PASSED] - selectOptionByValue(findTestObject("Generate/Select Supplier address"), "number:7363", true): All options with value 'number:7363' are selected in object 'Object Repository/Generate/Select Supplier address'  using regular expression

2019-04-14 00:05:15 - [MESSAGE][PASSED] - All options with value 'number:7363' are selected in object 'Object Repository/Generate/Select Supplier address'  using regular expression

2019-04-14 00:05:15 - [TEST_STEP][PASSED] - delay(1): Delayed 1 second(s)

2019-04-14 00:05:16 - [MESSAGE][PASSED] - Delayed 1 second(s)

2019-04-14 00:05:16 - [TEST_STEP][PASSED] - selectOptionByValue(findTestObject("Generate/Select Recepient address"), "number:548", true): All options with value 'number:548' are selected in object 'Object Repository/Generate/Select Recepient address'  using regular expression

2019-04-14 00:05:17 - [MESSAGE][PASSED] - All options with value 'number:548' are selected in object 'Object Repository/Generate/Select Recepient address'  using regular expression

2019-04-14 00:05:17 - [TEST_STEP][PASSED] - delay(1): Delayed 1 second(s)

2019-04-14 00:05:18 - [MESSAGE][PASSED] - Delayed 1 second(s)

2019-04-14 00:05:18 - [TEST_STEP][PASSED] - setText(findTestObject("Generate/Enter HSN code"), "88"): Text '88' is set on object 'Object Repository/Generate/Enter HSN code'

2019-04-14 00:05:18 - [MESSAGE][PASSED] - Text '88' is set on object 'Object Repository/Generate/Enter HSN code'

2019-04-14 00:05:18 - [TEST_STEP][PASSED] - delay(1): Delayed 1 second(s)

2019-04-14 00:05:19 - [MESSAGE][PASSED] - Delayed 1 second(s)

2019-04-14 00:05:19 - [TEST_STEP][PASSED] - setText(findTestObject("Generate/Enter Taxable Value"), "1"): Text '1' is set on object 'Object Repository/Generate/Enter Taxable Value'

2019-04-14 00:05:19 - [MESSAGE][PASSED] - Text '1' is set on object 'Object Repository/Generate/Enter Taxable Value'

2019-04-14 00:05:19 - [TEST_STEP][PASSED] - delay(1): Delayed 1 second(s)

2019-04-14 00:05:20 - [MESSAGE][PASSED] - Delayed 1 second(s)

2019-04-14 00:05:20 - [TEST_STEP][PASSED] - setText(findTestObject("Generate/Enter Quantity"), "1"): Text '1' is set on object 'Object Repository/Generate/Enter Quantity'

2019-04-14 00:05:20 - [MESSAGE][PASSED] - Text '1' is set on object 'Object Repository/Generate/Enter Quantity'

2019-04-14 00:05:20 - [TEST_STEP][PASSED] - delay(1): Delayed 1 second(s)

2019-04-14 00:05:21 - [MESSAGE][PASSED] - Delayed 1 second(s)

2019-04-14 00:05:21 - [TEST_STEP][PASSED] - selectOptionByValue(findTestObject("Generate/Select CGST Rate"), "string:1.50", true): All options with value 'string:1.50' are selected in object 'Object Repository/Generate/Select CGST Rate'  using regular expression

2019-04-14 00:05:22 - [MESSAGE][PASSED] - All options with value 'string:1.50' are selected in object 'Object Repository/Generate/Select CGST Rate'  using regular expression

2019-04-14 00:05:22 - [TEST_STEP][PASSED] - delay(1): Delayed 1 second(s)

2019-04-14 00:05:23 - [MESSAGE][PASSED] - Delayed 1 second(s)

2019-04-14 00:05:23 - [TEST_STEP][PASSED] - selectOptionByValue(findTestObject("Generate/Select SGST Rate"), "string:1.50", true): All options with value 'string:1.50' are selected in object 'Object Repository/Generate/Select SGST Rate'  using regular expression

2019-04-14 00:05:23 - [MESSAGE][PASSED] - All options with value 'string:1.50' are selected in object 'Object Repository/Generate/Select SGST Rate'  using regular expression

2019-04-14 00:05:23 - [TEST_STEP][PASSED] - delay(1): Delayed 1 second(s)

2019-04-14 00:05:24 - [MESSAGE][PASSED] - Delayed 1 second(s)

2019-04-14 00:05:24 - [TEST_STEP][PASSED] - selectOptionByValue(findTestObject("Generate/Select Cess Advol"), "string:3", true): All options with value 'string:3' are selected in object 'Object Repository/Generate/Select Cess Advol'  using regular expression

2019-04-14 00:05:25 - [MESSAGE][PASSED] - All options with value 'string:3' are selected in object 'Object Repository/Generate/Select Cess Advol'  using regular expression

2019-04-14 00:05:25 - [TEST_STEP][PASSED] - delay(1): Delayed 1 second(s)

2019-04-14 00:05:26 - [MESSAGE][PASSED] - Delayed 1 second(s)

2019-04-14 00:05:26 - [TEST_STEP][PASSED] - selectOptionByValue(findTestObject("Generate/Select Cess Non Advol"), "number:400", true): All options with value 'number:400' are selected in object 'Object Repository/Generate/Select Cess Non Advol'  using regular expression

2019-04-14 00:05:26 - [MESSAGE][PASSED] - All options with value 'number:400' are selected in object 'Object Repository/Generate/Select Cess Non Advol'  using regular expression

2019-04-14 00:05:26 - [TEST_STEP][PASSED] - delay(1): Delayed 1 second(s)

2019-04-14 00:05:27 - [MESSAGE][PASSED] - Delayed 1 second(s)

2019-04-14 00:05:27 - [TEST_STEP][PASSED] - setText(findTestObject("Generate/Enter Distance"), "100"): Text '100' is set on object 'Object Repository/Generate/Enter Distance'

2019-04-14 00:05:28 - [MESSAGE][PASSED] - Text '100' is set on object 'Object Repository/Generate/Enter Distance'

2019-04-14 00:05:28 - [TEST_STEP][PASSED] - delay(1): Delayed 1 second(s)

2019-04-14 00:05:29 - [MESSAGE][PASSED] - Delayed 1 second(s)

2019-04-14 00:05:29 - [TEST_STEP][PASSED] - selectOptionByValue(findTestObject("Generate/Select Trans mode"), "number:1", true): All options with value 'number:1' are selected in object 'Object Repository/Generate/Select Trans mode'  using regular expression

2019-04-14 00:05:29 - [MESSAGE][PASSED] - All options with value 'number:1' are selected in object 'Object Repository/Generate/Select Trans mode'  using regular expression

2019-04-14 00:05:29 - [TEST_STEP][PASSED] - delay(1): Delayed 1 second(s)

2019-04-14 00:05:30 - [MESSAGE][PASSED] - Delayed 1 second(s)

2019-04-14 00:05:30 - [TEST_STEP][PASSED] - setText(findTestObject("Generate/Enter Vehical No"), "MH02EX3636"): Text 'MH02EX3636' is set on object 'Object Repository/Generate/Enter Vehical No'

2019-04-14 00:05:31 - [MESSAGE][PASSED] - Text 'MH02EX3636' is set on object 'Object Repository/Generate/Enter Vehical No'

2019-04-14 00:05:31 - [TEST_STEP][PASSED] - delay(1): Delayed 1 second(s)

2019-04-14 00:05:32 - [MESSAGE][PASSED] - Delayed 1 second(s)

2019-04-14 00:05:32 - [TEST_STEP][PASSED] - click(findTestObject("Generate/Sumbit Button")): Object: 'Object Repository/Generate/Sumbit Button' is clicked on

2019-04-14 00:05:32 - [MESSAGE][PASSED] - Object: 'Object Repository/Generate/Sumbit Button' is clicked on

2019-04-14 00:05:32 - [TEST_STEP][PASSED] - delay(5): Delayed 5 second(s)

2019-04-14 00:05:37 - [MESSAGE][PASSED] - Delayed 5 second(s)

2019-04-14 00:05:37 - [TEST_STEP][PASSED] - MsgGen = getText(findTestObject("Generate/Msg Generated Successfully")): Text of object 'Object Repository/Generate/Msg Generated Successfully' is: 'Generated Successfully'

2019-04-14 00:05:37 - [MESSAGE][PASSED] - Text of object 'Object Repository/Generate/Msg Generated Successfully' is: 'Generated Successfully'

2019-04-14 00:05:37 - [TEST_STEP][PASSED] - verifyMatch(MsgGen, "Generated Successfully", true): Actual text 'Generated Successfully' and expected text 'Generated Successfully' are matched  using regular expression

2019-04-14 00:05:37 - [MESSAGE][PASSED] - Actual text 'Generated Successfully' and expected text 'Generated Successfully' are matched  using regular expression

2019-04-14 00:05:37 - [TEST_STEP][PASSED] - ewayBillNo = getText(findTestObject("Generate/Eway bill number")): Text of object 'Object Repository/Generate/Eway bill number' is: '391001758879'

2019-04-14 00:05:37 - [MESSAGE][PASSED] - Text of object 'Object Repository/Generate/Eway bill number' is: '391001758879'

2019-04-14 00:05:37 - [TEST_STEP][PASSED] - utility.WriteToExcel.Sd(ewayBillNo, 0, r, 1): utility.WriteToExcel.Sd is PASSED

2019-04-14 00:05:38 - [MESSAGE][PASSED] - utility.WriteToExcel.Sd is PASSED

2019-04-14 00:05:38 - [TEST_STEP][PASSED] - EwayBillDate = getText(findTestObject("Generate/Eway Bill date")): Text of object 'Object Repository/Generate/Eway Bill date' is: '14/04/2019 12:05:31 AM'

2019-04-14 00:05:38 - [MESSAGE][PASSED] - Text of object 'Object Repository/Generate/Eway Bill date' is: '14/04/2019 12:05:31 AM'

2019-04-14 00:05:38 - [TEST_STEP][PASSED] - utility.WriteToExcel.Sd(EwayBillDate, 0, r, 2): utility.WriteToExcel.Sd is PASSED

2019-04-14 00:05:38 - [MESSAGE][PASSED] - utility.WriteToExcel.Sd is PASSED

2019-04-14 00:05:38 - [TEST_STEP][PASSED] - EwayValidityDate = getText(findTestObject("Generate/Eway bill Validity date")): Text of object 'Object Repository/Generate/Eway bill Validity date' is: '15/04/2019 11:59:00 AM'

2019-04-14 00:05:38 - [MESSAGE][PASSED] - Text of object 'Object Repository/Generate/Eway bill Validity date' is: '15/04/2019 11:59:00 AM'

2019-04-14 00:05:38 - [TEST_STEP][PASSED] - utility.WriteToExcel.Sd(EwayValidityDate, 0, r, 3): utility.WriteToExcel.Sd is PASSED

2019-04-14 00:05:38 - [MESSAGE][PASSED] - utility.WriteToExcel.Sd is PASSED

2019-04-14 00:05:38 - [TEST_STEP][PASSED] - EwayBillStatus = getText(findTestObject("Generate/Eway Bill Status")): Text of object 'Object Repository/Generate/Eway Bill Status' is: 'ACTIVE'

2019-04-14 00:05:38 - [MESSAGE][PASSED] - Text of object 'Object Repository/Generate/Eway Bill Status' is: 'ACTIVE'

2019-04-14 00:05:38 - [TEST_STEP][PASSED] - verifyMatch(EwayBillStatus, "ACTIVE", true): Actual text 'ACTIVE' and expected text 'ACTIVE' are matched  using regular expression

2019-04-14 00:05:38 - [MESSAGE][PASSED] - Actual text 'ACTIVE' and expected text 'ACTIVE' are matched  using regular expression

2019-04-14 00:05:38 - [TEST_STEP][PASSED] - utility.WriteToExcel.Sd(EwayBillStatus, 0, r, 4): utility.WriteToExcel.Sd is PASSED

2019-04-14 00:05:38 - [MESSAGE][PASSED] - utility.WriteToExcel.Sd is PASSED

2019-04-14 00:05:38 - [TEST_STEP][PASSED] - (r++): null

2019-04-14 00:05:38 - [TEST_STEP][PASSED] - click(findTestObject("Generate/Generate Another button")): Object: 'Object Repository/Generate/Generate Another button' is clicked on

2019-04-14 00:05:39 - [MESSAGE][PASSED] - Object: 'Object Repository/Generate/Generate Another button' is clicked on

2019-04-14 00:05:39 - [TEST_STEP][PASSED] - delay(3): Delayed 3 second(s)

2019-04-14 00:05:42 - [MESSAGE][PASSED] - Delayed 3 second(s)

2019-04-14 00:05:42 - [TEST_STEP][PASSED] - selectOptionByValue(findTestObject("Generate/Select Transaction Type"), "number:1", true): All options with value 'number:1' are selected in object 'Object Repository/Generate/Select Transaction Type'  using regular expression

2019-04-14 00:05:42 - [MESSAGE][PASSED] - All options with value 'number:1' are selected in object 'Object Repository/Generate/Select Transaction Type'  using regular expression

2019-04-14 00:05:42 - [TEST_STEP][PASSED] - delay(1): Delayed 1 second(s)

2019-04-14 00:05:43 - [MESSAGE][PASSED] - Delayed 1 second(s)

2019-04-14 00:05:43 - [TEST_STEP][PASSED] - selectOptionByValue(findTestObject("Generate/Select Sub Supply Type"), "number:1", true): All options with value 'number:1' are selected in object 'Object Repository/Generate/Select Sub Supply Type'  using regular expression

2019-04-14 00:05:43 - [MESSAGE][PASSED] - All options with value 'number:1' are selected in object 'Object Repository/Generate/Select Sub Supply Type'  using regular expression

2019-04-14 00:05:43 - [TEST_STEP][PASSED] - delay(1): Delayed 1 second(s)

2019-04-14 00:05:44 - [MESSAGE][PASSED] - Delayed 1 second(s)

2019-04-14 00:05:44 - [TEST_STEP][PASSED] - setText(findTestObject("Generate/Enter Sub-supply type Description"), "SubSupplyDescription"): Text 'SubSupplyDescription' is set on object 'Object Repository/Generate/Enter Sub-supply type Description'

2019-04-14 00:05:45 - [MESSAGE][PASSED] - Text 'SubSupplyDescription' is set on object 'Object Repository/Generate/Enter Sub-supply type Description'

2019-04-14 00:05:45 - [TEST_STEP][PASSED] - delay(1): Delayed 1 second(s)

2019-04-14 00:05:46 - [MESSAGE][PASSED] - Delayed 1 second(s)

2019-04-14 00:05:46 - [TEST_STEP][PASSED] - selectOptionByValue(findTestObject("Generate/Select Document Type"), "string:INV", true): All options with value 'string:INV' are selected in object 'Object Repository/Generate/Select Document Type'  using regular expression

2019-04-14 00:05:46 - [MESSAGE][PASSED] - All options with value 'string:INV' are selected in object 'Object Repository/Generate/Select Document Type'  using regular expression

2019-04-14 00:05:46 - [TEST_STEP][PASSED] - delay(1): Delayed 1 second(s)

2019-04-14 00:05:47 - [MESSAGE][PASSED] - Delayed 1 second(s)

2019-04-14 00:05:47 - [TEST_STEP][PASSED] - docnoo = utility.randomNumber.rendomNo(8): utility.randomNumber.rendomNo is PASSED

2019-04-14 00:05:47 - [MESSAGE][PASSED] - utility.randomNumber.rendomNo is PASSED

2019-04-14 00:05:47 - [TEST_STEP][PASSED] - setText(findTestObject("Generate/Enter Document Number"), docnoo): Text '99537836' is set on object 'Object Repository/Generate/Enter Document Number'

2019-04-14 00:05:48 - [MESSAGE][PASSED] - Text '99537836' is set on object 'Object Repository/Generate/Enter Document Number'

2019-04-14 00:05:48 - [TEST_STEP][PASSED] - delay(1): Delayed 1 second(s)

2019-04-14 00:05:49 - [MESSAGE][PASSED] - Delayed 1 second(s)

2019-04-14 00:05:49 - [TEST_STEP][PASSED] - utility.WriteToExcel.Sd(docnoo, 0, c, 0): utility.WriteToExcel.Sd is PASSED

2019-04-14 00:05:49 - [MESSAGE][PASSED] - utility.WriteToExcel.Sd is PASSED

2019-04-14 00:05:49 - [TEST_STEP][PASSED] - delay(1): Delayed 1 second(s)

2019-04-14 00:05:50 - [MESSAGE][PASSED] - Delayed 1 second(s)

2019-04-14 00:05:50 - [TEST_STEP][PASSED] - selectOptionByValue(findTestObject("Generate/Select Invoice Type"), "string:B2B", true): All options with value 'string:B2B' are selected in object 'Object Repository/Generate/Select Invoice Type'  using regular expression

2019-04-14 00:05:50 - [MESSAGE][PASSED] - All options with value 'string:B2B' are selected in object 'Object Repository/Generate/Select Invoice Type'  using regular expression

2019-04-14 00:05:50 - [TEST_STEP][PASSED] - delay(1): Delayed 1 second(s)

2019-04-14 00:05:51 - [MESSAGE][PASSED] - Delayed 1 second(s)

2019-04-14 00:05:51 - [TEST_STEP][PASSED] - setText(findTestObject("Generate/Enter Invoice Ref Number"), "REFINV001"): Text 'REFINV001' is set on object 'Object Repository/Generate/Enter Invoice Ref Number'

2019-04-14 00:05:51 - [MESSAGE][PASSED] - Text 'REFINV001' is set on object 'Object Repository/Generate/Enter Invoice Ref Number'

2019-04-14 00:05:51 - [TEST_STEP][PASSED] - delay(1): Delayed 1 second(s)

2019-04-14 00:05:52 - [MESSAGE][PASSED] - Delayed 1 second(s)

2019-04-14 00:05:52 - [TEST_STEP][PASSED] - selectOptionByValue(findTestObject("Generate/Select Supplier address"), "number:7363", true): All options with value 'number:7363' are selected in object 'Object Repository/Generate/Select Supplier address'  using regular expression

2019-04-14 00:05:53 - [MESSAGE][PASSED] - All options with value 'number:7363' are selected in object 'Object Repository/Generate/Select Supplier address'  using regular expression

2019-04-14 00:05:53 - [TEST_STEP][PASSED] - delay(1): Delayed 1 second(s)

2019-04-14 00:05:54 - [MESSAGE][PASSED] - Delayed 1 second(s)

2019-04-14 00:05:54 - [TEST_STEP][PASSED] - selectOptionByValue(findTestObject("Generate/Select Recepient address"), "number:548", true): All options with value 'number:548' are selected in object 'Object Repository/Generate/Select Recepient address'  using regular expression

2019-04-14 00:05:54 - [MESSAGE][PASSED] - All options with value 'number:548' are selected in object 'Object Repository/Generate/Select Recepient address'  using regular expression

2019-04-14 00:05:54 - [TEST_STEP][PASSED] - delay(1): Delayed 1 second(s)

2019-04-14 00:05:55 - [MESSAGE][PASSED] - Delayed 1 second(s)

2019-04-14 00:05:55 - [TEST_STEP][PASSED] - setText(findTestObject("Generate/Enter HSN code"), "88"): Text '88' is set on object 'Object Repository/Generate/Enter HSN code'

2019-04-14 00:05:55 - [MESSAGE][PASSED] - Text '88' is set on object 'Object Repository/Generate/Enter HSN code'

2019-04-14 00:05:55 - [TEST_STEP][PASSED] - delay(1): Delayed 1 second(s)

2019-04-14 00:05:56 - [MESSAGE][PASSED] - Delayed 1 second(s)

2019-04-14 00:05:56 - [TEST_STEP][PASSED] - setText(findTestObject("Generate/Enter Taxable Value"), "1"): Text '1' is set on object 'Object Repository/Generate/Enter Taxable Value'

2019-04-14 00:05:56 - [MESSAGE][PASSED] - Text '1' is set on object 'Object Repository/Generate/Enter Taxable Value'

2019-04-14 00:05:56 - [TEST_STEP][PASSED] - delay(1): Delayed 1 second(s)

2019-04-14 00:05:57 - [MESSAGE][PASSED] - Delayed 1 second(s)

2019-04-14 00:05:57 - [TEST_STEP][PASSED] - setText(findTestObject("Generate/Enter Quantity"), "1"): Text '1' is set on object 'Object Repository/Generate/Enter Quantity'

2019-04-14 00:05:58 - [MESSAGE][PASSED] - Text '1' is set on object 'Object Repository/Generate/Enter Quantity'

2019-04-14 00:05:58 - [TEST_STEP][PASSED] - delay(1): Delayed 1 second(s)

2019-04-14 00:05:59 - [MESSAGE][PASSED] - Delayed 1 second(s)

2019-04-14 00:05:59 - [TEST_STEP][PASSED] - selectOptionByValue(findTestObject("Generate/Select CGST Rate"), "string:1.50", true): All options with value 'string:1.50' are selected in object 'Object Repository/Generate/Select CGST Rate'  using regular expression

2019-04-14 00:05:59 - [MESSAGE][PASSED] - All options with value 'string:1.50' are selected in object 'Object Repository/Generate/Select CGST Rate'  using regular expression

2019-04-14 00:05:59 - [TEST_STEP][PASSED] - delay(1): Delayed 1 second(s)

2019-04-14 00:06:00 - [MESSAGE][PASSED] - Delayed 1 second(s)

2019-04-14 00:06:00 - [TEST_STEP][PASSED] - selectOptionByValue(findTestObject("Generate/Select SGST Rate"), "string:1.50", true): All options with value 'string:1.50' are selected in object 'Object Repository/Generate/Select SGST Rate'  using regular expression

2019-04-14 00:06:00 - [MESSAGE][PASSED] - All options with value 'string:1.50' are selected in object 'Object Repository/Generate/Select SGST Rate'  using regular expression

2019-04-14 00:06:00 - [TEST_STEP][PASSED] - delay(1): Delayed 1 second(s)

2019-04-14 00:06:01 - [MESSAGE][PASSED] - Delayed 1 second(s)

2019-04-14 00:06:01 - [TEST_STEP][PASSED] - selectOptionByValue(findTestObject("Generate/Select Cess Advol"), "string:3", true): All options with value 'string:3' are selected in object 'Object Repository/Generate/Select Cess Advol'  using regular expression

2019-04-14 00:06:02 - [MESSAGE][PASSED] - All options with value 'string:3' are selected in object 'Object Repository/Generate/Select Cess Advol'  using regular expression

2019-04-14 00:06:02 - [TEST_STEP][PASSED] - delay(1): Delayed 1 second(s)

2019-04-14 00:06:03 - [MESSAGE][PASSED] - Delayed 1 second(s)

2019-04-14 00:06:03 - [TEST_STEP][PASSED] - selectOptionByValue(findTestObject("Generate/Select Cess Non Advol"), "number:400", true): All options with value 'number:400' are selected in object 'Object Repository/Generate/Select Cess Non Advol'  using regular expression

2019-04-14 00:06:03 - [MESSAGE][PASSED] - All options with value 'number:400' are selected in object 'Object Repository/Generate/Select Cess Non Advol'  using regular expression

2019-04-14 00:06:03 - [TEST_STEP][PASSED] - delay(1): Delayed 1 second(s)

2019-04-14 00:06:04 - [MESSAGE][PASSED] - Delayed 1 second(s)

2019-04-14 00:06:04 - [TEST_STEP][PASSED] - setText(findTestObject("Generate/Enter Distance"), "100"): Text '100' is set on object 'Object Repository/Generate/Enter Distance'

2019-04-14 00:06:04 - [MESSAGE][PASSED] - Text '100' is set on object 'Object Repository/Generate/Enter Distance'

2019-04-14 00:06:04 - [TEST_STEP][PASSED] - delay(1): Delayed 1 second(s)

2019-04-14 00:06:05 - [MESSAGE][PASSED] - Delayed 1 second(s)

2019-04-14 00:06:05 - [TEST_STEP][PASSED] - setText(findTestObject("Generate/Enter Transporter ID"), "05AAAAU1183B1Z0"): Text '05AAAAU1183B1Z0' is set on object 'Object Repository/Generate/Enter Transporter ID'

2019-04-14 00:06:06 - [MESSAGE][PASSED] - Text '05AAAAU1183B1Z0' is set on object 'Object Repository/Generate/Enter Transporter ID'

2019-04-14 00:06:06 - [TEST_STEP][PASSED] - delay(1): Delayed 1 second(s)

2019-04-14 00:06:07 - [MESSAGE][PASSED] - Delayed 1 second(s)

2019-04-14 00:06:07 - [TEST_STEP][PASSED] - click(findTestObject("Generate/Sumbit Button")): Object: 'Object Repository/Generate/Sumbit Button' is clicked on

2019-04-14 00:06:07 - [MESSAGE][PASSED] - Object: 'Object Repository/Generate/Sumbit Button' is clicked on

2019-04-14 00:06:07 - [TEST_STEP][PASSED] - delay(5): Delayed 5 second(s)

2019-04-14 00:06:12 - [MESSAGE][PASSED] - Delayed 5 second(s)

2019-04-14 00:06:12 - [TEST_STEP][PASSED] - MsgGenn = getText(findTestObject("Generate/Message for not active")): Text of object 'Object Repository/Generate/Message for not active' is: 'Generated Successfully'

2019-04-14 00:06:12 - [MESSAGE][PASSED] - Text of object 'Object Repository/Generate/Message for not active' is: 'Generated Successfully'

2019-04-14 00:06:12 - [TEST_STEP][PASSED] - verifyMatch(MsgGenn, "Generated Successfully", true): Actual text 'Generated Successfully' and expected text 'Generated Successfully' are matched  using regular expression

2019-04-14 00:06:12 - [MESSAGE][PASSED] - Actual text 'Generated Successfully' and expected text 'Generated Successfully' are matched  using regular expression

2019-04-14 00:06:12 - [TEST_STEP][PASSED] - delay(1): Delayed 1 second(s)

2019-04-14 00:06:13 - [MESSAGE][PASSED] - Delayed 1 second(s)

2019-04-14 00:06:13 - [TEST_STEP][PASSED] - click(findTestObject("Generate/Msg_GSTIN is valid")): Object: 'Object Repository/Generate/Msg_GSTIN is valid' is clicked on

2019-04-14 00:06:13 - [MESSAGE][PASSED] - Object: 'Object Repository/Generate/Msg_GSTIN is valid' is clicked on

2019-04-14 00:06:13 - [TEST_STEP][PASSED] - delay(1): Delayed 1 second(s)

2019-04-14 00:06:14 - [MESSAGE][PASSED] - Delayed 1 second(s)

2019-04-14 00:06:14 - [TEST_STEP][PASSED] - ewayBillNoo = getText(findTestObject("Generate/EwayBill number - Active Invalid")): Text of object 'Object Repository/Generate/EwayBill number - Active Invalid' is: '351001758880'

2019-04-14 00:06:15 - [MESSAGE][PASSED] - Text of object 'Object Repository/Generate/EwayBill number - Active Invalid' is: '351001758880'

2019-04-14 00:06:15 - [TEST_STEP][PASSED] - logInfo("ewayBillNoo:" + ewayBillNoo): ewayBillNoo:351001758880

2019-04-14 00:06:15 - [MESSAGE][INFO] - ewayBillNoo:351001758880

2019-04-14 00:06:15 - [TEST_STEP][PASSED] - utility.WriteToExcel.Sd(ewayBillNoo, 0, c, 1): utility.WriteToExcel.Sd is PASSED

2019-04-14 00:06:15 - [MESSAGE][PASSED] - utility.WriteToExcel.Sd is PASSED

2019-04-14 00:06:15 - [TEST_STEP][PASSED] - delay(1): Delayed 1 second(s)

2019-04-14 00:06:16 - [MESSAGE][PASSED] - Delayed 1 second(s)

2019-04-14 00:06:16 - [TEST_STEP][PASSED] - EwayBillDatee = getText(findTestObject("Generate/EWB Date - Active Invalid")): Text of object 'Object Repository/Generate/EWB Date - Active Invalid' is: '14/04/2019 12:06:07 AM'

2019-04-14 00:06:16 - [MESSAGE][PASSED] - Text of object 'Object Repository/Generate/EWB Date - Active Invalid' is: '14/04/2019 12:06:07 AM'

2019-04-14 00:06:16 - [TEST_STEP][PASSED] - utility.WriteToExcel.Sd(EwayBillDatee, 0, c, 2): utility.WriteToExcel.Sd is PASSED

2019-04-14 00:06:16 - [MESSAGE][PASSED] - utility.WriteToExcel.Sd is PASSED

2019-04-14 00:06:16 - [TEST_STEP][PASSED] - delay(1): Delayed 1 second(s)

2019-04-14 00:06:17 - [MESSAGE][PASSED] - Delayed 1 second(s)

2019-04-14 00:06:17 - [TEST_STEP][PASSED] - EwayBillStatuss = getText(findTestObject("Generate/Status - Active not yet valid")): Text of object 'Object Repository/Generate/Status - Active not yet valid' is: 'ACTIVE NOT YET VALID'

2019-04-14 00:06:17 - [MESSAGE][PASSED] - Text of object 'Object Repository/Generate/Status - Active not yet valid' is: 'ACTIVE NOT YET VALID'

2019-04-14 00:06:17 - [TEST_STEP][PASSED] - verifyMatch(EwayBillStatuss, "ACTIVE NOT YET VALID", true): Actual text 'ACTIVE NOT YET VALID' and expected text 'ACTIVE NOT YET VALID' are matched  using regular expression

2019-04-14 00:06:17 - [MESSAGE][PASSED] - Actual text 'ACTIVE NOT YET VALID' and expected text 'ACTIVE NOT YET VALID' are matched  using regular expression

2019-04-14 00:06:17 - [TEST_STEP][PASSED] - utility.WriteToExcel.Sd(EwayBillStatuss, 0, c, 4): utility.WriteToExcel.Sd is PASSED

2019-04-14 00:06:17 - [MESSAGE][PASSED] - utility.WriteToExcel.Sd is PASSED

2019-04-14 00:06:17 - [TEST_STEP][PASSED] - (c++): null

2019-04-14 00:06:17 - [TEST_STEP][PASSED] - delay(2): Delayed 2 second(s)

2019-04-14 00:06:19 - [MESSAGE][PASSED] - Delayed 2 second(s)

2019-04-14 00:06:19 - [TEST_STEP][PASSED] - click(findTestObject("Generate/Cancel icon")): Object: 'Object Repository/Generate/Cancel icon' is clicked on

2019-04-14 00:06:19 - [MESSAGE][PASSED] - Object: 'Object Repository/Generate/Cancel icon' is clicked on

2019-04-14 00:06:19 - [TEST_STEP][PASSED] - delay(2): Delayed 2 second(s)

2019-04-14 00:06:21 - [MESSAGE][PASSED] - Delayed 2 second(s)

2019-04-14 00:06:21 - [TEST_STEP][PASSED] - refresh(): Refresh successfully

2019-04-14 00:06:22 - [MESSAGE][PASSED] - Refresh successfully

2019-04-14 00:06:22 - [TEST_STEP][PASSED] - r = r + i: null

2019-04-14 00:06:22 - [TEST_STEP][PASSED] - println("r = " + r): null

2019-04-14 00:06:22 - [TEST_STEP][PASSED] - c = c + i: null

2019-04-14 00:06:22 - [TEST_STEP][PASSED] - println("c = " + c): null

2019-04-14 00:06:22 - [TEST_STEP][PASSED] - click(findTestObject("Generate/Generate Tab")): Object: 'Object Repository/Generate/Generate Tab' is clicked on

2019-04-14 00:06:23 - [MESSAGE][PASSED] - Object: 'Object Repository/Generate/Generate Tab' is clicked on

2019-04-14 00:06:23 - [TEST_STEP][PASSED] - delay(3): Delayed 3 second(s)

2019-04-14 00:06:26 - [MESSAGE][PASSED] - Delayed 3 second(s)

2019-04-14 00:06:26 - [TEST_STEP][PASSED] - selectOptionByValue(findTestObject("Generate/Select Transaction Type"), "number:1", true): All options with value 'number:1' are selected in object 'Object Repository/Generate/Select Transaction Type'  using regular expression

2019-04-14 00:06:26 - [MESSAGE][PASSED] - All options with value 'number:1' are selected in object 'Object Repository/Generate/Select Transaction Type'  using regular expression

2019-04-14 00:06:26 - [TEST_STEP][PASSED] - delay(1): Delayed 1 second(s)

2019-04-14 00:06:27 - [MESSAGE][PASSED] - Delayed 1 second(s)

2019-04-14 00:06:27 - [TEST_STEP][PASSED] - selectOptionByValue(findTestObject("Generate/Select Sub Supply Type"), "number:1", true): All options with value 'number:1' are selected in object 'Object Repository/Generate/Select Sub Supply Type'  using regular expression

2019-04-14 00:06:27 - [MESSAGE][PASSED] - All options with value 'number:1' are selected in object 'Object Repository/Generate/Select Sub Supply Type'  using regular expression

2019-04-14 00:06:27 - [TEST_STEP][PASSED] - delay(1): Delayed 1 second(s)

2019-04-14 00:06:28 - [MESSAGE][PASSED] - Delayed 1 second(s)

2019-04-14 00:06:28 - [TEST_STEP][PASSED] - setText(findTestObject("Generate/Enter Sub-supply type Description"), "SubSupplyDescription"): Text 'SubSupplyDescription' is set on object 'Object Repository/Generate/Enter Sub-supply type Description'

2019-04-14 00:06:29 - [MESSAGE][PASSED] - Text 'SubSupplyDescription' is set on object 'Object Repository/Generate/Enter Sub-supply type Description'

2019-04-14 00:06:29 - [TEST_STEP][PASSED] - delay(1): Delayed 1 second(s)

2019-04-14 00:06:30 - [MESSAGE][PASSED] - Delayed 1 second(s)

2019-04-14 00:06:30 - [TEST_STEP][PASSED] - selectOptionByValue(findTestObject("Generate/Select Document Type"), "string:INV", true): All options with value 'string:INV' are selected in object 'Object Repository/Generate/Select Document Type'  using regular expression

2019-04-14 00:06:30 - [MESSAGE][PASSED] - All options with value 'string:INV' are selected in object 'Object Repository/Generate/Select Document Type'  using regular expression

2019-04-14 00:06:30 - [TEST_STEP][PASSED] - delay(1): Delayed 1 second(s)

2019-04-14 00:06:31 - [MESSAGE][PASSED] - Delayed 1 second(s)

2019-04-14 00:06:31 - [TEST_STEP][PASSED] - docNo = utility.randomNumber.rendomNo(8): utility.randomNumber.rendomNo is PASSED

2019-04-14 00:06:31 - [MESSAGE][PASSED] - utility.randomNumber.rendomNo is PASSED

2019-04-14 00:06:31 - [TEST_STEP][PASSED] - setText(findTestObject("Generate/Enter Document Number"), docNo): Text '69516691' is set on object 'Object Repository/Generate/Enter Document Number'

2019-04-14 00:06:31 - [MESSAGE][PASSED] - Text '69516691' is set on object 'Object Repository/Generate/Enter Document Number'

2019-04-14 00:06:31 - [TEST_STEP][PASSED] - delay(1): Delayed 1 second(s)

2019-04-14 00:06:32 - [MESSAGE][PASSED] - Delayed 1 second(s)

2019-04-14 00:06:32 - [TEST_STEP][PASSED] - utility.WriteToExcel.Sd(docNo, 0, r, 0): utility.WriteToExcel.Sd is PASSED

2019-04-14 00:06:33 - [MESSAGE][PASSED] - utility.WriteToExcel.Sd is PASSED

2019-04-14 00:06:33 - [TEST_STEP][PASSED] - delay(1): Delayed 1 second(s)

2019-04-14 00:06:34 - [MESSAGE][PASSED] - Delayed 1 second(s)

2019-04-14 00:06:34 - [TEST_STEP][PASSED] - selectOptionByValue(findTestObject("Generate/Select Invoice Type"), "string:B2B", true): All options with value 'string:B2B' are selected in object 'Object Repository/Generate/Select Invoice Type'  using regular expression

2019-04-14 00:06:34 - [MESSAGE][PASSED] - All options with value 'string:B2B' are selected in object 'Object Repository/Generate/Select Invoice Type'  using regular expression

2019-04-14 00:06:34 - [TEST_STEP][PASSED] - delay(1): Delayed 1 second(s)

2019-04-14 00:06:35 - [MESSAGE][PASSED] - Delayed 1 second(s)

2019-04-14 00:06:35 - [TEST_STEP][PASSED] - setText(findTestObject("Generate/Enter Invoice Ref Number"), "REFINV001"): Text 'REFINV001' is set on object 'Object Repository/Generate/Enter Invoice Ref Number'

2019-04-14 00:06:35 - [MESSAGE][PASSED] - Text 'REFINV001' is set on object 'Object Repository/Generate/Enter Invoice Ref Number'

2019-04-14 00:06:35 - [TEST_STEP][PASSED] - delay(1): Delayed 1 second(s)

2019-04-14 00:06:36 - [MESSAGE][PASSED] - Delayed 1 second(s)

2019-04-14 00:06:36 - [TEST_STEP][PASSED] - selectOptionByValue(findTestObject("Generate/Select Supplier address"), "number:7363", true): All options with value 'number:7363' are selected in object 'Object Repository/Generate/Select Supplier address'  using regular expression

2019-04-14 00:06:36 - [MESSAGE][PASSED] - All options with value 'number:7363' are selected in object 'Object Repository/Generate/Select Supplier address'  using regular expression

2019-04-14 00:06:36 - [TEST_STEP][PASSED] - delay(1): Delayed 1 second(s)

2019-04-14 00:06:37 - [MESSAGE][PASSED] - Delayed 1 second(s)

2019-04-14 00:06:37 - [TEST_STEP][PASSED] - selectOptionByValue(findTestObject("Generate/Select Recepient address"), "number:548", true): All options with value 'number:548' are selected in object 'Object Repository/Generate/Select Recepient address'  using regular expression

2019-04-14 00:06:38 - [MESSAGE][PASSED] - All options with value 'number:548' are selected in object 'Object Repository/Generate/Select Recepient address'  using regular expression

2019-04-14 00:06:38 - [TEST_STEP][PASSED] - delay(1): Delayed 1 second(s)

2019-04-14 00:06:39 - [MESSAGE][PASSED] - Delayed 1 second(s)

2019-04-14 00:06:39 - [TEST_STEP][PASSED] - setText(findTestObject("Generate/Enter HSN code"), "88"): Text '88' is set on object 'Object Repository/Generate/Enter HSN code'

2019-04-14 00:06:39 - [MESSAGE][PASSED] - Text '88' is set on object 'Object Repository/Generate/Enter HSN code'

2019-04-14 00:06:39 - [TEST_STEP][PASSED] - delay(1): Delayed 1 second(s)

2019-04-14 00:06:40 - [MESSAGE][PASSED] - Delayed 1 second(s)

2019-04-14 00:06:40 - [TEST_STEP][PASSED] - setText(findTestObject("Generate/Enter Taxable Value"), "1"): Text '1' is set on object 'Object Repository/Generate/Enter Taxable Value'

2019-04-14 00:06:40 - [MESSAGE][PASSED] - Text '1' is set on object 'Object Repository/Generate/Enter Taxable Value'

2019-04-14 00:06:40 - [TEST_STEP][PASSED] - delay(1): Delayed 1 second(s)

2019-04-14 00:06:41 - [MESSAGE][PASSED] - Delayed 1 second(s)

2019-04-14 00:06:41 - [TEST_STEP][PASSED] - setText(findTestObject("Generate/Enter Quantity"), "1"): Text '1' is set on object 'Object Repository/Generate/Enter Quantity'

2019-04-14 00:06:41 - [MESSAGE][PASSED] - Text '1' is set on object 'Object Repository/Generate/Enter Quantity'

2019-04-14 00:06:41 - [TEST_STEP][PASSED] - delay(1): Delayed 1 second(s)

2019-04-14 00:06:42 - [MESSAGE][PASSED] - Delayed 1 second(s)

2019-04-14 00:06:42 - [TEST_STEP][PASSED] - selectOptionByValue(findTestObject("Generate/Select CGST Rate"), "string:1.50", true): All options with value 'string:1.50' are selected in object 'Object Repository/Generate/Select CGST Rate'  using regular expression

2019-04-14 00:06:43 - [MESSAGE][PASSED] - All options with value 'string:1.50' are selected in object 'Object Repository/Generate/Select CGST Rate'  using regular expression

2019-04-14 00:06:43 - [TEST_STEP][PASSED] - delay(1): Delayed 1 second(s)

2019-04-14 00:06:44 - [MESSAGE][PASSED] - Delayed 1 second(s)

2019-04-14 00:06:44 - [TEST_STEP][PASSED] - selectOptionByValue(findTestObject("Generate/Select SGST Rate"), "string:1.50", true): All options with value 'string:1.50' are selected in object 'Object Repository/Generate/Select SGST Rate'  using regular expression

2019-04-14 00:06:44 - [MESSAGE][PASSED] - All options with value 'string:1.50' are selected in object 'Object Repository/Generate/Select SGST Rate'  using regular expression

2019-04-14 00:06:44 - [TEST_STEP][PASSED] - delay(1): Delayed 1 second(s)

2019-04-14 00:06:45 - [MESSAGE][PASSED] - Delayed 1 second(s)

2019-04-14 00:06:45 - [TEST_STEP][PASSED] - selectOptionByValue(findTestObject("Generate/Select Cess Advol"), "string:3", true): All options with value 'string:3' are selected in object 'Object Repository/Generate/Select Cess Advol'  using regular expression

2019-04-14 00:06:46 - [MESSAGE][PASSED] - All options with value 'string:3' are selected in object 'Object Repository/Generate/Select Cess Advol'  using regular expression

2019-04-14 00:06:46 - [TEST_STEP][PASSED] - delay(1): Delayed 1 second(s)

2019-04-14 00:06:47 - [MESSAGE][PASSED] - Delayed 1 second(s)

2019-04-14 00:06:47 - [TEST_STEP][PASSED] - selectOptionByValue(findTestObject("Generate/Select Cess Non Advol"), "number:400", true): All options with value 'number:400' are selected in object 'Object Repository/Generate/Select Cess Non Advol'  using regular expression

2019-04-14 00:06:47 - [MESSAGE][PASSED] - All options with value 'number:400' are selected in object 'Object Repository/Generate/Select Cess Non Advol'  using regular expression

2019-04-14 00:06:47 - [TEST_STEP][PASSED] - delay(1): Delayed 1 second(s)

2019-04-14 00:06:48 - [MESSAGE][PASSED] - Delayed 1 second(s)

2019-04-14 00:06:48 - [TEST_STEP][PASSED] - setText(findTestObject("Generate/Enter Distance"), "100"): Text '100' is set on object 'Object Repository/Generate/Enter Distance'

2019-04-14 00:06:48 - [MESSAGE][PASSED] - Text '100' is set on object 'Object Repository/Generate/Enter Distance'

2019-04-14 00:06:48 - [TEST_STEP][PASSED] - delay(1): Delayed 1 second(s)

2019-04-14 00:06:49 - [MESSAGE][PASSED] - Delayed 1 second(s)

2019-04-14 00:06:49 - [TEST_STEP][PASSED] - selectOptionByValue(findTestObject("Generate/Select Trans mode"), "number:1", true): All options with value 'number:1' are selected in object 'Object Repository/Generate/Select Trans mode'  using regular expression

2019-04-14 00:06:49 - [MESSAGE][PASSED] - All options with value 'number:1' are selected in object 'Object Repository/Generate/Select Trans mode'  using regular expression

2019-04-14 00:06:49 - [TEST_STEP][PASSED] - delay(1): Delayed 1 second(s)

2019-04-14 00:06:50 - [MESSAGE][PASSED] - Delayed 1 second(s)

2019-04-14 00:06:50 - [TEST_STEP][PASSED] - setText(findTestObject("Generate/Enter Vehical No"), "MH02EX3636"): Text 'MH02EX3636' is set on object 'Object Repository/Generate/Enter Vehical No'

2019-04-14 00:06:51 - [MESSAGE][PASSED] - Text 'MH02EX3636' is set on object 'Object Repository/Generate/Enter Vehical No'

2019-04-14 00:06:51 - [TEST_STEP][PASSED] - delay(1): Delayed 1 second(s)

2019-04-14 00:06:52 - [MESSAGE][PASSED] - Delayed 1 second(s)

2019-04-14 00:06:52 - [TEST_STEP][PASSED] - click(findTestObject("Generate/Sumbit Button")): Object: 'Object Repository/Generate/Sumbit Button' is clicked on

2019-04-14 00:06:52 - [MESSAGE][PASSED] - Object: 'Object Repository/Generate/Sumbit Button' is clicked on

2019-04-14 00:06:52 - [TEST_STEP][PASSED] - delay(5): Delayed 5 second(s)

2019-04-14 00:06:57 - [MESSAGE][PASSED] - Delayed 5 second(s)

2019-04-14 00:06:57 - [TEST_STEP][PASSED] - MsgGen = getText(findTestObject("Generate/Msg Generated Successfully")): Text of object 'Object Repository/Generate/Msg Generated Successfully' is: 'Generated Successfully'

2019-04-14 00:06:57 - [MESSAGE][PASSED] - Text of object 'Object Repository/Generate/Msg Generated Successfully' is: 'Generated Successfully'

2019-04-14 00:06:57 - [TEST_STEP][PASSED] - verifyMatch(MsgGen, "Generated Successfully", true): Actual text 'Generated Successfully' and expected text 'Generated Successfully' are matched  using regular expression

2019-04-14 00:06:57 - [MESSAGE][PASSED] - Actual text 'Generated Successfully' and expected text 'Generated Successfully' are matched  using regular expression

2019-04-14 00:06:57 - [TEST_STEP][PASSED] - ewayBillNo = getText(findTestObject("Generate/Eway bill number")): Text of object 'Object Repository/Generate/Eway bill number' is: '321001758881'

2019-04-14 00:06:57 - [MESSAGE][PASSED] - Text of object 'Object Repository/Generate/Eway bill number' is: '321001758881'

2019-04-14 00:06:57 - [TEST_STEP][PASSED] - utility.WriteToExcel.Sd(ewayBillNo, 0, r, 1): utility.WriteToExcel.Sd is PASSED

2019-04-14 00:06:57 - [MESSAGE][PASSED] - utility.WriteToExcel.Sd is PASSED

2019-04-14 00:06:57 - [TEST_STEP][PASSED] - EwayBillDate = getText(findTestObject("Generate/Eway Bill date")): Text of object 'Object Repository/Generate/Eway Bill date' is: '14/04/2019 12:06:51 AM'

2019-04-14 00:06:57 - [MESSAGE][PASSED] - Text of object 'Object Repository/Generate/Eway Bill date' is: '14/04/2019 12:06:51 AM'

2019-04-14 00:06:57 - [TEST_STEP][PASSED] - utility.WriteToExcel.Sd(EwayBillDate, 0, r, 2): utility.WriteToExcel.Sd is PASSED

2019-04-14 00:06:57 - [MESSAGE][PASSED] - utility.WriteToExcel.Sd is PASSED

2019-04-14 00:06:57 - [TEST_STEP][PASSED] - EwayValidityDate = getText(findTestObject("Generate/Eway bill Validity date")): Text of object 'Object Repository/Generate/Eway bill Validity date' is: '15/04/2019 11:59:00 AM'

2019-04-14 00:06:57 - [MESSAGE][PASSED] - Text of object 'Object Repository/Generate/Eway bill Validity date' is: '15/04/2019 11:59:00 AM'

2019-04-14 00:06:57 - [TEST_STEP][PASSED] - utility.WriteToExcel.Sd(EwayValidityDate, 0, r, 3): utility.WriteToExcel.Sd is PASSED

2019-04-14 00:06:58 - [MESSAGE][PASSED] - utility.WriteToExcel.Sd is PASSED

2019-04-14 00:06:58 - [TEST_STEP][PASSED] - EwayBillStatus = getText(findTestObject("Generate/Eway Bill Status")): Text of object 'Object Repository/Generate/Eway Bill Status' is: 'ACTIVE'

2019-04-14 00:06:58 - [MESSAGE][PASSED] - Text of object 'Object Repository/Generate/Eway Bill Status' is: 'ACTIVE'

2019-04-14 00:06:58 - [TEST_STEP][PASSED] - verifyMatch(EwayBillStatus, "ACTIVE", true): Actual text 'ACTIVE' and expected text 'ACTIVE' are matched  using regular expression

2019-04-14 00:06:58 - [MESSAGE][PASSED] - Actual text 'ACTIVE' and expected text 'ACTIVE' are matched  using regular expression

2019-04-14 00:06:58 - [TEST_STEP][PASSED] - utility.WriteToExcel.Sd(EwayBillStatus, 0, r, 4): utility.WriteToExcel.Sd is PASSED

2019-04-14 00:06:58 - [MESSAGE][PASSED] - utility.WriteToExcel.Sd is PASSED

2019-04-14 00:06:58 - [TEST_STEP][PASSED] - (r++): null

2019-04-14 00:06:58 - [TEST_STEP][PASSED] - click(findTestObject("Generate/Generate Another button")): Object: 'Object Repository/Generate/Generate Another button' is clicked on

2019-04-14 00:06:58 - [MESSAGE][PASSED] - Object: 'Object Repository/Generate/Generate Another button' is clicked on

2019-04-14 00:06:58 - [TEST_STEP][PASSED] - delay(3): Delayed 3 second(s)

2019-04-14 00:07:01 - [MESSAGE][PASSED] - Delayed 3 second(s)

2019-04-14 00:07:01 - [TEST_STEP][PASSED] - selectOptionByValue(findTestObject("Generate/Select Transaction Type"), "number:1", true): All options with value 'number:1' are selected in object 'Object Repository/Generate/Select Transaction Type'  using regular expression

2019-04-14 00:07:01 - [MESSAGE][PASSED] - All options with value 'number:1' are selected in object 'Object Repository/Generate/Select Transaction Type'  using regular expression

2019-04-14 00:07:01 - [TEST_STEP][PASSED] - delay(1): Delayed 1 second(s)

2019-04-14 00:07:02 - [MESSAGE][PASSED] - Delayed 1 second(s)

2019-04-14 00:07:02 - [TEST_STEP][PASSED] - selectOptionByValue(findTestObject("Generate/Select Sub Supply Type"), "number:1", true): All options with value 'number:1' are selected in object 'Object Repository/Generate/Select Sub Supply Type'  using regular expression

2019-04-14 00:07:02 - [MESSAGE][PASSED] - All options with value 'number:1' are selected in object 'Object Repository/Generate/Select Sub Supply Type'  using regular expression

2019-04-14 00:07:02 - [TEST_STEP][PASSED] - delay(1): Delayed 1 second(s)

2019-04-14 00:07:03 - [MESSAGE][PASSED] - Delayed 1 second(s)

2019-04-14 00:07:03 - [TEST_STEP][PASSED] - setText(findTestObject("Generate/Enter Sub-supply type Description"), "SubSupplyDescription"): Text 'SubSupplyDescription' is set on object 'Object Repository/Generate/Enter Sub-supply type Description'

2019-04-14 00:07:04 - [MESSAGE][PASSED] - Text 'SubSupplyDescription' is set on object 'Object Repository/Generate/Enter Sub-supply type Description'

2019-04-14 00:07:04 - [TEST_STEP][PASSED] - delay(1): Delayed 1 second(s)

2019-04-14 00:07:05 - [MESSAGE][PASSED] - Delayed 1 second(s)

2019-04-14 00:07:05 - [TEST_STEP][PASSED] - selectOptionByValue(findTestObject("Generate/Select Document Type"), "string:INV", true): All options with value 'string:INV' are selected in object 'Object Repository/Generate/Select Document Type'  using regular expression

2019-04-14 00:07:05 - [MESSAGE][PASSED] - All options with value 'string:INV' are selected in object 'Object Repository/Generate/Select Document Type'  using regular expression

2019-04-14 00:07:05 - [TEST_STEP][PASSED] - delay(1): Delayed 1 second(s)

2019-04-14 00:07:06 - [MESSAGE][PASSED] - Delayed 1 second(s)

2019-04-14 00:07:06 - [TEST_STEP][PASSED] - docnoo = utility.randomNumber.rendomNo(8): utility.randomNumber.rendomNo is PASSED

2019-04-14 00:07:06 - [MESSAGE][PASSED] - utility.randomNumber.rendomNo is PASSED

2019-04-14 00:07:06 - [TEST_STEP][PASSED] - setText(findTestObject("Generate/Enter Document Number"), docnoo): Text '77768317' is set on object 'Object Repository/Generate/Enter Document Number'

2019-04-14 00:07:07 - [MESSAGE][PASSED] - Text '77768317' is set on object 'Object Repository/Generate/Enter Document Number'

2019-04-14 00:07:07 - [TEST_STEP][PASSED] - delay(1): Delayed 1 second(s)

2019-04-14 00:07:08 - [MESSAGE][PASSED] - Delayed 1 second(s)

2019-04-14 00:07:08 - [TEST_STEP][PASSED] - utility.WriteToExcel.Sd(docnoo, 0, c, 0): utility.WriteToExcel.Sd is PASSED

2019-04-14 00:07:08 - [MESSAGE][PASSED] - utility.WriteToExcel.Sd is PASSED

2019-04-14 00:07:08 - [TEST_STEP][PASSED] - delay(1): Delayed 1 second(s)

2019-04-14 00:07:09 - [MESSAGE][PASSED] - Delayed 1 second(s)

2019-04-14 00:07:09 - [TEST_STEP][PASSED] - selectOptionByValue(findTestObject("Generate/Select Invoice Type"), "string:B2B", true): All options with value 'string:B2B' are selected in object 'Object Repository/Generate/Select Invoice Type'  using regular expression

2019-04-14 00:07:09 - [MESSAGE][PASSED] - All options with value 'string:B2B' are selected in object 'Object Repository/Generate/Select Invoice Type'  using regular expression

2019-04-14 00:07:09 - [TEST_STEP][PASSED] - delay(1): Delayed 1 second(s)

2019-04-14 00:07:10 - [MESSAGE][PASSED] - Delayed 1 second(s)

2019-04-14 00:07:10 - [TEST_STEP][PASSED] - setText(findTestObject("Generate/Enter Invoice Ref Number"), "REFINV001"): Text 'REFINV001' is set on object 'Object Repository/Generate/Enter Invoice Ref Number'

2019-04-14 00:07:10 - [MESSAGE][PASSED] - Text 'REFINV001' is set on object 'Object Repository/Generate/Enter Invoice Ref Number'

2019-04-14 00:07:10 - [TEST_STEP][PASSED] - delay(1): Delayed 1 second(s)

2019-04-14 00:07:11 - [MESSAGE][PASSED] - Delayed 1 second(s)

2019-04-14 00:07:11 - [TEST_STEP][PASSED] - selectOptionByValue(findTestObject("Generate/Select Supplier address"), "number:7363", true): All options with value 'number:7363' are selected in object 'Object Repository/Generate/Select Supplier address'  using regular expression

2019-04-14 00:07:12 - [MESSAGE][PASSED] - All options with value 'number:7363' are selected in object 'Object Repository/Generate/Select Supplier address'  using regular expression

2019-04-14 00:07:12 - [TEST_STEP][PASSED] - delay(1): Delayed 1 second(s)

2019-04-14 00:07:13 - [MESSAGE][PASSED] - Delayed 1 second(s)

2019-04-14 00:07:13 - [TEST_STEP][PASSED] - selectOptionByValue(findTestObject("Generate/Select Recepient address"), "number:548", true): All options with value 'number:548' are selected in object 'Object Repository/Generate/Select Recepient address'  using regular expression

2019-04-14 00:07:13 - [MESSAGE][PASSED] - All options with value 'number:548' are selected in object 'Object Repository/Generate/Select Recepient address'  using regular expression

2019-04-14 00:07:13 - [TEST_STEP][PASSED] - delay(1): Delayed 1 second(s)

2019-04-14 00:07:14 - [MESSAGE][PASSED] - Delayed 1 second(s)

2019-04-14 00:07:14 - [TEST_STEP][PASSED] - setText(findTestObject("Generate/Enter HSN code"), "88"): Text '88' is set on object 'Object Repository/Generate/Enter HSN code'

2019-04-14 00:07:15 - [MESSAGE][PASSED] - Text '88' is set on object 'Object Repository/Generate/Enter HSN code'

2019-04-14 00:07:15 - [TEST_STEP][PASSED] - delay(1): Delayed 1 second(s)

2019-04-14 00:07:16 - [MESSAGE][PASSED] - Delayed 1 second(s)

2019-04-14 00:07:16 - [TEST_STEP][PASSED] - setText(findTestObject("Generate/Enter Taxable Value"), "1"): Text '1' is set on object 'Object Repository/Generate/Enter Taxable Value'

2019-04-14 00:07:16 - [MESSAGE][PASSED] - Text '1' is set on object 'Object Repository/Generate/Enter Taxable Value'

2019-04-14 00:07:16 - [TEST_STEP][PASSED] - delay(1): Delayed 1 second(s)

2019-04-14 00:07:17 - [MESSAGE][PASSED] - Delayed 1 second(s)

2019-04-14 00:07:17 - [TEST_STEP][PASSED] - setText(findTestObject("Generate/Enter Quantity"), "1"): Text '1' is set on object 'Object Repository/Generate/Enter Quantity'

2019-04-14 00:07:17 - [MESSAGE][PASSED] - Text '1' is set on object 'Object Repository/Generate/Enter Quantity'

2019-04-14 00:07:17 - [TEST_STEP][PASSED] - delay(1): Delayed 1 second(s)

2019-04-14 00:07:18 - [MESSAGE][PASSED] - Delayed 1 second(s)

2019-04-14 00:07:18 - [TEST_STEP][PASSED] - selectOptionByValue(findTestObject("Generate/Select CGST Rate"), "string:1.50", true): All options with value 'string:1.50' are selected in object 'Object Repository/Generate/Select CGST Rate'  using regular expression

2019-04-14 00:07:19 - [MESSAGE][PASSED] - All options with value 'string:1.50' are selected in object 'Object Repository/Generate/Select CGST Rate'  using regular expression

2019-04-14 00:07:19 - [TEST_STEP][PASSED] - delay(1): Delayed 1 second(s)

2019-04-14 00:07:20 - [MESSAGE][PASSED] - Delayed 1 second(s)

2019-04-14 00:07:20 - [TEST_STEP][PASSED] - selectOptionByValue(findTestObject("Generate/Select SGST Rate"), "string:1.50", true): All options with value 'string:1.50' are selected in object 'Object Repository/Generate/Select SGST Rate'  using regular expression

2019-04-14 00:07:20 - [MESSAGE][PASSED] - All options with value 'string:1.50' are selected in object 'Object Repository/Generate/Select SGST Rate'  using regular expression

2019-04-14 00:07:20 - [TEST_STEP][PASSED] - delay(1): Delayed 1 second(s)

2019-04-14 00:07:21 - [MESSAGE][PASSED] - Delayed 1 second(s)

2019-04-14 00:07:21 - [TEST_STEP][PASSED] - selectOptionByValue(findTestObject("Generate/Select Cess Advol"), "string:3", true): All options with value 'string:3' are selected in object 'Object Repository/Generate/Select Cess Advol'  using regular expression

2019-04-14 00:07:22 - [MESSAGE][PASSED] - All options with value 'string:3' are selected in object 'Object Repository/Generate/Select Cess Advol'  using regular expression

2019-04-14 00:07:22 - [TEST_STEP][PASSED] - delay(1): Delayed 1 second(s)

2019-04-14 00:07:23 - [MESSAGE][PASSED] - Delayed 1 second(s)

2019-04-14 00:07:23 - [TEST_STEP][PASSED] - selectOptionByValue(findTestObject("Generate/Select Cess Non Advol"), "number:400", true): All options with value 'number:400' are selected in object 'Object Repository/Generate/Select Cess Non Advol'  using regular expression

2019-04-14 00:07:23 - [MESSAGE][PASSED] - All options with value 'number:400' are selected in object 'Object Repository/Generate/Select Cess Non Advol'  using regular expression

2019-04-14 00:07:23 - [TEST_STEP][PASSED] - delay(1): Delayed 1 second(s)

2019-04-14 00:07:24 - [MESSAGE][PASSED] - Delayed 1 second(s)

2019-04-14 00:07:24 - [TEST_STEP][PASSED] - setText(findTestObject("Generate/Enter Distance"), "100"): Text '100' is set on object 'Object Repository/Generate/Enter Distance'

2019-04-14 00:07:25 - [MESSAGE][PASSED] - Text '100' is set on object 'Object Repository/Generate/Enter Distance'

2019-04-14 00:07:25 - [TEST_STEP][PASSED] - delay(1): Delayed 1 second(s)

2019-04-14 00:07:26 - [MESSAGE][PASSED] - Delayed 1 second(s)

2019-04-14 00:07:26 - [TEST_STEP][PASSED] - setText(findTestObject("Generate/Enter Transporter ID"), "05AAAAU1183B1Z0"): Text '05AAAAU1183B1Z0' is set on object 'Object Repository/Generate/Enter Transporter ID'

2019-04-14 00:07:26 - [MESSAGE][PASSED] - Text '05AAAAU1183B1Z0' is set on object 'Object Repository/Generate/Enter Transporter ID'

2019-04-14 00:07:26 - [TEST_STEP][PASSED] - delay(1): Delayed 1 second(s)

2019-04-14 00:07:27 - [MESSAGE][PASSED] - Delayed 1 second(s)

2019-04-14 00:07:27 - [TEST_STEP][PASSED] - click(findTestObject("Generate/Sumbit Button")): Object: 'Object Repository/Generate/Sumbit Button' is clicked on

2019-04-14 00:07:27 - [MESSAGE][PASSED] - Object: 'Object Repository/Generate/Sumbit Button' is clicked on

2019-04-14 00:07:27 - [TEST_STEP][PASSED] - delay(5): Delayed 5 second(s)

2019-04-14 00:07:32 - [MESSAGE][PASSED] - Delayed 5 second(s)

2019-04-14 00:07:32 - [TEST_STEP][PASSED] - MsgGenn = getText(findTestObject("Generate/Message for not active")): Text of object 'Object Repository/Generate/Message for not active' is: 'Generated Successfully'

2019-04-14 00:07:32 - [MESSAGE][PASSED] - Text of object 'Object Repository/Generate/Message for not active' is: 'Generated Successfully'

2019-04-14 00:07:32 - [TEST_STEP][PASSED] - verifyMatch(MsgGenn, "Generated Successfully", true): Actual text 'Generated Successfully' and expected text 'Generated Successfully' are matched  using regular expression

2019-04-14 00:07:32 - [MESSAGE][PASSED] - Actual text 'Generated Successfully' and expected text 'Generated Successfully' are matched  using regular expression

2019-04-14 00:07:32 - [TEST_STEP][PASSED] - delay(1): Delayed 1 second(s)

2019-04-14 00:07:33 - [MESSAGE][PASSED] - Delayed 1 second(s)

2019-04-14 00:07:33 - [TEST_STEP][PASSED] - click(findTestObject("Generate/Msg_GSTIN is valid")): Object: 'Object Repository/Generate/Msg_GSTIN is valid' is clicked on

2019-04-14 00:07:33 - [MESSAGE][PASSED] - Object: 'Object Repository/Generate/Msg_GSTIN is valid' is clicked on

2019-04-14 00:07:33 - [TEST_STEP][PASSED] - delay(1): Delayed 1 second(s)

2019-04-14 00:07:34 - [MESSAGE][PASSED] - Delayed 1 second(s)

2019-04-14 00:07:34 - [TEST_STEP][PASSED] - ewayBillNoo = getText(findTestObject("Generate/EwayBill number - Active Invalid")): Text of object 'Object Repository/Generate/EwayBill number - Active Invalid' is: '391001758882'

2019-04-14 00:07:35 - [MESSAGE][PASSED] - Text of object 'Object Repository/Generate/EwayBill number - Active Invalid' is: '391001758882'

2019-04-14 00:07:35 - [TEST_STEP][PASSED] - logInfo("ewayBillNoo:" + ewayBillNoo): ewayBillNoo:391001758882

2019-04-14 00:07:35 - [MESSAGE][INFO] - ewayBillNoo:391001758882

2019-04-14 00:07:35 - [TEST_STEP][PASSED] - utility.WriteToExcel.Sd(ewayBillNoo, 0, c, 1): utility.WriteToExcel.Sd is PASSED

2019-04-14 00:07:35 - [MESSAGE][PASSED] - utility.WriteToExcel.Sd is PASSED

2019-04-14 00:07:35 - [TEST_STEP][PASSED] - delay(1): Delayed 1 second(s)

2019-04-14 00:07:36 - [MESSAGE][PASSED] - Delayed 1 second(s)

2019-04-14 00:07:36 - [TEST_STEP][PASSED] - EwayBillDatee = getText(findTestObject("Generate/EWB Date - Active Invalid")): Text of object 'Object Repository/Generate/EWB Date - Active Invalid' is: '14/04/2019 12:07:26 AM'

2019-04-14 00:07:36 - [MESSAGE][PASSED] - Text of object 'Object Repository/Generate/EWB Date - Active Invalid' is: '14/04/2019 12:07:26 AM'

2019-04-14 00:07:36 - [TEST_STEP][PASSED] - utility.WriteToExcel.Sd(EwayBillDatee, 0, c, 2): utility.WriteToExcel.Sd is PASSED

2019-04-14 00:07:36 - [MESSAGE][PASSED] - utility.WriteToExcel.Sd is PASSED

2019-04-14 00:07:36 - [TEST_STEP][PASSED] - delay(1): Delayed 1 second(s)

2019-04-14 00:07:37 - [MESSAGE][PASSED] - Delayed 1 second(s)

2019-04-14 00:07:37 - [TEST_STEP][PASSED] - EwayBillStatuss = getText(findTestObject("Generate/Status - Active not yet valid")): Text of object 'Object Repository/Generate/Status - Active not yet valid' is: 'ACTIVE NOT YET VALID'

2019-04-14 00:07:37 - [MESSAGE][PASSED] - Text of object 'Object Repository/Generate/Status - Active not yet valid' is: 'ACTIVE NOT YET VALID'

2019-04-14 00:07:37 - [TEST_STEP][PASSED] - verifyMatch(EwayBillStatuss, "ACTIVE NOT YET VALID", true): Actual text 'ACTIVE NOT YET VALID' and expected text 'ACTIVE NOT YET VALID' are matched  using regular expression

2019-04-14 00:07:37 - [MESSAGE][PASSED] - Actual text 'ACTIVE NOT YET VALID' and expected text 'ACTIVE NOT YET VALID' are matched  using regular expression

2019-04-14 00:07:37 - [TEST_STEP][PASSED] - utility.WriteToExcel.Sd(EwayBillStatuss, 0, c, 4): utility.WriteToExcel.Sd is PASSED

2019-04-14 00:07:37 - [MESSAGE][PASSED] - utility.WriteToExcel.Sd is PASSED

2019-04-14 00:07:37 - [TEST_STEP][PASSED] - (c++): null

2019-04-14 00:07:37 - [TEST_STEP][PASSED] - delay(2): Delayed 2 second(s)

2019-04-14 00:07:39 - [MESSAGE][PASSED] - Delayed 2 second(s)

2019-04-14 00:07:39 - [TEST_STEP][PASSED] - click(findTestObject("Generate/Cancel icon")): Object: 'Object Repository/Generate/Cancel icon' is clicked on

2019-04-14 00:07:39 - [MESSAGE][PASSED] - Object: 'Object Repository/Generate/Cancel icon' is clicked on

2019-04-14 00:07:39 - [TEST_STEP][PASSED] - delay(2): Delayed 2 second(s)

2019-04-14 00:07:41 - [MESSAGE][PASSED] - Delayed 2 second(s)

2019-04-14 00:07:41 - [TEST_STEP][PASSED] - refresh(): Refresh successfully

2019-04-14 00:07:43 - [MESSAGE][PASSED] - Refresh successfully]]></system-out>
         <system-err><![CDATA[]]></system-err>
      </testcase>
      <testcase name="Test Cases/Update" classname="Test Cases/Update" status="PASSED">
         <system-out><![CDATA[2019-04-14 00:07:43 - [TEST_CASE][PASSED] - Test Cases/Update: Test Cases/Update

2019-04-14 00:07:43 - [TEST_STEP][PASSED] - click(findTestObject("Update/View Tab")): Object: 'Object Repository/Update/View Tab' is clicked on

2019-04-14 00:07:43 - [MESSAGE][PASSED] - Object: 'Object Repository/Update/View Tab' is clicked on

2019-04-14 00:07:43 - [TEST_STEP][PASSED] - delay(2): Delayed 2 second(s)

2019-04-14 00:07:45 - [MESSAGE][PASSED] - Delayed 2 second(s)

2019-04-14 00:07:45 - [TEST_STEP][PASSED] - EwayBillNo = utility.ReadFromExcel.Read(0, 2, 1): utility.ReadFromExcel.Read is PASSED

2019-04-14 00:07:45 - [MESSAGE][PASSED] - utility.ReadFromExcel.Read is PASSED

2019-04-14 00:07:45 - [TEST_STEP][PASSED] - logInfo("EwayBillNo:" + EwayBillNo): EwayBillNo:351001758880

2019-04-14 00:07:45 - [MESSAGE][INFO] - EwayBillNo:351001758880

2019-04-14 00:07:45 - [TEST_STEP][PASSED] - delay(1): Delayed 1 second(s)

2019-04-14 00:07:46 - [MESSAGE][PASSED] - Delayed 1 second(s)

2019-04-14 00:07:46 - [TEST_STEP][PASSED] - click(findTestObject("Update/Enter EwayBill No. in Filter")): Object: 'Object Repository/Update/Enter EwayBill No. in Filter' is clicked on

2019-04-14 00:07:47 - [MESSAGE][PASSED] - Object: 'Object Repository/Update/Enter EwayBill No. in Filter' is clicked on

2019-04-14 00:07:47 - [TEST_STEP][PASSED] - delay(2): Delayed 2 second(s)

2019-04-14 00:07:49 - [MESSAGE][PASSED] - Delayed 2 second(s)

2019-04-14 00:07:49 - [TEST_STEP][PASSED] - setText(findTestObject("Update/Enter EwayBill No. in Filter"), EwayBillNo): Text '351001758880' is set on object 'Object Repository/Update/Enter EwayBill No. in Filter'

2019-04-14 00:07:49 - [MESSAGE][PASSED] - Text '351001758880' is set on object 'Object Repository/Update/Enter EwayBill No. in Filter'

2019-04-14 00:07:49 - [TEST_STEP][PASSED] - delay(2): Delayed 2 second(s)

2019-04-14 00:07:51 - [MESSAGE][PASSED] - Delayed 2 second(s)

2019-04-14 00:07:51 - [TEST_STEP][PASSED] - sendKeys(findTestObject("Update/Enter EwayBill No. in Filter"), Keys.chord(ENTER)): Keys 'ENTER + ' sent to object: 'Object Repository/Update/Enter EwayBill No. in Filter'

2019-04-14 00:07:51 - [MESSAGE][PASSED] - Keys 'ENTER + ' sent to object: 'Object Repository/Update/Enter EwayBill No. in Filter'

2019-04-14 00:07:51 - [TEST_STEP][PASSED] - delay(2): Delayed 2 second(s)

2019-04-14 00:07:53 - [MESSAGE][PASSED] - Delayed 2 second(s)

2019-04-14 00:07:53 - [TEST_STEP][PASSED] - click(findTestObject("Update/Checkbox againts eway bill")): Object: 'Object Repository/Update/Checkbox againts eway bill' is clicked on

2019-04-14 00:07:53 - [MESSAGE][PASSED] - Object: 'Object Repository/Update/Checkbox againts eway bill' is clicked on

2019-04-14 00:07:53 - [TEST_STEP][PASSED] - delay(1): Delayed 1 second(s)

2019-04-14 00:07:54 - [MESSAGE][PASSED] - Delayed 1 second(s)

2019-04-14 00:07:54 - [TEST_STEP][PASSED] - scrollToPosition(0, 0): Browser is scrolled to position x = 0, y = 0

2019-04-14 00:07:54 - [MESSAGE][PASSED] - Browser is scrolled to position x = 0, y = 0

2019-04-14 00:07:54 - [TEST_STEP][PASSED] - delay(1): Delayed 1 second(s)

2019-04-14 00:07:55 - [MESSAGE][PASSED] - Delayed 1 second(s)

2019-04-14 00:07:55 - [TEST_STEP][PASSED] - click(findTestObject("Update/Update Part B button")): Object: 'Object Repository/Update/Update Part B button' is clicked on

2019-04-14 00:07:56 - [MESSAGE][PASSED] - Object: 'Object Repository/Update/Update Part B button' is clicked on

2019-04-14 00:07:56 - [TEST_STEP][PASSED] - delay(1): Delayed 1 second(s)

2019-04-14 00:07:57 - [MESSAGE][PASSED] - Delayed 1 second(s)

2019-04-14 00:07:57 - [TEST_STEP][PASSED] - click(findTestObject("Update/Select Mode")): Object: 'Object Repository/Update/Select Mode' is clicked on

2019-04-14 00:07:57 - [MESSAGE][PASSED] - Object: 'Object Repository/Update/Select Mode' is clicked on

2019-04-14 00:07:57 - [TEST_STEP][PASSED] - delay(1): Delayed 1 second(s)

2019-04-14 00:07:58 - [MESSAGE][PASSED] - Delayed 1 second(s)

2019-04-14 00:07:58 - [TEST_STEP][PASSED] - setText(findTestObject("Update/Enter From Place"), "Mumbai"): Text 'Mumbai' is set on object 'Object Repository/Update/Enter From Place'

2019-04-14 00:07:58 - [MESSAGE][PASSED] - Text 'Mumbai' is set on object 'Object Repository/Update/Enter From Place'

2019-04-14 00:07:58 - [TEST_STEP][PASSED] - delay(1): Delayed 1 second(s)

2019-04-14 00:07:59 - [MESSAGE][PASSED] - Delayed 1 second(s)

2019-04-14 00:07:59 - [TEST_STEP][PASSED] - selectOptionByValue(findTestObject("Update/Select From State"), "string:27", true): All options with value 'string:27' are selected in object 'Object Repository/Update/Select From State'  using regular expression

2019-04-14 00:08:00 - [MESSAGE][PASSED] - All options with value 'string:27' are selected in object 'Object Repository/Update/Select From State'  using regular expression

2019-04-14 00:08:00 - [TEST_STEP][PASSED] - delay(1): Delayed 1 second(s)

2019-04-14 00:08:01 - [MESSAGE][PASSED] - Delayed 1 second(s)

2019-04-14 00:08:01 - [TEST_STEP][PASSED] - setText(findTestObject("Update/Enter Vehical No"), "MH04EX1020"): Text 'MH04EX1020' is set on object 'Object Repository/Update/Enter Vehical No'

2019-04-14 00:08:01 - [MESSAGE][PASSED] - Text 'MH04EX1020' is set on object 'Object Repository/Update/Enter Vehical No'

2019-04-14 00:08:01 - [TEST_STEP][PASSED] - delay(1): Delayed 1 second(s)

2019-04-14 00:08:02 - [MESSAGE][PASSED] - Delayed 1 second(s)

2019-04-14 00:08:02 - [TEST_STEP][PASSED] - selectOptionByValue(findTestObject("Update/Select Reason"), "number:1", true): All options with value 'number:1' are selected in object 'Object Repository/Update/Select Reason'  using regular expression

2019-04-14 00:08:03 - [MESSAGE][PASSED] - All options with value 'number:1' are selected in object 'Object Repository/Update/Select Reason'  using regular expression

2019-04-14 00:08:03 - [TEST_STEP][PASSED] - delay(1): Delayed 1 second(s)

2019-04-14 00:08:04 - [MESSAGE][PASSED] - Delayed 1 second(s)

2019-04-14 00:08:04 - [TEST_STEP][PASSED] - setText(findTestObject("Update/Enter Remarks"), "Internal Testing"): Text 'Internal Testing' is set on object 'Object Repository/Update/Enter Remarks'

2019-04-14 00:08:04 - [MESSAGE][PASSED] - Text 'Internal Testing' is set on object 'Object Repository/Update/Enter Remarks'

2019-04-14 00:08:04 - [TEST_STEP][PASSED] - delay(2): Delayed 2 second(s)

2019-04-14 00:08:06 - [MESSAGE][PASSED] - Delayed 2 second(s)

2019-04-14 00:08:06 - [TEST_STEP][PASSED] - click(findTestObject("Update/Update Button")): Object: 'Object Repository/Update/Update Button' is clicked on

2019-04-14 00:08:06 - [MESSAGE][PASSED] - Object: 'Object Repository/Update/Update Button' is clicked on

2019-04-14 00:08:06 - [TEST_STEP][PASSED] - delay(1): Delayed 1 second(s)

2019-04-14 00:08:07 - [MESSAGE][PASSED] - Delayed 1 second(s)

2019-04-14 00:08:07 - [TEST_STEP][PASSED] - EwayBill = getText(findTestObject("Update/EwayBill No")): Text of object 'Object Repository/Update/EwayBill No' is: '351001758880'

2019-04-14 00:08:07 - [MESSAGE][PASSED] - Text of object 'Object Repository/Update/EwayBill No' is: '351001758880'

2019-04-14 00:08:07 - [TEST_STEP][PASSED] - logInfo("Ewaybill : " + EwayBill): Ewaybill : 351001758880

2019-04-14 00:08:07 - [MESSAGE][INFO] - Ewaybill : 351001758880

2019-04-14 00:08:07 - [TEST_STEP][PASSED] - delay(1): Delayed 1 second(s)

2019-04-14 00:08:08 - [MESSAGE][PASSED] - Delayed 1 second(s)

2019-04-14 00:08:08 - [TEST_STEP][PASSED] - EwayBillValiDate = getText(findTestObject("Update/EwayBill Validity Date")): Text of object 'Object Repository/Update/EwayBill Validity Date' is: '15/04/2019 11:59:00'

2019-04-14 00:08:08 - [MESSAGE][PASSED] - Text of object 'Object Repository/Update/EwayBill Validity Date' is: '15/04/2019 11:59:00'

2019-04-14 00:08:08 - [TEST_STEP][PASSED] - logInfo("EwaybillDate: " + EwayBillValiDate): EwaybillDate: 15/04/2019 11:59:00

2019-04-14 00:08:08 - [MESSAGE][INFO] - EwaybillDate: 15/04/2019 11:59:00

2019-04-14 00:08:08 - [TEST_STEP][PASSED] - utility.WriteToExcel.Sd(EwayBillValiDate, 0, 2, 3): utility.WriteToExcel.Sd is PASSED

2019-04-14 00:08:08 - [MESSAGE][PASSED] - utility.WriteToExcel.Sd is PASSED

2019-04-14 00:08:08 - [TEST_STEP][PASSED] - delay(1): Delayed 1 second(s)

2019-04-14 00:08:09 - [MESSAGE][PASSED] - Delayed 1 second(s)

2019-04-14 00:08:09 - [TEST_STEP][PASSED] - click(findTestObject("Update/Ok Button")): Object: 'Object Repository/Update/Ok Button' is clicked on

2019-04-14 00:08:09 - [MESSAGE][PASSED] - Object: 'Object Repository/Update/Ok Button' is clicked on

2019-04-14 00:08:09 - [TEST_STEP][PASSED] - delay(2): Delayed 2 second(s)

2019-04-14 00:08:11 - [MESSAGE][PASSED] - Delayed 2 second(s)

2019-04-14 00:08:11 - [TEST_STEP][PASSED] - scrollToPosition(0, 0): Browser is scrolled to position x = 0, y = 0

2019-04-14 00:08:11 - [MESSAGE][PASSED] - Browser is scrolled to position x = 0, y = 0

2019-04-14 00:08:11 - [TEST_STEP][PASSED] - delay(1): Delayed 1 second(s)

2019-04-14 00:08:12 - [MESSAGE][PASSED] - Delayed 1 second(s)

2019-04-14 00:08:12 - [TEST_STEP][PASSED] - click(findTestObject("Update/BACK Button")): Object: 'Object Repository/Update/BACK Button' is clicked on

2019-04-14 00:08:13 - [MESSAGE][PASSED] - Object: 'Object Repository/Update/BACK Button' is clicked on

2019-04-14 00:08:13 - [TEST_STEP][PASSED] - delay(2): Delayed 2 second(s)

2019-04-14 00:08:15 - [MESSAGE][PASSED] - Delayed 2 second(s)

2019-04-14 00:08:15 - [TEST_STEP][PASSED] - click(findTestObject("Update/Enter EwayBill No. in Filter")): Object: 'Object Repository/Update/Enter EwayBill No. in Filter' is clicked on

2019-04-14 00:08:15 - [MESSAGE][PASSED] - Object: 'Object Repository/Update/Enter EwayBill No. in Filter' is clicked on

2019-04-14 00:08:15 - [TEST_STEP][PASSED] - delay(1): Delayed 1 second(s)

2019-04-14 00:08:16 - [MESSAGE][PASSED] - Delayed 1 second(s)

2019-04-14 00:08:16 - [TEST_STEP][PASSED] - setText(findTestObject("Update/Enter EwayBill No. in Filter"), EwayBill): Text '351001758880' is set on object 'Object Repository/Update/Enter EwayBill No. in Filter'

2019-04-14 00:08:16 - [MESSAGE][PASSED] - Text '351001758880' is set on object 'Object Repository/Update/Enter EwayBill No. in Filter'

2019-04-14 00:08:16 - [TEST_STEP][PASSED] - delay(1): Delayed 1 second(s)

2019-04-14 00:08:17 - [MESSAGE][PASSED] - Delayed 1 second(s)

2019-04-14 00:08:17 - [TEST_STEP][PASSED] - sendKeys(findTestObject("Update/Enter EwayBill No. in Filter"), Keys.chord(ENTER)): Keys 'ENTER + ' sent to object: 'Object Repository/Update/Enter EwayBill No. in Filter'

2019-04-14 00:08:17 - [MESSAGE][PASSED] - Keys 'ENTER + ' sent to object: 'Object Repository/Update/Enter EwayBill No. in Filter'

2019-04-14 00:08:17 - [TEST_STEP][PASSED] - delay(1): Delayed 1 second(s)

2019-04-14 00:08:18 - [MESSAGE][PASSED] - Delayed 1 second(s)

2019-04-14 00:08:18 - [TEST_STEP][PASSED] - scrollToPosition(0, 0): Browser is scrolled to position x = 0, y = 0

2019-04-14 00:08:18 - [MESSAGE][PASSED] - Browser is scrolled to position x = 0, y = 0

2019-04-14 00:08:18 - [TEST_STEP][PASSED] - delay(1): Delayed 1 second(s)

2019-04-14 00:08:19 - [MESSAGE][PASSED] - Delayed 1 second(s)

2019-04-14 00:08:19 - [TEST_STEP][PASSED] - status = getText(findTestObject("Update/Check Status Active")): Text of object 'Object Repository/Update/Check Status Active' is: 'ACTIVE'

2019-04-14 00:08:20 - [MESSAGE][PASSED] - Text of object 'Object Repository/Update/Check Status Active' is: 'ACTIVE'

2019-04-14 00:08:20 - [TEST_STEP][PASSED] - verifyMatch(status, "ACTIVE", true): Actual text 'ACTIVE' and expected text 'ACTIVE' are matched  using regular expression

2019-04-14 00:08:20 - [MESSAGE][PASSED] - Actual text 'ACTIVE' and expected text 'ACTIVE' are matched  using regular expression

2019-04-14 00:08:20 - [TEST_STEP][PASSED] - logInfo("Ewaybill Status: " + status): Ewaybill Status: ACTIVE

2019-04-14 00:08:20 - [MESSAGE][INFO] - Ewaybill Status: ACTIVE

2019-04-14 00:08:20 - [TEST_STEP][PASSED] - utility.WriteToExcel.Sd(status, 0, 2, 4): utility.WriteToExcel.Sd is PASSED

2019-04-14 00:08:20 - [MESSAGE][PASSED] - utility.WriteToExcel.Sd is PASSED

2019-04-14 00:08:20 - [TEST_STEP][PASSED] - delay(1): Delayed 1 second(s)

2019-04-14 00:08:21 - [MESSAGE][PASSED] - Delayed 1 second(s)]]></system-out>
         <system-err><![CDATA[]]></system-err>
      </testcase>
      <testcase name="Test Cases/Cancel" classname="Test Cases/Cancel" status="PASSED">
         <system-out><![CDATA[2019-04-14 00:08:21 - [TEST_CASE][PASSED] - Test Cases/Cancel: Test Cases/Cancel

2019-04-14 00:08:21 - [TEST_STEP][PASSED] - refresh(): Refresh successfully

2019-04-14 00:08:22 - [MESSAGE][PASSED] - Refresh successfully

2019-04-14 00:08:22 - [TEST_STEP][PASSED] - delay(2): Delayed 2 second(s)

2019-04-14 00:08:24 - [MESSAGE][PASSED] - Delayed 2 second(s)

2019-04-14 00:08:24 - [TEST_STEP][PASSED] - navigateToUrl("https://dev.esp.irisgst.com/#/viewEway"): Navigate to 'https://dev.esp.irisgst.com/#/viewEway' successfully

2019-04-14 00:08:24 - [MESSAGE][PASSED] - Navigate to 'https://dev.esp.irisgst.com/#/viewEway' successfully

2019-04-14 00:08:24 - [TEST_STEP][PASSED] - delay(1): Delayed 1 second(s)

2019-04-14 00:08:25 - [MESSAGE][PASSED] - Delayed 1 second(s)

2019-04-14 00:08:25 - [TEST_STEP][PASSED] - Eway = utility.ReadFromExcel.Read(0, 3, 1): utility.ReadFromExcel.Read is PASSED

2019-04-14 00:08:25 - [MESSAGE][PASSED] - utility.ReadFromExcel.Read is PASSED

2019-04-14 00:08:25 - [TEST_STEP][PASSED] - logInfo("EwayBill: " + Eway): EwayBill: 321001758881

2019-04-14 00:08:25 - [MESSAGE][INFO] - EwayBill: 321001758881

2019-04-14 00:08:25 - [TEST_STEP][PASSED] - click(findTestObject("Cancel/Ewb no filter")): Object: 'Object Repository/Cancel/Ewb no filter' is clicked on

2019-04-14 00:08:25 - [MESSAGE][PASSED] - Object: 'Object Repository/Cancel/Ewb no filter' is clicked on

2019-04-14 00:08:25 - [TEST_STEP][PASSED] - delay(2): Delayed 2 second(s)

2019-04-14 00:08:27 - [MESSAGE][PASSED] - Delayed 2 second(s)

2019-04-14 00:08:27 - [TEST_STEP][PASSED] - setText(findTestObject("Cancel/Ewb no filter"), Eway): Text '321001758881' is set on object 'Object Repository/Cancel/Ewb no filter'

2019-04-14 00:08:28 - [MESSAGE][PASSED] - Text '321001758881' is set on object 'Object Repository/Cancel/Ewb no filter'

2019-04-14 00:08:28 - [TEST_STEP][PASSED] - delay(2): Delayed 2 second(s)

2019-04-14 00:08:30 - [MESSAGE][PASSED] - Delayed 2 second(s)

2019-04-14 00:08:30 - [TEST_STEP][PASSED] - sendKeys(findTestObject("Cancel/Ewb no filter"), Keys.chord(ENTER)): Keys 'ENTER + ' sent to object: 'Object Repository/Cancel/Ewb no filter'

2019-04-14 00:08:30 - [MESSAGE][PASSED] - Keys 'ENTER + ' sent to object: 'Object Repository/Cancel/Ewb no filter'

2019-04-14 00:08:30 - [TEST_STEP][PASSED] - delay(1): Delayed 1 second(s)

2019-04-14 00:08:31 - [MESSAGE][PASSED] - Delayed 1 second(s)

2019-04-14 00:08:31 - [TEST_STEP][PASSED] - click(findTestObject("Cancel/Checkbox")): Object: 'Object Repository/Cancel/Checkbox' is clicked on

2019-04-14 00:08:31 - [MESSAGE][PASSED] - Object: 'Object Repository/Cancel/Checkbox' is clicked on

2019-04-14 00:08:31 - [TEST_STEP][PASSED] - delay(1): Delayed 1 second(s)

2019-04-14 00:08:32 - [MESSAGE][PASSED] - Delayed 1 second(s)

2019-04-14 00:08:32 - [TEST_STEP][PASSED] - scrollToPosition(0, 0): Browser is scrolled to position x = 0, y = 0

2019-04-14 00:08:32 - [MESSAGE][PASSED] - Browser is scrolled to position x = 0, y = 0

2019-04-14 00:08:32 - [TEST_STEP][PASSED] - click(findTestObject("Cancel/Cancel button on view")): Object: 'Object Repository/Cancel/Cancel button on view' is clicked on

2019-04-14 00:08:32 - [MESSAGE][PASSED] - Object: 'Object Repository/Cancel/Cancel button on view' is clicked on

2019-04-14 00:08:32 - [TEST_STEP][PASSED] - delay(2): Delayed 2 second(s)

2019-04-14 00:08:34 - [MESSAGE][PASSED] - Delayed 2 second(s)

2019-04-14 00:08:34 - [TEST_STEP][PASSED] - selectOptionByValue(findTestObject("Cancel/Select Reason"), "number:4", true): All options with value 'number:4' are selected in object 'Object Repository/Cancel/Select Reason'  using regular expression

2019-04-14 00:08:35 - [MESSAGE][PASSED] - All options with value 'number:4' are selected in object 'Object Repository/Cancel/Select Reason'  using regular expression

2019-04-14 00:08:35 - [TEST_STEP][PASSED] - delay(1): Delayed 1 second(s)

2019-04-14 00:08:36 - [MESSAGE][PASSED] - Delayed 1 second(s)

2019-04-14 00:08:36 - [TEST_STEP][PASSED] - setText(findTestObject("Cancel/Enter Cancel Remark"), "Internal Testing"): Text 'Internal Testing' is set on object 'Object Repository/Cancel/Enter Cancel Remark'

2019-04-14 00:08:36 - [MESSAGE][PASSED] - Text 'Internal Testing' is set on object 'Object Repository/Cancel/Enter Cancel Remark'

2019-04-14 00:08:36 - [TEST_STEP][PASSED] - delay(1): Delayed 1 second(s)

2019-04-14 00:08:37 - [MESSAGE][PASSED] - Delayed 1 second(s)

2019-04-14 00:08:37 - [TEST_STEP][PASSED] - click(findTestObject("Cancel/Cancel button")): Object: 'Object Repository/Cancel/Cancel button' is clicked on

2019-04-14 00:08:37 - [MESSAGE][PASSED] - Object: 'Object Repository/Cancel/Cancel button' is clicked on

2019-04-14 00:08:37 - [TEST_STEP][PASSED] - delay(1): Delayed 1 second(s)

2019-04-14 00:08:38 - [MESSAGE][PASSED] - Delayed 1 second(s)

2019-04-14 00:08:38 - [TEST_STEP][PASSED] - ewaybill = getText(findTestObject("Cancel/Ewb No")): Text of object 'Object Repository/Cancel/Ewb No' is: '321001758881'

2019-04-14 00:08:39 - [MESSAGE][PASSED] - Text of object 'Object Repository/Cancel/Ewb No' is: '321001758881'

2019-04-14 00:08:39 - [TEST_STEP][PASSED] - logInfo("ewaybill: " + ewaybill): ewaybill: 321001758881

2019-04-14 00:08:39 - [MESSAGE][INFO] - ewaybill: 321001758881

2019-04-14 00:08:39 - [TEST_STEP][PASSED] - delay(1): Delayed 1 second(s)

2019-04-14 00:08:40 - [MESSAGE][PASSED] - Delayed 1 second(s)

2019-04-14 00:08:40 - [TEST_STEP][PASSED] - ewaybillCanceldate = getText(findTestObject("Cancel/Cancel Date")): Text of object 'Object Repository/Cancel/Cancel Date' is: '14/04/2019 12:08:00'

2019-04-14 00:08:40 - [MESSAGE][PASSED] - Text of object 'Object Repository/Cancel/Cancel Date' is: '14/04/2019 12:08:00'

2019-04-14 00:08:40 - [TEST_STEP][PASSED] - logInfo("ewaybillCanceldate: " + ewaybillCanceldate): ewaybillCanceldate: 14/04/2019 12:08:00

2019-04-14 00:08:40 - [MESSAGE][INFO] - ewaybillCanceldate: 14/04/2019 12:08:00

2019-04-14 00:08:40 - [TEST_STEP][PASSED] - utility.WriteToExcel.Sd(ewaybillCanceldate, 0, 3, 3): utility.WriteToExcel.Sd is PASSED

2019-04-14 00:08:40 - [MESSAGE][PASSED] - utility.WriteToExcel.Sd is PASSED

2019-04-14 00:08:40 - [TEST_STEP][PASSED] - delay(1): Delayed 1 second(s)

2019-04-14 00:08:41 - [MESSAGE][PASSED] - Delayed 1 second(s)

2019-04-14 00:08:41 - [TEST_STEP][PASSED] - click(findTestObject("Cancel/button_Ok")): Object: 'Object Repository/Cancel/button_Ok' is clicked on

2019-04-14 00:08:41 - [MESSAGE][PASSED] - Object: 'Object Repository/Cancel/button_Ok' is clicked on

2019-04-14 00:08:41 - [TEST_STEP][PASSED] - delay(1): Delayed 1 second(s)

2019-04-14 00:08:42 - [MESSAGE][PASSED] - Delayed 1 second(s)

2019-04-14 00:08:42 - [TEST_STEP][PASSED] - scrollToPosition(0, 0): Browser is scrolled to position x = 0, y = 0

2019-04-14 00:08:42 - [MESSAGE][PASSED] - Browser is scrolled to position x = 0, y = 0

2019-04-14 00:08:42 - [TEST_STEP][PASSED] - click(findTestObject("Cancel/Back")): Object: 'Object Repository/Cancel/Back' is clicked on

2019-04-14 00:08:42 - [MESSAGE][PASSED] - Object: 'Object Repository/Cancel/Back' is clicked on

2019-04-14 00:08:42 - [TEST_STEP][PASSED] - delay(2): Delayed 2 second(s)

2019-04-14 00:08:44 - [MESSAGE][PASSED] - Delayed 2 second(s)

2019-04-14 00:08:44 - [TEST_STEP][PASSED] - click(findTestObject("Cancel/ACTIVE NOT YET VALID")): Object: 'Object Repository/Cancel/ACTIVE NOT YET VALID' is clicked on

2019-04-14 00:08:45 - [MESSAGE][PASSED] - Object: 'Object Repository/Cancel/ACTIVE NOT YET VALID' is clicked on

2019-04-14 00:08:45 - [TEST_STEP][PASSED] - delay(1): Delayed 1 second(s)

2019-04-14 00:08:46 - [MESSAGE][PASSED] - Delayed 1 second(s)

2019-04-14 00:08:46 - [TEST_STEP][PASSED] - click(findTestObject("Cancel/ACTIVE")): Object: 'Object Repository/Cancel/ACTIVE' is clicked on

2019-04-14 00:08:46 - [MESSAGE][PASSED] - Object: 'Object Repository/Cancel/ACTIVE' is clicked on

2019-04-14 00:08:46 - [TEST_STEP][PASSED] - delay(2): Delayed 2 second(s)

2019-04-14 00:08:48 - [MESSAGE][PASSED] - Delayed 2 second(s)

2019-04-14 00:08:48 - [TEST_STEP][PASSED] - click(findTestObject("Cancel/Ewb no filter")): Object: 'Object Repository/Cancel/Ewb no filter' is clicked on

2019-04-14 00:08:48 - [MESSAGE][PASSED] - Object: 'Object Repository/Cancel/Ewb no filter' is clicked on

2019-04-14 00:08:48 - [TEST_STEP][PASSED] - delay(2): Delayed 2 second(s)

2019-04-14 00:08:50 - [MESSAGE][PASSED] - Delayed 2 second(s)

2019-04-14 00:08:50 - [TEST_STEP][PASSED] - setText(findTestObject("Cancel/Ewb no filter"), Eway): Text '321001758881' is set on object 'Object Repository/Cancel/Ewb no filter'

2019-04-14 00:08:51 - [MESSAGE][PASSED] - Text '321001758881' is set on object 'Object Repository/Cancel/Ewb no filter'

2019-04-14 00:08:51 - [TEST_STEP][PASSED] - delay(2): Delayed 2 second(s)

2019-04-14 00:08:53 - [MESSAGE][PASSED] - Delayed 2 second(s)

2019-04-14 00:08:53 - [TEST_STEP][PASSED] - sendKeys(findTestObject("Cancel/Ewb no filter"), Keys.chord(ENTER)): Keys 'ENTER + ' sent to object: 'Object Repository/Cancel/Ewb no filter'

2019-04-14 00:08:53 - [MESSAGE][PASSED] - Keys 'ENTER + ' sent to object: 'Object Repository/Cancel/Ewb no filter'

2019-04-14 00:08:53 - [TEST_STEP][PASSED] - delay(1): Delayed 1 second(s)

2019-04-14 00:08:54 - [MESSAGE][PASSED] - Delayed 1 second(s)

2019-04-14 00:08:54 - [TEST_STEP][PASSED] - scrollToPosition(0, 0): Browser is scrolled to position x = 0, y = 0

2019-04-14 00:08:54 - [MESSAGE][PASSED] - Browser is scrolled to position x = 0, y = 0

2019-04-14 00:08:54 - [TEST_STEP][PASSED] - delay(1): Delayed 1 second(s)

2019-04-14 00:08:55 - [MESSAGE][PASSED] - Delayed 1 second(s)

2019-04-14 00:08:55 - [TEST_STEP][PASSED] - EwaybillStatus = getText(findTestObject("Cancel/Cancel Status")): Text of object 'Object Repository/Cancel/Cancel Status' is: 'CANCEL'

2019-04-14 00:08:55 - [MESSAGE][PASSED] - Text of object 'Object Repository/Cancel/Cancel Status' is: 'CANCEL'

2019-04-14 00:08:55 - [TEST_STEP][PASSED] - logInfo("EwaybillStatus: " + EwaybillStatus): EwaybillStatus: CANCEL

2019-04-14 00:08:55 - [MESSAGE][INFO] - EwaybillStatus: CANCEL

2019-04-14 00:08:55 - [TEST_STEP][PASSED] - utility.WriteToExcel.Sd(EwaybillStatus, 0, 3, 4): utility.WriteToExcel.Sd is PASSED

2019-04-14 00:08:55 - [MESSAGE][PASSED] - utility.WriteToExcel.Sd is PASSED]]></system-out>
         <system-err><![CDATA[]]></system-err>
      </testcase>
      <system-out><![CDATA[2019-04-14 00:04:32 - [TEST_SUITE][PASSED] - Smoke Test: Test Cases/Cancel]]></system-out>
      <system-err><![CDATA[]]></system-err>
   </testsuite>
</testsuites>
