<?xml version="1.0" encoding="UTF-8"?>
<testsuites name="Smoke Test" time="230" tests="3" failures="0" errors="1">
   <testsuite name="Smoke Test" tests="3" failures="0" errors="1" time="230" timestamp="2019-04-13 02:28:07" hostname="Amitansh - DESKTOP-TMTUP2J" id="Test Suites/Smoke Test">
      <properties>
         <property name="deviceName" value=""/>
         <property name="devicePlatform" value=""/>
         <property name="logFolder" value="C:\\Users\\Amitansh\\git\\katalonstudio\\Reports\\Smoke Test\\20190413_022804"/>
         <property name="logFiles" value="C:\\Users\\Amitansh\\git\\katalonstudio\\Reports\\Smoke Test\\20190413_022804\\execution0.log"/>
         <property name="attachments" value=""/>
         <property name="hostName" value="Amitansh - DESKTOP-TMTUP2J"/>
         <property name="os" value="Windows 10 64bit"/>
         <property name="katalonVersion" value="6.1.0.1"/>
         <property name="browser" value="Chrome 73.0.3683.103"/>
         <property name="hostAddress" value="192.168.0.104"/>
         <property name="sessionId" value="265efbbe0acd5c658080a90a5a6f3c21"/>
         <property name="seleniumVersion" value="3.7.1"/>
         <property name="proxyInformation" value="ProxyInformation{proxyOption=NO_PROXY, proxyServerType=HTTP, password=, proxyServerAddress=, proxyServerPort=0}"/>
         <property name="platform" value="Windows 10"/>
      </properties>
      <testcase name="Test Cases/Login" classname="Test Cases/Login" status="PASSED">
         <system-out><![CDATA[2019-04-13 02:28:07 - [TEST_CASE][PASSED] - Test Cases/Login: Test Cases/Login

2019-04-13 02:28:08 - [TEST_STEP][PASSED] - openBrowser(""): Browser is opened with url: ''

2019-04-13 02:28:08 - [MESSAGE][INFO] - Starting 'Chrome' driver

2019-04-13 02:28:08 - [MESSAGE][INFO] - Action delay is set to 0 seconds

2019-04-13 02:28:12 - [MESSAGE][PASSED] - Browser is opened with url: ''

2019-04-13 02:28:12 - [TEST_STEP][PASSED] - try: Navigate to 'https://dev.esp.irisgst.com/' successfully

2019-04-13 02:28:12 - [TEST_STEP][PASSED] - navigateToUrl(url): Navigate to 'https://dev.esp.irisgst.com/' successfully

2019-04-13 02:28:15 - [MESSAGE][PASSED] - Navigate to 'https://dev.esp.irisgst.com/' successfully

2019-04-13 02:28:15 - [TEST_STEP][PASSED] - maximizeWindow(): Current window maximized

2019-04-13 02:28:16 - [MESSAGE][PASSED] - Current window maximized

2019-04-13 02:28:16 - [TEST_STEP][PASSED] - delay(2): Delayed 2 second(s)

2019-04-13 02:28:18 - [MESSAGE][PASSED] - Delayed 2 second(s)

2019-04-13 02:28:18 - [TEST_STEP][PASSED] - try: Actual text 'IRIS-TOPAZ' and expected text 'IRIS-TOPAZ' are matched  using regular expression

2019-04-13 02:28:18 - [TEST_STEP][PASSED] - topazTitle = getWindowTitle(): Current window's title is: 'IRIS-TOPAZ'

2019-04-13 02:28:18 - [MESSAGE][PASSED] - Current window's title is: 'IRIS-TOPAZ'

2019-04-13 02:28:18 - [TEST_STEP][PASSED] - verifyMatch(topazTitle, "IRIS-TOPAZ", true): Actual text 'IRIS-TOPAZ' and expected text 'IRIS-TOPAZ' are matched  using regular expression

2019-04-13 02:28:18 - [MESSAGE][PASSED] - Actual text 'IRIS-TOPAZ' and expected text 'IRIS-TOPAZ' are matched  using regular expression

2019-04-13 02:28:18 - [TEST_STEP][PASSED] - setText(findTestObject("Login/Enter Username"), username): Text 'amit.nandha@irisindia.net' is set on object 'Object Repository/Login/Enter Username'

2019-04-13 02:28:19 - [MESSAGE][PASSED] - Text 'amit.nandha@irisindia.net' is set on object 'Object Repository/Login/Enter Username'

2019-04-13 02:28:19 - [TEST_STEP][PASSED] - setText(findTestObject("Login/Enter Password"), password): Text 'Abcd@12345' is set on object 'Object Repository/Login/Enter Password'

2019-04-13 02:28:19 - [MESSAGE][PASSED] - Text 'Abcd@12345' is set on object 'Object Repository/Login/Enter Password'

2019-04-13 02:28:19 - [TEST_STEP][PASSED] - delay(1): Delayed 1 second(s)

2019-04-13 02:28:20 - [MESSAGE][PASSED] - Delayed 1 second(s)

2019-04-13 02:28:20 - [TEST_STEP][PASSED] - try: Object: 'Object Repository/Login/Sign In button' is clicked on

2019-04-13 02:28:20 - [TEST_STEP][PASSED] - click(findTestObject("Login/Sign In button")): Object: 'Object Repository/Login/Sign In button' is clicked on

2019-04-13 02:28:20 - [MESSAGE][PASSED] - Object: 'Object Repository/Login/Sign In button' is clicked on

2019-04-13 02:28:20 - [TEST_STEP][PASSED] - delay(2): Delayed 2 second(s)

2019-04-13 02:28:22 - [MESSAGE][PASSED] - Delayed 2 second(s)

2019-04-13 02:28:22 - [TEST_STEP][PASSED] - try: Actual text 'Login Successful!' and expected text 'Login Successful!' are matched  using regular expression

2019-04-13 02:28:22 - [TEST_STEP][PASSED] - LoginTitle = getText(findTestObject("Login/div_Login Successful")): Text of object 'Object Repository/Login/div_Login Successful' is: 'Login Successful!'

2019-04-13 02:28:22 - [MESSAGE][PASSED] - Text of object 'Object Repository/Login/div_Login Successful' is: 'Login Successful!'

2019-04-13 02:28:22 - [TEST_STEP][PASSED] - verifyMatch(LoginTitle, "Login Successful!", true): Actual text 'Login Successful!' and expected text 'Login Successful!' are matched  using regular expression

2019-04-13 02:28:22 - [MESSAGE][PASSED] - Actual text 'Login Successful!' and expected text 'Login Successful!' are matched  using regular expression

2019-04-13 02:28:22 - [TEST_STEP][PASSED] - click(findTestObject("Login/div_Login Successful")): Object: 'Object Repository/Login/div_Login Successful' is clicked on

2019-04-13 02:28:22 - [MESSAGE][PASSED] - Object: 'Object Repository/Login/div_Login Successful' is clicked on]]></system-out>
         <system-err><![CDATA[]]></system-err>
      </testcase>
      <testcase name="Test Cases/Generate" classname="Test Cases/Generate" status="PASSED">
         <system-out><![CDATA[2019-04-13 02:28:22 - [TEST_CASE][PASSED] - Test Cases/Generate: Test Cases/Generate

2019-04-13 02:28:23 - [TEST_STEP][PASSED] - delay(3): Delayed 3 second(s)

2019-04-13 02:28:26 - [MESSAGE][PASSED] - Delayed 3 second(s)

2019-04-13 02:28:26 - [TEST_STEP][PASSED] - click(findTestObject("Generate/i_Vijeta Business Solution_fa fa-angle-double-right")): Object: 'Object Repository/Generate/i_Vijeta Business Solution_fa fa-angle-double-right' is clicked on

2019-04-13 02:28:26 - [MESSAGE][PASSED] - Object: 'Object Repository/Generate/i_Vijeta Business Solution_fa fa-angle-double-right' is clicked on

2019-04-13 02:28:26 - [TEST_STEP][PASSED] - delay(1): Delayed 1 second(s)

2019-04-13 02:28:27 - [MESSAGE][PASSED] - Delayed 1 second(s)

2019-04-13 02:28:27 - [TEST_STEP][PASSED] - click(findTestObject("Generate/li_Nands Group")): Object: 'Object Repository/Generate/li_Nands Group' is clicked on

2019-04-13 02:28:27 - [MESSAGE][PASSED] - Object: 'Object Repository/Generate/li_Nands Group' is clicked on

2019-04-13 02:28:27 - [TEST_STEP][PASSED] - changeBusienssMsg = getText(findTestObject("Generate/div_Business Changed Successfully")): Text of object 'Object Repository/Generate/div_Business Changed Successfully' is: 'Business Changed Successfully.'

2019-04-13 02:28:27 - [MESSAGE][PASSED] - Text of object 'Object Repository/Generate/div_Business Changed Successfully' is: 'Business Changed Successfully.'

2019-04-13 02:28:27 - [TEST_STEP][PASSED] - verifyMatch(changeBusienssMsg, "Business Changed Successfully.", true): Actual text 'Business Changed Successfully.' and expected text 'Business Changed Successfully.' are matched  using regular expression

2019-04-13 02:28:27 - [MESSAGE][PASSED] - Actual text 'Business Changed Successfully.' and expected text 'Business Changed Successfully.' are matched  using regular expression

2019-04-13 02:28:27 - [TEST_STEP][PASSED] - click(findTestObject("Generate/div_Business Changed Successfully")): Object: 'Object Repository/Generate/div_Business Changed Successfully' is clicked on

2019-04-13 02:28:28 - [MESSAGE][PASSED] - Object: 'Object Repository/Generate/div_Business Changed Successfully' is clicked on

2019-04-13 02:28:28 - [TEST_STEP][PASSED] - delay(1): Delayed 1 second(s)

2019-04-13 02:28:29 - [MESSAGE][PASSED] - Delayed 1 second(s)

2019-04-13 02:28:29 - [TEST_STEP][PASSED] - click(findTestObject("Generate/i_Nands Group_fa fa-angle-double-right")): Object: 'Object Repository/Generate/i_Nands Group_fa fa-angle-double-right' is clicked on

2019-04-13 02:28:29 - [MESSAGE][PASSED] - Object: 'Object Repository/Generate/i_Nands Group_fa fa-angle-double-right' is clicked on

2019-04-13 02:28:29 - [TEST_STEP][PASSED] - delay(1): Delayed 1 second(s)

2019-04-13 02:28:30 - [MESSAGE][PASSED] - Delayed 1 second(s)

2019-04-13 02:28:30 - [TEST_STEP][PASSED] - click(findTestObject("Generate/li_Nands Business")): Object: 'Object Repository/Generate/li_Nands Business' is clicked on

2019-04-13 02:28:30 - [MESSAGE][PASSED] - Object: 'Object Repository/Generate/li_Nands Business' is clicked on

2019-04-13 02:28:30 - [TEST_STEP][PASSED] - delay(1): Delayed 1 second(s)

2019-04-13 02:28:31 - [MESSAGE][PASSED] - Delayed 1 second(s)

2019-04-13 02:28:31 - [TEST_STEP][PASSED] - click(findTestObject("Generate/i_Nands Business_fa fa-angle-double-right")): Object: 'Object Repository/Generate/i_Nands Business_fa fa-angle-double-right' is clicked on

2019-04-13 02:28:31 - [MESSAGE][PASSED] - Object: 'Object Repository/Generate/i_Nands Business_fa fa-angle-double-right' is clicked on

2019-04-13 02:28:31 - [TEST_STEP][PASSED] - delay(1): Delayed 1 second(s)

2019-04-13 02:28:32 - [MESSAGE][PASSED] - Delayed 1 second(s)

2019-04-13 02:28:32 - [TEST_STEP][PASSED] - click(findTestObject("Generate/li_Nands_Entity_1")): Object: 'Object Repository/Generate/li_Nands_Entity_1' is clicked on

2019-04-13 02:28:32 - [MESSAGE][PASSED] - Object: 'Object Repository/Generate/li_Nands_Entity_1' is clicked on

2019-04-13 02:28:32 - [TEST_STEP][PASSED] - delay(1): Delayed 1 second(s)

2019-04-13 02:28:33 - [MESSAGE][PASSED] - Delayed 1 second(s)

2019-04-13 02:28:33 - [TEST_STEP][PASSED] - click(findTestObject("Generate/li_Nands Group_1")): Object: 'Object Repository/Generate/li_Nands Group_1' is clicked on

2019-04-13 02:28:33 - [MESSAGE][PASSED] - Object: 'Object Repository/Generate/li_Nands Group_1' is clicked on

2019-04-13 02:28:33 - [TEST_STEP][PASSED] - r = 1: null

2019-04-13 02:28:33 - [TEST_STEP][PASSED] - c = 2: null

2019-04-13 02:28:33 - [TEST_STEP][PASSED] - for ([i = 0, i < 2, (i++)]): Refresh successfully

2019-04-13 02:28:33 - [TEST_STEP][PASSED] - r = r + i: null

2019-04-13 02:28:33 - [TEST_STEP][PASSED] - println("r = " + r): null

2019-04-13 02:28:33 - [TEST_STEP][PASSED] - c = c + i: null

2019-04-13 02:28:33 - [TEST_STEP][PASSED] - println("c = " + c): null

2019-04-13 02:28:33 - [TEST_STEP][PASSED] - click(findTestObject("Generate/Generate Tab")): Object: 'Object Repository/Generate/Generate Tab' is clicked on

2019-04-13 02:28:34 - [MESSAGE][PASSED] - Object: 'Object Repository/Generate/Generate Tab' is clicked on

2019-04-13 02:28:34 - [TEST_STEP][PASSED] - delay(3): Delayed 3 second(s)

2019-04-13 02:28:37 - [MESSAGE][PASSED] - Delayed 3 second(s)

2019-04-13 02:28:37 - [TEST_STEP][PASSED] - selectOptionByValue(findTestObject("Generate/Select Transaction Type"), "number:1", true): All options with value 'number:1' are selected in object 'Object Repository/Generate/Select Transaction Type'  using regular expression

2019-04-13 02:28:37 - [MESSAGE][PASSED] - All options with value 'number:1' are selected in object 'Object Repository/Generate/Select Transaction Type'  using regular expression

2019-04-13 02:28:37 - [TEST_STEP][PASSED] - delay(1): Delayed 1 second(s)

2019-04-13 02:28:38 - [MESSAGE][PASSED] - Delayed 1 second(s)

2019-04-13 02:28:38 - [TEST_STEP][PASSED] - selectOptionByValue(findTestObject("Generate/Select Sub Supply Type"), "number:1", true): All options with value 'number:1' are selected in object 'Object Repository/Generate/Select Sub Supply Type'  using regular expression

2019-04-13 02:28:38 - [MESSAGE][PASSED] - All options with value 'number:1' are selected in object 'Object Repository/Generate/Select Sub Supply Type'  using regular expression

2019-04-13 02:28:38 - [TEST_STEP][PASSED] - delay(1): Delayed 1 second(s)

2019-04-13 02:28:39 - [MESSAGE][PASSED] - Delayed 1 second(s)

2019-04-13 02:28:39 - [TEST_STEP][PASSED] - setText(findTestObject("Generate/Enter Sub-supply type Description"), "SubSupplyDescription"): Text 'SubSupplyDescription' is set on object 'Object Repository/Generate/Enter Sub-supply type Description'

2019-04-13 02:28:40 - [MESSAGE][PASSED] - Text 'SubSupplyDescription' is set on object 'Object Repository/Generate/Enter Sub-supply type Description'

2019-04-13 02:28:40 - [TEST_STEP][PASSED] - delay(1): Delayed 1 second(s)

2019-04-13 02:28:41 - [MESSAGE][PASSED] - Delayed 1 second(s)

2019-04-13 02:28:41 - [TEST_STEP][PASSED] - selectOptionByValue(findTestObject("Generate/Select Document Type"), "string:INV", true): All options with value 'string:INV' are selected in object 'Object Repository/Generate/Select Document Type'  using regular expression

2019-04-13 02:28:41 - [MESSAGE][PASSED] - All options with value 'string:INV' are selected in object 'Object Repository/Generate/Select Document Type'  using regular expression

2019-04-13 02:28:41 - [TEST_STEP][PASSED] - delay(1): Delayed 1 second(s)

2019-04-13 02:28:42 - [MESSAGE][PASSED] - Delayed 1 second(s)

2019-04-13 02:28:42 - [TEST_STEP][PASSED] - docNo = utility.randomNumber.rendomNo(8): utility.randomNumber.rendomNo is PASSED

2019-04-13 02:28:42 - [MESSAGE][PASSED] - utility.randomNumber.rendomNo is PASSED

2019-04-13 02:28:42 - [TEST_STEP][PASSED] - setText(findTestObject("Generate/Enter Document Number"), docNo): Text '99386076' is set on object 'Object Repository/Generate/Enter Document Number'

2019-04-13 02:28:43 - [MESSAGE][PASSED] - Text '99386076' is set on object 'Object Repository/Generate/Enter Document Number'

2019-04-13 02:28:43 - [TEST_STEP][PASSED] - delay(1): Delayed 1 second(s)

2019-04-13 02:28:44 - [MESSAGE][PASSED] - Delayed 1 second(s)

2019-04-13 02:28:44 - [TEST_STEP][PASSED] - utility.WriteToExcel.Sd(docNo, 0, r, 0): utility.WriteToExcel.Sd is PASSED

2019-04-13 02:28:45 - [MESSAGE][PASSED] - utility.WriteToExcel.Sd is PASSED

2019-04-13 02:28:45 - [TEST_STEP][PASSED] - delay(1): Delayed 1 second(s)

2019-04-13 02:28:46 - [MESSAGE][PASSED] - Delayed 1 second(s)

2019-04-13 02:28:46 - [TEST_STEP][PASSED] - selectOptionByValue(findTestObject("Generate/Select Invoice Type"), "string:B2B", true): All options with value 'string:B2B' are selected in object 'Object Repository/Generate/Select Invoice Type'  using regular expression

2019-04-13 02:28:46 - [MESSAGE][PASSED] - All options with value 'string:B2B' are selected in object 'Object Repository/Generate/Select Invoice Type'  using regular expression

2019-04-13 02:28:46 - [TEST_STEP][PASSED] - delay(1): Delayed 1 second(s)

2019-04-13 02:28:47 - [MESSAGE][PASSED] - Delayed 1 second(s)

2019-04-13 02:28:47 - [TEST_STEP][PASSED] - setText(findTestObject("Generate/Enter Invoice Ref Number"), "REFINV001"): Text 'REFINV001' is set on object 'Object Repository/Generate/Enter Invoice Ref Number'

2019-04-13 02:28:48 - [MESSAGE][PASSED] - Text 'REFINV001' is set on object 'Object Repository/Generate/Enter Invoice Ref Number'

2019-04-13 02:28:48 - [TEST_STEP][PASSED] - delay(1): Delayed 1 second(s)

2019-04-13 02:28:49 - [MESSAGE][PASSED] - Delayed 1 second(s)

2019-04-13 02:28:49 - [TEST_STEP][PASSED] - selectOptionByValue(findTestObject("Generate/Select Supplier address"), "number:7363", true): All options with value 'number:7363' are selected in object 'Object Repository/Generate/Select Supplier address'  using regular expression

2019-04-13 02:28:49 - [MESSAGE][PASSED] - All options with value 'number:7363' are selected in object 'Object Repository/Generate/Select Supplier address'  using regular expression

2019-04-13 02:28:49 - [TEST_STEP][PASSED] - delay(1): Delayed 1 second(s)

2019-04-13 02:28:50 - [MESSAGE][PASSED] - Delayed 1 second(s)

2019-04-13 02:28:50 - [TEST_STEP][PASSED] - selectOptionByValue(findTestObject("Generate/Select Recepient address"), "number:548", true): All options with value 'number:548' are selected in object 'Object Repository/Generate/Select Recepient address'  using regular expression

2019-04-13 02:28:50 - [MESSAGE][PASSED] - All options with value 'number:548' are selected in object 'Object Repository/Generate/Select Recepient address'  using regular expression

2019-04-13 02:28:50 - [TEST_STEP][PASSED] - delay(1): Delayed 1 second(s)

2019-04-13 02:28:51 - [MESSAGE][PASSED] - Delayed 1 second(s)

2019-04-13 02:28:51 - [TEST_STEP][PASSED] - setText(findTestObject("Generate/Enter HSN code"), "88"): Text '88' is set on object 'Object Repository/Generate/Enter HSN code'

2019-04-13 02:28:51 - [MESSAGE][PASSED] - Text '88' is set on object 'Object Repository/Generate/Enter HSN code'

2019-04-13 02:28:51 - [TEST_STEP][PASSED] - delay(1): Delayed 1 second(s)

2019-04-13 02:28:52 - [MESSAGE][PASSED] - Delayed 1 second(s)

2019-04-13 02:28:52 - [TEST_STEP][PASSED] - setText(findTestObject("Generate/Enter Taxable Value"), "1"): Text '1' is set on object 'Object Repository/Generate/Enter Taxable Value'

2019-04-13 02:28:53 - [MESSAGE][PASSED] - Text '1' is set on object 'Object Repository/Generate/Enter Taxable Value'

2019-04-13 02:28:53 - [TEST_STEP][PASSED] - delay(1): Delayed 1 second(s)

2019-04-13 02:28:54 - [MESSAGE][PASSED] - Delayed 1 second(s)

2019-04-13 02:28:54 - [TEST_STEP][PASSED] - setText(findTestObject("Generate/Enter Quantity"), "1"): Text '1' is set on object 'Object Repository/Generate/Enter Quantity'

2019-04-13 02:28:54 - [MESSAGE][PASSED] - Text '1' is set on object 'Object Repository/Generate/Enter Quantity'

2019-04-13 02:28:54 - [TEST_STEP][PASSED] - delay(1): Delayed 1 second(s)

2019-04-13 02:28:55 - [MESSAGE][PASSED] - Delayed 1 second(s)

2019-04-13 02:28:55 - [TEST_STEP][PASSED] - selectOptionByValue(findTestObject("Generate/Select CGST Rate"), "string:1.50", true): All options with value 'string:1.50' are selected in object 'Object Repository/Generate/Select CGST Rate'  using regular expression

2019-04-13 02:28:55 - [MESSAGE][PASSED] - All options with value 'string:1.50' are selected in object 'Object Repository/Generate/Select CGST Rate'  using regular expression

2019-04-13 02:28:55 - [TEST_STEP][PASSED] - delay(1): Delayed 1 second(s)

2019-04-13 02:28:56 - [MESSAGE][PASSED] - Delayed 1 second(s)

2019-04-13 02:28:56 - [TEST_STEP][PASSED] - selectOptionByValue(findTestObject("Generate/Select SGST Rate"), "string:1.50", true): All options with value 'string:1.50' are selected in object 'Object Repository/Generate/Select SGST Rate'  using regular expression

2019-04-13 02:28:57 - [MESSAGE][PASSED] - All options with value 'string:1.50' are selected in object 'Object Repository/Generate/Select SGST Rate'  using regular expression

2019-04-13 02:28:57 - [TEST_STEP][PASSED] - delay(1): Delayed 1 second(s)

2019-04-13 02:28:58 - [MESSAGE][PASSED] - Delayed 1 second(s)

2019-04-13 02:28:58 - [TEST_STEP][PASSED] - selectOptionByValue(findTestObject("Generate/Select Cess Advol"), "string:3", true): All options with value 'string:3' are selected in object 'Object Repository/Generate/Select Cess Advol'  using regular expression

2019-04-13 02:28:58 - [MESSAGE][PASSED] - All options with value 'string:3' are selected in object 'Object Repository/Generate/Select Cess Advol'  using regular expression

2019-04-13 02:28:58 - [TEST_STEP][PASSED] - delay(1): Delayed 1 second(s)

2019-04-13 02:28:59 - [MESSAGE][PASSED] - Delayed 1 second(s)

2019-04-13 02:28:59 - [TEST_STEP][PASSED] - selectOptionByValue(findTestObject("Generate/Select Cess Non Advol"), "number:400", true): All options with value 'number:400' are selected in object 'Object Repository/Generate/Select Cess Non Advol'  using regular expression

2019-04-13 02:29:00 - [MESSAGE][PASSED] - All options with value 'number:400' are selected in object 'Object Repository/Generate/Select Cess Non Advol'  using regular expression

2019-04-13 02:29:00 - [TEST_STEP][PASSED] - delay(1): Delayed 1 second(s)

2019-04-13 02:29:01 - [MESSAGE][PASSED] - Delayed 1 second(s)

2019-04-13 02:29:01 - [TEST_STEP][PASSED] - setText(findTestObject("Generate/Enter Distance"), "100"): Text '100' is set on object 'Object Repository/Generate/Enter Distance'

2019-04-13 02:29:01 - [MESSAGE][PASSED] - Text '100' is set on object 'Object Repository/Generate/Enter Distance'

2019-04-13 02:29:01 - [TEST_STEP][PASSED] - delay(1): Delayed 1 second(s)

2019-04-13 02:29:02 - [MESSAGE][PASSED] - Delayed 1 second(s)

2019-04-13 02:29:02 - [TEST_STEP][PASSED] - selectOptionByValue(findTestObject("Generate/Select Trans mode"), "number:1", true): All options with value 'number:1' are selected in object 'Object Repository/Generate/Select Trans mode'  using regular expression

2019-04-13 02:29:02 - [MESSAGE][PASSED] - All options with value 'number:1' are selected in object 'Object Repository/Generate/Select Trans mode'  using regular expression

2019-04-13 02:29:02 - [TEST_STEP][PASSED] - delay(1): Delayed 1 second(s)

2019-04-13 02:29:03 - [MESSAGE][PASSED] - Delayed 1 second(s)

2019-04-13 02:29:03 - [TEST_STEP][PASSED] - setText(findTestObject("Generate/Enter Vehical No"), "MH02EX3636"): Text 'MH02EX3636' is set on object 'Object Repository/Generate/Enter Vehical No'

2019-04-13 02:29:04 - [MESSAGE][PASSED] - Text 'MH02EX3636' is set on object 'Object Repository/Generate/Enter Vehical No'

2019-04-13 02:29:04 - [TEST_STEP][PASSED] - delay(1): Delayed 1 second(s)

2019-04-13 02:29:05 - [MESSAGE][PASSED] - Delayed 1 second(s)

2019-04-13 02:29:05 - [TEST_STEP][PASSED] - click(findTestObject("Generate/Sumbit Button")): Object: 'Object Repository/Generate/Sumbit Button' is clicked on

2019-04-13 02:29:05 - [MESSAGE][PASSED] - Object: 'Object Repository/Generate/Sumbit Button' is clicked on

2019-04-13 02:29:05 - [TEST_STEP][PASSED] - delay(5): Delayed 5 second(s)

2019-04-13 02:29:10 - [MESSAGE][PASSED] - Delayed 5 second(s)

2019-04-13 02:29:10 - [TEST_STEP][PASSED] - MsgGen = getText(findTestObject("Generate/Msg Generated Successfully")): Text of object 'Object Repository/Generate/Msg Generated Successfully' is: 'Generated Successfully'

2019-04-13 02:29:10 - [MESSAGE][PASSED] - Text of object 'Object Repository/Generate/Msg Generated Successfully' is: 'Generated Successfully'

2019-04-13 02:29:10 - [TEST_STEP][PASSED] - verifyMatch(MsgGen, "Generated Successfully", true): Actual text 'Generated Successfully' and expected text 'Generated Successfully' are matched  using regular expression

2019-04-13 02:29:10 - [MESSAGE][PASSED] - Actual text 'Generated Successfully' and expected text 'Generated Successfully' are matched  using regular expression

2019-04-13 02:29:10 - [TEST_STEP][PASSED] - ewayBillNo = getText(findTestObject("Generate/Eway bill number")): Text of object 'Object Repository/Generate/Eway bill number' is: '361001758685'

2019-04-13 02:29:10 - [MESSAGE][PASSED] - Text of object 'Object Repository/Generate/Eway bill number' is: '361001758685'

2019-04-13 02:29:10 - [TEST_STEP][PASSED] - utility.WriteToExcel.Sd(ewayBillNo, 0, r, 1): utility.WriteToExcel.Sd is PASSED

2019-04-13 02:29:10 - [MESSAGE][PASSED] - utility.WriteToExcel.Sd is PASSED

2019-04-13 02:29:10 - [TEST_STEP][PASSED] - EwayBillDate = getText(findTestObject("Generate/Eway Bill date")): Text of object 'Object Repository/Generate/Eway Bill date' is: '13/04/2019 02:29:05 AM'

2019-04-13 02:29:10 - [MESSAGE][PASSED] - Text of object 'Object Repository/Generate/Eway Bill date' is: '13/04/2019 02:29:05 AM'

2019-04-13 02:29:10 - [TEST_STEP][PASSED] - utility.WriteToExcel.Sd(EwayBillDate, 0, r, 2): utility.WriteToExcel.Sd is PASSED

2019-04-13 02:29:10 - [MESSAGE][PASSED] - utility.WriteToExcel.Sd is PASSED

2019-04-13 02:29:10 - [TEST_STEP][PASSED] - EwayValidityDate = getText(findTestObject("Generate/Eway bill Validity date")): Text of object 'Object Repository/Generate/Eway bill Validity date' is: '14/04/2019 11:59:00 AM'

2019-04-13 02:29:11 - [MESSAGE][PASSED] - Text of object 'Object Repository/Generate/Eway bill Validity date' is: '14/04/2019 11:59:00 AM'

2019-04-13 02:29:11 - [TEST_STEP][PASSED] - utility.WriteToExcel.Sd(EwayValidityDate, 0, r, 3): utility.WriteToExcel.Sd is PASSED

2019-04-13 02:29:11 - [MESSAGE][PASSED] - utility.WriteToExcel.Sd is PASSED

2019-04-13 02:29:11 - [TEST_STEP][PASSED] - EwayBillStatus = getText(findTestObject("Generate/Eway Bill Status")): Text of object 'Object Repository/Generate/Eway Bill Status' is: 'ACTIVE'

2019-04-13 02:29:11 - [MESSAGE][PASSED] - Text of object 'Object Repository/Generate/Eway Bill Status' is: 'ACTIVE'

2019-04-13 02:29:11 - [TEST_STEP][PASSED] - verifyMatch(EwayBillStatus, "ACTIVE", true): Actual text 'ACTIVE' and expected text 'ACTIVE' are matched  using regular expression

2019-04-13 02:29:11 - [MESSAGE][PASSED] - Actual text 'ACTIVE' and expected text 'ACTIVE' are matched  using regular expression

2019-04-13 02:29:11 - [TEST_STEP][PASSED] - utility.WriteToExcel.Sd(EwayBillStatus, 0, r, 4): utility.WriteToExcel.Sd is PASSED

2019-04-13 02:29:11 - [MESSAGE][PASSED] - utility.WriteToExcel.Sd is PASSED

2019-04-13 02:29:11 - [TEST_STEP][PASSED] - (r++): null

2019-04-13 02:29:11 - [TEST_STEP][PASSED] - click(findTestObject("Generate/Generate Another button")): Object: 'Object Repository/Generate/Generate Another button' is clicked on

2019-04-13 02:29:11 - [MESSAGE][PASSED] - Object: 'Object Repository/Generate/Generate Another button' is clicked on

2019-04-13 02:29:11 - [TEST_STEP][PASSED] - delay(3): Delayed 3 second(s)

2019-04-13 02:29:14 - [MESSAGE][PASSED] - Delayed 3 second(s)

2019-04-13 02:29:14 - [TEST_STEP][PASSED] - selectOptionByValue(findTestObject("Generate/Select Transaction Type"), "number:1", true): All options with value 'number:1' are selected in object 'Object Repository/Generate/Select Transaction Type'  using regular expression

2019-04-13 02:29:14 - [MESSAGE][PASSED] - All options with value 'number:1' are selected in object 'Object Repository/Generate/Select Transaction Type'  using regular expression

2019-04-13 02:29:14 - [TEST_STEP][PASSED] - delay(1): Delayed 1 second(s)

2019-04-13 02:29:15 - [MESSAGE][PASSED] - Delayed 1 second(s)

2019-04-13 02:29:15 - [TEST_STEP][PASSED] - selectOptionByValue(findTestObject("Generate/Select Sub Supply Type"), "number:1", true): All options with value 'number:1' are selected in object 'Object Repository/Generate/Select Sub Supply Type'  using regular expression

2019-04-13 02:29:15 - [MESSAGE][PASSED] - All options with value 'number:1' are selected in object 'Object Repository/Generate/Select Sub Supply Type'  using regular expression

2019-04-13 02:29:15 - [TEST_STEP][PASSED] - delay(1): Delayed 1 second(s)

2019-04-13 02:29:16 - [MESSAGE][PASSED] - Delayed 1 second(s)

2019-04-13 02:29:16 - [TEST_STEP][PASSED] - setText(findTestObject("Generate/Enter Sub-supply type Description"), "SubSupplyDescription"): Text 'SubSupplyDescription' is set on object 'Object Repository/Generate/Enter Sub-supply type Description'

2019-04-13 02:29:17 - [MESSAGE][PASSED] - Text 'SubSupplyDescription' is set on object 'Object Repository/Generate/Enter Sub-supply type Description'

2019-04-13 02:29:17 - [TEST_STEP][PASSED] - delay(1): Delayed 1 second(s)

2019-04-13 02:29:18 - [MESSAGE][PASSED] - Delayed 1 second(s)

2019-04-13 02:29:18 - [TEST_STEP][PASSED] - selectOptionByValue(findTestObject("Generate/Select Document Type"), "string:INV", true): All options with value 'string:INV' are selected in object 'Object Repository/Generate/Select Document Type'  using regular expression

2019-04-13 02:29:18 - [MESSAGE][PASSED] - All options with value 'string:INV' are selected in object 'Object Repository/Generate/Select Document Type'  using regular expression

2019-04-13 02:29:18 - [TEST_STEP][PASSED] - delay(1): Delayed 1 second(s)

2019-04-13 02:29:19 - [MESSAGE][PASSED] - Delayed 1 second(s)

2019-04-13 02:29:19 - [TEST_STEP][PASSED] - docnoo = utility.randomNumber.rendomNo(8): utility.randomNumber.rendomNo is PASSED

2019-04-13 02:29:19 - [MESSAGE][PASSED] - utility.randomNumber.rendomNo is PASSED

2019-04-13 02:29:19 - [TEST_STEP][PASSED] - setText(findTestObject("Generate/Enter Document Number"), docnoo): Text '00838160' is set on object 'Object Repository/Generate/Enter Document Number'

2019-04-13 02:29:19 - [MESSAGE][PASSED] - Text '00838160' is set on object 'Object Repository/Generate/Enter Document Number'

2019-04-13 02:29:19 - [TEST_STEP][PASSED] - delay(1): Delayed 1 second(s)

2019-04-13 02:29:20 - [MESSAGE][PASSED] - Delayed 1 second(s)

2019-04-13 02:29:20 - [TEST_STEP][PASSED] - utility.WriteToExcel.Sd(docnoo, 0, c, 0): utility.WriteToExcel.Sd is PASSED

2019-04-13 02:29:20 - [MESSAGE][PASSED] - utility.WriteToExcel.Sd is PASSED

2019-04-13 02:29:20 - [TEST_STEP][PASSED] - delay(1): Delayed 1 second(s)

2019-04-13 02:29:21 - [MESSAGE][PASSED] - Delayed 1 second(s)

2019-04-13 02:29:21 - [TEST_STEP][PASSED] - selectOptionByValue(findTestObject("Generate/Select Invoice Type"), "string:B2B", true): All options with value 'string:B2B' are selected in object 'Object Repository/Generate/Select Invoice Type'  using regular expression

2019-04-13 02:29:22 - [MESSAGE][PASSED] - All options with value 'string:B2B' are selected in object 'Object Repository/Generate/Select Invoice Type'  using regular expression

2019-04-13 02:29:22 - [TEST_STEP][PASSED] - delay(1): Delayed 1 second(s)

2019-04-13 02:29:23 - [MESSAGE][PASSED] - Delayed 1 second(s)

2019-04-13 02:29:23 - [TEST_STEP][PASSED] - setText(findTestObject("Generate/Enter Invoice Ref Number"), "REFINV001"): Text 'REFINV001' is set on object 'Object Repository/Generate/Enter Invoice Ref Number'

2019-04-13 02:29:23 - [MESSAGE][PASSED] - Text 'REFINV001' is set on object 'Object Repository/Generate/Enter Invoice Ref Number'

2019-04-13 02:29:23 - [TEST_STEP][PASSED] - delay(1): Delayed 1 second(s)

2019-04-13 02:29:24 - [MESSAGE][PASSED] - Delayed 1 second(s)

2019-04-13 02:29:24 - [TEST_STEP][PASSED] - selectOptionByValue(findTestObject("Generate/Select Supplier address"), "number:7363", true): All options with value 'number:7363' are selected in object 'Object Repository/Generate/Select Supplier address'  using regular expression

2019-04-13 02:29:24 - [MESSAGE][PASSED] - All options with value 'number:7363' are selected in object 'Object Repository/Generate/Select Supplier address'  using regular expression

2019-04-13 02:29:24 - [TEST_STEP][PASSED] - delay(1): Delayed 1 second(s)

2019-04-13 02:29:25 - [MESSAGE][PASSED] - Delayed 1 second(s)

2019-04-13 02:29:25 - [TEST_STEP][PASSED] - selectOptionByValue(findTestObject("Generate/Select Recepient address"), "number:548", true): All options with value 'number:548' are selected in object 'Object Repository/Generate/Select Recepient address'  using regular expression

2019-04-13 02:29:25 - [MESSAGE][PASSED] - All options with value 'number:548' are selected in object 'Object Repository/Generate/Select Recepient address'  using regular expression

2019-04-13 02:29:25 - [TEST_STEP][PASSED] - delay(1): Delayed 1 second(s)

2019-04-13 02:29:26 - [MESSAGE][PASSED] - Delayed 1 second(s)

2019-04-13 02:29:26 - [TEST_STEP][PASSED] - setText(findTestObject("Generate/Enter HSN code"), "88"): Text '88' is set on object 'Object Repository/Generate/Enter HSN code'

2019-04-13 02:29:27 - [MESSAGE][PASSED] - Text '88' is set on object 'Object Repository/Generate/Enter HSN code'

2019-04-13 02:29:27 - [TEST_STEP][PASSED] - delay(1): Delayed 1 second(s)

2019-04-13 02:29:28 - [MESSAGE][PASSED] - Delayed 1 second(s)

2019-04-13 02:29:28 - [TEST_STEP][PASSED] - setText(findTestObject("Generate/Enter Taxable Value"), "1"): Text '1' is set on object 'Object Repository/Generate/Enter Taxable Value'

2019-04-13 02:29:28 - [MESSAGE][PASSED] - Text '1' is set on object 'Object Repository/Generate/Enter Taxable Value'

2019-04-13 02:29:28 - [TEST_STEP][PASSED] - delay(1): Delayed 1 second(s)

2019-04-13 02:29:29 - [MESSAGE][PASSED] - Delayed 1 second(s)

2019-04-13 02:29:29 - [TEST_STEP][PASSED] - setText(findTestObject("Generate/Enter Quantity"), "1"): Text '1' is set on object 'Object Repository/Generate/Enter Quantity'

2019-04-13 02:29:29 - [MESSAGE][PASSED] - Text '1' is set on object 'Object Repository/Generate/Enter Quantity'

2019-04-13 02:29:29 - [TEST_STEP][PASSED] - delay(1): Delayed 1 second(s)

2019-04-13 02:29:30 - [MESSAGE][PASSED] - Delayed 1 second(s)

2019-04-13 02:29:30 - [TEST_STEP][PASSED] - selectOptionByValue(findTestObject("Generate/Select CGST Rate"), "string:1.50", true): All options with value 'string:1.50' are selected in object 'Object Repository/Generate/Select CGST Rate'  using regular expression

2019-04-13 02:29:30 - [MESSAGE][PASSED] - All options with value 'string:1.50' are selected in object 'Object Repository/Generate/Select CGST Rate'  using regular expression

2019-04-13 02:29:30 - [TEST_STEP][PASSED] - delay(1): Delayed 1 second(s)

2019-04-13 02:29:31 - [MESSAGE][PASSED] - Delayed 1 second(s)

2019-04-13 02:29:31 - [TEST_STEP][PASSED] - selectOptionByValue(findTestObject("Generate/Select SGST Rate"), "string:1.50", true): All options with value 'string:1.50' are selected in object 'Object Repository/Generate/Select SGST Rate'  using regular expression

2019-04-13 02:29:32 - [MESSAGE][PASSED] - All options with value 'string:1.50' are selected in object 'Object Repository/Generate/Select SGST Rate'  using regular expression

2019-04-13 02:29:32 - [TEST_STEP][PASSED] - delay(1): Delayed 1 second(s)

2019-04-13 02:29:33 - [MESSAGE][PASSED] - Delayed 1 second(s)

2019-04-13 02:29:33 - [TEST_STEP][PASSED] - selectOptionByValue(findTestObject("Generate/Select Cess Advol"), "string:3", true): All options with value 'string:3' are selected in object 'Object Repository/Generate/Select Cess Advol'  using regular expression

2019-04-13 02:29:33 - [MESSAGE][PASSED] - All options with value 'string:3' are selected in object 'Object Repository/Generate/Select Cess Advol'  using regular expression

2019-04-13 02:29:33 - [TEST_STEP][PASSED] - delay(1): Delayed 1 second(s)

2019-04-13 02:29:34 - [MESSAGE][PASSED] - Delayed 1 second(s)

2019-04-13 02:29:34 - [TEST_STEP][PASSED] - selectOptionByValue(findTestObject("Generate/Select Cess Non Advol"), "number:400", true): All options with value 'number:400' are selected in object 'Object Repository/Generate/Select Cess Non Advol'  using regular expression

2019-04-13 02:29:34 - [MESSAGE][PASSED] - All options with value 'number:400' are selected in object 'Object Repository/Generate/Select Cess Non Advol'  using regular expression

2019-04-13 02:29:34 - [TEST_STEP][PASSED] - delay(1): Delayed 1 second(s)

2019-04-13 02:29:35 - [MESSAGE][PASSED] - Delayed 1 second(s)

2019-04-13 02:29:35 - [TEST_STEP][PASSED] - setText(findTestObject("Generate/Enter Distance"), "100"): Text '100' is set on object 'Object Repository/Generate/Enter Distance'

2019-04-13 02:29:36 - [MESSAGE][PASSED] - Text '100' is set on object 'Object Repository/Generate/Enter Distance'

2019-04-13 02:29:36 - [TEST_STEP][PASSED] - delay(1): Delayed 1 second(s)

2019-04-13 02:29:37 - [MESSAGE][PASSED] - Delayed 1 second(s)

2019-04-13 02:29:37 - [TEST_STEP][PASSED] - setText(findTestObject("Generate/Enter Transporter ID"), "05AAAAU1183B1Z0"): Text '05AAAAU1183B1Z0' is set on object 'Object Repository/Generate/Enter Transporter ID'

2019-04-13 02:29:37 - [MESSAGE][PASSED] - Text '05AAAAU1183B1Z0' is set on object 'Object Repository/Generate/Enter Transporter ID'

2019-04-13 02:29:37 - [TEST_STEP][PASSED] - delay(1): Delayed 1 second(s)

2019-04-13 02:29:38 - [MESSAGE][PASSED] - Delayed 1 second(s)

2019-04-13 02:29:38 - [TEST_STEP][PASSED] - click(findTestObject("Generate/Sumbit Button")): Object: 'Object Repository/Generate/Sumbit Button' is clicked on

2019-04-13 02:29:38 - [MESSAGE][PASSED] - Object: 'Object Repository/Generate/Sumbit Button' is clicked on

2019-04-13 02:29:38 - [TEST_STEP][PASSED] - delay(5): Delayed 5 second(s)

2019-04-13 02:29:43 - [MESSAGE][PASSED] - Delayed 5 second(s)

2019-04-13 02:29:43 - [TEST_STEP][PASSED] - MsgGenn = getText(findTestObject("Generate/Message for not active")): Text of object 'Object Repository/Generate/Message for not active' is: 'Generated Successfully'

2019-04-13 02:29:43 - [MESSAGE][PASSED] - Text of object 'Object Repository/Generate/Message for not active' is: 'Generated Successfully'

2019-04-13 02:29:43 - [TEST_STEP][PASSED] - verifyMatch(MsgGenn, "Generated Successfully", true): Actual text 'Generated Successfully' and expected text 'Generated Successfully' are matched  using regular expression

2019-04-13 02:29:43 - [MESSAGE][PASSED] - Actual text 'Generated Successfully' and expected text 'Generated Successfully' are matched  using regular expression

2019-04-13 02:29:43 - [TEST_STEP][PASSED] - delay(1): Delayed 1 second(s)

2019-04-13 02:29:44 - [MESSAGE][PASSED] - Delayed 1 second(s)

2019-04-13 02:29:44 - [TEST_STEP][PASSED] - click(findTestObject("Generate/Msg_GSTIN is valid")): Object: 'Object Repository/Generate/Msg_GSTIN is valid' is clicked on

2019-04-13 02:29:44 - [MESSAGE][PASSED] - Object: 'Object Repository/Generate/Msg_GSTIN is valid' is clicked on

2019-04-13 02:29:44 - [TEST_STEP][PASSED] - delay(1): Delayed 1 second(s)

2019-04-13 02:29:45 - [MESSAGE][PASSED] - Delayed 1 second(s)

2019-04-13 02:29:45 - [TEST_STEP][PASSED] - ewayBillNoo = getText(findTestObject("Generate/EwayBill number - Active Invalid")): Text of object 'Object Repository/Generate/EwayBill number - Active Invalid' is: '331001758686'

2019-04-13 02:29:45 - [MESSAGE][PASSED] - Text of object 'Object Repository/Generate/EwayBill number - Active Invalid' is: '331001758686'

2019-04-13 02:29:45 - [TEST_STEP][PASSED] - logInfo("ewayBillNoo:" + ewayBillNoo): ewayBillNoo:331001758686

2019-04-13 02:29:45 - [MESSAGE][INFO] - ewayBillNoo:331001758686

2019-04-13 02:29:45 - [TEST_STEP][PASSED] - utility.WriteToExcel.Sd(ewayBillNoo, 0, c, 1): utility.WriteToExcel.Sd is PASSED

2019-04-13 02:29:46 - [MESSAGE][PASSED] - utility.WriteToExcel.Sd is PASSED

2019-04-13 02:29:46 - [TEST_STEP][PASSED] - delay(1): Delayed 1 second(s)

2019-04-13 02:29:47 - [MESSAGE][PASSED] - Delayed 1 second(s)

2019-04-13 02:29:47 - [TEST_STEP][PASSED] - EwayBillDatee = getText(findTestObject("Generate/EWB Date - Active Invalid")): Text of object 'Object Repository/Generate/EWB Date - Active Invalid' is: '13/04/2019 02:29:37 AM'

2019-04-13 02:29:47 - [MESSAGE][PASSED] - Text of object 'Object Repository/Generate/EWB Date - Active Invalid' is: '13/04/2019 02:29:37 AM'

2019-04-13 02:29:47 - [TEST_STEP][PASSED] - utility.WriteToExcel.Sd(EwayBillDatee, 0, c, 2): utility.WriteToExcel.Sd is PASSED

2019-04-13 02:29:47 - [MESSAGE][PASSED] - utility.WriteToExcel.Sd is PASSED

2019-04-13 02:29:47 - [TEST_STEP][PASSED] - delay(1): Delayed 1 second(s)

2019-04-13 02:29:48 - [MESSAGE][PASSED] - Delayed 1 second(s)

2019-04-13 02:29:48 - [TEST_STEP][PASSED] - EwayBillStatuss = getText(findTestObject("Generate/Status - Active not yet valid")): Text of object 'Object Repository/Generate/Status - Active not yet valid' is: 'ACTIVE NOT YET VALID'

2019-04-13 02:29:48 - [MESSAGE][PASSED] - Text of object 'Object Repository/Generate/Status - Active not yet valid' is: 'ACTIVE NOT YET VALID'

2019-04-13 02:29:48 - [TEST_STEP][PASSED] - verifyMatch(EwayBillStatuss, "ACTIVE NOT YET VALID", true): Actual text 'ACTIVE NOT YET VALID' and expected text 'ACTIVE NOT YET VALID' are matched  using regular expression

2019-04-13 02:29:48 - [MESSAGE][PASSED] - Actual text 'ACTIVE NOT YET VALID' and expected text 'ACTIVE NOT YET VALID' are matched  using regular expression

2019-04-13 02:29:48 - [TEST_STEP][PASSED] - utility.WriteToExcel.Sd(EwayBillStatuss, 0, c, 4): utility.WriteToExcel.Sd is PASSED

2019-04-13 02:29:48 - [MESSAGE][PASSED] - utility.WriteToExcel.Sd is PASSED

2019-04-13 02:29:48 - [TEST_STEP][PASSED] - (c++): null

2019-04-13 02:29:48 - [TEST_STEP][PASSED] - delay(2): Delayed 2 second(s)

2019-04-13 02:29:50 - [MESSAGE][PASSED] - Delayed 2 second(s)

2019-04-13 02:29:50 - [TEST_STEP][PASSED] - click(findTestObject("Generate/Cancel icon")): Object: 'Object Repository/Generate/Cancel icon' is clicked on

2019-04-13 02:29:50 - [MESSAGE][PASSED] - Object: 'Object Repository/Generate/Cancel icon' is clicked on

2019-04-13 02:29:50 - [TEST_STEP][PASSED] - delay(2): Delayed 2 second(s)

2019-04-13 02:29:52 - [MESSAGE][PASSED] - Delayed 2 second(s)

2019-04-13 02:29:52 - [TEST_STEP][PASSED] - refresh(): Refresh successfully

2019-04-13 02:29:53 - [MESSAGE][PASSED] - Refresh successfully

2019-04-13 02:29:53 - [TEST_STEP][PASSED] - r = r + i: null

2019-04-13 02:29:53 - [TEST_STEP][PASSED] - println("r = " + r): null

2019-04-13 02:29:53 - [TEST_STEP][PASSED] - c = c + i: null

2019-04-13 02:29:53 - [TEST_STEP][PASSED] - println("c = " + c): null

2019-04-13 02:29:53 - [TEST_STEP][PASSED] - click(findTestObject("Generate/Generate Tab")): Object: 'Object Repository/Generate/Generate Tab' is clicked on

2019-04-13 02:29:53 - [MESSAGE][PASSED] - Object: 'Object Repository/Generate/Generate Tab' is clicked on

2019-04-13 02:29:53 - [TEST_STEP][PASSED] - delay(3): Delayed 3 second(s)

2019-04-13 02:29:56 - [MESSAGE][PASSED] - Delayed 3 second(s)

2019-04-13 02:29:56 - [TEST_STEP][PASSED] - selectOptionByValue(findTestObject("Generate/Select Transaction Type"), "number:1", true): All options with value 'number:1' are selected in object 'Object Repository/Generate/Select Transaction Type'  using regular expression

2019-04-13 02:29:57 - [MESSAGE][PASSED] - All options with value 'number:1' are selected in object 'Object Repository/Generate/Select Transaction Type'  using regular expression

2019-04-13 02:29:57 - [TEST_STEP][PASSED] - delay(1): Delayed 1 second(s)

2019-04-13 02:29:58 - [MESSAGE][PASSED] - Delayed 1 second(s)

2019-04-13 02:29:58 - [TEST_STEP][PASSED] - selectOptionByValue(findTestObject("Generate/Select Sub Supply Type"), "number:1", true): All options with value 'number:1' are selected in object 'Object Repository/Generate/Select Sub Supply Type'  using regular expression

2019-04-13 02:29:58 - [MESSAGE][PASSED] - All options with value 'number:1' are selected in object 'Object Repository/Generate/Select Sub Supply Type'  using regular expression

2019-04-13 02:29:58 - [TEST_STEP][PASSED] - delay(1): Delayed 1 second(s)

2019-04-13 02:29:59 - [MESSAGE][PASSED] - Delayed 1 second(s)

2019-04-13 02:29:59 - [TEST_STEP][PASSED] - setText(findTestObject("Generate/Enter Sub-supply type Description"), "SubSupplyDescription"): Text 'SubSupplyDescription' is set on object 'Object Repository/Generate/Enter Sub-supply type Description'

2019-04-13 02:29:59 - [MESSAGE][PASSED] - Text 'SubSupplyDescription' is set on object 'Object Repository/Generate/Enter Sub-supply type Description'

2019-04-13 02:29:59 - [TEST_STEP][PASSED] - delay(1): Delayed 1 second(s)

2019-04-13 02:30:00 - [MESSAGE][PASSED] - Delayed 1 second(s)

2019-04-13 02:30:00 - [TEST_STEP][PASSED] - selectOptionByValue(findTestObject("Generate/Select Document Type"), "string:INV", true): All options with value 'string:INV' are selected in object 'Object Repository/Generate/Select Document Type'  using regular expression

2019-04-13 02:30:00 - [MESSAGE][PASSED] - All options with value 'string:INV' are selected in object 'Object Repository/Generate/Select Document Type'  using regular expression

2019-04-13 02:30:00 - [TEST_STEP][PASSED] - delay(1): Delayed 1 second(s)

2019-04-13 02:30:01 - [MESSAGE][PASSED] - Delayed 1 second(s)

2019-04-13 02:30:01 - [TEST_STEP][PASSED] - docNo = utility.randomNumber.rendomNo(8): utility.randomNumber.rendomNo is PASSED

2019-04-13 02:30:01 - [MESSAGE][PASSED] - utility.randomNumber.rendomNo is PASSED

2019-04-13 02:30:01 - [TEST_STEP][PASSED] - setText(findTestObject("Generate/Enter Document Number"), docNo): Text '16803114' is set on object 'Object Repository/Generate/Enter Document Number'

2019-04-13 02:30:02 - [MESSAGE][PASSED] - Text '16803114' is set on object 'Object Repository/Generate/Enter Document Number'

2019-04-13 02:30:02 - [TEST_STEP][PASSED] - delay(1): Delayed 1 second(s)

2019-04-13 02:30:03 - [MESSAGE][PASSED] - Delayed 1 second(s)

2019-04-13 02:30:03 - [TEST_STEP][PASSED] - utility.WriteToExcel.Sd(docNo, 0, r, 0): utility.WriteToExcel.Sd is PASSED

2019-04-13 02:30:03 - [MESSAGE][PASSED] - utility.WriteToExcel.Sd is PASSED

2019-04-13 02:30:03 - [TEST_STEP][PASSED] - delay(1): Delayed 1 second(s)

2019-04-13 02:30:04 - [MESSAGE][PASSED] - Delayed 1 second(s)

2019-04-13 02:30:04 - [TEST_STEP][PASSED] - selectOptionByValue(findTestObject("Generate/Select Invoice Type"), "string:B2B", true): All options with value 'string:B2B' are selected in object 'Object Repository/Generate/Select Invoice Type'  using regular expression

2019-04-13 02:30:04 - [MESSAGE][PASSED] - All options with value 'string:B2B' are selected in object 'Object Repository/Generate/Select Invoice Type'  using regular expression

2019-04-13 02:30:04 - [TEST_STEP][PASSED] - delay(1): Delayed 1 second(s)

2019-04-13 02:30:05 - [MESSAGE][PASSED] - Delayed 1 second(s)

2019-04-13 02:30:05 - [TEST_STEP][PASSED] - setText(findTestObject("Generate/Enter Invoice Ref Number"), "REFINV001"): Text 'REFINV001' is set on object 'Object Repository/Generate/Enter Invoice Ref Number'

2019-04-13 02:30:05 - [MESSAGE][PASSED] - Text 'REFINV001' is set on object 'Object Repository/Generate/Enter Invoice Ref Number'

2019-04-13 02:30:05 - [TEST_STEP][PASSED] - delay(1): Delayed 1 second(s)

2019-04-13 02:30:06 - [MESSAGE][PASSED] - Delayed 1 second(s)

2019-04-13 02:30:06 - [TEST_STEP][PASSED] - selectOptionByValue(findTestObject("Generate/Select Supplier address"), "number:7363", true): All options with value 'number:7363' are selected in object 'Object Repository/Generate/Select Supplier address'  using regular expression

2019-04-13 02:30:07 - [MESSAGE][PASSED] - All options with value 'number:7363' are selected in object 'Object Repository/Generate/Select Supplier address'  using regular expression

2019-04-13 02:30:07 - [TEST_STEP][PASSED] - delay(1): Delayed 1 second(s)

2019-04-13 02:30:08 - [MESSAGE][PASSED] - Delayed 1 second(s)

2019-04-13 02:30:08 - [TEST_STEP][PASSED] - selectOptionByValue(findTestObject("Generate/Select Recepient address"), "number:548", true): All options with value 'number:548' are selected in object 'Object Repository/Generate/Select Recepient address'  using regular expression

2019-04-13 02:30:08 - [MESSAGE][PASSED] - All options with value 'number:548' are selected in object 'Object Repository/Generate/Select Recepient address'  using regular expression

2019-04-13 02:30:08 - [TEST_STEP][PASSED] - delay(1): Delayed 1 second(s)

2019-04-13 02:30:09 - [MESSAGE][PASSED] - Delayed 1 second(s)

2019-04-13 02:30:09 - [TEST_STEP][PASSED] - setText(findTestObject("Generate/Enter HSN code"), "88"): Text '88' is set on object 'Object Repository/Generate/Enter HSN code'

2019-04-13 02:30:09 - [MESSAGE][PASSED] - Text '88' is set on object 'Object Repository/Generate/Enter HSN code'

2019-04-13 02:30:09 - [TEST_STEP][PASSED] - delay(1): Delayed 1 second(s)

2019-04-13 02:30:10 - [MESSAGE][PASSED] - Delayed 1 second(s)

2019-04-13 02:30:10 - [TEST_STEP][PASSED] - setText(findTestObject("Generate/Enter Taxable Value"), "1"): Text '1' is set on object 'Object Repository/Generate/Enter Taxable Value'

2019-04-13 02:30:10 - [MESSAGE][PASSED] - Text '1' is set on object 'Object Repository/Generate/Enter Taxable Value'

2019-04-13 02:30:10 - [TEST_STEP][PASSED] - delay(1): Delayed 1 second(s)

2019-04-13 02:30:11 - [MESSAGE][PASSED] - Delayed 1 second(s)

2019-04-13 02:30:11 - [TEST_STEP][PASSED] - setText(findTestObject("Generate/Enter Quantity"), "1"): Text '1' is set on object 'Object Repository/Generate/Enter Quantity'

2019-04-13 02:30:11 - [MESSAGE][PASSED] - Text '1' is set on object 'Object Repository/Generate/Enter Quantity'

2019-04-13 02:30:11 - [TEST_STEP][PASSED] - delay(1): Delayed 1 second(s)

2019-04-13 02:30:12 - [MESSAGE][PASSED] - Delayed 1 second(s)

2019-04-13 02:30:12 - [TEST_STEP][PASSED] - selectOptionByValue(findTestObject("Generate/Select CGST Rate"), "string:1.50", true): All options with value 'string:1.50' are selected in object 'Object Repository/Generate/Select CGST Rate'  using regular expression

2019-04-13 02:30:13 - [MESSAGE][PASSED] - All options with value 'string:1.50' are selected in object 'Object Repository/Generate/Select CGST Rate'  using regular expression

2019-04-13 02:30:13 - [TEST_STEP][PASSED] - delay(1): Delayed 1 second(s)

2019-04-13 02:30:14 - [MESSAGE][PASSED] - Delayed 1 second(s)

2019-04-13 02:30:14 - [TEST_STEP][PASSED] - selectOptionByValue(findTestObject("Generate/Select SGST Rate"), "string:1.50", true): All options with value 'string:1.50' are selected in object 'Object Repository/Generate/Select SGST Rate'  using regular expression

2019-04-13 02:30:14 - [MESSAGE][PASSED] - All options with value 'string:1.50' are selected in object 'Object Repository/Generate/Select SGST Rate'  using regular expression

2019-04-13 02:30:14 - [TEST_STEP][PASSED] - delay(1): Delayed 1 second(s)

2019-04-13 02:30:15 - [MESSAGE][PASSED] - Delayed 1 second(s)

2019-04-13 02:30:15 - [TEST_STEP][PASSED] - selectOptionByValue(findTestObject("Generate/Select Cess Advol"), "string:3", true): All options with value 'string:3' are selected in object 'Object Repository/Generate/Select Cess Advol'  using regular expression

2019-04-13 02:30:15 - [MESSAGE][PASSED] - All options with value 'string:3' are selected in object 'Object Repository/Generate/Select Cess Advol'  using regular expression

2019-04-13 02:30:15 - [TEST_STEP][PASSED] - delay(1): Delayed 1 second(s)

2019-04-13 02:30:16 - [MESSAGE][PASSED] - Delayed 1 second(s)

2019-04-13 02:30:16 - [TEST_STEP][PASSED] - selectOptionByValue(findTestObject("Generate/Select Cess Non Advol"), "number:400", true): All options with value 'number:400' are selected in object 'Object Repository/Generate/Select Cess Non Advol'  using regular expression

2019-04-13 02:30:17 - [MESSAGE][PASSED] - All options with value 'number:400' are selected in object 'Object Repository/Generate/Select Cess Non Advol'  using regular expression

2019-04-13 02:30:17 - [TEST_STEP][PASSED] - delay(1): Delayed 1 second(s)

2019-04-13 02:30:18 - [MESSAGE][PASSED] - Delayed 1 second(s)

2019-04-13 02:30:18 - [TEST_STEP][PASSED] - setText(findTestObject("Generate/Enter Distance"), "100"): Text '100' is set on object 'Object Repository/Generate/Enter Distance'

2019-04-13 02:30:18 - [MESSAGE][PASSED] - Text '100' is set on object 'Object Repository/Generate/Enter Distance'

2019-04-13 02:30:18 - [TEST_STEP][PASSED] - delay(1): Delayed 1 second(s)

2019-04-13 02:30:19 - [MESSAGE][PASSED] - Delayed 1 second(s)

2019-04-13 02:30:19 - [TEST_STEP][PASSED] - selectOptionByValue(findTestObject("Generate/Select Trans mode"), "number:1", true): All options with value 'number:1' are selected in object 'Object Repository/Generate/Select Trans mode'  using regular expression

2019-04-13 02:30:19 - [MESSAGE][PASSED] - All options with value 'number:1' are selected in object 'Object Repository/Generate/Select Trans mode'  using regular expression

2019-04-13 02:30:19 - [TEST_STEP][PASSED] - delay(1): Delayed 1 second(s)

2019-04-13 02:30:20 - [MESSAGE][PASSED] - Delayed 1 second(s)

2019-04-13 02:30:20 - [TEST_STEP][PASSED] - setText(findTestObject("Generate/Enter Vehical No"), "MH02EX3636"): Text 'MH02EX3636' is set on object 'Object Repository/Generate/Enter Vehical No'

2019-04-13 02:30:21 - [MESSAGE][PASSED] - Text 'MH02EX3636' is set on object 'Object Repository/Generate/Enter Vehical No'

2019-04-13 02:30:21 - [TEST_STEP][PASSED] - delay(1): Delayed 1 second(s)

2019-04-13 02:30:22 - [MESSAGE][PASSED] - Delayed 1 second(s)

2019-04-13 02:30:22 - [TEST_STEP][PASSED] - click(findTestObject("Generate/Sumbit Button")): Object: 'Object Repository/Generate/Sumbit Button' is clicked on

2019-04-13 02:30:22 - [MESSAGE][PASSED] - Object: 'Object Repository/Generate/Sumbit Button' is clicked on

2019-04-13 02:30:22 - [TEST_STEP][PASSED] - delay(5): Delayed 5 second(s)

2019-04-13 02:30:27 - [MESSAGE][PASSED] - Delayed 5 second(s)

2019-04-13 02:30:27 - [TEST_STEP][PASSED] - MsgGen = getText(findTestObject("Generate/Msg Generated Successfully")): Text of object 'Object Repository/Generate/Msg Generated Successfully' is: 'Generated Successfully'

2019-04-13 02:30:27 - [MESSAGE][PASSED] - Text of object 'Object Repository/Generate/Msg Generated Successfully' is: 'Generated Successfully'

2019-04-13 02:30:27 - [TEST_STEP][PASSED] - verifyMatch(MsgGen, "Generated Successfully", true): Actual text 'Generated Successfully' and expected text 'Generated Successfully' are matched  using regular expression

2019-04-13 02:30:27 - [MESSAGE][PASSED] - Actual text 'Generated Successfully' and expected text 'Generated Successfully' are matched  using regular expression

2019-04-13 02:30:27 - [TEST_STEP][PASSED] - ewayBillNo = getText(findTestObject("Generate/Eway bill number")): Text of object 'Object Repository/Generate/Eway bill number' is: '301001758687'

2019-04-13 02:30:27 - [MESSAGE][PASSED] - Text of object 'Object Repository/Generate/Eway bill number' is: '301001758687'

2019-04-13 02:30:27 - [TEST_STEP][PASSED] - utility.WriteToExcel.Sd(ewayBillNo, 0, r, 1): utility.WriteToExcel.Sd is PASSED

2019-04-13 02:30:27 - [MESSAGE][PASSED] - utility.WriteToExcel.Sd is PASSED

2019-04-13 02:30:27 - [TEST_STEP][PASSED] - EwayBillDate = getText(findTestObject("Generate/Eway Bill date")): Text of object 'Object Repository/Generate/Eway Bill date' is: '13/04/2019 02:30:21 AM'

2019-04-13 02:30:27 - [MESSAGE][PASSED] - Text of object 'Object Repository/Generate/Eway Bill date' is: '13/04/2019 02:30:21 AM'

2019-04-13 02:30:27 - [TEST_STEP][PASSED] - utility.WriteToExcel.Sd(EwayBillDate, 0, r, 2): utility.WriteToExcel.Sd is PASSED

2019-04-13 02:30:27 - [MESSAGE][PASSED] - utility.WriteToExcel.Sd is PASSED

2019-04-13 02:30:27 - [TEST_STEP][PASSED] - EwayValidityDate = getText(findTestObject("Generate/Eway bill Validity date")): Text of object 'Object Repository/Generate/Eway bill Validity date' is: '14/04/2019 11:59:00 AM'

2019-04-13 02:30:27 - [MESSAGE][PASSED] - Text of object 'Object Repository/Generate/Eway bill Validity date' is: '14/04/2019 11:59:00 AM'

2019-04-13 02:30:27 - [TEST_STEP][PASSED] - utility.WriteToExcel.Sd(EwayValidityDate, 0, r, 3): utility.WriteToExcel.Sd is PASSED

2019-04-13 02:30:27 - [MESSAGE][PASSED] - utility.WriteToExcel.Sd is PASSED

2019-04-13 02:30:27 - [TEST_STEP][PASSED] - EwayBillStatus = getText(findTestObject("Generate/Eway Bill Status")): Text of object 'Object Repository/Generate/Eway Bill Status' is: 'ACTIVE'

2019-04-13 02:30:27 - [MESSAGE][PASSED] - Text of object 'Object Repository/Generate/Eway Bill Status' is: 'ACTIVE'

2019-04-13 02:30:27 - [TEST_STEP][PASSED] - verifyMatch(EwayBillStatus, "ACTIVE", true): Actual text 'ACTIVE' and expected text 'ACTIVE' are matched  using regular expression

2019-04-13 02:30:27 - [MESSAGE][PASSED] - Actual text 'ACTIVE' and expected text 'ACTIVE' are matched  using regular expression

2019-04-13 02:30:27 - [TEST_STEP][PASSED] - utility.WriteToExcel.Sd(EwayBillStatus, 0, r, 4): utility.WriteToExcel.Sd is PASSED

2019-04-13 02:30:27 - [MESSAGE][PASSED] - utility.WriteToExcel.Sd is PASSED

2019-04-13 02:30:27 - [TEST_STEP][PASSED] - (r++): null

2019-04-13 02:30:27 - [TEST_STEP][PASSED] - click(findTestObject("Generate/Generate Another button")): Object: 'Object Repository/Generate/Generate Another button' is clicked on

2019-04-13 02:30:27 - [MESSAGE][PASSED] - Object: 'Object Repository/Generate/Generate Another button' is clicked on

2019-04-13 02:30:27 - [TEST_STEP][PASSED] - delay(3): Delayed 3 second(s)

2019-04-13 02:30:30 - [MESSAGE][PASSED] - Delayed 3 second(s)

2019-04-13 02:30:30 - [TEST_STEP][PASSED] - selectOptionByValue(findTestObject("Generate/Select Transaction Type"), "number:1", true): All options with value 'number:1' are selected in object 'Object Repository/Generate/Select Transaction Type'  using regular expression

2019-04-13 02:30:31 - [MESSAGE][PASSED] - All options with value 'number:1' are selected in object 'Object Repository/Generate/Select Transaction Type'  using regular expression

2019-04-13 02:30:31 - [TEST_STEP][PASSED] - delay(1): Delayed 1 second(s)

2019-04-13 02:30:32 - [MESSAGE][PASSED] - Delayed 1 second(s)

2019-04-13 02:30:32 - [TEST_STEP][PASSED] - selectOptionByValue(findTestObject("Generate/Select Sub Supply Type"), "number:1", true): All options with value 'number:1' are selected in object 'Object Repository/Generate/Select Sub Supply Type'  using regular expression

2019-04-13 02:30:32 - [MESSAGE][PASSED] - All options with value 'number:1' are selected in object 'Object Repository/Generate/Select Sub Supply Type'  using regular expression

2019-04-13 02:30:32 - [TEST_STEP][PASSED] - delay(1): Delayed 1 second(s)

2019-04-13 02:30:33 - [MESSAGE][PASSED] - Delayed 1 second(s)

2019-04-13 02:30:33 - [TEST_STEP][PASSED] - setText(findTestObject("Generate/Enter Sub-supply type Description"), "SubSupplyDescription"): Text 'SubSupplyDescription' is set on object 'Object Repository/Generate/Enter Sub-supply type Description'

2019-04-13 02:30:33 - [MESSAGE][PASSED] - Text 'SubSupplyDescription' is set on object 'Object Repository/Generate/Enter Sub-supply type Description'

2019-04-13 02:30:33 - [TEST_STEP][PASSED] - delay(1): Delayed 1 second(s)

2019-04-13 02:30:34 - [MESSAGE][PASSED] - Delayed 1 second(s)

2019-04-13 02:30:34 - [TEST_STEP][PASSED] - selectOptionByValue(findTestObject("Generate/Select Document Type"), "string:INV", true): All options with value 'string:INV' are selected in object 'Object Repository/Generate/Select Document Type'  using regular expression

2019-04-13 02:30:34 - [MESSAGE][PASSED] - All options with value 'string:INV' are selected in object 'Object Repository/Generate/Select Document Type'  using regular expression

2019-04-13 02:30:34 - [TEST_STEP][PASSED] - delay(1): Delayed 1 second(s)

2019-04-13 02:30:35 - [MESSAGE][PASSED] - Delayed 1 second(s)

2019-04-13 02:30:35 - [TEST_STEP][PASSED] - docnoo = utility.randomNumber.rendomNo(8): utility.randomNumber.rendomNo is PASSED

2019-04-13 02:30:35 - [MESSAGE][PASSED] - utility.randomNumber.rendomNo is PASSED

2019-04-13 02:30:35 - [TEST_STEP][PASSED] - setText(findTestObject("Generate/Enter Document Number"), docnoo): Text '37250700' is set on object 'Object Repository/Generate/Enter Document Number'

2019-04-13 02:30:36 - [MESSAGE][PASSED] - Text '37250700' is set on object 'Object Repository/Generate/Enter Document Number'

2019-04-13 02:30:36 - [TEST_STEP][PASSED] - delay(1): Delayed 1 second(s)

2019-04-13 02:30:37 - [MESSAGE][PASSED] - Delayed 1 second(s)

2019-04-13 02:30:37 - [TEST_STEP][PASSED] - utility.WriteToExcel.Sd(docnoo, 0, c, 0): utility.WriteToExcel.Sd is PASSED

2019-04-13 02:30:37 - [MESSAGE][PASSED] - utility.WriteToExcel.Sd is PASSED

2019-04-13 02:30:37 - [TEST_STEP][PASSED] - delay(1): Delayed 1 second(s)

2019-04-13 02:30:38 - [MESSAGE][PASSED] - Delayed 1 second(s)

2019-04-13 02:30:38 - [TEST_STEP][PASSED] - selectOptionByValue(findTestObject("Generate/Select Invoice Type"), "string:B2B", true): All options with value 'string:B2B' are selected in object 'Object Repository/Generate/Select Invoice Type'  using regular expression

2019-04-13 02:30:38 - [MESSAGE][PASSED] - All options with value 'string:B2B' are selected in object 'Object Repository/Generate/Select Invoice Type'  using regular expression

2019-04-13 02:30:38 - [TEST_STEP][PASSED] - delay(1): Delayed 1 second(s)

2019-04-13 02:30:39 - [MESSAGE][PASSED] - Delayed 1 second(s)

2019-04-13 02:30:39 - [TEST_STEP][PASSED] - setText(findTestObject("Generate/Enter Invoice Ref Number"), "REFINV001"): Text 'REFINV001' is set on object 'Object Repository/Generate/Enter Invoice Ref Number'

2019-04-13 02:30:39 - [MESSAGE][PASSED] - Text 'REFINV001' is set on object 'Object Repository/Generate/Enter Invoice Ref Number'

2019-04-13 02:30:39 - [TEST_STEP][PASSED] - delay(1): Delayed 1 second(s)

2019-04-13 02:30:40 - [MESSAGE][PASSED] - Delayed 1 second(s)

2019-04-13 02:30:40 - [TEST_STEP][PASSED] - selectOptionByValue(findTestObject("Generate/Select Supplier address"), "number:7363", true): All options with value 'number:7363' are selected in object 'Object Repository/Generate/Select Supplier address'  using regular expression

2019-04-13 02:30:41 - [MESSAGE][PASSED] - All options with value 'number:7363' are selected in object 'Object Repository/Generate/Select Supplier address'  using regular expression

2019-04-13 02:30:41 - [TEST_STEP][PASSED] - delay(1): Delayed 1 second(s)

2019-04-13 02:30:42 - [MESSAGE][PASSED] - Delayed 1 second(s)

2019-04-13 02:30:42 - [TEST_STEP][PASSED] - selectOptionByValue(findTestObject("Generate/Select Recepient address"), "number:548", true): All options with value 'number:548' are selected in object 'Object Repository/Generate/Select Recepient address'  using regular expression

2019-04-13 02:30:42 - [MESSAGE][PASSED] - All options with value 'number:548' are selected in object 'Object Repository/Generate/Select Recepient address'  using regular expression

2019-04-13 02:30:42 - [TEST_STEP][PASSED] - delay(1): Delayed 1 second(s)

2019-04-13 02:30:43 - [MESSAGE][PASSED] - Delayed 1 second(s)

2019-04-13 02:30:43 - [TEST_STEP][PASSED] - setText(findTestObject("Generate/Enter HSN code"), "88"): Text '88' is set on object 'Object Repository/Generate/Enter HSN code'

2019-04-13 02:30:43 - [MESSAGE][PASSED] - Text '88' is set on object 'Object Repository/Generate/Enter HSN code'

2019-04-13 02:30:43 - [TEST_STEP][PASSED] - delay(1): Delayed 1 second(s)

2019-04-13 02:30:44 - [MESSAGE][PASSED] - Delayed 1 second(s)

2019-04-13 02:30:44 - [TEST_STEP][PASSED] - setText(findTestObject("Generate/Enter Taxable Value"), "1"): Text '1' is set on object 'Object Repository/Generate/Enter Taxable Value'

2019-04-13 02:30:44 - [MESSAGE][PASSED] - Text '1' is set on object 'Object Repository/Generate/Enter Taxable Value'

2019-04-13 02:30:44 - [TEST_STEP][PASSED] - delay(1): Delayed 1 second(s)

2019-04-13 02:30:45 - [MESSAGE][PASSED] - Delayed 1 second(s)

2019-04-13 02:30:45 - [TEST_STEP][PASSED] - setText(findTestObject("Generate/Enter Quantity"), "1"): Text '1' is set on object 'Object Repository/Generate/Enter Quantity'

2019-04-13 02:30:45 - [MESSAGE][PASSED] - Text '1' is set on object 'Object Repository/Generate/Enter Quantity'

2019-04-13 02:30:45 - [TEST_STEP][PASSED] - delay(1): Delayed 1 second(s)

2019-04-13 02:30:46 - [MESSAGE][PASSED] - Delayed 1 second(s)

2019-04-13 02:30:46 - [TEST_STEP][PASSED] - selectOptionByValue(findTestObject("Generate/Select CGST Rate"), "string:1.50", true): All options with value 'string:1.50' are selected in object 'Object Repository/Generate/Select CGST Rate'  using regular expression

2019-04-13 02:30:47 - [MESSAGE][PASSED] - All options with value 'string:1.50' are selected in object 'Object Repository/Generate/Select CGST Rate'  using regular expression

2019-04-13 02:30:47 - [TEST_STEP][PASSED] - delay(1): Delayed 1 second(s)

2019-04-13 02:30:48 - [MESSAGE][PASSED] - Delayed 1 second(s)

2019-04-13 02:30:48 - [TEST_STEP][PASSED] - selectOptionByValue(findTestObject("Generate/Select SGST Rate"), "string:1.50", true): All options with value 'string:1.50' are selected in object 'Object Repository/Generate/Select SGST Rate'  using regular expression

2019-04-13 02:30:48 - [MESSAGE][PASSED] - All options with value 'string:1.50' are selected in object 'Object Repository/Generate/Select SGST Rate'  using regular expression

2019-04-13 02:30:48 - [TEST_STEP][PASSED] - delay(1): Delayed 1 second(s)

2019-04-13 02:30:49 - [MESSAGE][PASSED] - Delayed 1 second(s)

2019-04-13 02:30:49 - [TEST_STEP][PASSED] - selectOptionByValue(findTestObject("Generate/Select Cess Advol"), "string:3", true): All options with value 'string:3' are selected in object 'Object Repository/Generate/Select Cess Advol'  using regular expression

2019-04-13 02:30:49 - [MESSAGE][PASSED] - All options with value 'string:3' are selected in object 'Object Repository/Generate/Select Cess Advol'  using regular expression

2019-04-13 02:30:49 - [TEST_STEP][PASSED] - delay(1): Delayed 1 second(s)

2019-04-13 02:30:50 - [MESSAGE][PASSED] - Delayed 1 second(s)

2019-04-13 02:30:50 - [TEST_STEP][PASSED] - selectOptionByValue(findTestObject("Generate/Select Cess Non Advol"), "number:400", true): All options with value 'number:400' are selected in object 'Object Repository/Generate/Select Cess Non Advol'  using regular expression

2019-04-13 02:30:51 - [MESSAGE][PASSED] - All options with value 'number:400' are selected in object 'Object Repository/Generate/Select Cess Non Advol'  using regular expression

2019-04-13 02:30:51 - [TEST_STEP][PASSED] - delay(1): Delayed 1 second(s)

2019-04-13 02:30:52 - [MESSAGE][PASSED] - Delayed 1 second(s)

2019-04-13 02:30:52 - [TEST_STEP][PASSED] - setText(findTestObject("Generate/Enter Distance"), "100"): Text '100' is set on object 'Object Repository/Generate/Enter Distance'

2019-04-13 02:30:52 - [MESSAGE][PASSED] - Text '100' is set on object 'Object Repository/Generate/Enter Distance'

2019-04-13 02:30:52 - [TEST_STEP][PASSED] - delay(1): Delayed 1 second(s)

2019-04-13 02:30:53 - [MESSAGE][PASSED] - Delayed 1 second(s)

2019-04-13 02:30:53 - [TEST_STEP][PASSED] - setText(findTestObject("Generate/Enter Transporter ID"), "05AAAAU1183B1Z0"): Text '05AAAAU1183B1Z0' is set on object 'Object Repository/Generate/Enter Transporter ID'

2019-04-13 02:30:53 - [MESSAGE][PASSED] - Text '05AAAAU1183B1Z0' is set on object 'Object Repository/Generate/Enter Transporter ID'

2019-04-13 02:30:53 - [TEST_STEP][PASSED] - delay(1): Delayed 1 second(s)

2019-04-13 02:30:54 - [MESSAGE][PASSED] - Delayed 1 second(s)

2019-04-13 02:30:54 - [TEST_STEP][PASSED] - click(findTestObject("Generate/Sumbit Button")): Object: 'Object Repository/Generate/Sumbit Button' is clicked on

2019-04-13 02:30:55 - [MESSAGE][PASSED] - Object: 'Object Repository/Generate/Sumbit Button' is clicked on

2019-04-13 02:30:55 - [TEST_STEP][PASSED] - delay(5): Delayed 5 second(s)

2019-04-13 02:31:00 - [MESSAGE][PASSED] - Delayed 5 second(s)

2019-04-13 02:31:00 - [TEST_STEP][PASSED] - MsgGenn = getText(findTestObject("Generate/Message for not active")): Text of object 'Object Repository/Generate/Message for not active' is: 'Generated Successfully'

2019-04-13 02:31:00 - [MESSAGE][PASSED] - Text of object 'Object Repository/Generate/Message for not active' is: 'Generated Successfully'

2019-04-13 02:31:00 - [TEST_STEP][PASSED] - verifyMatch(MsgGenn, "Generated Successfully", true): Actual text 'Generated Successfully' and expected text 'Generated Successfully' are matched  using regular expression

2019-04-13 02:31:00 - [MESSAGE][PASSED] - Actual text 'Generated Successfully' and expected text 'Generated Successfully' are matched  using regular expression

2019-04-13 02:31:00 - [TEST_STEP][PASSED] - delay(1): Delayed 1 second(s)

2019-04-13 02:31:01 - [MESSAGE][PASSED] - Delayed 1 second(s)

2019-04-13 02:31:01 - [TEST_STEP][PASSED] - click(findTestObject("Generate/Msg_GSTIN is valid")): Object: 'Object Repository/Generate/Msg_GSTIN is valid' is clicked on

2019-04-13 02:31:01 - [MESSAGE][PASSED] - Object: 'Object Repository/Generate/Msg_GSTIN is valid' is clicked on

2019-04-13 02:31:01 - [TEST_STEP][PASSED] - delay(1): Delayed 1 second(s)

2019-04-13 02:31:02 - [MESSAGE][PASSED] - Delayed 1 second(s)

2019-04-13 02:31:02 - [TEST_STEP][PASSED] - ewayBillNoo = getText(findTestObject("Generate/EwayBill number - Active Invalid")): Text of object 'Object Repository/Generate/EwayBill number - Active Invalid' is: '371001758688'

2019-04-13 02:31:02 - [MESSAGE][PASSED] - Text of object 'Object Repository/Generate/EwayBill number - Active Invalid' is: '371001758688'

2019-04-13 02:31:02 - [TEST_STEP][PASSED] - logInfo("ewayBillNoo:" + ewayBillNoo): ewayBillNoo:371001758688

2019-04-13 02:31:02 - [MESSAGE][INFO] - ewayBillNoo:371001758688

2019-04-13 02:31:02 - [TEST_STEP][PASSED] - utility.WriteToExcel.Sd(ewayBillNoo, 0, c, 1): utility.WriteToExcel.Sd is PASSED

2019-04-13 02:31:02 - [MESSAGE][PASSED] - utility.WriteToExcel.Sd is PASSED

2019-04-13 02:31:02 - [TEST_STEP][PASSED] - delay(1): Delayed 1 second(s)

2019-04-13 02:31:03 - [MESSAGE][PASSED] - Delayed 1 second(s)

2019-04-13 02:31:03 - [TEST_STEP][PASSED] - EwayBillDatee = getText(findTestObject("Generate/EWB Date - Active Invalid")): Text of object 'Object Repository/Generate/EWB Date - Active Invalid' is: '13/04/2019 02:30:54 AM'

2019-04-13 02:31:03 - [MESSAGE][PASSED] - Text of object 'Object Repository/Generate/EWB Date - Active Invalid' is: '13/04/2019 02:30:54 AM'

2019-04-13 02:31:03 - [TEST_STEP][PASSED] - utility.WriteToExcel.Sd(EwayBillDatee, 0, c, 2): utility.WriteToExcel.Sd is PASSED

2019-04-13 02:31:03 - [MESSAGE][PASSED] - utility.WriteToExcel.Sd is PASSED

2019-04-13 02:31:03 - [TEST_STEP][PASSED] - delay(1): Delayed 1 second(s)

2019-04-13 02:31:04 - [MESSAGE][PASSED] - Delayed 1 second(s)

2019-04-13 02:31:04 - [TEST_STEP][PASSED] - EwayBillStatuss = getText(findTestObject("Generate/Status - Active not yet valid")): Text of object 'Object Repository/Generate/Status - Active not yet valid' is: 'ACTIVE NOT YET VALID'

2019-04-13 02:31:04 - [MESSAGE][PASSED] - Text of object 'Object Repository/Generate/Status - Active not yet valid' is: 'ACTIVE NOT YET VALID'

2019-04-13 02:31:04 - [TEST_STEP][PASSED] - verifyMatch(EwayBillStatuss, "ACTIVE NOT YET VALID", true): Actual text 'ACTIVE NOT YET VALID' and expected text 'ACTIVE NOT YET VALID' are matched  using regular expression

2019-04-13 02:31:04 - [MESSAGE][PASSED] - Actual text 'ACTIVE NOT YET VALID' and expected text 'ACTIVE NOT YET VALID' are matched  using regular expression

2019-04-13 02:31:04 - [TEST_STEP][PASSED] - utility.WriteToExcel.Sd(EwayBillStatuss, 0, c, 4): utility.WriteToExcel.Sd is PASSED

2019-04-13 02:31:04 - [MESSAGE][PASSED] - utility.WriteToExcel.Sd is PASSED

2019-04-13 02:31:04 - [TEST_STEP][PASSED] - (c++): null

2019-04-13 02:31:04 - [TEST_STEP][PASSED] - delay(2): Delayed 2 second(s)

2019-04-13 02:31:06 - [MESSAGE][PASSED] - Delayed 2 second(s)

2019-04-13 02:31:06 - [TEST_STEP][PASSED] - click(findTestObject("Generate/Cancel icon")): Object: 'Object Repository/Generate/Cancel icon' is clicked on

2019-04-13 02:31:06 - [MESSAGE][PASSED] - Object: 'Object Repository/Generate/Cancel icon' is clicked on

2019-04-13 02:31:06 - [TEST_STEP][PASSED] - delay(2): Delayed 2 second(s)

2019-04-13 02:31:08 - [MESSAGE][PASSED] - Delayed 2 second(s)

2019-04-13 02:31:08 - [TEST_STEP][PASSED] - refresh(): Refresh successfully

2019-04-13 02:31:10 - [MESSAGE][PASSED] - Refresh successfully]]></system-out>
         <system-err><![CDATA[]]></system-err>
      </testcase>
      <testcase name="Test Cases/Update" classname="Test Cases/Update" status="PASSED">
         <system-out><![CDATA[2019-04-13 02:31:10 - [TEST_CASE][PASSED] - Test Cases/Update: Test Cases/Update

2019-04-13 02:31:10 - [TEST_STEP][PASSED] - click(findTestObject("Update/View Tab")): Object: 'Object Repository/Update/View Tab' is clicked on

2019-04-13 02:31:10 - [MESSAGE][PASSED] - Object: 'Object Repository/Update/View Tab' is clicked on

2019-04-13 02:31:10 - [TEST_STEP][PASSED] - delay(2): Delayed 2 second(s)

2019-04-13 02:31:12 - [MESSAGE][PASSED] - Delayed 2 second(s)

2019-04-13 02:31:12 - [TEST_STEP][PASSED] - EwayBillNo = utility.ReadFromExcel.Read(0, 2, 1): utility.ReadFromExcel.Read is PASSED

2019-04-13 02:31:12 - [MESSAGE][PASSED] - utility.ReadFromExcel.Read is PASSED

2019-04-13 02:31:12 - [TEST_STEP][PASSED] - logInfo("EwayBillNo:" + EwayBillNo): EwayBillNo:331001758686

2019-04-13 02:31:12 - [MESSAGE][INFO] - EwayBillNo:331001758686

2019-04-13 02:31:12 - [TEST_STEP][PASSED] - delay(1): Delayed 1 second(s)

2019-04-13 02:31:13 - [MESSAGE][PASSED] - Delayed 1 second(s)

2019-04-13 02:31:13 - [TEST_STEP][PASSED] - click(findTestObject("Update/Enter EwayBill No. in Filter")): Object: 'Object Repository/Update/Enter EwayBill No. in Filter' is clicked on

2019-04-13 02:31:14 - [MESSAGE][PASSED] - Object: 'Object Repository/Update/Enter EwayBill No. in Filter' is clicked on

2019-04-13 02:31:14 - [TEST_STEP][PASSED] - delay(2): Delayed 2 second(s)

2019-04-13 02:31:16 - [MESSAGE][PASSED] - Delayed 2 second(s)

2019-04-13 02:31:16 - [TEST_STEP][PASSED] - setText(findTestObject("Update/Enter EwayBill No. in Filter"), EwayBillNo): Text '331001758686' is set on object 'Object Repository/Update/Enter EwayBill No. in Filter'

2019-04-13 02:31:16 - [MESSAGE][PASSED] - Text '331001758686' is set on object 'Object Repository/Update/Enter EwayBill No. in Filter'

2019-04-13 02:31:16 - [TEST_STEP][PASSED] - delay(2): Delayed 2 second(s)

2019-04-13 02:31:18 - [MESSAGE][PASSED] - Delayed 2 second(s)

2019-04-13 02:31:18 - [TEST_STEP][PASSED] - sendKeys(findTestObject("Update/Enter EwayBill No. in Filter"), Keys.chord(ENTER)): Keys 'ENTER + ' sent to object: 'Object Repository/Update/Enter EwayBill No. in Filter'

2019-04-13 02:31:18 - [MESSAGE][PASSED] - Keys 'ENTER + ' sent to object: 'Object Repository/Update/Enter EwayBill No. in Filter'

2019-04-13 02:31:18 - [TEST_STEP][PASSED] - delay(2): Delayed 2 second(s)

2019-04-13 02:31:20 - [MESSAGE][PASSED] - Delayed 2 second(s)

2019-04-13 02:31:20 - [TEST_STEP][PASSED] - click(findTestObject("Update/Checkbox againts eway bill")): Object: 'Object Repository/Update/Checkbox againts eway bill' is clicked on

2019-04-13 02:31:20 - [MESSAGE][PASSED] - Object: 'Object Repository/Update/Checkbox againts eway bill' is clicked on

2019-04-13 02:31:20 - [TEST_STEP][PASSED] - delay(1): Delayed 1 second(s)

2019-04-13 02:31:21 - [MESSAGE][PASSED] - Delayed 1 second(s)

2019-04-13 02:31:21 - [TEST_STEP][PASSED] - scrollToPosition(0, 0): Browser is scrolled to position x = 0, y = 0

2019-04-13 02:31:21 - [MESSAGE][PASSED] - Browser is scrolled to position x = 0, y = 0

2019-04-13 02:31:21 - [TEST_STEP][PASSED] - delay(1): Delayed 1 second(s)

2019-04-13 02:31:22 - [MESSAGE][PASSED] - Delayed 1 second(s)

2019-04-13 02:31:22 - [TEST_STEP][PASSED] - click(findTestObject("Update/Update Part B button")): Object: 'Object Repository/Update/Update Part B button' is clicked on

2019-04-13 02:31:23 - [MESSAGE][PASSED] - Object: 'Object Repository/Update/Update Part B button' is clicked on

2019-04-13 02:31:23 - [TEST_STEP][PASSED] - delay(1): Delayed 1 second(s)

2019-04-13 02:31:24 - [MESSAGE][PASSED] - Delayed 1 second(s)

2019-04-13 02:31:24 - [TEST_STEP][PASSED] - click(findTestObject("Update/Select Mode")): Object: 'Object Repository/Update/Select Mode' is clicked on

2019-04-13 02:31:24 - [MESSAGE][PASSED] - Object: 'Object Repository/Update/Select Mode' is clicked on

2019-04-13 02:31:24 - [TEST_STEP][PASSED] - delay(1): Delayed 1 second(s)

2019-04-13 02:31:25 - [MESSAGE][PASSED] - Delayed 1 second(s)

2019-04-13 02:31:25 - [TEST_STEP][PASSED] - setText(findTestObject("Update/Enter From Place"), "Mumbai"): Text 'Mumbai' is set on object 'Object Repository/Update/Enter From Place'

2019-04-13 02:31:25 - [MESSAGE][PASSED] - Text 'Mumbai' is set on object 'Object Repository/Update/Enter From Place'

2019-04-13 02:31:25 - [TEST_STEP][PASSED] - delay(1): Delayed 1 second(s)

2019-04-13 02:31:26 - [MESSAGE][PASSED] - Delayed 1 second(s)

2019-04-13 02:31:26 - [TEST_STEP][PASSED] - selectOptionByValue(findTestObject("Update/Select From State"), "string:27", true): All options with value 'string:27' are selected in object 'Object Repository/Update/Select From State'  using regular expression

2019-04-13 02:31:27 - [MESSAGE][PASSED] - All options with value 'string:27' are selected in object 'Object Repository/Update/Select From State'  using regular expression

2019-04-13 02:31:27 - [TEST_STEP][PASSED] - delay(1): Delayed 1 second(s)

2019-04-13 02:31:28 - [MESSAGE][PASSED] - Delayed 1 second(s)

2019-04-13 02:31:28 - [TEST_STEP][PASSED] - setText(findTestObject("Update/Enter Vehical No"), "MH04EX1020"): Text 'MH04EX1020' is set on object 'Object Repository/Update/Enter Vehical No'

2019-04-13 02:31:28 - [MESSAGE][PASSED] - Text 'MH04EX1020' is set on object 'Object Repository/Update/Enter Vehical No'

2019-04-13 02:31:28 - [TEST_STEP][PASSED] - delay(1): Delayed 1 second(s)

2019-04-13 02:31:29 - [MESSAGE][PASSED] - Delayed 1 second(s)

2019-04-13 02:31:29 - [TEST_STEP][PASSED] - selectOptionByValue(findTestObject("Update/Select Reason"), "number:1", true): All options with value 'number:1' are selected in object 'Object Repository/Update/Select Reason'  using regular expression

2019-04-13 02:31:29 - [MESSAGE][PASSED] - All options with value 'number:1' are selected in object 'Object Repository/Update/Select Reason'  using regular expression

2019-04-13 02:31:29 - [TEST_STEP][PASSED] - delay(1): Delayed 1 second(s)

2019-04-13 02:31:30 - [MESSAGE][PASSED] - Delayed 1 second(s)

2019-04-13 02:31:30 - [TEST_STEP][PASSED] - setText(findTestObject("Update/Enter Remarks"), "Internal Testing"): Text 'Internal Testing' is set on object 'Object Repository/Update/Enter Remarks'

2019-04-13 02:31:30 - [MESSAGE][PASSED] - Text 'Internal Testing' is set on object 'Object Repository/Update/Enter Remarks'

2019-04-13 02:31:30 - [TEST_STEP][PASSED] - delay(2): Delayed 2 second(s)

2019-04-13 02:31:32 - [MESSAGE][PASSED] - Delayed 2 second(s)

2019-04-13 02:31:32 - [TEST_STEP][PASSED] - click(findTestObject("Update/Update Button")): Object: 'Object Repository/Update/Update Button' is clicked on

2019-04-13 02:31:32 - [MESSAGE][PASSED] - Object: 'Object Repository/Update/Update Button' is clicked on

2019-04-13 02:31:32 - [TEST_STEP][PASSED] - delay(1): Delayed 1 second(s)

2019-04-13 02:31:33 - [MESSAGE][PASSED] - Delayed 1 second(s)

2019-04-13 02:31:33 - [TEST_STEP][PASSED] - EwayBill = getText(findTestObject("Update/EwayBill No")): Text of object 'Object Repository/Update/EwayBill No' is: '331001758686'

2019-04-13 02:31:34 - [MESSAGE][PASSED] - Text of object 'Object Repository/Update/EwayBill No' is: '331001758686'

2019-04-13 02:31:34 - [TEST_STEP][PASSED] - logInfo("Ewaybill : " + EwayBill): Ewaybill : 331001758686

2019-04-13 02:31:34 - [MESSAGE][INFO] - Ewaybill : 331001758686

2019-04-13 02:31:34 - [TEST_STEP][PASSED] - delay(1): Delayed 1 second(s)

2019-04-13 02:31:35 - [MESSAGE][PASSED] - Delayed 1 second(s)

2019-04-13 02:31:35 - [TEST_STEP][PASSED] - EwayBillValiDate = getText(findTestObject("Update/EwayBill Validity Date")): Text of object 'Object Repository/Update/EwayBill Validity Date' is: '14/04/2019 11:59:00'

2019-04-13 02:31:35 - [MESSAGE][PASSED] - Text of object 'Object Repository/Update/EwayBill Validity Date' is: '14/04/2019 11:59:00'

2019-04-13 02:31:35 - [TEST_STEP][PASSED] - logInfo("EwaybillDate: " + EwayBillValiDate): EwaybillDate: 14/04/2019 11:59:00

2019-04-13 02:31:35 - [MESSAGE][INFO] - EwaybillDate: 14/04/2019 11:59:00

2019-04-13 02:31:35 - [TEST_STEP][PASSED] - utility.WriteToExcel.Sd(EwayBillValiDate, 0, 2, 3): utility.WriteToExcel.Sd is PASSED

2019-04-13 02:31:35 - [MESSAGE][PASSED] - utility.WriteToExcel.Sd is PASSED

2019-04-13 02:31:35 - [TEST_STEP][PASSED] - delay(1): Delayed 1 second(s)

2019-04-13 02:31:36 - [MESSAGE][PASSED] - Delayed 1 second(s)

2019-04-13 02:31:36 - [TEST_STEP][PASSED] - click(findTestObject("Update/Ok Button")): Object: 'Object Repository/Update/Ok Button' is clicked on

2019-04-13 02:31:36 - [MESSAGE][PASSED] - Object: 'Object Repository/Update/Ok Button' is clicked on

2019-04-13 02:31:36 - [TEST_STEP][PASSED] - delay(2): Delayed 2 second(s)

2019-04-13 02:31:38 - [MESSAGE][PASSED] - Delayed 2 second(s)

2019-04-13 02:31:38 - [TEST_STEP][PASSED] - scrollToPosition(0, 0): Browser is scrolled to position x = 0, y = 0

2019-04-13 02:31:38 - [MESSAGE][PASSED] - Browser is scrolled to position x = 0, y = 0

2019-04-13 02:31:38 - [TEST_STEP][PASSED] - delay(1): Delayed 1 second(s)

2019-04-13 02:31:39 - [MESSAGE][PASSED] - Delayed 1 second(s)

2019-04-13 02:31:39 - [TEST_STEP][PASSED] - click(findTestObject("Update/BACK Button")): Object: 'Object Repository/Update/BACK Button' is clicked on

2019-04-13 02:31:40 - [MESSAGE][PASSED] - Object: 'Object Repository/Update/BACK Button' is clicked on

2019-04-13 02:31:40 - [TEST_STEP][PASSED] - delay(2): Delayed 2 second(s)

2019-04-13 02:31:42 - [MESSAGE][PASSED] - Delayed 2 second(s)

2019-04-13 02:31:42 - [TEST_STEP][PASSED] - click(findTestObject("Update/Enter EwayBill No. in Filter")): Object: 'Object Repository/Update/Enter EwayBill No. in Filter' is clicked on

2019-04-13 02:31:42 - [MESSAGE][PASSED] - Object: 'Object Repository/Update/Enter EwayBill No. in Filter' is clicked on

2019-04-13 02:31:42 - [TEST_STEP][PASSED] - delay(1): Delayed 1 second(s)

2019-04-13 02:31:43 - [MESSAGE][PASSED] - Delayed 1 second(s)

2019-04-13 02:31:43 - [TEST_STEP][PASSED] - setText(findTestObject("Update/Enter EwayBill No. in Filter"), EwayBill): Text '331001758686' is set on object 'Object Repository/Update/Enter EwayBill No. in Filter'

2019-04-13 02:31:43 - [MESSAGE][PASSED] - Text '331001758686' is set on object 'Object Repository/Update/Enter EwayBill No. in Filter'

2019-04-13 02:31:43 - [TEST_STEP][PASSED] - delay(1): Delayed 1 second(s)

2019-04-13 02:31:44 - [MESSAGE][PASSED] - Delayed 1 second(s)

2019-04-13 02:31:44 - [TEST_STEP][PASSED] - sendKeys(findTestObject("Update/Enter EwayBill No. in Filter"), Keys.chord(ENTER)): Keys 'ENTER + ' sent to object: 'Object Repository/Update/Enter EwayBill No. in Filter'

2019-04-13 02:31:44 - [MESSAGE][PASSED] - Keys 'ENTER + ' sent to object: 'Object Repository/Update/Enter EwayBill No. in Filter'

2019-04-13 02:31:44 - [TEST_STEP][PASSED] - delay(1): Delayed 1 second(s)

2019-04-13 02:31:45 - [MESSAGE][PASSED] - Delayed 1 second(s)

2019-04-13 02:31:45 - [TEST_STEP][PASSED] - scrollToPosition(0, 0): Browser is scrolled to position x = 0, y = 0

2019-04-13 02:31:45 - [MESSAGE][PASSED] - Browser is scrolled to position x = 0, y = 0

2019-04-13 02:31:45 - [TEST_STEP][PASSED] - delay(1): Delayed 1 second(s)

2019-04-13 02:31:46 - [MESSAGE][PASSED] - Delayed 1 second(s)

2019-04-13 02:31:46 - [TEST_STEP][PASSED] - status = getText(findTestObject("Update/Check Status Active")): Text of object 'Object Repository/Update/Check Status Active' is: 'ACTIVE'

2019-04-13 02:31:46 - [MESSAGE][PASSED] - Text of object 'Object Repository/Update/Check Status Active' is: 'ACTIVE'

2019-04-13 02:31:46 - [TEST_STEP][PASSED] - verifyMatch(status, "ACTIVE", true): Actual text 'ACTIVE' and expected text 'ACTIVE' are matched  using regular expression

2019-04-13 02:31:46 - [MESSAGE][PASSED] - Actual text 'ACTIVE' and expected text 'ACTIVE' are matched  using regular expression

2019-04-13 02:31:46 - [TEST_STEP][PASSED] - logInfo("Ewaybill Status: " + status): Ewaybill Status: ACTIVE

2019-04-13 02:31:46 - [MESSAGE][INFO] - Ewaybill Status: ACTIVE

2019-04-13 02:31:46 - [TEST_STEP][PASSED] - utility.WriteToExcel.Sd(status, 0, 2, 4): utility.WriteToExcel.Sd is PASSED

2019-04-13 02:31:46 - [MESSAGE][PASSED] - utility.WriteToExcel.Sd is PASSED

2019-04-13 02:31:46 - [TEST_STEP][PASSED] - delay(1): Delayed 1 second(s)

2019-04-13 02:31:47 - [MESSAGE][PASSED] - Delayed 1 second(s)]]></system-out>
         <system-err><![CDATA[]]></system-err>
      </testcase>
      <testcase name="Test Cases/Cancel" classname="Test Cases/Cancel" status="ERROR">
         <error type="ERROR" message="Test Cases/Cancel FAILED.
Reason:
groovy.lang.MissingPropertyException: No such property: Keys for class: Script1555096138189
	at Cancel.run(Cancel:26)
	at com.kms.katalon.core.main.ScriptEngine.run(ScriptEngine.java:194)
	at com.kms.katalon.core.main.ScriptEngine.runScriptAsRawText(ScriptEngine.java:119)
	at com.kms.katalon.core.main.TestCaseExecutor.runScript(TestCaseExecutor.java:331)
	at com.kms.katalon.core.main.TestCaseExecutor.doExecute(TestCaseExecutor.java:322)
	at com.kms.katalon.core.main.TestCaseExecutor.processExecutionPhase(TestCaseExecutor.java:301)
	at com.kms.katalon.core.main.TestCaseExecutor.accessMainPhase(TestCaseExecutor.java:293)
	at com.kms.katalon.core.main.TestCaseExecutor.execute(TestCaseExecutor.java:227)
	at com.kms.katalon.core.main.TestSuiteExecutor.accessTestCaseMainPhase(TestSuiteExecutor.java:129)
	at com.kms.katalon.core.main.TestSuiteExecutor.accessTestSuiteMainPhase(TestSuiteExecutor.java:112)
	at com.kms.katalon.core.main.TestSuiteExecutor.execute(TestSuiteExecutor.java:81)
	at com.kms.katalon.core.main.TestCaseMain.startTestSuite(TestCaseMain.java:157)
	at com.kms.katalon.core.main.TestCaseMain$startTestSuite$0.call(Unknown Source)
	at TempTestSuite1555102684789.run(TempTestSuite1555102684789.groovy:35)
"/>
         <system-out><![CDATA[2019-04-13 02:31:47 - [TEST_CASE][ERROR] - Test Cases/Cancel: Test Cases/Cancel FAILED.
Reason:
groovy.lang.MissingPropertyException: No such property: Keys for class: Script1555096138189
	at Cancel.run(Cancel:26)
	at com.kms.katalon.core.main.ScriptEngine.run(ScriptEngine.java:194)
	at com.kms.katalon.core.main.ScriptEngine.runScriptAsRawText(ScriptEngine.java:119)
	at com.kms.katalon.core.main.TestCaseExecutor.runScript(TestCaseExecutor.java:331)
	at com.kms.katalon.core.main.TestCaseExecutor.doExecute(TestCaseExecutor.java:322)
	at com.kms.katalon.core.main.TestCaseExecutor.processExecutionPhase(TestCaseExecutor.java:301)
	at com.kms.katalon.core.main.TestCaseExecutor.accessMainPhase(TestCaseExecutor.java:293)
	at com.kms.katalon.core.main.TestCaseExecutor.execute(TestCaseExecutor.java:227)
	at com.kms.katalon.core.main.TestSuiteExecutor.accessTestCaseMainPhase(TestSuiteExecutor.java:129)
	at com.kms.katalon.core.main.TestSuiteExecutor.accessTestSuiteMainPhase(TestSuiteExecutor.java:112)
	at com.kms.katalon.core.main.TestSuiteExecutor.execute(TestSuiteExecutor.java:81)
	at com.kms.katalon.core.main.TestCaseMain.startTestSuite(TestCaseMain.java:157)
	at com.kms.katalon.core.main.TestCaseMain$startTestSuite$0.call(Unknown Source)
	at TempTestSuite1555102684789.run(TempTestSuite1555102684789.groovy:35)


2019-04-13 02:31:47 - [TEST_STEP][PASSED] - refresh(): Refresh successfully

2019-04-13 02:31:48 - [MESSAGE][PASSED] - Refresh successfully

2019-04-13 02:31:48 - [TEST_STEP][PASSED] - delay(2): Delayed 2 second(s)

2019-04-13 02:31:50 - [MESSAGE][PASSED] - Delayed 2 second(s)

2019-04-13 02:31:50 - [TEST_STEP][PASSED] - navigateToUrl("https://dev.esp.irisgst.com/#/viewEway"): Navigate to 'https://dev.esp.irisgst.com/#/viewEway' successfully

2019-04-13 02:31:50 - [MESSAGE][PASSED] - Navigate to 'https://dev.esp.irisgst.com/#/viewEway' successfully

2019-04-13 02:31:50 - [TEST_STEP][PASSED] - delay(1): Delayed 1 second(s)

2019-04-13 02:31:51 - [MESSAGE][PASSED] - Delayed 1 second(s)

2019-04-13 02:31:51 - [TEST_STEP][PASSED] - Eway = utility.ReadFromExcel.Read(0, 3, 1): utility.ReadFromExcel.Read is PASSED

2019-04-13 02:31:52 - [MESSAGE][PASSED] - utility.ReadFromExcel.Read is PASSED

2019-04-13 02:31:52 - [TEST_STEP][PASSED] - logInfo("EwayBill: " + Eway): EwayBill: 301001758687

2019-04-13 02:31:52 - [MESSAGE][INFO] - EwayBill: 301001758687

2019-04-13 02:31:52 - [TEST_STEP][PASSED] - click(findTestObject("Object Repository/Cancel/Page_IRIS-TOPAZ/input_EWB Numbers_default")): Object: 'Object Repository/Cancel/Page_IRIS-TOPAZ/input_EWB Numbers_default' is clicked on

2019-04-13 02:31:52 - [MESSAGE][PASSED] - Object: 'Object Repository/Cancel/Page_IRIS-TOPAZ/input_EWB Numbers_default' is clicked on

2019-04-13 02:31:52 - [TEST_STEP][PASSED] - delay(2): Delayed 2 second(s)

2019-04-13 02:31:54 - [MESSAGE][PASSED] - Delayed 2 second(s)

2019-04-13 02:31:54 - [TEST_STEP][PASSED] - setText(findTestObject("Object Repository/Cancel/Page_IRIS-TOPAZ/input_EWB Numbers_default"), Eway): Text '301001758687' is set on object 'Object Repository/Cancel/Page_IRIS-TOPAZ/input_EWB Numbers_default'

2019-04-13 02:31:54 - [MESSAGE][PASSED] - Text '301001758687' is set on object 'Object Repository/Cancel/Page_IRIS-TOPAZ/input_EWB Numbers_default'

2019-04-13 02:31:54 - [TEST_STEP][PASSED] - delay(2): Delayed 2 second(s)

2019-04-13 02:31:56 - [MESSAGE][PASSED] - Delayed 2 second(s)

2019-04-13 02:31:56 - [TEST_STEP][ERROR] - sendKeys(findTestObject("Object Repository/Cancel/Page_IRIS-TOPAZ/input_EWB Numbers_default"), Keys.chord(ENTER)): sendKeys(findTestObject("Object Repository/Cancel/Page_IRIS-TOPAZ/input_EWB Numbers_default"), Keys.chord(ENTER)) FAILED.
Reason:
groovy.lang.MissingPropertyException: No such property: Keys for class: Script1555096138189
	at Cancel.run(Cancel:26)
	at com.kms.katalon.core.main.ScriptEngine.run(ScriptEngine.java:194)
	at com.kms.katalon.core.main.ScriptEngine.runScriptAsRawText(ScriptEngine.java:119)
	at com.kms.katalon.core.main.TestCaseExecutor.runScript(TestCaseExecutor.java:331)
	at com.kms.katalon.core.main.TestCaseExecutor.doExecute(TestCaseExecutor.java:322)
	at com.kms.katalon.core.main.TestCaseExecutor.processExecutionPhase(TestCaseExecutor.java:301)
	at com.kms.katalon.core.main.TestCaseExecutor.accessMainPhase(TestCaseExecutor.java:293)
	at com.kms.katalon.core.main.TestCaseExecutor.execute(TestCaseExecutor.java:227)
	at com.kms.katalon.core.main.TestSuiteExecutor.accessTestCaseMainPhase(TestSuiteExecutor.java:129)
	at com.kms.katalon.core.main.TestSuiteExecutor.accessTestSuiteMainPhase(TestSuiteExecutor.java:112)
	at com.kms.katalon.core.main.TestSuiteExecutor.execute(TestSuiteExecutor.java:81)
	at com.kms.katalon.core.main.TestCaseMain.startTestSuite(TestCaseMain.java:157)
	at com.kms.katalon.core.main.TestCaseMain$startTestSuite$0.call(Unknown Source)
	at TempTestSuite1555102684789.run(TempTestSuite1555102684789.groovy:35)


2019-04-13 02:31:56 - [MESSAGE][ERROR] - sendKeys(findTestObject("Object Repository/Cancel/Page_IRIS-TOPAZ/input_EWB Numbers_default"), Keys.chord(ENTER)) FAILED.
Reason:
groovy.lang.MissingPropertyException: No such property: Keys for class: Script1555096138189
	at Cancel.run(Cancel:26)
	at com.kms.katalon.core.main.ScriptEngine.run(ScriptEngine.java:194)
	at com.kms.katalon.core.main.ScriptEngine.runScriptAsRawText(ScriptEngine.java:119)
	at com.kms.katalon.core.main.TestCaseExecutor.runScript(TestCaseExecutor.java:331)
	at com.kms.katalon.core.main.TestCaseExecutor.doExecute(TestCaseExecutor.java:322)
	at com.kms.katalon.core.main.TestCaseExecutor.processExecutionPhase(TestCaseExecutor.java:301)
	at com.kms.katalon.core.main.TestCaseExecutor.accessMainPhase(TestCaseExecutor.java:293)
	at com.kms.katalon.core.main.TestCaseExecutor.execute(TestCaseExecutor.java:227)
	at com.kms.katalon.core.main.TestSuiteExecutor.accessTestCaseMainPhase(TestSuiteExecutor.java:129)
	at com.kms.katalon.core.main.TestSuiteExecutor.accessTestSuiteMainPhase(TestSuiteExecutor.java:112)
	at com.kms.katalon.core.main.TestSuiteExecutor.execute(TestSuiteExecutor.java:81)
	at com.kms.katalon.core.main.TestCaseMain.startTestSuite(TestCaseMain.java:157)
	at com.kms.katalon.core.main.TestCaseMain$startTestSuite$0.call(Unknown Source)
	at TempTestSuite1555102684789.run(TempTestSuite1555102684789.groovy:35)]]></system-out>
         <system-err><![CDATA[2019-04-13 02:31:47 - [TEST_CASE][ERROR] - Test Cases/Cancel: Test Cases/Cancel FAILED.
Reason:
groovy.lang.MissingPropertyException: No such property: Keys for class: Script1555096138189
	at Cancel.run(Cancel:26)
	at com.kms.katalon.core.main.ScriptEngine.run(ScriptEngine.java:194)
	at com.kms.katalon.core.main.ScriptEngine.runScriptAsRawText(ScriptEngine.java:119)
	at com.kms.katalon.core.main.TestCaseExecutor.runScript(TestCaseExecutor.java:331)
	at com.kms.katalon.core.main.TestCaseExecutor.doExecute(TestCaseExecutor.java:322)
	at com.kms.katalon.core.main.TestCaseExecutor.processExecutionPhase(TestCaseExecutor.java:301)
	at com.kms.katalon.core.main.TestCaseExecutor.accessMainPhase(TestCaseExecutor.java:293)
	at com.kms.katalon.core.main.TestCaseExecutor.execute(TestCaseExecutor.java:227)
	at com.kms.katalon.core.main.TestSuiteExecutor.accessTestCaseMainPhase(TestSuiteExecutor.java:129)
	at com.kms.katalon.core.main.TestSuiteExecutor.accessTestSuiteMainPhase(TestSuiteExecutor.java:112)
	at com.kms.katalon.core.main.TestSuiteExecutor.execute(TestSuiteExecutor.java:81)
	at com.kms.katalon.core.main.TestCaseMain.startTestSuite(TestCaseMain.java:157)
	at com.kms.katalon.core.main.TestCaseMain$startTestSuite$0.call(Unknown Source)
	at TempTestSuite1555102684789.run(TempTestSuite1555102684789.groovy:35)]]></system-err>
      </testcase>
      <system-out><![CDATA[2019-04-13 02:28:07 - [TEST_SUITE][ERROR] - Smoke Test: Test Cases/Cancel FAILED.
Reason:
groovy.lang.MissingPropertyException: No such property: Keys for class: Script1555096138189
	at Cancel.run(Cancel:26)
	at com.kms.katalon.core.main.ScriptEngine.run(ScriptEngine.java:194)
	at com.kms.katalon.core.main.ScriptEngine.runScriptAsRawText(ScriptEngine.java:119)
	at com.kms.katalon.core.main.TestCaseExecutor.runScript(TestCaseExecutor.java:331)
	at com.kms.katalon.core.main.TestCaseExecutor.doExecute(TestCaseExecutor.java:322)
	at com.kms.katalon.core.main.TestCaseExecutor.processExecutionPhase(TestCaseExecutor.java:301)
	at com.kms.katalon.core.main.TestCaseExecutor.accessMainPhase(TestCaseExecutor.java:293)
	at com.kms.katalon.core.main.TestCaseExecutor.execute(TestCaseExecutor.java:227)
	at com.kms.katalon.core.main.TestSuiteExecutor.accessTestCaseMainPhase(TestSuiteExecutor.java:129)
	at com.kms.katalon.core.main.TestSuiteExecutor.accessTestSuiteMainPhase(TestSuiteExecutor.java:112)
	at com.kms.katalon.core.main.TestSuiteExecutor.execute(TestSuiteExecutor.java:81)
	at com.kms.katalon.core.main.TestCaseMain.startTestSuite(TestCaseMain.java:157)
	at com.kms.katalon.core.main.TestCaseMain$startTestSuite$0.call(Unknown Source)
	at TempTestSuite1555102684789.run(TempTestSuite1555102684789.groovy:35)]]></system-out>
      <system-err><![CDATA[2019-04-13 02:28:07 - [TEST_SUITE][ERROR] - Smoke Test: Test Cases/Cancel FAILED.
Reason:
groovy.lang.MissingPropertyException: No such property: Keys for class: Script1555096138189
	at Cancel.run(Cancel:26)
	at com.kms.katalon.core.main.ScriptEngine.run(ScriptEngine.java:194)
	at com.kms.katalon.core.main.ScriptEngine.runScriptAsRawText(ScriptEngine.java:119)
	at com.kms.katalon.core.main.TestCaseExecutor.runScript(TestCaseExecutor.java:331)
	at com.kms.katalon.core.main.TestCaseExecutor.doExecute(TestCaseExecutor.java:322)
	at com.kms.katalon.core.main.TestCaseExecutor.processExecutionPhase(TestCaseExecutor.java:301)
	at com.kms.katalon.core.main.TestCaseExecutor.accessMainPhase(TestCaseExecutor.java:293)
	at com.kms.katalon.core.main.TestCaseExecutor.execute(TestCaseExecutor.java:227)
	at com.kms.katalon.core.main.TestSuiteExecutor.accessTestCaseMainPhase(TestSuiteExecutor.java:129)
	at com.kms.katalon.core.main.TestSuiteExecutor.accessTestSuiteMainPhase(TestSuiteExecutor.java:112)
	at com.kms.katalon.core.main.TestSuiteExecutor.execute(TestSuiteExecutor.java:81)
	at com.kms.katalon.core.main.TestCaseMain.startTestSuite(TestCaseMain.java:157)
	at com.kms.katalon.core.main.TestCaseMain$startTestSuite$0.call(Unknown Source)
	at TempTestSuite1555102684789.run(TempTestSuite1555102684789.groovy:35)]]></system-err>
   </testsuite>
</testsuites>
