<?xml version="1.0" encoding="UTF-8"?>
<testsuites name="Smoke Test" time="262" tests="4" failures="0" errors="0">
   <testsuite name="Smoke Test" tests="4" failures="0" errors="0" time="262" timestamp="2019-04-14 00:19:41" hostname="Amitansh - DESKTOP-TMTUP2J" id="Test Suites/Smoke Test">
      <properties>
         <property name="deviceName" value=""/>
         <property name="devicePlatform" value=""/>
         <property name="logFolder" value="C:\\Users\\Amitansh\\git\\katalonstudio\\Reports\\Smoke Test\\20190414_001934"/>
         <property name="logFiles" value="C:\\Users\\Amitansh\\git\\katalonstudio\\Reports\\Smoke Test\\20190414_001934\\execution0.log"/>
         <property name="attachments" value=""/>
         <property name="hostName" value="Amitansh - DESKTOP-TMTUP2J"/>
         <property name="os" value="Windows 10 64bit"/>
         <property name="katalonVersion" value="6.1.0.1"/>
         <property name="browser" value="Chrome 73.0.3683.103"/>
         <property name="hostAddress" value="192.168.0.104"/>
         <property name="sessionId" value="4a476eb05ab89459d580559864f2e08a"/>
         <property name="seleniumVersion" value="3.7.1"/>
         <property name="proxyInformation" value="ProxyInformation{proxyOption=NO_PROXY, proxyServerType=HTTP, password=, proxyServerAddress=, proxyServerPort=0}"/>
         <property name="platform" value="Windows 10"/>
      </properties>
      <testcase name="Test Cases/Login" classname="Test Cases/Login" status="PASSED">
         <system-out><![CDATA[2019-04-14 00:19:41 - [TEST_CASE][PASSED] - Test Cases/Login: Test Cases/Login

2019-04-14 00:19:42 - [TEST_STEP][PASSED] - openBrowser(""): Browser is opened with url: ''

2019-04-14 00:19:42 - [MESSAGE][INFO] - Starting 'Chrome' driver

2019-04-14 00:19:42 - [MESSAGE][INFO] - Action delay is set to 0 seconds

2019-04-14 00:19:46 - [MESSAGE][PASSED] - Browser is opened with url: ''

2019-04-14 00:19:46 - [TEST_STEP][PASSED] - try: Navigate to 'https://dev.esp.irisgst.com/' successfully

2019-04-14 00:19:46 - [TEST_STEP][PASSED] - navigateToUrl(url): Navigate to 'https://dev.esp.irisgst.com/' successfully

2019-04-14 00:19:49 - [MESSAGE][PASSED] - Navigate to 'https://dev.esp.irisgst.com/' successfully

2019-04-14 00:19:49 - [TEST_STEP][PASSED] - maximizeWindow(): Current window maximized

2019-04-14 00:19:50 - [MESSAGE][PASSED] - Current window maximized

2019-04-14 00:19:50 - [TEST_STEP][PASSED] - delay(2): Delayed 2 second(s)

2019-04-14 00:19:52 - [MESSAGE][PASSED] - Delayed 2 second(s)

2019-04-14 00:19:52 - [TEST_STEP][PASSED] - try: Actual text 'IRIS-TOPAZ' and expected text 'IRIS-TOPAZ' are matched  using regular expression

2019-04-14 00:19:52 - [TEST_STEP][PASSED] - topazTitle = getWindowTitle(): Current window's title is: 'IRIS-TOPAZ'

2019-04-14 00:19:52 - [MESSAGE][PASSED] - Current window's title is: 'IRIS-TOPAZ'

2019-04-14 00:19:52 - [TEST_STEP][PASSED] - verifyMatch(topazTitle, "IRIS-TOPAZ", true): Actual text 'IRIS-TOPAZ' and expected text 'IRIS-TOPAZ' are matched  using regular expression

2019-04-14 00:19:52 - [MESSAGE][PASSED] - Actual text 'IRIS-TOPAZ' and expected text 'IRIS-TOPAZ' are matched  using regular expression

2019-04-14 00:19:52 - [TEST_STEP][PASSED] - setText(findTestObject("Login/Enter Username"), username): Text 'amit.nandha@irisindia.net' is set on object 'Object Repository/Login/Enter Username'

2019-04-14 00:19:53 - [MESSAGE][PASSED] - Text 'amit.nandha@irisindia.net' is set on object 'Object Repository/Login/Enter Username'

2019-04-14 00:19:53 - [TEST_STEP][PASSED] - setText(findTestObject("Login/Enter Password"), password): Text 'Abcd@12345' is set on object 'Object Repository/Login/Enter Password'

2019-04-14 00:19:53 - [MESSAGE][PASSED] - Text 'Abcd@12345' is set on object 'Object Repository/Login/Enter Password'

2019-04-14 00:19:53 - [TEST_STEP][PASSED] - delay(1): Delayed 1 second(s)

2019-04-14 00:19:54 - [MESSAGE][PASSED] - Delayed 1 second(s)

2019-04-14 00:19:54 - [TEST_STEP][PASSED] - try: Object: 'Object Repository/Login/Sign In button' is clicked on

2019-04-14 00:19:54 - [TEST_STEP][PASSED] - click(findTestObject("Login/Sign In button")): Object: 'Object Repository/Login/Sign In button' is clicked on

2019-04-14 00:19:54 - [MESSAGE][PASSED] - Object: 'Object Repository/Login/Sign In button' is clicked on

2019-04-14 00:19:54 - [TEST_STEP][PASSED] - delay(2): Delayed 2 second(s)

2019-04-14 00:19:56 - [MESSAGE][PASSED] - Delayed 2 second(s)

2019-04-14 00:19:56 - [TEST_STEP][PASSED] - try: Actual text 'Login Successful!' and expected text 'Login Successful!' are matched  using regular expression

2019-04-14 00:19:56 - [TEST_STEP][PASSED] - LoginTitle = getText(findTestObject("Login/div_Login Successful")): Text of object 'Object Repository/Login/div_Login Successful' is: 'Login Successful!'

2019-04-14 00:19:56 - [MESSAGE][PASSED] - Text of object 'Object Repository/Login/div_Login Successful' is: 'Login Successful!'

2019-04-14 00:19:56 - [TEST_STEP][PASSED] - verifyMatch(LoginTitle, "Login Successful!", true): Actual text 'Login Successful!' and expected text 'Login Successful!' are matched  using regular expression

2019-04-14 00:19:56 - [MESSAGE][PASSED] - Actual text 'Login Successful!' and expected text 'Login Successful!' are matched  using regular expression

2019-04-14 00:19:56 - [TEST_STEP][PASSED] - click(findTestObject("Login/div_Login Successful")): Object: 'Object Repository/Login/div_Login Successful' is clicked on

2019-04-14 00:19:56 - [MESSAGE][PASSED] - Object: 'Object Repository/Login/div_Login Successful' is clicked on]]></system-out>
         <system-err><![CDATA[]]></system-err>
      </testcase>
      <testcase name="Test Cases/Generate" classname="Test Cases/Generate" status="PASSED">
         <system-out><![CDATA[2019-04-14 00:19:56 - [TEST_CASE][PASSED] - Test Cases/Generate: Test Cases/Generate

2019-04-14 00:19:57 - [TEST_STEP][PASSED] - delay(3): Delayed 3 second(s)

2019-04-14 00:20:00 - [MESSAGE][PASSED] - Delayed 3 second(s)

2019-04-14 00:20:00 - [TEST_STEP][PASSED] - click(findTestObject("Generate/i_Vijeta Business Solution_fa fa-angle-double-right")): Object: 'Object Repository/Generate/i_Vijeta Business Solution_fa fa-angle-double-right' is clicked on

2019-04-14 00:20:00 - [MESSAGE][PASSED] - Object: 'Object Repository/Generate/i_Vijeta Business Solution_fa fa-angle-double-right' is clicked on

2019-04-14 00:20:00 - [TEST_STEP][PASSED] - delay(1): Delayed 1 second(s)

2019-04-14 00:20:01 - [MESSAGE][PASSED] - Delayed 1 second(s)

2019-04-14 00:20:01 - [TEST_STEP][PASSED] - click(findTestObject("Generate/li_Nands Group")): Object: 'Object Repository/Generate/li_Nands Group' is clicked on

2019-04-14 00:20:01 - [MESSAGE][PASSED] - Object: 'Object Repository/Generate/li_Nands Group' is clicked on

2019-04-14 00:20:01 - [TEST_STEP][PASSED] - changeBusienssMsg = getText(findTestObject("Generate/div_Business Changed Successfully")): Text of object 'Object Repository/Generate/div_Business Changed Successfully' is: 'Business Changed Successfully.'

2019-04-14 00:20:02 - [MESSAGE][PASSED] - Text of object 'Object Repository/Generate/div_Business Changed Successfully' is: 'Business Changed Successfully.'

2019-04-14 00:20:02 - [TEST_STEP][PASSED] - verifyMatch(changeBusienssMsg, "Business Changed Successfully.", true): Actual text 'Business Changed Successfully.' and expected text 'Business Changed Successfully.' are matched  using regular expression

2019-04-14 00:20:02 - [MESSAGE][PASSED] - Actual text 'Business Changed Successfully.' and expected text 'Business Changed Successfully.' are matched  using regular expression

2019-04-14 00:20:02 - [TEST_STEP][PASSED] - click(findTestObject("Generate/div_Business Changed Successfully")): Object: 'Object Repository/Generate/div_Business Changed Successfully' is clicked on

2019-04-14 00:20:02 - [MESSAGE][PASSED] - Object: 'Object Repository/Generate/div_Business Changed Successfully' is clicked on

2019-04-14 00:20:02 - [TEST_STEP][PASSED] - delay(1): Delayed 1 second(s)

2019-04-14 00:20:03 - [MESSAGE][PASSED] - Delayed 1 second(s)

2019-04-14 00:20:03 - [TEST_STEP][PASSED] - click(findTestObject("Generate/i_Nands Group_fa fa-angle-double-right")): Object: 'Object Repository/Generate/i_Nands Group_fa fa-angle-double-right' is clicked on

2019-04-14 00:20:03 - [MESSAGE][PASSED] - Object: 'Object Repository/Generate/i_Nands Group_fa fa-angle-double-right' is clicked on

2019-04-14 00:20:03 - [TEST_STEP][PASSED] - delay(1): Delayed 1 second(s)

2019-04-14 00:20:04 - [MESSAGE][PASSED] - Delayed 1 second(s)

2019-04-14 00:20:04 - [TEST_STEP][PASSED] - click(findTestObject("Generate/li_Nands Business")): Object: 'Object Repository/Generate/li_Nands Business' is clicked on

2019-04-14 00:20:04 - [MESSAGE][PASSED] - Object: 'Object Repository/Generate/li_Nands Business' is clicked on

2019-04-14 00:20:04 - [TEST_STEP][PASSED] - delay(1): Delayed 1 second(s)

2019-04-14 00:20:05 - [MESSAGE][PASSED] - Delayed 1 second(s)

2019-04-14 00:20:05 - [TEST_STEP][PASSED] - click(findTestObject("Generate/i_Nands Business_fa fa-angle-double-right")): Object: 'Object Repository/Generate/i_Nands Business_fa fa-angle-double-right' is clicked on

2019-04-14 00:20:05 - [MESSAGE][PASSED] - Object: 'Object Repository/Generate/i_Nands Business_fa fa-angle-double-right' is clicked on

2019-04-14 00:20:05 - [TEST_STEP][PASSED] - delay(1): Delayed 1 second(s)

2019-04-14 00:20:06 - [MESSAGE][PASSED] - Delayed 1 second(s)

2019-04-14 00:20:06 - [TEST_STEP][PASSED] - click(findTestObject("Generate/li_Nands_Entity_1")): Object: 'Object Repository/Generate/li_Nands_Entity_1' is clicked on

2019-04-14 00:20:06 - [MESSAGE][PASSED] - Object: 'Object Repository/Generate/li_Nands_Entity_1' is clicked on

2019-04-14 00:20:06 - [TEST_STEP][PASSED] - delay(1): Delayed 1 second(s)

2019-04-14 00:20:07 - [MESSAGE][PASSED] - Delayed 1 second(s)

2019-04-14 00:20:07 - [TEST_STEP][PASSED] - click(findTestObject("Generate/li_Nands Group_1")): Object: 'Object Repository/Generate/li_Nands Group_1' is clicked on

2019-04-14 00:20:07 - [MESSAGE][PASSED] - Object: 'Object Repository/Generate/li_Nands Group_1' is clicked on

2019-04-14 00:20:07 - [TEST_STEP][PASSED] - r = 1: null

2019-04-14 00:20:07 - [TEST_STEP][PASSED] - c = 2: null

2019-04-14 00:20:07 - [TEST_STEP][PASSED] - for ([i = 0, i < 2, (i++)]): Refresh successfully

2019-04-14 00:20:07 - [TEST_STEP][PASSED] - r = r + i: null

2019-04-14 00:20:07 - [TEST_STEP][PASSED] - println("r = " + r): null

2019-04-14 00:20:07 - [TEST_STEP][PASSED] - c = c + i: null

2019-04-14 00:20:07 - [TEST_STEP][PASSED] - println("c = " + c): null

2019-04-14 00:20:07 - [TEST_STEP][PASSED] - click(findTestObject("Generate/Generate Tab")): Object: 'Object Repository/Generate/Generate Tab' is clicked on

2019-04-14 00:20:08 - [MESSAGE][PASSED] - Object: 'Object Repository/Generate/Generate Tab' is clicked on

2019-04-14 00:20:08 - [TEST_STEP][PASSED] - delay(3): Delayed 3 second(s)

2019-04-14 00:20:11 - [MESSAGE][PASSED] - Delayed 3 second(s)

2019-04-14 00:20:11 - [TEST_STEP][PASSED] - selectOptionByValue(findTestObject("Generate/Select Transaction Type"), "number:1", true): All options with value 'number:1' are selected in object 'Object Repository/Generate/Select Transaction Type'  using regular expression

2019-04-14 00:20:11 - [MESSAGE][PASSED] - All options with value 'number:1' are selected in object 'Object Repository/Generate/Select Transaction Type'  using regular expression

2019-04-14 00:20:11 - [TEST_STEP][PASSED] - delay(1): Delayed 1 second(s)

2019-04-14 00:20:12 - [MESSAGE][PASSED] - Delayed 1 second(s)

2019-04-14 00:20:12 - [TEST_STEP][PASSED] - selectOptionByValue(findTestObject("Generate/Select Sub Supply Type"), "number:1", true): All options with value 'number:1' are selected in object 'Object Repository/Generate/Select Sub Supply Type'  using regular expression

2019-04-14 00:20:12 - [MESSAGE][PASSED] - All options with value 'number:1' are selected in object 'Object Repository/Generate/Select Sub Supply Type'  using regular expression

2019-04-14 00:20:12 - [TEST_STEP][PASSED] - delay(1): Delayed 1 second(s)

2019-04-14 00:20:13 - [MESSAGE][PASSED] - Delayed 1 second(s)

2019-04-14 00:20:13 - [TEST_STEP][PASSED] - setText(findTestObject("Generate/Enter Sub-supply type Description"), "SubSupplyDescription"): Text 'SubSupplyDescription' is set on object 'Object Repository/Generate/Enter Sub-supply type Description'

2019-04-14 00:20:14 - [MESSAGE][PASSED] - Text 'SubSupplyDescription' is set on object 'Object Repository/Generate/Enter Sub-supply type Description'

2019-04-14 00:20:14 - [TEST_STEP][PASSED] - delay(1): Delayed 1 second(s)

2019-04-14 00:20:15 - [MESSAGE][PASSED] - Delayed 1 second(s)

2019-04-14 00:20:15 - [TEST_STEP][PASSED] - selectOptionByValue(findTestObject("Generate/Select Document Type"), "string:INV", true): All options with value 'string:INV' are selected in object 'Object Repository/Generate/Select Document Type'  using regular expression

2019-04-14 00:20:15 - [MESSAGE][PASSED] - All options with value 'string:INV' are selected in object 'Object Repository/Generate/Select Document Type'  using regular expression

2019-04-14 00:20:15 - [TEST_STEP][PASSED] - delay(1): Delayed 1 second(s)

2019-04-14 00:20:16 - [MESSAGE][PASSED] - Delayed 1 second(s)

2019-04-14 00:20:16 - [TEST_STEP][PASSED] - docNo = utility.randomNumber.rendomNo(8): utility.randomNumber.rendomNo is PASSED

2019-04-14 00:20:16 - [MESSAGE][PASSED] - utility.randomNumber.rendomNo is PASSED

2019-04-14 00:20:16 - [TEST_STEP][PASSED] - setText(findTestObject("Generate/Enter Document Number"), docNo): Text '58085852' is set on object 'Object Repository/Generate/Enter Document Number'

2019-04-14 00:20:16 - [MESSAGE][PASSED] - Text '58085852' is set on object 'Object Repository/Generate/Enter Document Number'

2019-04-14 00:20:16 - [TEST_STEP][PASSED] - delay(1): Delayed 1 second(s)

2019-04-14 00:20:17 - [MESSAGE][PASSED] - Delayed 1 second(s)

2019-04-14 00:20:17 - [TEST_STEP][PASSED] - utility.WriteToExcel.Sd(docNo, 0, r, 0): utility.WriteToExcel.Sd is PASSED

2019-04-14 00:20:19 - [MESSAGE][PASSED] - utility.WriteToExcel.Sd is PASSED

2019-04-14 00:20:19 - [TEST_STEP][PASSED] - delay(1): Delayed 1 second(s)

2019-04-14 00:20:20 - [MESSAGE][PASSED] - Delayed 1 second(s)

2019-04-14 00:20:20 - [TEST_STEP][PASSED] - selectOptionByValue(findTestObject("Generate/Select Invoice Type"), "string:B2B", true): All options with value 'string:B2B' are selected in object 'Object Repository/Generate/Select Invoice Type'  using regular expression

2019-04-14 00:20:20 - [MESSAGE][PASSED] - All options with value 'string:B2B' are selected in object 'Object Repository/Generate/Select Invoice Type'  using regular expression

2019-04-14 00:20:20 - [TEST_STEP][PASSED] - delay(1): Delayed 1 second(s)

2019-04-14 00:20:21 - [MESSAGE][PASSED] - Delayed 1 second(s)

2019-04-14 00:20:21 - [TEST_STEP][PASSED] - setText(findTestObject("Generate/Enter Invoice Ref Number"), "REFINV001"): Text 'REFINV001' is set on object 'Object Repository/Generate/Enter Invoice Ref Number'

2019-04-14 00:20:22 - [MESSAGE][PASSED] - Text 'REFINV001' is set on object 'Object Repository/Generate/Enter Invoice Ref Number'

2019-04-14 00:20:22 - [TEST_STEP][PASSED] - delay(1): Delayed 1 second(s)

2019-04-14 00:20:23 - [MESSAGE][PASSED] - Delayed 1 second(s)

2019-04-14 00:20:23 - [TEST_STEP][PASSED] - selectOptionByValue(findTestObject("Generate/Select Supplier address"), "number:7363", true): All options with value 'number:7363' are selected in object 'Object Repository/Generate/Select Supplier address'  using regular expression

2019-04-14 00:20:23 - [MESSAGE][PASSED] - All options with value 'number:7363' are selected in object 'Object Repository/Generate/Select Supplier address'  using regular expression

2019-04-14 00:20:23 - [TEST_STEP][PASSED] - delay(1): Delayed 1 second(s)

2019-04-14 00:20:24 - [MESSAGE][PASSED] - Delayed 1 second(s)

2019-04-14 00:20:24 - [TEST_STEP][PASSED] - selectOptionByValue(findTestObject("Generate/Select Recepient address"), "number:548", true): All options with value 'number:548' are selected in object 'Object Repository/Generate/Select Recepient address'  using regular expression

2019-04-14 00:20:24 - [MESSAGE][PASSED] - All options with value 'number:548' are selected in object 'Object Repository/Generate/Select Recepient address'  using regular expression

2019-04-14 00:20:24 - [TEST_STEP][PASSED] - delay(1): Delayed 1 second(s)

2019-04-14 00:20:25 - [MESSAGE][PASSED] - Delayed 1 second(s)

2019-04-14 00:20:25 - [TEST_STEP][PASSED] - setText(findTestObject("Generate/Enter HSN code"), "88"): Text '88' is set on object 'Object Repository/Generate/Enter HSN code'

2019-04-14 00:20:26 - [MESSAGE][PASSED] - Text '88' is set on object 'Object Repository/Generate/Enter HSN code'

2019-04-14 00:20:26 - [TEST_STEP][PASSED] - delay(1): Delayed 1 second(s)

2019-04-14 00:20:27 - [MESSAGE][PASSED] - Delayed 1 second(s)

2019-04-14 00:20:27 - [TEST_STEP][PASSED] - setText(findTestObject("Generate/Enter Taxable Value"), "1"): Text '1' is set on object 'Object Repository/Generate/Enter Taxable Value'

2019-04-14 00:20:27 - [MESSAGE][PASSED] - Text '1' is set on object 'Object Repository/Generate/Enter Taxable Value'

2019-04-14 00:20:27 - [TEST_STEP][PASSED] - delay(1): Delayed 1 second(s)

2019-04-14 00:20:28 - [MESSAGE][PASSED] - Delayed 1 second(s)

2019-04-14 00:20:28 - [TEST_STEP][PASSED] - setText(findTestObject("Generate/Enter Quantity"), "1"): Text '1' is set on object 'Object Repository/Generate/Enter Quantity'

2019-04-14 00:20:28 - [MESSAGE][PASSED] - Text '1' is set on object 'Object Repository/Generate/Enter Quantity'

2019-04-14 00:20:28 - [TEST_STEP][PASSED] - delay(1): Delayed 1 second(s)

2019-04-14 00:20:29 - [MESSAGE][PASSED] - Delayed 1 second(s)

2019-04-14 00:20:29 - [TEST_STEP][PASSED] - selectOptionByValue(findTestObject("Generate/Select CGST Rate"), "string:1.50", true): All options with value 'string:1.50' are selected in object 'Object Repository/Generate/Select CGST Rate'  using regular expression

2019-04-14 00:20:29 - [MESSAGE][PASSED] - All options with value 'string:1.50' are selected in object 'Object Repository/Generate/Select CGST Rate'  using regular expression

2019-04-14 00:20:29 - [TEST_STEP][PASSED] - delay(1): Delayed 1 second(s)

2019-04-14 00:20:30 - [MESSAGE][PASSED] - Delayed 1 second(s)

2019-04-14 00:20:30 - [TEST_STEP][PASSED] - selectOptionByValue(findTestObject("Generate/Select SGST Rate"), "string:1.50", true): All options with value 'string:1.50' are selected in object 'Object Repository/Generate/Select SGST Rate'  using regular expression

2019-04-14 00:20:31 - [MESSAGE][PASSED] - All options with value 'string:1.50' are selected in object 'Object Repository/Generate/Select SGST Rate'  using regular expression

2019-04-14 00:20:31 - [TEST_STEP][PASSED] - delay(1): Delayed 1 second(s)

2019-04-14 00:20:32 - [MESSAGE][PASSED] - Delayed 1 second(s)

2019-04-14 00:20:32 - [TEST_STEP][PASSED] - selectOptionByValue(findTestObject("Generate/Select Cess Advol"), "string:3", true): All options with value 'string:3' are selected in object 'Object Repository/Generate/Select Cess Advol'  using regular expression

2019-04-14 00:20:32 - [MESSAGE][PASSED] - All options with value 'string:3' are selected in object 'Object Repository/Generate/Select Cess Advol'  using regular expression

2019-04-14 00:20:32 - [TEST_STEP][PASSED] - delay(1): Delayed 1 second(s)

2019-04-14 00:20:33 - [MESSAGE][PASSED] - Delayed 1 second(s)

2019-04-14 00:20:33 - [TEST_STEP][PASSED] - selectOptionByValue(findTestObject("Generate/Select Cess Non Advol"), "number:400", true): All options with value 'number:400' are selected in object 'Object Repository/Generate/Select Cess Non Advol'  using regular expression

2019-04-14 00:20:34 - [MESSAGE][PASSED] - All options with value 'number:400' are selected in object 'Object Repository/Generate/Select Cess Non Advol'  using regular expression

2019-04-14 00:20:34 - [TEST_STEP][PASSED] - delay(1): Delayed 1 second(s)

2019-04-14 00:20:35 - [MESSAGE][PASSED] - Delayed 1 second(s)

2019-04-14 00:20:35 - [TEST_STEP][PASSED] - setText(findTestObject("Generate/Enter Distance"), "100"): Text '100' is set on object 'Object Repository/Generate/Enter Distance'

2019-04-14 00:20:35 - [MESSAGE][PASSED] - Text '100' is set on object 'Object Repository/Generate/Enter Distance'

2019-04-14 00:20:35 - [TEST_STEP][PASSED] - delay(1): Delayed 1 second(s)

2019-04-14 00:20:36 - [MESSAGE][PASSED] - Delayed 1 second(s)

2019-04-14 00:20:36 - [TEST_STEP][PASSED] - selectOptionByValue(findTestObject("Generate/Select Trans mode"), "number:1", true): All options with value 'number:1' are selected in object 'Object Repository/Generate/Select Trans mode'  using regular expression

2019-04-14 00:20:36 - [MESSAGE][PASSED] - All options with value 'number:1' are selected in object 'Object Repository/Generate/Select Trans mode'  using regular expression

2019-04-14 00:20:36 - [TEST_STEP][PASSED] - delay(1): Delayed 1 second(s)

2019-04-14 00:20:37 - [MESSAGE][PASSED] - Delayed 1 second(s)

2019-04-14 00:20:37 - [TEST_STEP][PASSED] - setText(findTestObject("Generate/Enter Vehical No"), "MH02EX3636"): Text 'MH02EX3636' is set on object 'Object Repository/Generate/Enter Vehical No'

2019-04-14 00:20:38 - [MESSAGE][PASSED] - Text 'MH02EX3636' is set on object 'Object Repository/Generate/Enter Vehical No'

2019-04-14 00:20:38 - [TEST_STEP][PASSED] - delay(1): Delayed 1 second(s)

2019-04-14 00:20:39 - [MESSAGE][PASSED] - Delayed 1 second(s)

2019-04-14 00:20:39 - [TEST_STEP][PASSED] - click(findTestObject("Generate/Sumbit Button")): Object: 'Object Repository/Generate/Sumbit Button' is clicked on

2019-04-14 00:20:39 - [MESSAGE][PASSED] - Object: 'Object Repository/Generate/Sumbit Button' is clicked on

2019-04-14 00:20:39 - [TEST_STEP][PASSED] - delay(5): Delayed 5 second(s)

2019-04-14 00:20:44 - [MESSAGE][PASSED] - Delayed 5 second(s)

2019-04-14 00:20:44 - [TEST_STEP][PASSED] - MsgGen = getText(findTestObject("Generate/Msg Generated Successfully")): Text of object 'Object Repository/Generate/Msg Generated Successfully' is: 'Generated Successfully'

2019-04-14 00:20:44 - [MESSAGE][PASSED] - Text of object 'Object Repository/Generate/Msg Generated Successfully' is: 'Generated Successfully'

2019-04-14 00:20:44 - [TEST_STEP][PASSED] - verifyMatch(MsgGen, "Generated Successfully", true): Actual text 'Generated Successfully' and expected text 'Generated Successfully' are matched  using regular expression

2019-04-14 00:20:44 - [MESSAGE][PASSED] - Actual text 'Generated Successfully' and expected text 'Generated Successfully' are matched  using regular expression

2019-04-14 00:20:44 - [TEST_STEP][PASSED] - ewayBillNo = getText(findTestObject("Generate/Eway bill number")): Text of object 'Object Repository/Generate/Eway bill number' is: '361001758883'

2019-04-14 00:20:44 - [MESSAGE][PASSED] - Text of object 'Object Repository/Generate/Eway bill number' is: '361001758883'

2019-04-14 00:20:44 - [TEST_STEP][PASSED] - utility.WriteToExcel.Sd(ewayBillNo, 0, r, 1): utility.WriteToExcel.Sd is PASSED

2019-04-14 00:20:44 - [MESSAGE][PASSED] - utility.WriteToExcel.Sd is PASSED

2019-04-14 00:20:44 - [TEST_STEP][PASSED] - EwayBillDate = getText(findTestObject("Generate/Eway Bill date")): Text of object 'Object Repository/Generate/Eway Bill date' is: '14/04/2019 12:20:38 AM'

2019-04-14 00:20:44 - [MESSAGE][PASSED] - Text of object 'Object Repository/Generate/Eway Bill date' is: '14/04/2019 12:20:38 AM'

2019-04-14 00:20:44 - [TEST_STEP][PASSED] - utility.WriteToExcel.Sd(EwayBillDate, 0, r, 2): utility.WriteToExcel.Sd is PASSED

2019-04-14 00:20:44 - [MESSAGE][PASSED] - utility.WriteToExcel.Sd is PASSED

2019-04-14 00:20:44 - [TEST_STEP][PASSED] - EwayValidityDate = getText(findTestObject("Generate/Eway bill Validity date")): Text of object 'Object Repository/Generate/Eway bill Validity date' is: '15/04/2019 11:59:00 AM'

2019-04-14 00:20:44 - [MESSAGE][PASSED] - Text of object 'Object Repository/Generate/Eway bill Validity date' is: '15/04/2019 11:59:00 AM'

2019-04-14 00:20:44 - [TEST_STEP][PASSED] - utility.WriteToExcel.Sd(EwayValidityDate, 0, r, 3): utility.WriteToExcel.Sd is PASSED

2019-04-14 00:20:44 - [MESSAGE][PASSED] - utility.WriteToExcel.Sd is PASSED

2019-04-14 00:20:44 - [TEST_STEP][PASSED] - EwayBillStatus = getText(findTestObject("Generate/Eway Bill Status")): Text of object 'Object Repository/Generate/Eway Bill Status' is: 'ACTIVE'

2019-04-14 00:20:44 - [MESSAGE][PASSED] - Text of object 'Object Repository/Generate/Eway Bill Status' is: 'ACTIVE'

2019-04-14 00:20:44 - [TEST_STEP][PASSED] - verifyMatch(EwayBillStatus, "ACTIVE", true): Actual text 'ACTIVE' and expected text 'ACTIVE' are matched  using regular expression

2019-04-14 00:20:44 - [MESSAGE][PASSED] - Actual text 'ACTIVE' and expected text 'ACTIVE' are matched  using regular expression

2019-04-14 00:20:44 - [TEST_STEP][PASSED] - utility.WriteToExcel.Sd(EwayBillStatus, 0, r, 4): utility.WriteToExcel.Sd is PASSED

2019-04-14 00:20:45 - [MESSAGE][PASSED] - utility.WriteToExcel.Sd is PASSED

2019-04-14 00:20:45 - [TEST_STEP][PASSED] - (r++): null

2019-04-14 00:20:45 - [TEST_STEP][PASSED] - click(findTestObject("Generate/Generate Another button")): Object: 'Object Repository/Generate/Generate Another button' is clicked on

2019-04-14 00:20:45 - [MESSAGE][PASSED] - Object: 'Object Repository/Generate/Generate Another button' is clicked on

2019-04-14 00:20:45 - [TEST_STEP][PASSED] - delay(3): Delayed 3 second(s)

2019-04-14 00:20:48 - [MESSAGE][PASSED] - Delayed 3 second(s)

2019-04-14 00:20:48 - [TEST_STEP][PASSED] - selectOptionByValue(findTestObject("Generate/Select Transaction Type"), "number:1", true): All options with value 'number:1' are selected in object 'Object Repository/Generate/Select Transaction Type'  using regular expression

2019-04-14 00:20:48 - [MESSAGE][PASSED] - All options with value 'number:1' are selected in object 'Object Repository/Generate/Select Transaction Type'  using regular expression

2019-04-14 00:20:48 - [TEST_STEP][PASSED] - delay(1): Delayed 1 second(s)

2019-04-14 00:20:49 - [MESSAGE][PASSED] - Delayed 1 second(s)

2019-04-14 00:20:49 - [TEST_STEP][PASSED] - selectOptionByValue(findTestObject("Generate/Select Sub Supply Type"), "number:1", true): All options with value 'number:1' are selected in object 'Object Repository/Generate/Select Sub Supply Type'  using regular expression

2019-04-14 00:20:49 - [MESSAGE][PASSED] - All options with value 'number:1' are selected in object 'Object Repository/Generate/Select Sub Supply Type'  using regular expression

2019-04-14 00:20:49 - [TEST_STEP][PASSED] - delay(1): Delayed 1 second(s)

2019-04-14 00:20:50 - [MESSAGE][PASSED] - Delayed 1 second(s)

2019-04-14 00:20:50 - [TEST_STEP][PASSED] - setText(findTestObject("Generate/Enter Sub-supply type Description"), "SubSupplyDescription"): Text 'SubSupplyDescription' is set on object 'Object Repository/Generate/Enter Sub-supply type Description'

2019-04-14 00:20:51 - [MESSAGE][PASSED] - Text 'SubSupplyDescription' is set on object 'Object Repository/Generate/Enter Sub-supply type Description'

2019-04-14 00:20:51 - [TEST_STEP][PASSED] - delay(1): Delayed 1 second(s)

2019-04-14 00:20:52 - [MESSAGE][PASSED] - Delayed 1 second(s)

2019-04-14 00:20:52 - [TEST_STEP][PASSED] - selectOptionByValue(findTestObject("Generate/Select Document Type"), "string:INV", true): All options with value 'string:INV' are selected in object 'Object Repository/Generate/Select Document Type'  using regular expression

2019-04-14 00:20:52 - [MESSAGE][PASSED] - All options with value 'string:INV' are selected in object 'Object Repository/Generate/Select Document Type'  using regular expression

2019-04-14 00:20:52 - [TEST_STEP][PASSED] - delay(1): Delayed 1 second(s)

2019-04-14 00:20:53 - [MESSAGE][PASSED] - Delayed 1 second(s)

2019-04-14 00:20:53 - [TEST_STEP][PASSED] - docnoo = utility.randomNumber.rendomNo(8): utility.randomNumber.rendomNo is PASSED

2019-04-14 00:20:53 - [MESSAGE][PASSED] - utility.randomNumber.rendomNo is PASSED

2019-04-14 00:20:53 - [TEST_STEP][PASSED] - setText(findTestObject("Generate/Enter Document Number"), docnoo): Text '56153831' is set on object 'Object Repository/Generate/Enter Document Number'

2019-04-14 00:20:54 - [MESSAGE][PASSED] - Text '56153831' is set on object 'Object Repository/Generate/Enter Document Number'

2019-04-14 00:20:54 - [TEST_STEP][PASSED] - delay(1): Delayed 1 second(s)

2019-04-14 00:20:55 - [MESSAGE][PASSED] - Delayed 1 second(s)

2019-04-14 00:20:55 - [TEST_STEP][PASSED] - utility.WriteToExcel.Sd(docnoo, 0, c, 0): utility.WriteToExcel.Sd is PASSED

2019-04-14 00:20:55 - [MESSAGE][PASSED] - utility.WriteToExcel.Sd is PASSED

2019-04-14 00:20:55 - [TEST_STEP][PASSED] - delay(1): Delayed 1 second(s)

2019-04-14 00:20:56 - [MESSAGE][PASSED] - Delayed 1 second(s)

2019-04-14 00:20:56 - [TEST_STEP][PASSED] - selectOptionByValue(findTestObject("Generate/Select Invoice Type"), "string:B2B", true): All options with value 'string:B2B' are selected in object 'Object Repository/Generate/Select Invoice Type'  using regular expression

2019-04-14 00:20:56 - [MESSAGE][PASSED] - All options with value 'string:B2B' are selected in object 'Object Repository/Generate/Select Invoice Type'  using regular expression

2019-04-14 00:20:56 - [TEST_STEP][PASSED] - delay(1): Delayed 1 second(s)

2019-04-14 00:20:57 - [MESSAGE][PASSED] - Delayed 1 second(s)

2019-04-14 00:20:57 - [TEST_STEP][PASSED] - setText(findTestObject("Generate/Enter Invoice Ref Number"), "REFINV001"): Text 'REFINV001' is set on object 'Object Repository/Generate/Enter Invoice Ref Number'

2019-04-14 00:20:57 - [MESSAGE][PASSED] - Text 'REFINV001' is set on object 'Object Repository/Generate/Enter Invoice Ref Number'

2019-04-14 00:20:57 - [TEST_STEP][PASSED] - delay(1): Delayed 1 second(s)

2019-04-14 00:20:58 - [MESSAGE][PASSED] - Delayed 1 second(s)

2019-04-14 00:20:58 - [TEST_STEP][PASSED] - selectOptionByValue(findTestObject("Generate/Select Supplier address"), "number:7363", true): All options with value 'number:7363' are selected in object 'Object Repository/Generate/Select Supplier address'  using regular expression

2019-04-14 00:20:59 - [MESSAGE][PASSED] - All options with value 'number:7363' are selected in object 'Object Repository/Generate/Select Supplier address'  using regular expression

2019-04-14 00:20:59 - [TEST_STEP][PASSED] - delay(1): Delayed 1 second(s)

2019-04-14 00:21:00 - [MESSAGE][PASSED] - Delayed 1 second(s)

2019-04-14 00:21:00 - [TEST_STEP][PASSED] - selectOptionByValue(findTestObject("Generate/Select Recepient address"), "number:548", true): All options with value 'number:548' are selected in object 'Object Repository/Generate/Select Recepient address'  using regular expression

2019-04-14 00:21:00 - [MESSAGE][PASSED] - All options with value 'number:548' are selected in object 'Object Repository/Generate/Select Recepient address'  using regular expression

2019-04-14 00:21:00 - [TEST_STEP][PASSED] - delay(1): Delayed 1 second(s)

2019-04-14 00:21:01 - [MESSAGE][PASSED] - Delayed 1 second(s)

2019-04-14 00:21:01 - [TEST_STEP][PASSED] - setText(findTestObject("Generate/Enter HSN code"), "88"): Text '88' is set on object 'Object Repository/Generate/Enter HSN code'

2019-04-14 00:21:01 - [MESSAGE][PASSED] - Text '88' is set on object 'Object Repository/Generate/Enter HSN code'

2019-04-14 00:21:01 - [TEST_STEP][PASSED] - delay(1): Delayed 1 second(s)

2019-04-14 00:21:02 - [MESSAGE][PASSED] - Delayed 1 second(s)

2019-04-14 00:21:02 - [TEST_STEP][PASSED] - setText(findTestObject("Generate/Enter Taxable Value"), "1"): Text '1' is set on object 'Object Repository/Generate/Enter Taxable Value'

2019-04-14 00:21:03 - [MESSAGE][PASSED] - Text '1' is set on object 'Object Repository/Generate/Enter Taxable Value'

2019-04-14 00:21:03 - [TEST_STEP][PASSED] - delay(1): Delayed 1 second(s)

2019-04-14 00:21:04 - [MESSAGE][PASSED] - Delayed 1 second(s)

2019-04-14 00:21:04 - [TEST_STEP][PASSED] - setText(findTestObject("Generate/Enter Quantity"), "1"): Text '1' is set on object 'Object Repository/Generate/Enter Quantity'

2019-04-14 00:21:04 - [MESSAGE][PASSED] - Text '1' is set on object 'Object Repository/Generate/Enter Quantity'

2019-04-14 00:21:04 - [TEST_STEP][PASSED] - delay(1): Delayed 1 second(s)

2019-04-14 00:21:05 - [MESSAGE][PASSED] - Delayed 1 second(s)

2019-04-14 00:21:05 - [TEST_STEP][PASSED] - selectOptionByValue(findTestObject("Generate/Select CGST Rate"), "string:1.50", true): All options with value 'string:1.50' are selected in object 'Object Repository/Generate/Select CGST Rate'  using regular expression

2019-04-14 00:21:05 - [MESSAGE][PASSED] - All options with value 'string:1.50' are selected in object 'Object Repository/Generate/Select CGST Rate'  using regular expression

2019-04-14 00:21:05 - [TEST_STEP][PASSED] - delay(1): Delayed 1 second(s)

2019-04-14 00:21:06 - [MESSAGE][PASSED] - Delayed 1 second(s)

2019-04-14 00:21:06 - [TEST_STEP][PASSED] - selectOptionByValue(findTestObject("Generate/Select SGST Rate"), "string:1.50", true): All options with value 'string:1.50' are selected in object 'Object Repository/Generate/Select SGST Rate'  using regular expression

2019-04-14 00:21:07 - [MESSAGE][PASSED] - All options with value 'string:1.50' are selected in object 'Object Repository/Generate/Select SGST Rate'  using regular expression

2019-04-14 00:21:07 - [TEST_STEP][PASSED] - delay(1): Delayed 1 second(s)

2019-04-14 00:21:08 - [MESSAGE][PASSED] - Delayed 1 second(s)

2019-04-14 00:21:08 - [TEST_STEP][PASSED] - selectOptionByValue(findTestObject("Generate/Select Cess Advol"), "string:3", true): All options with value 'string:3' are selected in object 'Object Repository/Generate/Select Cess Advol'  using regular expression

2019-04-14 00:21:08 - [MESSAGE][PASSED] - All options with value 'string:3' are selected in object 'Object Repository/Generate/Select Cess Advol'  using regular expression

2019-04-14 00:21:08 - [TEST_STEP][PASSED] - delay(1): Delayed 1 second(s)

2019-04-14 00:21:09 - [MESSAGE][PASSED] - Delayed 1 second(s)

2019-04-14 00:21:09 - [TEST_STEP][PASSED] - selectOptionByValue(findTestObject("Generate/Select Cess Non Advol"), "number:400", true): All options with value 'number:400' are selected in object 'Object Repository/Generate/Select Cess Non Advol'  using regular expression

2019-04-14 00:21:10 - [MESSAGE][PASSED] - All options with value 'number:400' are selected in object 'Object Repository/Generate/Select Cess Non Advol'  using regular expression

2019-04-14 00:21:10 - [TEST_STEP][PASSED] - delay(1): Delayed 1 second(s)

2019-04-14 00:21:11 - [MESSAGE][PASSED] - Delayed 1 second(s)

2019-04-14 00:21:11 - [TEST_STEP][PASSED] - setText(findTestObject("Generate/Enter Distance"), "100"): Text '100' is set on object 'Object Repository/Generate/Enter Distance'

2019-04-14 00:21:11 - [MESSAGE][PASSED] - Text '100' is set on object 'Object Repository/Generate/Enter Distance'

2019-04-14 00:21:11 - [TEST_STEP][PASSED] - delay(1): Delayed 1 second(s)

2019-04-14 00:21:12 - [MESSAGE][PASSED] - Delayed 1 second(s)

2019-04-14 00:21:12 - [TEST_STEP][PASSED] - setText(findTestObject("Generate/Enter Transporter ID"), "05AAAAU1183B1Z0"): Text '05AAAAU1183B1Z0' is set on object 'Object Repository/Generate/Enter Transporter ID'

2019-04-14 00:21:13 - [MESSAGE][PASSED] - Text '05AAAAU1183B1Z0' is set on object 'Object Repository/Generate/Enter Transporter ID'

2019-04-14 00:21:13 - [TEST_STEP][PASSED] - delay(1): Delayed 1 second(s)

2019-04-14 00:21:14 - [MESSAGE][PASSED] - Delayed 1 second(s)

2019-04-14 00:21:14 - [TEST_STEP][PASSED] - click(findTestObject("Generate/Sumbit Button")): Object: 'Object Repository/Generate/Sumbit Button' is clicked on

2019-04-14 00:21:14 - [MESSAGE][PASSED] - Object: 'Object Repository/Generate/Sumbit Button' is clicked on

2019-04-14 00:21:14 - [TEST_STEP][PASSED] - delay(5): Delayed 5 second(s)

2019-04-14 00:21:19 - [MESSAGE][PASSED] - Delayed 5 second(s)

2019-04-14 00:21:19 - [TEST_STEP][PASSED] - MsgGenn = getText(findTestObject("Generate/Message for not active")): Text of object 'Object Repository/Generate/Message for not active' is: 'Generated Successfully'

2019-04-14 00:21:19 - [MESSAGE][PASSED] - Text of object 'Object Repository/Generate/Message for not active' is: 'Generated Successfully'

2019-04-14 00:21:19 - [TEST_STEP][PASSED] - verifyMatch(MsgGenn, "Generated Successfully", true): Actual text 'Generated Successfully' and expected text 'Generated Successfully' are matched  using regular expression

2019-04-14 00:21:19 - [MESSAGE][PASSED] - Actual text 'Generated Successfully' and expected text 'Generated Successfully' are matched  using regular expression

2019-04-14 00:21:19 - [TEST_STEP][PASSED] - delay(1): Delayed 1 second(s)

2019-04-14 00:21:20 - [MESSAGE][PASSED] - Delayed 1 second(s)

2019-04-14 00:21:20 - [TEST_STEP][PASSED] - click(findTestObject("Generate/Msg_GSTIN is valid")): Object: 'Object Repository/Generate/Msg_GSTIN is valid' is clicked on

2019-04-14 00:21:20 - [MESSAGE][PASSED] - Object: 'Object Repository/Generate/Msg_GSTIN is valid' is clicked on

2019-04-14 00:21:20 - [TEST_STEP][PASSED] - delay(1): Delayed 1 second(s)

2019-04-14 00:21:21 - [MESSAGE][PASSED] - Delayed 1 second(s)

2019-04-14 00:21:21 - [TEST_STEP][PASSED] - ewayBillNoo = getText(findTestObject("Generate/EwayBill number - Active Invalid")): Text of object 'Object Repository/Generate/EwayBill number - Active Invalid' is: '331001758884'

2019-04-14 00:21:21 - [MESSAGE][PASSED] - Text of object 'Object Repository/Generate/EwayBill number - Active Invalid' is: '331001758884'

2019-04-14 00:21:21 - [TEST_STEP][PASSED] - logInfo("ewayBillNoo:" + ewayBillNoo): ewayBillNoo:331001758884

2019-04-14 00:21:21 - [MESSAGE][INFO] - ewayBillNoo:331001758884

2019-04-14 00:21:21 - [TEST_STEP][PASSED] - utility.WriteToExcel.Sd(ewayBillNoo, 0, c, 1): utility.WriteToExcel.Sd is PASSED

2019-04-14 00:21:21 - [MESSAGE][PASSED] - utility.WriteToExcel.Sd is PASSED

2019-04-14 00:21:21 - [TEST_STEP][PASSED] - delay(1): Delayed 1 second(s)

2019-04-14 00:21:22 - [MESSAGE][PASSED] - Delayed 1 second(s)

2019-04-14 00:21:22 - [TEST_STEP][PASSED] - EwayBillDatee = getText(findTestObject("Generate/EWB Date - Active Invalid")): Text of object 'Object Repository/Generate/EWB Date - Active Invalid' is: '14/04/2019 12:21:13 AM'

2019-04-14 00:21:22 - [MESSAGE][PASSED] - Text of object 'Object Repository/Generate/EWB Date - Active Invalid' is: '14/04/2019 12:21:13 AM'

2019-04-14 00:21:22 - [TEST_STEP][PASSED] - utility.WriteToExcel.Sd(EwayBillDatee, 0, c, 2): utility.WriteToExcel.Sd is PASSED

2019-04-14 00:21:22 - [MESSAGE][PASSED] - utility.WriteToExcel.Sd is PASSED

2019-04-14 00:21:22 - [TEST_STEP][PASSED] - delay(1): Delayed 1 second(s)

2019-04-14 00:21:23 - [MESSAGE][PASSED] - Delayed 1 second(s)

2019-04-14 00:21:23 - [TEST_STEP][PASSED] - EwayBillStatuss = getText(findTestObject("Generate/Status - Active not yet valid")): Text of object 'Object Repository/Generate/Status - Active not yet valid' is: 'ACTIVE NOT YET VALID'

2019-04-14 00:21:24 - [MESSAGE][PASSED] - Text of object 'Object Repository/Generate/Status - Active not yet valid' is: 'ACTIVE NOT YET VALID'

2019-04-14 00:21:24 - [TEST_STEP][PASSED] - verifyMatch(EwayBillStatuss, "ACTIVE NOT YET VALID", true): Actual text 'ACTIVE NOT YET VALID' and expected text 'ACTIVE NOT YET VALID' are matched  using regular expression

2019-04-14 00:21:24 - [MESSAGE][PASSED] - Actual text 'ACTIVE NOT YET VALID' and expected text 'ACTIVE NOT YET VALID' are matched  using regular expression

2019-04-14 00:21:24 - [TEST_STEP][PASSED] - utility.WriteToExcel.Sd(EwayBillStatuss, 0, c, 4): utility.WriteToExcel.Sd is PASSED

2019-04-14 00:21:24 - [MESSAGE][PASSED] - utility.WriteToExcel.Sd is PASSED

2019-04-14 00:21:24 - [TEST_STEP][PASSED] - (c++): null

2019-04-14 00:21:24 - [TEST_STEP][PASSED] - delay(2): Delayed 2 second(s)

2019-04-14 00:21:26 - [MESSAGE][PASSED] - Delayed 2 second(s)

2019-04-14 00:21:26 - [TEST_STEP][PASSED] - click(findTestObject("Generate/Cancel icon")): Object: 'Object Repository/Generate/Cancel icon' is clicked on

2019-04-14 00:21:26 - [MESSAGE][PASSED] - Object: 'Object Repository/Generate/Cancel icon' is clicked on

2019-04-14 00:21:26 - [TEST_STEP][PASSED] - delay(2): Delayed 2 second(s)

2019-04-14 00:21:28 - [MESSAGE][PASSED] - Delayed 2 second(s)

2019-04-14 00:21:28 - [TEST_STEP][PASSED] - refresh(): Refresh successfully

2019-04-14 00:21:28 - [MESSAGE][PASSED] - Refresh successfully

2019-04-14 00:21:28 - [TEST_STEP][PASSED] - r = r + i: null

2019-04-14 00:21:28 - [TEST_STEP][PASSED] - println("r = " + r): null

2019-04-14 00:21:28 - [TEST_STEP][PASSED] - c = c + i: null

2019-04-14 00:21:28 - [TEST_STEP][PASSED] - println("c = " + c): null

2019-04-14 00:21:28 - [TEST_STEP][PASSED] - click(findTestObject("Generate/Generate Tab")): Object: 'Object Repository/Generate/Generate Tab' is clicked on

2019-04-14 00:21:29 - [MESSAGE][PASSED] - Object: 'Object Repository/Generate/Generate Tab' is clicked on

2019-04-14 00:21:29 - [TEST_STEP][PASSED] - delay(3): Delayed 3 second(s)

2019-04-14 00:21:32 - [MESSAGE][PASSED] - Delayed 3 second(s)

2019-04-14 00:21:32 - [TEST_STEP][PASSED] - selectOptionByValue(findTestObject("Generate/Select Transaction Type"), "number:1", true): All options with value 'number:1' are selected in object 'Object Repository/Generate/Select Transaction Type'  using regular expression

2019-04-14 00:21:33 - [MESSAGE][PASSED] - All options with value 'number:1' are selected in object 'Object Repository/Generate/Select Transaction Type'  using regular expression

2019-04-14 00:21:33 - [TEST_STEP][PASSED] - delay(1): Delayed 1 second(s)

2019-04-14 00:21:34 - [MESSAGE][PASSED] - Delayed 1 second(s)

2019-04-14 00:21:34 - [TEST_STEP][PASSED] - selectOptionByValue(findTestObject("Generate/Select Sub Supply Type"), "number:1", true): All options with value 'number:1' are selected in object 'Object Repository/Generate/Select Sub Supply Type'  using regular expression

2019-04-14 00:21:34 - [MESSAGE][PASSED] - All options with value 'number:1' are selected in object 'Object Repository/Generate/Select Sub Supply Type'  using regular expression

2019-04-14 00:21:34 - [TEST_STEP][PASSED] - delay(1): Delayed 1 second(s)

2019-04-14 00:21:35 - [MESSAGE][PASSED] - Delayed 1 second(s)

2019-04-14 00:21:35 - [TEST_STEP][PASSED] - setText(findTestObject("Generate/Enter Sub-supply type Description"), "SubSupplyDescription"): Text 'SubSupplyDescription' is set on object 'Object Repository/Generate/Enter Sub-supply type Description'

2019-04-14 00:21:35 - [MESSAGE][PASSED] - Text 'SubSupplyDescription' is set on object 'Object Repository/Generate/Enter Sub-supply type Description'

2019-04-14 00:21:35 - [TEST_STEP][PASSED] - delay(1): Delayed 1 second(s)

2019-04-14 00:21:36 - [MESSAGE][PASSED] - Delayed 1 second(s)

2019-04-14 00:21:36 - [TEST_STEP][PASSED] - selectOptionByValue(findTestObject("Generate/Select Document Type"), "string:INV", true): All options with value 'string:INV' are selected in object 'Object Repository/Generate/Select Document Type'  using regular expression

2019-04-14 00:21:37 - [MESSAGE][PASSED] - All options with value 'string:INV' are selected in object 'Object Repository/Generate/Select Document Type'  using regular expression

2019-04-14 00:21:37 - [TEST_STEP][PASSED] - delay(1): Delayed 1 second(s)

2019-04-14 00:21:38 - [MESSAGE][PASSED] - Delayed 1 second(s)

2019-04-14 00:21:38 - [TEST_STEP][PASSED] - docNo = utility.randomNumber.rendomNo(8): utility.randomNumber.rendomNo is PASSED

2019-04-14 00:21:38 - [MESSAGE][PASSED] - utility.randomNumber.rendomNo is PASSED

2019-04-14 00:21:38 - [TEST_STEP][PASSED] - setText(findTestObject("Generate/Enter Document Number"), docNo): Text '84128351' is set on object 'Object Repository/Generate/Enter Document Number'

2019-04-14 00:21:38 - [MESSAGE][PASSED] - Text '84128351' is set on object 'Object Repository/Generate/Enter Document Number'

2019-04-14 00:21:38 - [TEST_STEP][PASSED] - delay(1): Delayed 1 second(s)

2019-04-14 00:21:39 - [MESSAGE][PASSED] - Delayed 1 second(s)

2019-04-14 00:21:39 - [TEST_STEP][PASSED] - utility.WriteToExcel.Sd(docNo, 0, r, 0): utility.WriteToExcel.Sd is PASSED

2019-04-14 00:21:39 - [MESSAGE][PASSED] - utility.WriteToExcel.Sd is PASSED

2019-04-14 00:21:39 - [TEST_STEP][PASSED] - delay(1): Delayed 1 second(s)

2019-04-14 00:21:40 - [MESSAGE][PASSED] - Delayed 1 second(s)

2019-04-14 00:21:40 - [TEST_STEP][PASSED] - selectOptionByValue(findTestObject("Generate/Select Invoice Type"), "string:B2B", true): All options with value 'string:B2B' are selected in object 'Object Repository/Generate/Select Invoice Type'  using regular expression

2019-04-14 00:21:40 - [MESSAGE][PASSED] - All options with value 'string:B2B' are selected in object 'Object Repository/Generate/Select Invoice Type'  using regular expression

2019-04-14 00:21:40 - [TEST_STEP][PASSED] - delay(1): Delayed 1 second(s)

2019-04-14 00:21:41 - [MESSAGE][PASSED] - Delayed 1 second(s)

2019-04-14 00:21:41 - [TEST_STEP][PASSED] - setText(findTestObject("Generate/Enter Invoice Ref Number"), "REFINV001"): Text 'REFINV001' is set on object 'Object Repository/Generate/Enter Invoice Ref Number'

2019-04-14 00:21:42 - [MESSAGE][PASSED] - Text 'REFINV001' is set on object 'Object Repository/Generate/Enter Invoice Ref Number'

2019-04-14 00:21:42 - [TEST_STEP][PASSED] - delay(1): Delayed 1 second(s)

2019-04-14 00:21:43 - [MESSAGE][PASSED] - Delayed 1 second(s)

2019-04-14 00:21:43 - [TEST_STEP][PASSED] - selectOptionByValue(findTestObject("Generate/Select Supplier address"), "number:7363", true): All options with value 'number:7363' are selected in object 'Object Repository/Generate/Select Supplier address'  using regular expression

2019-04-14 00:21:43 - [MESSAGE][PASSED] - All options with value 'number:7363' are selected in object 'Object Repository/Generate/Select Supplier address'  using regular expression

2019-04-14 00:21:43 - [TEST_STEP][PASSED] - delay(1): Delayed 1 second(s)

2019-04-14 00:21:44 - [MESSAGE][PASSED] - Delayed 1 second(s)

2019-04-14 00:21:44 - [TEST_STEP][PASSED] - selectOptionByValue(findTestObject("Generate/Select Recepient address"), "number:548", true): All options with value 'number:548' are selected in object 'Object Repository/Generate/Select Recepient address'  using regular expression

2019-04-14 00:21:45 - [MESSAGE][PASSED] - All options with value 'number:548' are selected in object 'Object Repository/Generate/Select Recepient address'  using regular expression

2019-04-14 00:21:45 - [TEST_STEP][PASSED] - delay(1): Delayed 1 second(s)

2019-04-14 00:21:46 - [MESSAGE][PASSED] - Delayed 1 second(s)

2019-04-14 00:21:46 - [TEST_STEP][PASSED] - setText(findTestObject("Generate/Enter HSN code"), "88"): Text '88' is set on object 'Object Repository/Generate/Enter HSN code'

2019-04-14 00:21:46 - [MESSAGE][PASSED] - Text '88' is set on object 'Object Repository/Generate/Enter HSN code'

2019-04-14 00:21:46 - [TEST_STEP][PASSED] - delay(1): Delayed 1 second(s)

2019-04-14 00:21:47 - [MESSAGE][PASSED] - Delayed 1 second(s)

2019-04-14 00:21:47 - [TEST_STEP][PASSED] - setText(findTestObject("Generate/Enter Taxable Value"), "1"): Text '1' is set on object 'Object Repository/Generate/Enter Taxable Value'

2019-04-14 00:21:47 - [MESSAGE][PASSED] - Text '1' is set on object 'Object Repository/Generate/Enter Taxable Value'

2019-04-14 00:21:47 - [TEST_STEP][PASSED] - delay(1): Delayed 1 second(s)

2019-04-14 00:21:48 - [MESSAGE][PASSED] - Delayed 1 second(s)

2019-04-14 00:21:48 - [TEST_STEP][PASSED] - setText(findTestObject("Generate/Enter Quantity"), "1"): Text '1' is set on object 'Object Repository/Generate/Enter Quantity'

2019-04-14 00:21:48 - [MESSAGE][PASSED] - Text '1' is set on object 'Object Repository/Generate/Enter Quantity'

2019-04-14 00:21:48 - [TEST_STEP][PASSED] - delay(1): Delayed 1 second(s)

2019-04-14 00:21:49 - [MESSAGE][PASSED] - Delayed 1 second(s)

2019-04-14 00:21:49 - [TEST_STEP][PASSED] - selectOptionByValue(findTestObject("Generate/Select CGST Rate"), "string:1.50", true): All options with value 'string:1.50' are selected in object 'Object Repository/Generate/Select CGST Rate'  using regular expression

2019-04-14 00:21:50 - [MESSAGE][PASSED] - All options with value 'string:1.50' are selected in object 'Object Repository/Generate/Select CGST Rate'  using regular expression

2019-04-14 00:21:50 - [TEST_STEP][PASSED] - delay(1): Delayed 1 second(s)

2019-04-14 00:21:51 - [MESSAGE][PASSED] - Delayed 1 second(s)

2019-04-14 00:21:51 - [TEST_STEP][PASSED] - selectOptionByValue(findTestObject("Generate/Select SGST Rate"), "string:1.50", true): All options with value 'string:1.50' are selected in object 'Object Repository/Generate/Select SGST Rate'  using regular expression

2019-04-14 00:21:51 - [MESSAGE][PASSED] - All options with value 'string:1.50' are selected in object 'Object Repository/Generate/Select SGST Rate'  using regular expression

2019-04-14 00:21:51 - [TEST_STEP][PASSED] - delay(1): Delayed 1 second(s)

2019-04-14 00:21:52 - [MESSAGE][PASSED] - Delayed 1 second(s)

2019-04-14 00:21:52 - [TEST_STEP][PASSED] - selectOptionByValue(findTestObject("Generate/Select Cess Advol"), "string:3", true): All options with value 'string:3' are selected in object 'Object Repository/Generate/Select Cess Advol'  using regular expression

2019-04-14 00:21:52 - [MESSAGE][PASSED] - All options with value 'string:3' are selected in object 'Object Repository/Generate/Select Cess Advol'  using regular expression

2019-04-14 00:21:52 - [TEST_STEP][PASSED] - delay(1): Delayed 1 second(s)

2019-04-14 00:21:53 - [MESSAGE][PASSED] - Delayed 1 second(s)

2019-04-14 00:21:53 - [TEST_STEP][PASSED] - selectOptionByValue(findTestObject("Generate/Select Cess Non Advol"), "number:400", true): All options with value 'number:400' are selected in object 'Object Repository/Generate/Select Cess Non Advol'  using regular expression

2019-04-14 00:21:54 - [MESSAGE][PASSED] - All options with value 'number:400' are selected in object 'Object Repository/Generate/Select Cess Non Advol'  using regular expression

2019-04-14 00:21:54 - [TEST_STEP][PASSED] - delay(1): Delayed 1 second(s)

2019-04-14 00:21:55 - [MESSAGE][PASSED] - Delayed 1 second(s)

2019-04-14 00:21:55 - [TEST_STEP][PASSED] - setText(findTestObject("Generate/Enter Distance"), "100"): Text '100' is set on object 'Object Repository/Generate/Enter Distance'

2019-04-14 00:21:55 - [MESSAGE][PASSED] - Text '100' is set on object 'Object Repository/Generate/Enter Distance'

2019-04-14 00:21:55 - [TEST_STEP][PASSED] - delay(1): Delayed 1 second(s)

2019-04-14 00:21:56 - [MESSAGE][PASSED] - Delayed 1 second(s)

2019-04-14 00:21:56 - [TEST_STEP][PASSED] - selectOptionByValue(findTestObject("Generate/Select Trans mode"), "number:1", true): All options with value 'number:1' are selected in object 'Object Repository/Generate/Select Trans mode'  using regular expression

2019-04-14 00:21:56 - [MESSAGE][PASSED] - All options with value 'number:1' are selected in object 'Object Repository/Generate/Select Trans mode'  using regular expression

2019-04-14 00:21:56 - [TEST_STEP][PASSED] - delay(1): Delayed 1 second(s)

2019-04-14 00:21:57 - [MESSAGE][PASSED] - Delayed 1 second(s)

2019-04-14 00:21:57 - [TEST_STEP][PASSED] - setText(findTestObject("Generate/Enter Vehical No"), "MH02EX3636"): Text 'MH02EX3636' is set on object 'Object Repository/Generate/Enter Vehical No'

2019-04-14 00:21:58 - [MESSAGE][PASSED] - Text 'MH02EX3636' is set on object 'Object Repository/Generate/Enter Vehical No'

2019-04-14 00:21:58 - [TEST_STEP][PASSED] - delay(1): Delayed 1 second(s)

2019-04-14 00:21:59 - [MESSAGE][PASSED] - Delayed 1 second(s)

2019-04-14 00:21:59 - [TEST_STEP][PASSED] - click(findTestObject("Generate/Sumbit Button")): Object: 'Object Repository/Generate/Sumbit Button' is clicked on

2019-04-14 00:21:59 - [MESSAGE][PASSED] - Object: 'Object Repository/Generate/Sumbit Button' is clicked on

2019-04-14 00:21:59 - [TEST_STEP][PASSED] - delay(5): Delayed 5 second(s)

2019-04-14 00:22:04 - [MESSAGE][PASSED] - Delayed 5 second(s)

2019-04-14 00:22:04 - [TEST_STEP][PASSED] - MsgGen = getText(findTestObject("Generate/Msg Generated Successfully")): Text of object 'Object Repository/Generate/Msg Generated Successfully' is: 'Generated Successfully'

2019-04-14 00:22:04 - [MESSAGE][PASSED] - Text of object 'Object Repository/Generate/Msg Generated Successfully' is: 'Generated Successfully'

2019-04-14 00:22:04 - [TEST_STEP][PASSED] - verifyMatch(MsgGen, "Generated Successfully", true): Actual text 'Generated Successfully' and expected text 'Generated Successfully' are matched  using regular expression

2019-04-14 00:22:04 - [MESSAGE][PASSED] - Actual text 'Generated Successfully' and expected text 'Generated Successfully' are matched  using regular expression

2019-04-14 00:22:04 - [TEST_STEP][PASSED] - ewayBillNo = getText(findTestObject("Generate/Eway bill number")): Text of object 'Object Repository/Generate/Eway bill number' is: '301001758885'

2019-04-14 00:22:04 - [MESSAGE][PASSED] - Text of object 'Object Repository/Generate/Eway bill number' is: '301001758885'

2019-04-14 00:22:04 - [TEST_STEP][PASSED] - utility.WriteToExcel.Sd(ewayBillNo, 0, r, 1): utility.WriteToExcel.Sd is PASSED

2019-04-14 00:22:04 - [MESSAGE][PASSED] - utility.WriteToExcel.Sd is PASSED

2019-04-14 00:22:04 - [TEST_STEP][PASSED] - EwayBillDate = getText(findTestObject("Generate/Eway Bill date")): Text of object 'Object Repository/Generate/Eway Bill date' is: '14/04/2019 12:21:58 AM'

2019-04-14 00:22:04 - [MESSAGE][PASSED] - Text of object 'Object Repository/Generate/Eway Bill date' is: '14/04/2019 12:21:58 AM'

2019-04-14 00:22:04 - [TEST_STEP][PASSED] - utility.WriteToExcel.Sd(EwayBillDate, 0, r, 2): utility.WriteToExcel.Sd is PASSED

2019-04-14 00:22:04 - [MESSAGE][PASSED] - utility.WriteToExcel.Sd is PASSED

2019-04-14 00:22:04 - [TEST_STEP][PASSED] - EwayValidityDate = getText(findTestObject("Generate/Eway bill Validity date")): Text of object 'Object Repository/Generate/Eway bill Validity date' is: '15/04/2019 11:59:00 AM'

2019-04-14 00:22:04 - [MESSAGE][PASSED] - Text of object 'Object Repository/Generate/Eway bill Validity date' is: '15/04/2019 11:59:00 AM'

2019-04-14 00:22:04 - [TEST_STEP][PASSED] - utility.WriteToExcel.Sd(EwayValidityDate, 0, r, 3): utility.WriteToExcel.Sd is PASSED

2019-04-14 00:22:04 - [MESSAGE][PASSED] - utility.WriteToExcel.Sd is PASSED

2019-04-14 00:22:04 - [TEST_STEP][PASSED] - EwayBillStatus = getText(findTestObject("Generate/Eway Bill Status")): Text of object 'Object Repository/Generate/Eway Bill Status' is: 'ACTIVE'

2019-04-14 00:22:05 - [MESSAGE][PASSED] - Text of object 'Object Repository/Generate/Eway Bill Status' is: 'ACTIVE'

2019-04-14 00:22:05 - [TEST_STEP][PASSED] - verifyMatch(EwayBillStatus, "ACTIVE", true): Actual text 'ACTIVE' and expected text 'ACTIVE' are matched  using regular expression

2019-04-14 00:22:05 - [MESSAGE][PASSED] - Actual text 'ACTIVE' and expected text 'ACTIVE' are matched  using regular expression

2019-04-14 00:22:05 - [TEST_STEP][PASSED] - utility.WriteToExcel.Sd(EwayBillStatus, 0, r, 4): utility.WriteToExcel.Sd is PASSED

2019-04-14 00:22:05 - [MESSAGE][PASSED] - utility.WriteToExcel.Sd is PASSED

2019-04-14 00:22:05 - [TEST_STEP][PASSED] - (r++): null

2019-04-14 00:22:05 - [TEST_STEP][PASSED] - click(findTestObject("Generate/Generate Another button")): Object: 'Object Repository/Generate/Generate Another button' is clicked on

2019-04-14 00:22:05 - [MESSAGE][PASSED] - Object: 'Object Repository/Generate/Generate Another button' is clicked on

2019-04-14 00:22:05 - [TEST_STEP][PASSED] - delay(3): Delayed 3 second(s)

2019-04-14 00:22:08 - [MESSAGE][PASSED] - Delayed 3 second(s)

2019-04-14 00:22:08 - [TEST_STEP][PASSED] - selectOptionByValue(findTestObject("Generate/Select Transaction Type"), "number:1", true): All options with value 'number:1' are selected in object 'Object Repository/Generate/Select Transaction Type'  using regular expression

2019-04-14 00:22:08 - [MESSAGE][PASSED] - All options with value 'number:1' are selected in object 'Object Repository/Generate/Select Transaction Type'  using regular expression

2019-04-14 00:22:08 - [TEST_STEP][PASSED] - delay(1): Delayed 1 second(s)

2019-04-14 00:22:09 - [MESSAGE][PASSED] - Delayed 1 second(s)

2019-04-14 00:22:09 - [TEST_STEP][PASSED] - selectOptionByValue(findTestObject("Generate/Select Sub Supply Type"), "number:1", true): All options with value 'number:1' are selected in object 'Object Repository/Generate/Select Sub Supply Type'  using regular expression

2019-04-14 00:22:09 - [MESSAGE][PASSED] - All options with value 'number:1' are selected in object 'Object Repository/Generate/Select Sub Supply Type'  using regular expression

2019-04-14 00:22:09 - [TEST_STEP][PASSED] - delay(1): Delayed 1 second(s)

2019-04-14 00:22:10 - [MESSAGE][PASSED] - Delayed 1 second(s)

2019-04-14 00:22:10 - [TEST_STEP][PASSED] - setText(findTestObject("Generate/Enter Sub-supply type Description"), "SubSupplyDescription"): Text 'SubSupplyDescription' is set on object 'Object Repository/Generate/Enter Sub-supply type Description'

2019-04-14 00:22:11 - [MESSAGE][PASSED] - Text 'SubSupplyDescription' is set on object 'Object Repository/Generate/Enter Sub-supply type Description'

2019-04-14 00:22:11 - [TEST_STEP][PASSED] - delay(1): Delayed 1 second(s)

2019-04-14 00:22:12 - [MESSAGE][PASSED] - Delayed 1 second(s)

2019-04-14 00:22:12 - [TEST_STEP][PASSED] - selectOptionByValue(findTestObject("Generate/Select Document Type"), "string:INV", true): All options with value 'string:INV' are selected in object 'Object Repository/Generate/Select Document Type'  using regular expression

2019-04-14 00:22:12 - [MESSAGE][PASSED] - All options with value 'string:INV' are selected in object 'Object Repository/Generate/Select Document Type'  using regular expression

2019-04-14 00:22:12 - [TEST_STEP][PASSED] - delay(1): Delayed 1 second(s)

2019-04-14 00:22:13 - [MESSAGE][PASSED] - Delayed 1 second(s)

2019-04-14 00:22:13 - [TEST_STEP][PASSED] - docnoo = utility.randomNumber.rendomNo(8): utility.randomNumber.rendomNo is PASSED

2019-04-14 00:22:13 - [MESSAGE][PASSED] - utility.randomNumber.rendomNo is PASSED

2019-04-14 00:22:13 - [TEST_STEP][PASSED] - setText(findTestObject("Generate/Enter Document Number"), docnoo): Text '33164358' is set on object 'Object Repository/Generate/Enter Document Number'

2019-04-14 00:22:13 - [MESSAGE][PASSED] - Text '33164358' is set on object 'Object Repository/Generate/Enter Document Number'

2019-04-14 00:22:13 - [TEST_STEP][PASSED] - delay(1): Delayed 1 second(s)

2019-04-14 00:22:14 - [MESSAGE][PASSED] - Delayed 1 second(s)

2019-04-14 00:22:14 - [TEST_STEP][PASSED] - utility.WriteToExcel.Sd(docnoo, 0, c, 0): utility.WriteToExcel.Sd is PASSED

2019-04-14 00:22:14 - [MESSAGE][PASSED] - utility.WriteToExcel.Sd is PASSED

2019-04-14 00:22:14 - [TEST_STEP][PASSED] - delay(1): Delayed 1 second(s)

2019-04-14 00:22:15 - [MESSAGE][PASSED] - Delayed 1 second(s)

2019-04-14 00:22:15 - [TEST_STEP][PASSED] - selectOptionByValue(findTestObject("Generate/Select Invoice Type"), "string:B2B", true): All options with value 'string:B2B' are selected in object 'Object Repository/Generate/Select Invoice Type'  using regular expression

2019-04-14 00:22:16 - [MESSAGE][PASSED] - All options with value 'string:B2B' are selected in object 'Object Repository/Generate/Select Invoice Type'  using regular expression

2019-04-14 00:22:16 - [TEST_STEP][PASSED] - delay(1): Delayed 1 second(s)

2019-04-14 00:22:17 - [MESSAGE][PASSED] - Delayed 1 second(s)

2019-04-14 00:22:17 - [TEST_STEP][PASSED] - setText(findTestObject("Generate/Enter Invoice Ref Number"), "REFINV001"): Text 'REFINV001' is set on object 'Object Repository/Generate/Enter Invoice Ref Number'

2019-04-14 00:22:17 - [MESSAGE][PASSED] - Text 'REFINV001' is set on object 'Object Repository/Generate/Enter Invoice Ref Number'

2019-04-14 00:22:17 - [TEST_STEP][PASSED] - delay(1): Delayed 1 second(s)

2019-04-14 00:22:18 - [MESSAGE][PASSED] - Delayed 1 second(s)

2019-04-14 00:22:18 - [TEST_STEP][PASSED] - selectOptionByValue(findTestObject("Generate/Select Supplier address"), "number:7363", true): All options with value 'number:7363' are selected in object 'Object Repository/Generate/Select Supplier address'  using regular expression

2019-04-14 00:22:19 - [MESSAGE][PASSED] - All options with value 'number:7363' are selected in object 'Object Repository/Generate/Select Supplier address'  using regular expression

2019-04-14 00:22:19 - [TEST_STEP][PASSED] - delay(1): Delayed 1 second(s)

2019-04-14 00:22:20 - [MESSAGE][PASSED] - Delayed 1 second(s)

2019-04-14 00:22:20 - [TEST_STEP][PASSED] - selectOptionByValue(findTestObject("Generate/Select Recepient address"), "number:548", true): All options with value 'number:548' are selected in object 'Object Repository/Generate/Select Recepient address'  using regular expression

2019-04-14 00:22:20 - [MESSAGE][PASSED] - All options with value 'number:548' are selected in object 'Object Repository/Generate/Select Recepient address'  using regular expression

2019-04-14 00:22:20 - [TEST_STEP][PASSED] - delay(1): Delayed 1 second(s)

2019-04-14 00:22:21 - [MESSAGE][PASSED] - Delayed 1 second(s)

2019-04-14 00:22:21 - [TEST_STEP][PASSED] - setText(findTestObject("Generate/Enter HSN code"), "88"): Text '88' is set on object 'Object Repository/Generate/Enter HSN code'

2019-04-14 00:22:21 - [MESSAGE][PASSED] - Text '88' is set on object 'Object Repository/Generate/Enter HSN code'

2019-04-14 00:22:21 - [TEST_STEP][PASSED] - delay(1): Delayed 1 second(s)

2019-04-14 00:22:22 - [MESSAGE][PASSED] - Delayed 1 second(s)

2019-04-14 00:22:22 - [TEST_STEP][PASSED] - setText(findTestObject("Generate/Enter Taxable Value"), "1"): Text '1' is set on object 'Object Repository/Generate/Enter Taxable Value'

2019-04-14 00:22:22 - [MESSAGE][PASSED] - Text '1' is set on object 'Object Repository/Generate/Enter Taxable Value'

2019-04-14 00:22:22 - [TEST_STEP][PASSED] - delay(1): Delayed 1 second(s)

2019-04-14 00:22:23 - [MESSAGE][PASSED] - Delayed 1 second(s)

2019-04-14 00:22:23 - [TEST_STEP][PASSED] - setText(findTestObject("Generate/Enter Quantity"), "1"): Text '1' is set on object 'Object Repository/Generate/Enter Quantity'

2019-04-14 00:22:24 - [MESSAGE][PASSED] - Text '1' is set on object 'Object Repository/Generate/Enter Quantity'

2019-04-14 00:22:24 - [TEST_STEP][PASSED] - delay(1): Delayed 1 second(s)

2019-04-14 00:22:25 - [MESSAGE][PASSED] - Delayed 1 second(s)

2019-04-14 00:22:25 - [TEST_STEP][PASSED] - selectOptionByValue(findTestObject("Generate/Select CGST Rate"), "string:1.50", true): All options with value 'string:1.50' are selected in object 'Object Repository/Generate/Select CGST Rate'  using regular expression

2019-04-14 00:22:25 - [MESSAGE][PASSED] - All options with value 'string:1.50' are selected in object 'Object Repository/Generate/Select CGST Rate'  using regular expression

2019-04-14 00:22:25 - [TEST_STEP][PASSED] - delay(1): Delayed 1 second(s)

2019-04-14 00:22:26 - [MESSAGE][PASSED] - Delayed 1 second(s)

2019-04-14 00:22:26 - [TEST_STEP][PASSED] - selectOptionByValue(findTestObject("Generate/Select SGST Rate"), "string:1.50", true): All options with value 'string:1.50' are selected in object 'Object Repository/Generate/Select SGST Rate'  using regular expression

2019-04-14 00:22:26 - [MESSAGE][PASSED] - All options with value 'string:1.50' are selected in object 'Object Repository/Generate/Select SGST Rate'  using regular expression

2019-04-14 00:22:26 - [TEST_STEP][PASSED] - delay(1): Delayed 1 second(s)

2019-04-14 00:22:27 - [MESSAGE][PASSED] - Delayed 1 second(s)

2019-04-14 00:22:27 - [TEST_STEP][PASSED] - selectOptionByValue(findTestObject("Generate/Select Cess Advol"), "string:3", true): All options with value 'string:3' are selected in object 'Object Repository/Generate/Select Cess Advol'  using regular expression

2019-04-14 00:22:28 - [MESSAGE][PASSED] - All options with value 'string:3' are selected in object 'Object Repository/Generate/Select Cess Advol'  using regular expression

2019-04-14 00:22:28 - [TEST_STEP][PASSED] - delay(1): Delayed 1 second(s)

2019-04-14 00:22:29 - [MESSAGE][PASSED] - Delayed 1 second(s)

2019-04-14 00:22:29 - [TEST_STEP][PASSED] - selectOptionByValue(findTestObject("Generate/Select Cess Non Advol"), "number:400", true): All options with value 'number:400' are selected in object 'Object Repository/Generate/Select Cess Non Advol'  using regular expression

2019-04-14 00:22:30 - [MESSAGE][PASSED] - All options with value 'number:400' are selected in object 'Object Repository/Generate/Select Cess Non Advol'  using regular expression

2019-04-14 00:22:30 - [TEST_STEP][PASSED] - delay(1): Delayed 1 second(s)

2019-04-14 00:22:31 - [MESSAGE][PASSED] - Delayed 1 second(s)

2019-04-14 00:22:31 - [TEST_STEP][PASSED] - setText(findTestObject("Generate/Enter Distance"), "100"): Text '100' is set on object 'Object Repository/Generate/Enter Distance'

2019-04-14 00:22:31 - [MESSAGE][PASSED] - Text '100' is set on object 'Object Repository/Generate/Enter Distance'

2019-04-14 00:22:31 - [TEST_STEP][PASSED] - delay(1): Delayed 1 second(s)

2019-04-14 00:22:32 - [MESSAGE][PASSED] - Delayed 1 second(s)

2019-04-14 00:22:32 - [TEST_STEP][PASSED] - setText(findTestObject("Generate/Enter Transporter ID"), "05AAAAU1183B1Z0"): Text '05AAAAU1183B1Z0' is set on object 'Object Repository/Generate/Enter Transporter ID'

2019-04-14 00:22:32 - [MESSAGE][PASSED] - Text '05AAAAU1183B1Z0' is set on object 'Object Repository/Generate/Enter Transporter ID'

2019-04-14 00:22:32 - [TEST_STEP][PASSED] - delay(1): Delayed 1 second(s)

2019-04-14 00:22:33 - [MESSAGE][PASSED] - Delayed 1 second(s)

2019-04-14 00:22:33 - [TEST_STEP][PASSED] - click(findTestObject("Generate/Sumbit Button")): Object: 'Object Repository/Generate/Sumbit Button' is clicked on

2019-04-14 00:22:33 - [MESSAGE][PASSED] - Object: 'Object Repository/Generate/Sumbit Button' is clicked on

2019-04-14 00:22:33 - [TEST_STEP][PASSED] - delay(5): Delayed 5 second(s)

2019-04-14 00:22:38 - [MESSAGE][PASSED] - Delayed 5 second(s)

2019-04-14 00:22:38 - [TEST_STEP][PASSED] - MsgGenn = getText(findTestObject("Generate/Message for not active")): Text of object 'Object Repository/Generate/Message for not active' is: 'Generated Successfully'

2019-04-14 00:22:39 - [MESSAGE][PASSED] - Text of object 'Object Repository/Generate/Message for not active' is: 'Generated Successfully'

2019-04-14 00:22:39 - [TEST_STEP][PASSED] - verifyMatch(MsgGenn, "Generated Successfully", true): Actual text 'Generated Successfully' and expected text 'Generated Successfully' are matched  using regular expression

2019-04-14 00:22:39 - [MESSAGE][PASSED] - Actual text 'Generated Successfully' and expected text 'Generated Successfully' are matched  using regular expression

2019-04-14 00:22:39 - [TEST_STEP][PASSED] - delay(1): Delayed 1 second(s)

2019-04-14 00:22:40 - [MESSAGE][PASSED] - Delayed 1 second(s)

2019-04-14 00:22:40 - [TEST_STEP][PASSED] - click(findTestObject("Generate/Msg_GSTIN is valid")): Object: 'Object Repository/Generate/Msg_GSTIN is valid' is clicked on

2019-04-14 00:22:40 - [MESSAGE][PASSED] - Object: 'Object Repository/Generate/Msg_GSTIN is valid' is clicked on

2019-04-14 00:22:40 - [TEST_STEP][PASSED] - delay(1): Delayed 1 second(s)

2019-04-14 00:22:41 - [MESSAGE][PASSED] - Delayed 1 second(s)

2019-04-14 00:22:41 - [TEST_STEP][PASSED] - ewayBillNoo = getText(findTestObject("Generate/EwayBill number - Active Invalid")): Text of object 'Object Repository/Generate/EwayBill number - Active Invalid' is: '371001758886'

2019-04-14 00:22:41 - [MESSAGE][PASSED] - Text of object 'Object Repository/Generate/EwayBill number - Active Invalid' is: '371001758886'

2019-04-14 00:22:41 - [TEST_STEP][PASSED] - logInfo("ewayBillNoo:" + ewayBillNoo): ewayBillNoo:371001758886

2019-04-14 00:22:41 - [MESSAGE][INFO] - ewayBillNoo:371001758886

2019-04-14 00:22:41 - [TEST_STEP][PASSED] - utility.WriteToExcel.Sd(ewayBillNoo, 0, c, 1): utility.WriteToExcel.Sd is PASSED

2019-04-14 00:22:41 - [MESSAGE][PASSED] - utility.WriteToExcel.Sd is PASSED

2019-04-14 00:22:41 - [TEST_STEP][PASSED] - delay(1): Delayed 1 second(s)

2019-04-14 00:22:42 - [MESSAGE][PASSED] - Delayed 1 second(s)

2019-04-14 00:22:42 - [TEST_STEP][PASSED] - EwayBillDatee = getText(findTestObject("Generate/EWB Date - Active Invalid")): Text of object 'Object Repository/Generate/EWB Date - Active Invalid' is: '14/04/2019 12:22:33 AM'

2019-04-14 00:22:42 - [MESSAGE][PASSED] - Text of object 'Object Repository/Generate/EWB Date - Active Invalid' is: '14/04/2019 12:22:33 AM'

2019-04-14 00:22:42 - [TEST_STEP][PASSED] - utility.WriteToExcel.Sd(EwayBillDatee, 0, c, 2): utility.WriteToExcel.Sd is PASSED

2019-04-14 00:22:42 - [MESSAGE][PASSED] - utility.WriteToExcel.Sd is PASSED

2019-04-14 00:22:42 - [TEST_STEP][PASSED] - delay(1): Delayed 1 second(s)

2019-04-14 00:22:43 - [MESSAGE][PASSED] - Delayed 1 second(s)

2019-04-14 00:22:43 - [TEST_STEP][PASSED] - EwayBillStatuss = getText(findTestObject("Generate/Status - Active not yet valid")): Text of object 'Object Repository/Generate/Status - Active not yet valid' is: 'ACTIVE NOT YET VALID'

2019-04-14 00:22:43 - [MESSAGE][PASSED] - Text of object 'Object Repository/Generate/Status - Active not yet valid' is: 'ACTIVE NOT YET VALID'

2019-04-14 00:22:43 - [TEST_STEP][PASSED] - verifyMatch(EwayBillStatuss, "ACTIVE NOT YET VALID", true): Actual text 'ACTIVE NOT YET VALID' and expected text 'ACTIVE NOT YET VALID' are matched  using regular expression

2019-04-14 00:22:43 - [MESSAGE][PASSED] - Actual text 'ACTIVE NOT YET VALID' and expected text 'ACTIVE NOT YET VALID' are matched  using regular expression

2019-04-14 00:22:43 - [TEST_STEP][PASSED] - utility.WriteToExcel.Sd(EwayBillStatuss, 0, c, 4): utility.WriteToExcel.Sd is PASSED

2019-04-14 00:22:43 - [MESSAGE][PASSED] - utility.WriteToExcel.Sd is PASSED

2019-04-14 00:22:43 - [TEST_STEP][PASSED] - (c++): null

2019-04-14 00:22:43 - [TEST_STEP][PASSED] - delay(2): Delayed 2 second(s)

2019-04-14 00:22:45 - [MESSAGE][PASSED] - Delayed 2 second(s)

2019-04-14 00:22:45 - [TEST_STEP][PASSED] - click(findTestObject("Generate/Cancel icon")): Object: 'Object Repository/Generate/Cancel icon' is clicked on

2019-04-14 00:22:45 - [MESSAGE][PASSED] - Object: 'Object Repository/Generate/Cancel icon' is clicked on

2019-04-14 00:22:45 - [TEST_STEP][PASSED] - delay(2): Delayed 2 second(s)

2019-04-14 00:22:47 - [MESSAGE][PASSED] - Delayed 2 second(s)

2019-04-14 00:22:47 - [TEST_STEP][PASSED] - refresh(): Refresh successfully

2019-04-14 00:22:49 - [MESSAGE][PASSED] - Refresh successfully]]></system-out>
         <system-err><![CDATA[]]></system-err>
      </testcase>
      <testcase name="Test Cases/Update" classname="Test Cases/Update" status="PASSED">
         <system-out><![CDATA[2019-04-14 00:22:49 - [TEST_CASE][PASSED] - Test Cases/Update: Test Cases/Update

2019-04-14 00:22:49 - [TEST_STEP][PASSED] - click(findTestObject("Update/View Tab")): Object: 'Object Repository/Update/View Tab' is clicked on

2019-04-14 00:22:50 - [MESSAGE][PASSED] - Object: 'Object Repository/Update/View Tab' is clicked on

2019-04-14 00:22:50 - [TEST_STEP][PASSED] - delay(2): Delayed 2 second(s)

2019-04-14 00:22:52 - [MESSAGE][PASSED] - Delayed 2 second(s)

2019-04-14 00:22:52 - [TEST_STEP][PASSED] - EwayBillNo = utility.ReadFromExcel.Read(0, 2, 1): utility.ReadFromExcel.Read is PASSED

2019-04-14 00:22:52 - [MESSAGE][PASSED] - utility.ReadFromExcel.Read is PASSED

2019-04-14 00:22:52 - [TEST_STEP][PASSED] - logInfo("EwayBillNo:" + EwayBillNo): EwayBillNo:331001758884

2019-04-14 00:22:52 - [MESSAGE][INFO] - EwayBillNo:331001758884

2019-04-14 00:22:52 - [TEST_STEP][PASSED] - delay(1): Delayed 1 second(s)

2019-04-14 00:22:53 - [MESSAGE][PASSED] - Delayed 1 second(s)

2019-04-14 00:22:53 - [TEST_STEP][PASSED] - click(findTestObject("Update/Enter EwayBill No. in Filter")): Object: 'Object Repository/Update/Enter EwayBill No. in Filter' is clicked on

2019-04-14 00:22:53 - [MESSAGE][PASSED] - Object: 'Object Repository/Update/Enter EwayBill No. in Filter' is clicked on

2019-04-14 00:22:53 - [TEST_STEP][PASSED] - delay(2): Delayed 2 second(s)

2019-04-14 00:22:55 - [MESSAGE][PASSED] - Delayed 2 second(s)

2019-04-14 00:22:55 - [TEST_STEP][PASSED] - setText(findTestObject("Update/Enter EwayBill No. in Filter"), EwayBillNo): Text '331001758884' is set on object 'Object Repository/Update/Enter EwayBill No. in Filter'

2019-04-14 00:22:55 - [MESSAGE][PASSED] - Text '331001758884' is set on object 'Object Repository/Update/Enter EwayBill No. in Filter'

2019-04-14 00:22:55 - [TEST_STEP][PASSED] - delay(2): Delayed 2 second(s)

2019-04-14 00:22:57 - [MESSAGE][PASSED] - Delayed 2 second(s)

2019-04-14 00:22:57 - [TEST_STEP][PASSED] - sendKeys(findTestObject("Update/Enter EwayBill No. in Filter"), Keys.chord(ENTER)): Keys 'ENTER + ' sent to object: 'Object Repository/Update/Enter EwayBill No. in Filter'

2019-04-14 00:22:58 - [MESSAGE][PASSED] - Keys 'ENTER + ' sent to object: 'Object Repository/Update/Enter EwayBill No. in Filter'

2019-04-14 00:22:58 - [TEST_STEP][PASSED] - delay(2): Delayed 2 second(s)

2019-04-14 00:23:00 - [MESSAGE][PASSED] - Delayed 2 second(s)

2019-04-14 00:23:00 - [TEST_STEP][PASSED] - click(findTestObject("Update/Checkbox againts eway bill")): Object: 'Object Repository/Update/Checkbox againts eway bill' is clicked on

2019-04-14 00:23:00 - [MESSAGE][PASSED] - Object: 'Object Repository/Update/Checkbox againts eway bill' is clicked on

2019-04-14 00:23:00 - [TEST_STEP][PASSED] - delay(1): Delayed 1 second(s)

2019-04-14 00:23:01 - [MESSAGE][PASSED] - Delayed 1 second(s)

2019-04-14 00:23:01 - [TEST_STEP][PASSED] - scrollToPosition(0, 0): Browser is scrolled to position x = 0, y = 0

2019-04-14 00:23:01 - [MESSAGE][PASSED] - Browser is scrolled to position x = 0, y = 0

2019-04-14 00:23:01 - [TEST_STEP][PASSED] - delay(1): Delayed 1 second(s)

2019-04-14 00:23:02 - [MESSAGE][PASSED] - Delayed 1 second(s)

2019-04-14 00:23:02 - [TEST_STEP][PASSED] - click(findTestObject("Update/Update Part B button")): Object: 'Object Repository/Update/Update Part B button' is clicked on

2019-04-14 00:23:02 - [MESSAGE][PASSED] - Object: 'Object Repository/Update/Update Part B button' is clicked on

2019-04-14 00:23:02 - [TEST_STEP][PASSED] - delay(1): Delayed 1 second(s)

2019-04-14 00:23:03 - [MESSAGE][PASSED] - Delayed 1 second(s)

2019-04-14 00:23:03 - [TEST_STEP][PASSED] - click(findTestObject("Update/Select Mode")): Object: 'Object Repository/Update/Select Mode' is clicked on

2019-04-14 00:23:03 - [MESSAGE][PASSED] - Object: 'Object Repository/Update/Select Mode' is clicked on

2019-04-14 00:23:03 - [TEST_STEP][PASSED] - delay(1): Delayed 1 second(s)

2019-04-14 00:23:04 - [MESSAGE][PASSED] - Delayed 1 second(s)

2019-04-14 00:23:04 - [TEST_STEP][PASSED] - setText(findTestObject("Update/Enter From Place"), "Mumbai"): Text 'Mumbai' is set on object 'Object Repository/Update/Enter From Place'

2019-04-14 00:23:05 - [MESSAGE][PASSED] - Text 'Mumbai' is set on object 'Object Repository/Update/Enter From Place'

2019-04-14 00:23:05 - [TEST_STEP][PASSED] - delay(1): Delayed 1 second(s)

2019-04-14 00:23:06 - [MESSAGE][PASSED] - Delayed 1 second(s)

2019-04-14 00:23:06 - [TEST_STEP][PASSED] - selectOptionByValue(findTestObject("Update/Select From State"), "string:27", true): All options with value 'string:27' are selected in object 'Object Repository/Update/Select From State'  using regular expression

2019-04-14 00:23:07 - [MESSAGE][PASSED] - All options with value 'string:27' are selected in object 'Object Repository/Update/Select From State'  using regular expression

2019-04-14 00:23:07 - [TEST_STEP][PASSED] - delay(1): Delayed 1 second(s)

2019-04-14 00:23:08 - [MESSAGE][PASSED] - Delayed 1 second(s)

2019-04-14 00:23:08 - [TEST_STEP][PASSED] - setText(findTestObject("Update/Enter Vehical No"), "MH04EX1020"): Text 'MH04EX1020' is set on object 'Object Repository/Update/Enter Vehical No'

2019-04-14 00:23:08 - [MESSAGE][PASSED] - Text 'MH04EX1020' is set on object 'Object Repository/Update/Enter Vehical No'

2019-04-14 00:23:08 - [TEST_STEP][PASSED] - delay(1): Delayed 1 second(s)

2019-04-14 00:23:09 - [MESSAGE][PASSED] - Delayed 1 second(s)

2019-04-14 00:23:09 - [TEST_STEP][PASSED] - selectOptionByValue(findTestObject("Update/Select Reason"), "number:1", true): All options with value 'number:1' are selected in object 'Object Repository/Update/Select Reason'  using regular expression

2019-04-14 00:23:09 - [MESSAGE][PASSED] - All options with value 'number:1' are selected in object 'Object Repository/Update/Select Reason'  using regular expression

2019-04-14 00:23:09 - [TEST_STEP][PASSED] - delay(1): Delayed 1 second(s)

2019-04-14 00:23:10 - [MESSAGE][PASSED] - Delayed 1 second(s)

2019-04-14 00:23:10 - [TEST_STEP][PASSED] - setText(findTestObject("Update/Enter Remarks"), "Internal Testing"): Text 'Internal Testing' is set on object 'Object Repository/Update/Enter Remarks'

2019-04-14 00:23:11 - [MESSAGE][PASSED] - Text 'Internal Testing' is set on object 'Object Repository/Update/Enter Remarks'

2019-04-14 00:23:11 - [TEST_STEP][PASSED] - delay(2): Delayed 2 second(s)

2019-04-14 00:23:13 - [MESSAGE][PASSED] - Delayed 2 second(s)

2019-04-14 00:23:13 - [TEST_STEP][PASSED] - click(findTestObject("Update/Update Button")): Object: 'Object Repository/Update/Update Button' is clicked on

2019-04-14 00:23:13 - [MESSAGE][PASSED] - Object: 'Object Repository/Update/Update Button' is clicked on

2019-04-14 00:23:13 - [TEST_STEP][PASSED] - delay(1): Delayed 1 second(s)

2019-04-14 00:23:14 - [MESSAGE][PASSED] - Delayed 1 second(s)

2019-04-14 00:23:14 - [TEST_STEP][PASSED] - EwayBill = getText(findTestObject("Update/EwayBill No")): Text of object 'Object Repository/Update/EwayBill No' is: '331001758884'

2019-04-14 00:23:14 - [MESSAGE][PASSED] - Text of object 'Object Repository/Update/EwayBill No' is: '331001758884'

2019-04-14 00:23:14 - [TEST_STEP][PASSED] - logInfo("Ewaybill : " + EwayBill): Ewaybill : 331001758884

2019-04-14 00:23:14 - [MESSAGE][INFO] - Ewaybill : 331001758884

2019-04-14 00:23:14 - [TEST_STEP][PASSED] - delay(1): Delayed 1 second(s)

2019-04-14 00:23:15 - [MESSAGE][PASSED] - Delayed 1 second(s)

2019-04-14 00:23:15 - [TEST_STEP][PASSED] - EwayBillValiDate = getText(findTestObject("Update/EwayBill Validity Date")): Text of object 'Object Repository/Update/EwayBill Validity Date' is: '15/04/2019 11:59:00'

2019-04-14 00:23:15 - [MESSAGE][PASSED] - Text of object 'Object Repository/Update/EwayBill Validity Date' is: '15/04/2019 11:59:00'

2019-04-14 00:23:15 - [TEST_STEP][PASSED] - logInfo("EwaybillDate: " + EwayBillValiDate): EwaybillDate: 15/04/2019 11:59:00

2019-04-14 00:23:15 - [MESSAGE][INFO] - EwaybillDate: 15/04/2019 11:59:00

2019-04-14 00:23:15 - [TEST_STEP][PASSED] - utility.WriteToExcel.Sd(EwayBillValiDate, 0, 2, 3): utility.WriteToExcel.Sd is PASSED

2019-04-14 00:23:15 - [MESSAGE][PASSED] - utility.WriteToExcel.Sd is PASSED

2019-04-14 00:23:15 - [TEST_STEP][PASSED] - delay(1): Delayed 1 second(s)

2019-04-14 00:23:16 - [MESSAGE][PASSED] - Delayed 1 second(s)

2019-04-14 00:23:16 - [TEST_STEP][PASSED] - click(findTestObject("Update/Ok Button")): Object: 'Object Repository/Update/Ok Button' is clicked on

2019-04-14 00:23:16 - [MESSAGE][PASSED] - Object: 'Object Repository/Update/Ok Button' is clicked on

2019-04-14 00:23:16 - [TEST_STEP][PASSED] - delay(2): Delayed 2 second(s)

2019-04-14 00:23:18 - [MESSAGE][PASSED] - Delayed 2 second(s)

2019-04-14 00:23:18 - [TEST_STEP][PASSED] - scrollToPosition(0, 0): Browser is scrolled to position x = 0, y = 0

2019-04-14 00:23:18 - [MESSAGE][PASSED] - Browser is scrolled to position x = 0, y = 0

2019-04-14 00:23:18 - [TEST_STEP][PASSED] - delay(1): Delayed 1 second(s)

2019-04-14 00:23:19 - [MESSAGE][PASSED] - Delayed 1 second(s)

2019-04-14 00:23:20 - [TEST_STEP][PASSED] - click(findTestObject("Update/BACK Button")): Object: 'Object Repository/Update/BACK Button' is clicked on

2019-04-14 00:23:20 - [MESSAGE][PASSED] - Object: 'Object Repository/Update/BACK Button' is clicked on

2019-04-14 00:23:20 - [TEST_STEP][PASSED] - delay(2): Delayed 2 second(s)

2019-04-14 00:23:22 - [MESSAGE][PASSED] - Delayed 2 second(s)

2019-04-14 00:23:22 - [TEST_STEP][PASSED] - click(findTestObject("Update/Enter EwayBill No. in Filter")): Object: 'Object Repository/Update/Enter EwayBill No. in Filter' is clicked on

2019-04-14 00:23:22 - [MESSAGE][PASSED] - Object: 'Object Repository/Update/Enter EwayBill No. in Filter' is clicked on

2019-04-14 00:23:22 - [TEST_STEP][PASSED] - delay(1): Delayed 1 second(s)

2019-04-14 00:23:23 - [MESSAGE][PASSED] - Delayed 1 second(s)

2019-04-14 00:23:23 - [TEST_STEP][PASSED] - setText(findTestObject("Update/Enter EwayBill No. in Filter"), EwayBill): Text '331001758884' is set on object 'Object Repository/Update/Enter EwayBill No. in Filter'

2019-04-14 00:23:23 - [MESSAGE][PASSED] - Text '331001758884' is set on object 'Object Repository/Update/Enter EwayBill No. in Filter'

2019-04-14 00:23:23 - [TEST_STEP][PASSED] - delay(1): Delayed 1 second(s)

2019-04-14 00:23:24 - [MESSAGE][PASSED] - Delayed 1 second(s)

2019-04-14 00:23:24 - [TEST_STEP][PASSED] - sendKeys(findTestObject("Update/Enter EwayBill No. in Filter"), Keys.chord(ENTER)): Keys 'ENTER + ' sent to object: 'Object Repository/Update/Enter EwayBill No. in Filter'

2019-04-14 00:23:25 - [MESSAGE][PASSED] - Keys 'ENTER + ' sent to object: 'Object Repository/Update/Enter EwayBill No. in Filter'

2019-04-14 00:23:25 - [TEST_STEP][PASSED] - delay(1): Delayed 1 second(s)

2019-04-14 00:23:26 - [MESSAGE][PASSED] - Delayed 1 second(s)

2019-04-14 00:23:26 - [TEST_STEP][PASSED] - scrollToPosition(0, 0): Browser is scrolled to position x = 0, y = 0

2019-04-14 00:23:26 - [MESSAGE][PASSED] - Browser is scrolled to position x = 0, y = 0

2019-04-14 00:23:26 - [TEST_STEP][PASSED] - delay(1): Delayed 1 second(s)

2019-04-14 00:23:27 - [MESSAGE][PASSED] - Delayed 1 second(s)

2019-04-14 00:23:27 - [TEST_STEP][PASSED] - status = getText(findTestObject("Update/Check Status Active")): Text of object 'Object Repository/Update/Check Status Active' is: 'ACTIVE'

2019-04-14 00:23:27 - [MESSAGE][PASSED] - Text of object 'Object Repository/Update/Check Status Active' is: 'ACTIVE'

2019-04-14 00:23:27 - [TEST_STEP][PASSED] - verifyMatch(status, "ACTIVE", true): Actual text 'ACTIVE' and expected text 'ACTIVE' are matched  using regular expression

2019-04-14 00:23:27 - [MESSAGE][PASSED] - Actual text 'ACTIVE' and expected text 'ACTIVE' are matched  using regular expression

2019-04-14 00:23:27 - [TEST_STEP][PASSED] - logInfo("Ewaybill Status: " + status): Ewaybill Status: ACTIVE

2019-04-14 00:23:27 - [MESSAGE][INFO] - Ewaybill Status: ACTIVE

2019-04-14 00:23:27 - [TEST_STEP][PASSED] - utility.WriteToExcel.Sd(status, 0, 2, 4): utility.WriteToExcel.Sd is PASSED

2019-04-14 00:23:27 - [MESSAGE][PASSED] - utility.WriteToExcel.Sd is PASSED

2019-04-14 00:23:27 - [TEST_STEP][PASSED] - delay(1): Delayed 1 second(s)

2019-04-14 00:23:28 - [MESSAGE][PASSED] - Delayed 1 second(s)]]></system-out>
         <system-err><![CDATA[]]></system-err>
      </testcase>
      <testcase name="Test Cases/Cancel" classname="Test Cases/Cancel" status="PASSED">
         <system-out><![CDATA[2019-04-14 00:23:28 - [TEST_CASE][PASSED] - Test Cases/Cancel: Test Cases/Cancel

2019-04-14 00:23:28 - [TEST_STEP][PASSED] - refresh(): Refresh successfully

2019-04-14 00:23:29 - [MESSAGE][PASSED] - Refresh successfully

2019-04-14 00:23:29 - [TEST_STEP][PASSED] - delay(2): Delayed 2 second(s)

2019-04-14 00:23:31 - [MESSAGE][PASSED] - Delayed 2 second(s)

2019-04-14 00:23:31 - [TEST_STEP][PASSED] - navigateToUrl("https://dev.esp.irisgst.com/#/viewEway"): Navigate to 'https://dev.esp.irisgst.com/#/viewEway' successfully

2019-04-14 00:23:31 - [MESSAGE][PASSED] - Navigate to 'https://dev.esp.irisgst.com/#/viewEway' successfully

2019-04-14 00:23:31 - [TEST_STEP][PASSED] - delay(1): Delayed 1 second(s)

2019-04-14 00:23:32 - [MESSAGE][PASSED] - Delayed 1 second(s)

2019-04-14 00:23:32 - [TEST_STEP][PASSED] - Eway = utility.ReadFromExcel.Read(0, 3, 1): utility.ReadFromExcel.Read is PASSED

2019-04-14 00:23:32 - [MESSAGE][PASSED] - utility.ReadFromExcel.Read is PASSED

2019-04-14 00:23:32 - [TEST_STEP][PASSED] - logInfo("EwayBill: " + Eway): EwayBill: 301001758885

2019-04-14 00:23:32 - [MESSAGE][INFO] - EwayBill: 301001758885

2019-04-14 00:23:32 - [TEST_STEP][PASSED] - click(findTestObject("Cancel/Ewb no filter")): Object: 'Object Repository/Cancel/Ewb no filter' is clicked on

2019-04-14 00:23:32 - [MESSAGE][PASSED] - Object: 'Object Repository/Cancel/Ewb no filter' is clicked on

2019-04-14 00:23:32 - [TEST_STEP][PASSED] - delay(2): Delayed 2 second(s)

2019-04-14 00:23:34 - [MESSAGE][PASSED] - Delayed 2 second(s)

2019-04-14 00:23:34 - [TEST_STEP][PASSED] - setText(findTestObject("Cancel/Ewb no filter"), Eway): Text '301001758885' is set on object 'Object Repository/Cancel/Ewb no filter'

2019-04-14 00:23:35 - [MESSAGE][PASSED] - Text '301001758885' is set on object 'Object Repository/Cancel/Ewb no filter'

2019-04-14 00:23:35 - [TEST_STEP][PASSED] - delay(2): Delayed 2 second(s)

2019-04-14 00:23:37 - [MESSAGE][PASSED] - Delayed 2 second(s)

2019-04-14 00:23:37 - [TEST_STEP][PASSED] - sendKeys(findTestObject("Cancel/Ewb no filter"), Keys.chord(ENTER)): Keys 'ENTER + ' sent to object: 'Object Repository/Cancel/Ewb no filter'

2019-04-14 00:23:37 - [MESSAGE][PASSED] - Keys 'ENTER + ' sent to object: 'Object Repository/Cancel/Ewb no filter'

2019-04-14 00:23:37 - [TEST_STEP][PASSED] - delay(1): Delayed 1 second(s)

2019-04-14 00:23:38 - [MESSAGE][PASSED] - Delayed 1 second(s)

2019-04-14 00:23:38 - [TEST_STEP][PASSED] - click(findTestObject("Cancel/Checkbox")): Object: 'Object Repository/Cancel/Checkbox' is clicked on

2019-04-14 00:23:38 - [MESSAGE][PASSED] - Object: 'Object Repository/Cancel/Checkbox' is clicked on

2019-04-14 00:23:38 - [TEST_STEP][PASSED] - delay(1): Delayed 1 second(s)

2019-04-14 00:23:39 - [MESSAGE][PASSED] - Delayed 1 second(s)

2019-04-14 00:23:39 - [TEST_STEP][PASSED] - scrollToPosition(0, 0): Browser is scrolled to position x = 0, y = 0

2019-04-14 00:23:39 - [MESSAGE][PASSED] - Browser is scrolled to position x = 0, y = 0

2019-04-14 00:23:39 - [TEST_STEP][PASSED] - click(findTestObject("Cancel/Cancel button on view")): Object: 'Object Repository/Cancel/Cancel button on view' is clicked on

2019-04-14 00:23:39 - [MESSAGE][PASSED] - Object: 'Object Repository/Cancel/Cancel button on view' is clicked on

2019-04-14 00:23:39 - [TEST_STEP][PASSED] - delay(2): Delayed 2 second(s)

2019-04-14 00:23:41 - [MESSAGE][PASSED] - Delayed 2 second(s)

2019-04-14 00:23:41 - [TEST_STEP][PASSED] - selectOptionByValue(findTestObject("Cancel/Select Reason"), "number:4", true): All options with value 'number:4' are selected in object 'Object Repository/Cancel/Select Reason'  using regular expression

2019-04-14 00:23:42 - [MESSAGE][PASSED] - All options with value 'number:4' are selected in object 'Object Repository/Cancel/Select Reason'  using regular expression

2019-04-14 00:23:42 - [TEST_STEP][PASSED] - delay(1): Delayed 1 second(s)

2019-04-14 00:23:43 - [MESSAGE][PASSED] - Delayed 1 second(s)

2019-04-14 00:23:43 - [TEST_STEP][PASSED] - setText(findTestObject("Cancel/Enter Cancel Remark"), "Internal Testing"): Text 'Internal Testing' is set on object 'Object Repository/Cancel/Enter Cancel Remark'

2019-04-14 00:23:43 - [MESSAGE][PASSED] - Text 'Internal Testing' is set on object 'Object Repository/Cancel/Enter Cancel Remark'

2019-04-14 00:23:43 - [TEST_STEP][PASSED] - delay(1): Delayed 1 second(s)

2019-04-14 00:23:44 - [MESSAGE][PASSED] - Delayed 1 second(s)

2019-04-14 00:23:44 - [TEST_STEP][PASSED] - click(findTestObject("Cancel/Cancel button")): Object: 'Object Repository/Cancel/Cancel button' is clicked on

2019-04-14 00:23:44 - [MESSAGE][PASSED] - Object: 'Object Repository/Cancel/Cancel button' is clicked on

2019-04-14 00:23:44 - [TEST_STEP][PASSED] - delay(1): Delayed 1 second(s)

2019-04-14 00:23:45 - [MESSAGE][PASSED] - Delayed 1 second(s)

2019-04-14 00:23:45 - [TEST_STEP][PASSED] - ewaybill = getText(findTestObject("Cancel/Ewb No")): Text of object 'Object Repository/Cancel/Ewb No' is: '301001758885'

2019-04-14 00:23:46 - [MESSAGE][PASSED] - Text of object 'Object Repository/Cancel/Ewb No' is: '301001758885'

2019-04-14 00:23:46 - [TEST_STEP][PASSED] - logInfo("ewaybill: " + ewaybill): ewaybill: 301001758885

2019-04-14 00:23:46 - [MESSAGE][INFO] - ewaybill: 301001758885

2019-04-14 00:23:46 - [TEST_STEP][PASSED] - delay(1): Delayed 1 second(s)

2019-04-14 00:23:47 - [MESSAGE][PASSED] - Delayed 1 second(s)

2019-04-14 00:23:47 - [TEST_STEP][PASSED] - ewaybillCanceldate = getText(findTestObject("Cancel/Cancel Date")): Text of object 'Object Repository/Cancel/Cancel Date' is: '14/04/2019 12:24:00'

2019-04-14 00:23:47 - [MESSAGE][PASSED] - Text of object 'Object Repository/Cancel/Cancel Date' is: '14/04/2019 12:24:00'

2019-04-14 00:23:47 - [TEST_STEP][PASSED] - logInfo("ewaybillCanceldate: " + ewaybillCanceldate): ewaybillCanceldate: 14/04/2019 12:24:00

2019-04-14 00:23:47 - [MESSAGE][INFO] - ewaybillCanceldate: 14/04/2019 12:24:00

2019-04-14 00:23:47 - [TEST_STEP][PASSED] - utility.WriteToExcel.Sd(ewaybillCanceldate, 0, 3, 3): utility.WriteToExcel.Sd is PASSED

2019-04-14 00:23:47 - [MESSAGE][PASSED] - utility.WriteToExcel.Sd is PASSED

2019-04-14 00:23:47 - [TEST_STEP][PASSED] - delay(1): Delayed 1 second(s)

2019-04-14 00:23:48 - [MESSAGE][PASSED] - Delayed 1 second(s)

2019-04-14 00:23:48 - [TEST_STEP][PASSED] - click(findTestObject("Cancel/button_Ok")): Object: 'Object Repository/Cancel/button_Ok' is clicked on

2019-04-14 00:23:48 - [MESSAGE][PASSED] - Object: 'Object Repository/Cancel/button_Ok' is clicked on

2019-04-14 00:23:48 - [TEST_STEP][PASSED] - delay(1): Delayed 1 second(s)

2019-04-14 00:23:49 - [MESSAGE][PASSED] - Delayed 1 second(s)

2019-04-14 00:23:49 - [TEST_STEP][PASSED] - scrollToPosition(0, 0): Browser is scrolled to position x = 0, y = 0

2019-04-14 00:23:49 - [MESSAGE][PASSED] - Browser is scrolled to position x = 0, y = 0

2019-04-14 00:23:49 - [TEST_STEP][PASSED] - click(findTestObject("Cancel/Back")): Object: 'Object Repository/Cancel/Back' is clicked on

2019-04-14 00:23:50 - [MESSAGE][PASSED] - Object: 'Object Repository/Cancel/Back' is clicked on

2019-04-14 00:23:50 - [TEST_STEP][PASSED] - delay(2): Delayed 2 second(s)

2019-04-14 00:23:52 - [MESSAGE][PASSED] - Delayed 2 second(s)

2019-04-14 00:23:52 - [TEST_STEP][PASSED] - click(findTestObject("Cancel/ACTIVE NOT YET VALID")): Object: 'Object Repository/Cancel/ACTIVE NOT YET VALID' is clicked on

2019-04-14 00:23:52 - [MESSAGE][PASSED] - Object: 'Object Repository/Cancel/ACTIVE NOT YET VALID' is clicked on

2019-04-14 00:23:52 - [TEST_STEP][PASSED] - delay(1): Delayed 1 second(s)

2019-04-14 00:23:53 - [MESSAGE][PASSED] - Delayed 1 second(s)

2019-04-14 00:23:53 - [TEST_STEP][PASSED] - click(findTestObject("Cancel/ACTIVE")): Object: 'Object Repository/Cancel/ACTIVE' is clicked on

2019-04-14 00:23:53 - [MESSAGE][PASSED] - Object: 'Object Repository/Cancel/ACTIVE' is clicked on

2019-04-14 00:23:53 - [TEST_STEP][PASSED] - delay(2): Delayed 2 second(s)

2019-04-14 00:23:55 - [MESSAGE][PASSED] - Delayed 2 second(s)

2019-04-14 00:23:55 - [TEST_STEP][PASSED] - click(findTestObject("Cancel/Ewb no filter")): Object: 'Object Repository/Cancel/Ewb no filter' is clicked on

2019-04-14 00:23:55 - [MESSAGE][PASSED] - Object: 'Object Repository/Cancel/Ewb no filter' is clicked on

2019-04-14 00:23:55 - [TEST_STEP][PASSED] - delay(2): Delayed 2 second(s)

2019-04-14 00:23:57 - [MESSAGE][PASSED] - Delayed 2 second(s)

2019-04-14 00:23:57 - [TEST_STEP][PASSED] - setText(findTestObject("Cancel/Ewb no filter"), Eway): Text '301001758885' is set on object 'Object Repository/Cancel/Ewb no filter'

2019-04-14 00:23:58 - [MESSAGE][PASSED] - Text '301001758885' is set on object 'Object Repository/Cancel/Ewb no filter'

2019-04-14 00:23:58 - [TEST_STEP][PASSED] - delay(2): Delayed 2 second(s)

2019-04-14 00:24:00 - [MESSAGE][PASSED] - Delayed 2 second(s)

2019-04-14 00:24:00 - [TEST_STEP][PASSED] - sendKeys(findTestObject("Cancel/Ewb no filter"), Keys.chord(ENTER)): Keys 'ENTER + ' sent to object: 'Object Repository/Cancel/Ewb no filter'

2019-04-14 00:24:00 - [MESSAGE][PASSED] - Keys 'ENTER + ' sent to object: 'Object Repository/Cancel/Ewb no filter'

2019-04-14 00:24:00 - [TEST_STEP][PASSED] - delay(1): Delayed 1 second(s)

2019-04-14 00:24:01 - [MESSAGE][PASSED] - Delayed 1 second(s)

2019-04-14 00:24:01 - [TEST_STEP][PASSED] - scrollToPosition(0, 0): Browser is scrolled to position x = 0, y = 0

2019-04-14 00:24:01 - [MESSAGE][PASSED] - Browser is scrolled to position x = 0, y = 0

2019-04-14 00:24:01 - [TEST_STEP][PASSED] - delay(1): Delayed 1 second(s)

2019-04-14 00:24:02 - [MESSAGE][PASSED] - Delayed 1 second(s)

2019-04-14 00:24:02 - [TEST_STEP][PASSED] - EwaybillStatus = getText(findTestObject("Cancel/Cancel Status")): Text of object 'Object Repository/Cancel/Cancel Status' is: 'CANCEL'

2019-04-14 00:24:02 - [MESSAGE][PASSED] - Text of object 'Object Repository/Cancel/Cancel Status' is: 'CANCEL'

2019-04-14 00:24:02 - [TEST_STEP][PASSED] - logInfo("EwaybillStatus: " + EwaybillStatus): EwaybillStatus: CANCEL

2019-04-14 00:24:02 - [MESSAGE][INFO] - EwaybillStatus: CANCEL

2019-04-14 00:24:02 - [TEST_STEP][PASSED] - utility.WriteToExcel.Sd(EwaybillStatus, 0, 3, 4): utility.WriteToExcel.Sd is PASSED

2019-04-14 00:24:02 - [MESSAGE][PASSED] - utility.WriteToExcel.Sd is PASSED]]></system-out>
         <system-err><![CDATA[]]></system-err>
      </testcase>
      <system-out><![CDATA[2019-04-14 00:19:41 - [TEST_SUITE][PASSED] - Smoke Test: Test Cases/Cancel]]></system-out>
      <system-err><![CDATA[]]></system-err>
   </testsuite>
</testsuites>
