<?xml version="1.0" encoding="UTF-8"?>
<testsuites name="Somke Test" time="11" tests="1" failures="0" errors="0">
   <testsuite name="Somke Test" tests="1" failures="0" errors="0" time="11" timestamp="2019-03-23 19:40:56" hostname="Amitansh - DESKTOP-TMTUP2J" id="Test Suites/Somke Test">
      <properties>
         <property name="deviceName" value=""/>
         <property name="devicePlatform" value=""/>
         <property name="logFolder" value="C:\\Users\\Amitansh\\git\\katalonstudio\\Reports\\Somke Test\\20190323_194051"/>
         <property name="logFiles" value="C:\\Users\\Amitansh\\git\\katalonstudio\\Reports\\Somke Test\\20190323_194051\\execution0.log"/>
         <property name="attachments" value=""/>
         <property name="hostName" value="Amitansh - DESKTOP-TMTUP2J"/>
         <property name="os" value="Windows 10 64bit"/>
         <property name="katalonVersion" value="6.1.0.1"/>
         <property name="browser" value="Chrome 72.0.3626.121"/>
         <property name="hostAddress" value="192.168.0.104"/>
         <property name="sessionId" value="f19b90145b89da2aff06535ad94be729"/>
         <property name="seleniumVersion" value="3.7.1"/>
         <property name="proxyInformation" value="ProxyInformation{proxyOption=NO_PROXY, proxyServerType=HTTP, password=, proxyServerAddress=, proxyServerPort=0}"/>
         <property name="platform" value="Windows 10"/>
      </properties>
      <testcase name="Test Cases/Login" classname="Test Cases/Login" status="PASSED">
         <system-out><![CDATA[2019-03-23 19:40:56 - [TEST_CASE][PASSED] - Test Cases/Login: Test Cases/Login

2019-03-23 19:40:57 - [TEST_STEP][PASSED] - openBrowser(""): Browser is opened with url: ''

2019-03-23 19:40:57 - [MESSAGE][INFO] - Starting 'Chrome' driver

2019-03-23 19:40:57 - [MESSAGE][INFO] - Action delay is set to 0 seconds

2019-03-23 19:41:01 - [MESSAGE][PASSED] - Browser is opened with url: ''

2019-03-23 19:41:01 - [TEST_STEP][PASSED] - navigateToUrl("https://dev.esp.irisgst.com/"): Navigate to 'https://dev.esp.irisgst.com/' successfully

2019-03-23 19:41:04 - [MESSAGE][PASSED] - Navigate to 'https://dev.esp.irisgst.com/' successfully

2019-03-23 19:41:04 - [TEST_STEP][PASSED] - maximizeWindow(): Current window maximized

2019-03-23 19:41:05 - [MESSAGE][PASSED] - Current window maximized

2019-03-23 19:41:05 - [TEST_STEP][PASSED] - setText(findTestObject("Login/input_SIGN UP_name"), "amit.nandha@irisindia.net"): Text 'amit.nandha@irisindia.net' is set on object 'Object Repository/Login/input_SIGN UP_name'

2019-03-23 19:41:05 - [MESSAGE][PASSED] - Text 'amit.nandha@irisindia.net' is set on object 'Object Repository/Login/input_SIGN UP_name'

2019-03-23 19:41:05 - [TEST_STEP][PASSED] - setEncryptedText(findTestObject("Login/input_Invalid Email_email"), "RfES2L809yyqtWvN0P2gPg=="): Text ****** has been set on object 'Object Repository/Login/input_Invalid Email_email'

2019-03-23 19:41:06 - [MESSAGE][PASSED] - Text ****** has been set on object 'Object Repository/Login/input_Invalid Email_email'

2019-03-23 19:41:06 - [TEST_STEP][PASSED] - click(findTestObject("Login/button_SIGN IN")): Object: 'Object Repository/Login/button_SIGN IN' is clicked on

2019-03-23 19:41:06 - [MESSAGE][PASSED] - Object: 'Object Repository/Login/button_SIGN IN' is clicked on

2019-03-23 19:41:06 - [TEST_STEP][PASSED] - LoginTitle = getText(findTestObject("Login/div_Login Successful")): Text of object 'Object Repository/Login/div_Login Successful' is: 'Login Successful!'

2019-03-23 19:41:06 - [MESSAGE][PASSED] - Text of object 'Object Repository/Login/div_Login Successful' is: 'Login Successful!'

2019-03-23 19:41:06 - [TEST_STEP][PASSED] - verifyMatch(LoginTitle, "Login Successful!", true): Actual text 'Login Successful!' and expected text 'Login Successful!' are matched  using regular expression

2019-03-23 19:41:06 - [MESSAGE][PASSED] - Actual text 'Login Successful!' and expected text 'Login Successful!' are matched  using regular expression

2019-03-23 19:41:06 - [TEST_STEP][PASSED] - closeBrowser(): Browser is closed

2019-03-23 19:41:07 - [MESSAGE][PASSED] - Browser is closed]]></system-out>
         <system-err><![CDATA[]]></system-err>
      </testcase>
      <system-out><![CDATA[2019-03-23 19:40:56 - [TEST_SUITE][PASSED] - Somke Test: Test Cases/Login]]></system-out>
      <system-err><![CDATA[]]></system-err>
   </testsuite>
</testsuites>
